
Initial statistics: 4 variables; iteration 0; function evaluation 0; phase 1
Function value 3.3734537e+03; maximum gradient component mag 5.6935e+03
Var    Value     Gradient |Var    Value     Gradient |Var    Value     Gradient
  1 -0.15512  5.69351e+03 |  2 -0.11033 -5.50010e-04 |  3  0.04400  7.63206e-02
  4  0.37463  8.57087e-03 |

 - final statistics:
4 variables; iteration 5; function evaluation 8
Function value 3.3689e+03; maximum gradient component mag 5.9185e-01
Exit code = 1;  converg criter 1.0000e+01
Var    Value     Gradient |Var    Value     Gradient |Var    Value     Gradient
  1 -0.15661  5.91852e-01 |  2 -0.10886 -5.42526e-04 |  3  0.04930  1.06343e-01
  4  0.36823  7.78075e-03 |

Initial statistics: 69 variables; iteration 0; function evaluation 0; phase 2
Function value 3.3688586e+03; maximum gradient component mag 3.5999e+02
Var    Value     Gradient |Var    Value     Gradient |Var    Value     Gradient
  1 -0.15661  5.91852e-01 |  2  0.00000  4.14138e+01 |  3  0.00000  4.57368e+01
  4  0.00000  4.99157e+01 |  5  0.00000  5.35207e+01 |  6  0.00000  5.64473e+01
  7  0.00000  5.89466e+01 |  8  0.00000  6.17145e+01 |  9  0.00000  6.61392e+01
 10  0.00000  7.26962e+01 | 11  0.00000  7.82833e+01 | 12  0.00000  7.82773e+01
 13  0.00000  7.04409e+01 | 14  0.00000  6.42490e+01 | 15  0.00000  6.87427e+01
 16  0.00000  6.28667e+01 | 17  0.00000  3.45429e+01 | 18  0.00000 -1.62579e+01
 19  0.00000 -8.62172e+01 | 20  0.00000 -9.87619e+01 | 21  0.00000 -2.16222e+01
 22  0.00000  3.37185e+00 | 23  0.00000 -6.54547e+01 | 24  0.00000 -1.77937e+02
 25  0.00000 -1.04081e+02 | 26  0.00000  3.91853e+01 | 27  0.00000  9.40114e+01
 28  0.00000  6.68921e+01 | 29  0.00000 -1.05081e+02 | 30  0.00000 -8.32421e+01
 31  0.00000 -8.55532e+01 | 32  0.00000  2.11827e+01 | 33  0.00000 -3.72906e+01
 34  0.00000 -3.04898e+00 | 35  0.00000 -1.88102e+02 | 36  0.00000 -9.85267e+01
 37  0.00000  9.91389e+01 | 38  0.00000  1.91138e+02 | 39  0.00000  6.16316e+01
 40  0.00000 -1.69372e+02 | 41  0.00000 -1.35538e+02 | 42  0.00000  6.48027e+01
 43  0.00000 -2.77946e+00 | 44  0.00000 -1.18547e+02 | 45  0.00000 -2.53726e+02
 46  0.00000 -2.16580e+02 | 47  0.00000  2.11214e+02 | 48  0.00000  3.59990e+02
 49  0.00000  1.56197e+02 | 50  0.00000  9.62217e+01 | 51  0.00000  3.28917e+01
 52  0.00000 -1.46657e+02 | 53  0.00000 -2.34318e+02 | 54  0.00000 -2.40324e+02
 55  0.00000 -8.62190e+01 | 56  0.00000  3.65513e+01 | 57  0.00000 -5.29285e+01
 58  0.00000  2.66192e+01 | 59  0.00000  9.43954e+01 | 60  0.00000  8.34485e+01
 61  0.00000  7.91457e+01 | 62  0.00000  3.80305e+01 | 63  0.00000  8.17144e+00
 64 -0.20069 -1.02456e-03 | 65 -0.10886 -5.42526e-04 | 66 -0.01997 -9.85647e-05
 67 -0.16730 -3.55336e+01 | 68  0.04930  1.06343e-01 | 69  0.36823  7.78075e-03

Intermediate statistics: 69 variables; iteration 20; function evaluation 26; phase 2
Function value 3.3192379e+03; maximum gradient component mag 2.2270e+03
Var    Value     Gradient |Var    Value     Gradient |Var    Value     Gradient
  1 -0.16247  2.22695e+03 |  2 -0.05408 -7.35654e+00 |  3 -0.05394 -5.64720e+00
  4 -0.05021 -2.96433e+00 |  5 -0.04222  9.17669e-01 |  6 -0.03052  6.10710e+00
  7 -0.01703  1.24686e+01 |  8 -0.00542  1.94701e+01 |  9 -0.00025  2.63908e+01
 10 -0.00256  3.27685e+01 | 11 -0.00457  3.97026e+01 | 12  0.00133  4.88071e+01
 13  0.02017  6.22957e+01 | 14  0.03555  7.37563e+01 | 15  0.02097  6.60720e+01
 16  0.01320  4.90263e+01 | 17  0.01569  2.14893e+01 | 18 -0.05026 -1.77937e+01
 19  0.05151  1.78771e+00 | 20  0.07091  2.89029e+01 | 21 -0.05828  4.63961e-01
 22  0.04562  6.75613e+01 | 23 -0.02298  1.67105e+00 | 24  0.06354 -8.81978e+00
 25 -0.00424 -1.69856e+01 | 26  0.01212  9.14070e+01 | 27  0.03052  1.82162e+02
 28 -0.02501  5.59584e+01 | 29  0.04958  6.97313e+00 | 30 -0.02818 -7.62607e+01
 31  0.03000 -8.70775e+01 | 32 -0.02973 -8.98739e+01 | 33  0.01925 -8.95598e+01
 34 -0.02354 -5.17427e+01 | 35  0.04236 -7.62314e+01 | 36  0.00921 -6.50800e+01
 37  0.00053  2.39756e+01 | 38 -0.00292  9.06363e+01 | 39  0.00574  7.85748e+01
 40  0.04204  3.61633e+01 | 41  0.02841  1.14049e+00 | 42 -0.01044  2.98656e+01
 43  0.01847  1.15516e+01 | 44  0.01593 -4.47997e+01 | 45  0.02946 -1.12167e+02
 46  0.04634 -1.26967e+02 | 47 -0.02358  1.05463e+01 | 48 -0.03013  4.30673e+01
 49  0.00560 -3.92678e+01 | 50  0.02663  9.52569e+00 | 51 -0.01322  2.33460e+01
 52  0.12494  3.41201e+00 | 53 -0.30839 -9.03820e+01 | 54  0.12768 -6.45737e+01
 55  0.01529 -4.48482e+01 | 56  0.03522 -8.45905e+00 | 57  0.07820 -2.68960e+01
 58  0.04270  5.42287e-03 | 59 -0.01288  9.54802e+00 | 60 -0.05935 -1.30786e+01
 61 -0.13062 -2.67883e+01 | 62 -0.06063 -2.69424e+01 | 63 -0.02985 -2.07307e+01
 64 -0.20067 -1.02443e-03 | 65 -0.10885 -5.42462e-04 | 66 -0.01996 -9.85534e-05
 67  0.01663  3.12243e+01 | 68  0.04632  1.07710e-02 | 69  0.36807  2.88639e-03
69 variables; iteration 40; function evaluation 50; phase 2
Function value 3.2976192e+03; maximum gradient component mag 1.9635e+03
Var    Value     Gradient |Var    Value     Gradient |Var    Value     Gradient
  1 -0.15632  1.96347e+03 |  2 -0.04898 -3.04382e+00 |  3 -0.04841 -1.12013e+00
  4 -0.04977 -3.82408e-01 |  5 -0.05169 -5.61708e-01 |  6 -0.05296 -1.05522e+00
  7 -0.05282 -1.00371e+00 |  8 -0.04506  2.88253e+00 |  9 -0.01151  2.09941e+01
 10  0.00202  3.60725e+01 | 11 -0.01426  3.39324e+01 | 12 -0.01875  3.33827e+01
 13  0.00223  4.17929e+01 | 14  0.01079  4.38707e+01 | 15 -0.00067  4.37654e+01
 16  0.00246  4.74614e+01 | 17 -0.03938  2.02293e+01 | 18  0.04285  7.19460e+01
 19  0.00614  2.70713e+01 | 20  0.06734  3.97690e+01 | 21 -0.07509 -1.46241e+01
 22  0.02109  1.85185e+01 | 23 -0.02320 -4.63623e+00 | 24  0.05768 -4.20580e+01
 25 -0.03900 -7.14886e+01 | 26  0.00879  3.06224e+01 | 27  0.00350  7.48994e+01
 28 -0.02832  2.16614e+01 | 29  0.03522 -5.35425e+01 | 30 -0.04294 -7.87363e+01
 31  0.03458  4.14199e+01 | 32 -0.01861  2.89392e+01 | 33  0.01640  6.75193e+00
 34 -0.02791 -1.67762e+01 | 35  0.03623 -5.72957e+01 | 36 -0.00593 -7.13523e+01
 37 -0.00049  3.87183e+01 | 38 -0.00818  6.76712e+01 | 39 -0.01641 -3.50389e+01
 40  0.01741 -1.28444e+02 | 41  0.01906 -6.88328e+01 | 42 -0.01924  2.28173e+01
 43  0.01125  4.42004e+01 | 44  0.02518  4.90165e+00 | 45  0.00835 -1.29057e+02
 46  0.04042 -1.24118e+02 | 47 -0.01544  7.08362e+01 | 48 -0.01849  1.07002e+02
 49 -0.00242 -3.45357e+01 | 50  0.01926 -8.97607e+00 | 51 -0.00012  9.97298e+00
 52  0.08864 -4.41415e+00 | 53 -0.01863 -1.28102e+02 | 54  0.10183 -7.01526e+01
 55  0.03790 -5.55629e+01 | 56  0.01521 -2.68811e+01 | 57  0.10164  1.89910e+01
 58  0.04422  1.72830e+00 | 59 -0.07898 -2.16545e+01 | 60 -0.03637  7.26897e+00
 61 -0.00893  2.96602e+01 | 62 -0.07082 -1.93090e+01 | 63  0.10501  3.56780e+00
 64 -0.19983 -1.01983e-03 | 65 -0.10840 -5.40196e-04 | 66 -0.01988 -9.81530e-05
 67 -0.19331 -2.02573e+01 | 68  0.01331 -1.38350e+01 | 69  0.44554 -8.97935e-01
69 variables; iteration 60; function evaluation 79; phase 2
Function value 3.2818148e+03; maximum gradient component mag -1.5677e+02
Var    Value     Gradient |Var    Value     Gradient |Var    Value     Gradient
  1 -0.16072  8.97324e+01 |  2 -0.04796 -4.94697e-01 |  3 -0.04876  1.07374e-01
  4 -0.04986  1.01728e-01 |  5 -0.04337  1.13941e+00 |  6 -0.03717  1.20190e+00
  7 -0.04002 -1.38911e+00 |  8 -0.03074 -1.08284e+00 |  9 -0.00727  3.75161e+00
 10 -0.01865  3.63550e+00 | 11 -0.02581  4.32447e+00 | 12 -0.01510  6.47057e+00
 13  0.00196  5.20438e+00 | 14 -0.00218  2.91134e+00 | 15  0.01987  2.06852e+01
 16  0.00847  2.26775e+01 | 17 -0.01076  1.12013e+01 | 18  0.04072  1.23261e+01
 19  0.00171 -1.88537e+01 | 20  0.07236 -2.82319e+01 | 21 -0.03799 -1.93568e+01
 22  0.01293 -2.84560e+01 | 23 -0.01450 -2.20219e+01 | 24  0.06499 -1.79375e+01
 25  0.00257 -4.44839e+01 | 26 -0.00581 -4.66218e+01 | 27 -0.00161 -3.98377e+01
 28 -0.02087 -1.77857e+01 | 29  0.04186 -4.62661e+01 | 30 -0.01512 -2.63638e+01
 31  0.04083  9.00919e+01 | 32 -0.00375  9.56559e+01 | 33  0.03329  1.20264e+02
 34 -0.01238  5.21475e+01 | 35  0.04010  8.34832e-01 | 36  0.01595 -7.32022e+00
 37 -0.00329  2.67354e+01 | 38 -0.00797  1.95794e+01 | 39 -0.02407 -7.68266e+01
 40  0.02778 -1.56766e+02 | 41  0.00847 -1.11730e+02 | 42 -0.01228  3.12453e+01
 43  0.02089  5.70980e+01 | 44  0.00418 -1.17492e+01 | 45  0.03531 -2.73071e+01
 46  0.04983 -1.72364e+01 | 47 -0.02215  6.77421e+01 | 48 -0.03576  9.15439e+01
 49  0.02844  6.23667e+01 | 50  0.00931 -8.06654e+00 | 51 -0.01122 -2.94554e+01
 52  0.06901 -2.93193e+01 | 53  0.03056 -7.60435e+01 | 54  0.07800 -5.69013e+01
 55  0.04281 -2.16168e+01 | 56  0.01949  1.51469e+01 | 57  0.08397  1.09407e+01
 58  0.01972 -7.42991e+00 | 59 -0.10038 -1.45994e+01 | 60 -0.07463  7.83322e+00
 61 -0.07727  1.90775e+01 | 62 -0.07644  4.07955e-01 | 63  0.00216  4.94244e-01
 64 -0.19778 -1.00869e-03 | 65 -0.10732 -5.34696e-04 | 66 -0.01969 -9.71811e-05
 67 -0.25598 -1.26079e+01 | 68  0.00664 -4.81122e-02 | 69  0.03400  1.37432e-04
Maximum number of function evaluations exceeded

 - final statistics:
69 variables; iteration 73; function evaluation 100
Function value 3.2720e+03; maximum gradient component mag -2.8974e+02
Exit code = 3;  converg criter 1.0000e+01
Var    Value     Gradient |Var    Value     Gradient |Var    Value     Gradient
  1 -0.16087 -2.89744e+02 |  2 -0.03955  4.35934e+00 |  3 -0.04494  3.80537e+00
  4 -0.05847  8.08362e-01 |  5 -0.04229  3.70542e+00 |  6 -0.04522  1.31983e+00
  7 -0.01915  3.75576e+00 |  8 -0.04203 -3.30864e+00 |  9  0.00009  1.98515e+00
 10 -0.05429 -5.56143e+00 | 11 -0.04260 -1.33033e+00 | 12 -0.00245  7.62489e+00
 13  0.01537  5.58394e+00 | 14 -0.00686 -2.81731e+00 | 15  0.02015  5.59689e+00
 16  0.00126  4.30849e-01 | 17 -0.03452 -9.60474e+00 | 18  0.03583 -9.37172e-01
 19  0.03313 -1.22355e+01 | 20  0.06059 -1.86164e+01 | 21 -0.02234 -9.15996e+00
 22  0.01202 -1.29118e+01 | 23 -0.00344 -8.22921e+00 | 24  0.05794  3.21100e+00
 25  0.02103  7.14406e+00 | 26 -0.00560 -6.36621e+00 | 27  0.00162 -1.60667e+01
 28 -0.02230 -4.56741e+00 | 29  0.04300 -5.68032e+00 | 30 -0.00030  2.96462e-01
 31  0.02630 -3.32237e+00 | 32 -0.01089  7.36359e+00 | 33  0.02289  2.99286e+00
 34 -0.01853  4.57155e+00 | 35  0.04257 -6.91664e+00 | 36  0.02067 -5.88196e-01
 37 -0.00431  8.54653e+00 | 38 -0.01954  3.12825e+00 | 39 -0.00759 -6.87635e+00
 40  0.04017 -5.10988e+00 | 41  0.02627 -1.65743e+01 | 42 -0.02320  5.59493e+00
 43  0.01567  6.52238e+00 | 44  0.01161 -7.96783e+00 | 45  0.03856  3.85277e-01
 46  0.06019  6.96047e-01 | 47 -0.03489  1.34649e+01 | 48 -0.05444  1.63802e+01
 49  0.02717  1.47244e+01 | 50  0.01542  8.27819e+00 | 51  0.01301  6.92229e+00
 52  0.05875 -1.98577e+01 | 53  0.06388 -1.72448e+01 | 54  0.07930 -2.33592e+01
 55  0.06056 -1.43280e+00 | 56  0.02303  1.43837e+01 | 57  0.09432  1.32704e+01
 58  0.03646  8.13767e+00 | 59 -0.06767  1.44407e+00 | 60 -0.08301  6.87463e+00
 61 -0.14919 -1.88625e+00 | 62 -0.09394  1.38882e+00 | 63 -0.02819  3.91287e-01
 64 -0.19279 -9.81752e-04 | 65 -0.10468 -5.21349e-04 | 66 -0.01920 -9.48196e-05
 67 -0.38395  3.00183e+00 | 68  0.01519  8.77663e+01 | 69 -0.02407  2.45080e-01

Initial statistics: 77 variables; iteration 0; function evaluation 0; phase 3
Function value 3.3122288e+03; maximum gradient component mag -2.8446e+03
Var    Value     Gradient |Var    Value     Gradient |Var    Value     Gradient
  1 -0.58263 -2.58849e+03 |  2 -0.68929 -2.57569e+03 |  3 -0.60438 -2.84458e+03
  4 -0.65985 -1.55105e+03 |  5 -0.16087 -3.04103e+02 |  6 -0.03952  4.93665e+00
  7 -0.04491  4.39145e+00 |  8 -0.05844  1.43877e+00 |  9 -0.04226  4.24643e+00
 10 -0.04520  1.84095e+00 | 11 -0.01912  4.29128e+00 | 12 -0.04201 -2.65093e+00
 13  0.00011  2.44077e+00 | 14 -0.05426 -5.02408e+00 | 15 -0.04258 -7.75195e-01
 16 -0.00243  7.95128e+00 | 17  0.01540  5.89326e+00 | 18 -0.00684 -2.38656e+00
 19  0.02017  5.88865e+00 | 20  0.00129  8.33243e-01 | 21 -0.03449 -9.12071e+00
 22  0.03586 -5.83808e-01 | 23  0.03316 -1.17859e+01 | 24  0.06061 -1.82187e+01
 25 -0.02232 -8.64349e+00 | 26  0.01205 -1.24180e+01 | 27 -0.00342 -7.70675e+00
 28  0.05797  3.31369e+00 | 29  0.02106  7.24260e+00 | 30 -0.00557 -5.84368e+00
 31  0.00165 -1.53174e+01 | 32 -0.02227 -3.98836e+00 | 33  0.04303 -5.28291e+00
 34 -0.00027  5.59691e-01 | 35  0.02633 -3.10257e+00 | 36 -0.01087  7.63453e+00
 37  0.02292  3.24434e+00 | 38 -0.01850  4.94482e+00 | 39  0.04260 -6.42679e+00
 40  0.02070 -1.60805e-01 | 41 -0.00428  8.97139e+00 | 42 -0.01951  3.76907e+00
 43 -0.00756 -6.01379e+00 | 44  0.04019 -4.34836e+00 | 45  0.02630 -1.56122e+01
 46 -0.02318  6.17173e+00 | 47  0.01569  7.00258e+00 | 48  0.01164 -7.17331e+00
 49  0.03859  8.98656e-01 | 50  0.06021  1.28298e+00 | 51 -0.03486  1.39777e+01
 52 -0.05442  1.68698e+01 | 53  0.02719  1.51437e+01 | 54  0.01544  8.87956e+00
 55  0.01304  7.54826e+00 | 56  0.05878 -1.89675e+01 | 57  0.06391 -1.61470e+01
 58  0.07933 -2.23466e+01 | 59  0.06059 -6.49718e-01 | 60  0.02305  1.48967e+01
 61  0.09435  1.38567e+01 | 62  0.03649  8.79265e+00 | 63 -0.06765  2.15202e+00
 64 -0.08298  7.49454e+00 | 65 -0.14916 -1.19856e+00 | 66 -0.09391  2.11340e+00
 67 -0.02816  1.09122e+00 | 68 -0.80334 -1.96885e-06 | 69 -0.18223 -8.84838e-01
 70 -0.64637 -2.12725e+01 | 71 -0.78642 -1.26175e+00 | 72 -0.19279 -9.81588e-04
 73 -0.10468 -5.21268e-04 | 74 -0.01920 -9.48052e-05 | 75 -0.38395  2.49678e+00
 76  0.01519  7.74314e+01 | 77 -0.02407  2.26075e-01 |

Intermediate statistics: 77 variables; iteration 20; function evaluation 27; phase 3
Function value 3.3091351e+03; maximum gradient component mag -1.2560e+03
Var    Value     Gradient |Var    Value     Gradient |Var    Value     Gradient
  1 -0.58282 -1.09616e+03 |  2 -0.68847 -1.25596e+03 |  3 -0.60418  3.47785e+02
  4 -0.65927 -1.31995e+02 |  5 -0.16099  8.08845e+02 |  6 -0.04847 -2.85935e+00
  7 -0.05133 -2.61104e+00 |  8 -0.05249 -2.44589e+00 |  9 -0.04878 -1.77288e+00
 10 -0.04284 -1.36198e+00 | 11 -0.03048 -2.57686e-02 | 12 -0.02366 -1.81824e-01
 13 -0.01185  2.21168e+00 | 14 -0.02693  4.54145e-01 | 15 -0.03201  1.62309e+00
 16 -0.01937  5.75244e+00 | 17  0.00799  9.64538e+00 | 18  0.01844  9.11941e+00
 19  0.00735  1.25069e+01 | 20 -0.00405  1.02727e+01 | 21 -0.00365  7.64607e+00
 22  0.02094  1.84960e+01 | 23  0.04328  1.88002e+01 | 24  0.06296  2.30594e+01
 25 -0.02039  7.03528e+00 | 26  0.01348  7.57314e+00 | 27 -0.00150  5.32706e+00
 28  0.05760  2.14275e+01 | 29  0.02034  1.68069e+01 | 30 -0.00481  5.19483e+00
 31  0.00260 -1.66705e+00 | 32 -0.02385  1.14263e+00 | 33  0.04379  9.18447e+00
 34 -0.00252 -4.42082e-01 | 35  0.02577 -6.28584e+00 | 36 -0.01361 -3.23011e+00
 37  0.02135 -3.10217e+00 | 38 -0.01971  2.55818e+00 | 39  0.04289  3.11246e+00
 40  0.02051  2.46043e+00 | 41 -0.00460  6.40789e+00 | 42 -0.02043  4.00179e-01
 43 -0.00650 -4.21868e+00 | 44  0.03892  1.68504e+00 | 45  0.02786 -4.61564e+00
 46 -0.02502  4.44339e+00 | 47  0.01448  7.74201e+00 | 48  0.01230 -6.09765e+00
 49  0.03591 -6.38764e+00 | 50  0.05919 -1.08160e+01 | 51 -0.03804 -4.29429e+00
 52 -0.05888 -5.84732e+00 | 53  0.02193 -1.88078e+01 | 54  0.01350 -1.53287e+01
 55  0.00710 -9.31050e+00 | 56  0.06220 -1.29883e+01 | 57  0.06153 -1.27097e+01
 58  0.08048 -1.70599e+01 | 59  0.05839 -1.02308e+01 | 60  0.01589 -4.52399e+00
 61  0.09032 -4.27546e+00 | 62  0.03064 -5.83996e+00 | 63 -0.06675 -7.41402e+00
 64 -0.09603 -7.10347e+00 | 65 -0.13376 -6.65522e+00 | 66 -0.09231 -7.07635e+00
 67 -0.01590 -6.88025e+00 | 68 -0.80334 -1.96885e-06 | 69 -0.17031 -8.50647e-01
 70 -0.63800 -9.21843e+00 | 71 -0.78691 -5.74876e-01 | 72 -0.19278 -9.81521e-04
 73 -0.10467 -5.21234e-04 | 74 -0.01920 -9.47992e-05 | 75 -0.36482 -2.10970e+00
 76  0.01293 -5.66813e-02 | 77 -0.02410 -1.18985e-04 |
77 variables; iteration 40; function evaluation 57; phase 3
Function value 3.3083028e+03; maximum gradient component mag -8.3324e+02
Var    Value     Gradient |Var    Value     Gradient |Var    Value     Gradient
  1 -0.58295 -7.35983e+02 |  2 -0.68815 -8.33238e+02 |  3 -0.60427  2.88053e+02
  4 -0.65904 -6.71172e+01 |  5 -0.16090  7.75684e+02 |  6 -0.04829 -2.53780e+00
  7 -0.04872 -1.55440e+00 |  8 -0.04279  6.31476e-01 |  9 -0.04526 -2.35612e-01
 10 -0.03576  1.16983e+00 | 11 -0.03388 -2.43184e-01 | 12 -0.01177  3.17811e+00
 13 -0.02903 -1.83701e+00 | 14 -0.01717  2.47960e+00 | 15 -0.03240  5.16577e-01
 16 -0.02091  3.30385e+00 | 17 -0.00090  4.13929e+00 | 18  0.01902  6.07710e+00
 19  0.00956  1.11720e+01 | 20 -0.00560  8.39236e+00 | 21 -0.00535  5.57056e+00
 22  0.02391  1.65127e+01 | 23  0.03710  1.33950e+01 | 24  0.06542  2.30250e+01
 25 -0.01831  7.23949e+00 | 26  0.00917  2.16870e+00 | 27  0.00145  2.45057e+00
 28  0.05514  1.19326e+01 | 29  0.02079  1.40210e+01 | 30 -0.00516  7.89084e+00
 31  0.00427  6.40989e+00 | 32 -0.02398  5.04899e+00 | 33  0.04372  1.36776e+01
 34 -0.00088  4.80849e-01 | 35  0.02285 -2.02887e+01 | 36 -0.01414 -4.81181e+00
 37  0.02380  9.66627e+00 | 38 -0.02209 -9.12331e-02 | 39  0.04247  1.14365e+00
 40  0.02125  3.62691e+00 | 41 -0.00630  1.96652e+00 | 42 -0.02068 -3.35933e+00
 43 -0.00754 -7.92892e+00 | 44  0.03826  4.76331e+00 | 45  0.03023  9.01233e+00
 46 -0.02579  4.59750e+00 | 47  0.01253 -1.69457e+00 | 48  0.01236 -1.20402e+01
 49  0.03421 -7.36684e+00 | 50  0.06209  8.16988e+00 | 51 -0.03874  4.00710e+00
 52 -0.05472  4.08587e+00 | 53  0.02130 -1.35295e+01 | 54  0.01522 -1.45287e+01
 55  0.00246 -1.71276e+01 | 56  0.06295 -1.21865e+01 | 57  0.06227 -4.19619e+00
 58  0.08179 -1.07153e+01 | 59  0.05473 -1.50546e+01 | 60  0.01666 -5.01459e+00
 61  0.08741 -7.88458e+00 | 62  0.02936 -5.93026e+00 | 63 -0.06962 -7.72076e+00
 64 -0.09458 -6.80781e+00 | 65 -0.12667 -8.36813e+00 | 66 -0.10737 -1.33407e+01
 67 -0.00984 -6.07262e+00 | 68 -0.80334 -1.96884e-06 | 69  0.07533  1.63840e+00
 70 -0.63679 -6.35537e+00 | 71 -0.78726 -6.15380e-01 | 72 -0.19243 -9.79625e-04
 73 -0.10448 -5.20291e-04 | 74 -0.01917 -9.46322e-05 | 75 -0.21582  1.22357e+01
 76  0.00537  3.38312e+02 | 77 -0.03372  1.13563e+00 |
77 variables; iteration 60; function evaluation 81; phase 3
Function value 3.3078314e+03; maximum gradient component mag 4.1275e+02
Var    Value     Gradient |Var    Value     Gradient |Var    Value     Gradient
  1 -0.58318 -1.07335e+02 |  2 -0.68759 -1.05890e+02 |  3 -0.60443  9.78967e+01
  4 -0.65863  1.36007e+01 |  5 -0.16090  4.12748e+02 |  6 -0.04789 -1.13351e+00
  7 -0.04915 -5.21729e-01 |  8 -0.04401  1.16561e+00 |  9 -0.04658  1.19293e-01
 10 -0.03792  9.15846e-01 | 11 -0.03595 -6.95054e-01 | 12 -0.00989  2.80664e+00
 13 -0.03497 -3.51485e+00 | 14 -0.01178  2.54621e+00 | 15 -0.03144 -4.07907e-01
 16 -0.02370  2.96366e-01 | 17 -0.00330 -5.93028e-01 | 18  0.01630 -3.29712e-01
 19  0.01149  6.55124e+00 | 20 -0.00618  4.17494e+00 | 21 -0.00328  1.29706e+00
 22  0.02090  8.09784e+00 | 23  0.03735  4.72934e+00 | 24  0.06618  1.29870e+01
 25 -0.02019  4.07889e+00 | 26  0.01109  5.75003e-01 | 27  0.00214 -4.39995e-01
 28  0.05403 -2.96435e-01 | 29  0.02070  6.48614e+00 | 30 -0.00494  6.31834e+00
 31  0.00508  8.10463e+00 | 32 -0.02340  6.74739e+00 | 33  0.04367  1.13218e+01
 34 -0.00065  5.24835e-01 | 35  0.02321 -1.97590e+01 | 36 -0.01462 -3.96057e+00
 37  0.02440  1.39614e+01 | 38 -0.02215  1.68171e+00 | 39  0.04149 -2.06569e+00
 40  0.02186  3.25091e+00 | 41 -0.00828 -2.08727e+00 | 42 -0.02080 -4.71269e+00
 43 -0.00839 -9.63435e+00 | 44  0.03671  3.42199e+00 | 45  0.03176  1.61321e+01
 46 -0.02875  1.13305e+00 | 47  0.01088 -7.82617e+00 | 48  0.01226 -1.13867e+01
 49  0.03378 -4.40362e+00 | 50  0.06191  1.29336e+01 | 51 -0.03819  8.12966e+00
 52 -0.05665  5.93196e+00 | 53  0.02164 -5.37871e+00 | 54  0.01680 -4.20549e+00
 55  0.00172 -1.18848e+01 | 56  0.06268 -6.69854e+00 | 57  0.06288  4.61540e+00
 58  0.08222 -2.44363e+00 | 59  0.05373 -1.21311e+01 | 60  0.01537 -3.44425e+00
 61  0.08588 -6.49702e+00 | 62  0.02834 -3.10030e+00 | 63 -0.07263 -5.51163e+00
 64 -0.09051 -2.20780e+00 | 65 -0.12833 -5.57224e+00 | 66 -0.10636 -1.11393e+01
 67  0.01187  1.02281e+00 | 68 -0.80334 -1.96882e-06 | 69  0.00243  1.25696e+00
 70 -0.63168  1.44591e+00 | 71 -0.78865 -9.53795e-01 | 72 -0.19158 -9.75028e-04
 73 -0.10403 -5.18005e-04 | 74 -0.01909 -9.42269e-05 | 75 -0.20362  9.03996e+00
 76  0.00446  2.80273e+02 | 77 -0.03222  9.62485e-01 |
Maximum number of function evaluations exceeded

 - final statistics:
77 variables; iteration 72; function evaluation 100
Function value 3.3077e+03; maximum gradient component mag 2.2713e+02
Exit code = 3;  converg criter 1.0000e+00
Var    Value     Gradient |Var    Value     Gradient |Var    Value     Gradient
  1 -0.58325  1.15340e+02 |  2 -0.68741  1.41379e+02 |  3 -0.60447  2.63495e+01
  4 -0.65851  3.87102e+01 |  5 -0.16092  1.46099e+02 |  6 -0.04936 -3.28344e-01
  7 -0.04862  6.77164e-01 |  8 -0.04204  2.58106e+00 |  9 -0.04731  8.18954e-01
 10 -0.03520  2.18708e+00 | 11 -0.03744 -5.66438e-01 | 12 -0.00567  3.38963e+00
 13 -0.04321 -5.11262e+00 | 14 -0.00945  2.12198e+00 | 15 -0.03294 -1.38142e+00
 16 -0.02241 -5.41543e-01 | 17 -0.01028 -3.43845e+00 | 18  0.02552 -1.99297e+00
 19  0.00380  1.72115e+00 | 20 -0.00797  7.56246e-01 | 21  0.00218 -1.17261e+00
 22  0.01649  2.12201e+00 | 23  0.03891 -1.98557e+00 | 24  0.06431  4.25337e+00
 25 -0.01680  2.54131e+00 | 26  0.00877 -2.97145e+00 | 27  0.00433 -1.71048e+00
 28  0.05300 -6.18424e+00 | 29  0.02129  2.06529e+00 | 30 -0.00606  2.63496e+00
 31  0.00588  7.28665e+00 | 32 -0.02336  6.11497e+00 | 33  0.04341  7.33083e+00
 34 -0.00028  2.93590e-01 | 35  0.02337 -1.85064e+01 | 36 -0.01391 -8.61074e-01
 37  0.02448  1.39654e+01 | 38 -0.02300  8.19044e-01 | 39  0.04245 -2.66893e-01
 40  0.02075 -2.28765e-01 | 41 -0.00807 -3.00217e+00 | 42 -0.02127 -4.09347e+00
 43 -0.00754 -7.28756e+00 | 44  0.03574  9.97966e-01 | 45  0.03197  1.64226e+01
 46 -0.02910  1.85599e+00 | 47  0.01034 -7.42257e+00 | 48  0.01293 -8.83197e+00
 49  0.03290 -3.67078e+00 | 50  0.06261  1.63492e+01 | 51 -0.03933  8.42495e+00
 52 -0.05758  7.31728e+00 | 53  0.02303  1.77123e+00 | 54  0.01643 -1.94195e+00
 55  0.00017 -1.11163e+01 | 56  0.06398 -8.94847e-01 | 57  0.06230  6.73175e+00
 58  0.08145 -9.34161e-01 | 59  0.05494 -7.11095e+00 | 60  0.01387 -1.60983e+00
 61  0.08595 -4.33642e+00 | 62  0.02614 -2.50186e+00 | 63 -0.06984 -2.13106e+00
 64 -0.09583 -1.78340e+00 | 65 -0.12853 -3.03165e+00 | 66 -0.09402 -5.69915e+00
 67  0.01196  3.37468e+00 | 68 -0.80333 -1.96876e-06 | 69 -0.03399  1.09360e+00
 70 -0.63171  1.48371e+00 | 71 -0.78745 -1.94548e-01 | 72 -0.18888 -9.60464e-04
 73 -0.10260 -5.10747e-04 | 74 -0.01883 -9.29400e-05 | 75 -0.20387  4.44215e+00
 76  0.00444  2.27131e+02 | 77 -0.02921  8.02040e-01 |

Initial statistics: 77 variables; iteration 0; function evaluation 0; phase 4
Function value 3.3076842e+03; maximum gradient component mag 2.2713e+02
Var    Value     Gradient |Var    Value     Gradient |Var    Value     Gradient
  1 -0.58325  1.15340e+02 |  2 -0.68741  1.41379e+02 |  3 -0.60447  2.63495e+01
  4 -0.65851  3.87102e+01 |  5 -0.16092  1.46099e+02 |  6 -0.04936 -3.64094e-01
  7 -0.04862  6.41411e-01 |  8 -0.04204  2.54528e+00 |  9 -0.04731  7.83195e-01
 10 -0.03520  2.15127e+00 | 11 -0.03744 -6.02234e-01 | 12 -0.00567  3.35377e+00
 13 -0.04321 -5.14839e+00 | 14 -0.00946  2.08613e+00 | 15 -0.03294 -1.41723e+00
 16 -0.02241 -5.77378e-01 | 17 -0.01028 -3.47430e+00 | 18  0.02552 -2.02880e+00
 19  0.00380  1.68530e+00 | 20 -0.00797  7.20391e-01 | 21  0.00218 -1.20847e+00
 22  0.01649  2.08616e+00 | 23  0.03890 -2.02136e+00 | 24  0.06430  4.21769e+00
 25 -0.01680  2.50547e+00 | 26  0.00877 -3.00730e+00 | 27  0.00432 -1.74634e+00
 28  0.05300 -6.21998e+00 | 29  0.02129  2.02945e+00 | 30 -0.00606  2.59910e+00
 31  0.00588  7.25079e+00 | 32 -0.02336  6.07913e+00 | 33  0.04341  7.29506e+00
 34 -0.00028  2.57732e-01 | 35  0.02336 -1.85422e+01 | 36 -0.01391 -8.96923e-01
 37  0.02448  1.39296e+01 | 38 -0.02300  7.83209e-01 | 39  0.04245 -3.02671e-01
 40  0.02075 -2.64603e-01 | 41 -0.00807 -3.03803e+00 | 42 -0.02128 -4.12930e+00
 43 -0.00754 -7.32342e+00 | 44  0.03574  9.62165e-01 | 45  0.03197  1.63868e+01
 46 -0.02910  1.82017e+00 | 47  0.01034 -7.45843e+00 | 48  0.01292 -8.86782e+00
 49  0.03290 -3.70659e+00 | 50  0.06260  1.63135e+01 | 51 -0.03933  8.38915e+00
 52 -0.05758  7.28156e+00 | 53  0.02302  1.73540e+00 | 54  0.01643 -1.97779e+00
 55  0.00017 -1.11522e+01 | 56  0.06398 -9.30524e-01 | 57  0.06229  6.69606e+00
 58  0.08145 -9.69726e-01 | 59  0.05494 -7.14667e+00 | 60  0.01386 -1.64568e+00
 61  0.08594 -4.37195e+00 | 62  0.02614 -2.53769e+00 | 63 -0.06984 -2.16670e+00
 64 -0.09583 -1.81885e+00 | 65 -0.12854 -3.06677e+00 | 66 -0.09403 -5.73462e+00
 67  0.01196  3.33882e+00 | 68 -0.80333 -1.96876e-06 | 69 -0.03399  1.09360e+00
 70 -0.63171  1.48371e+00 | 71 -0.78745 -1.94548e-01 | 72 -0.18888 -9.60464e-04
 73 -0.10260 -5.10747e-04 | 74 -0.01883 -9.29400e-05 | 75 -0.20387  4.44215e+00
 76  0.00444  2.27131e+02 | 77 -0.02921  8.02040e-01 |

Intermediate statistics: 77 variables; iteration 20; function evaluation 22; phase 4
Function value 3.3066386e+03; maximum gradient component mag 1.0794e+03
Var    Value     Gradient |Var    Value     Gradient |Var    Value     Gradient
  1 -0.58322  1.19531e+02 |  2 -0.68746  1.12189e+02 |  3 -0.60450  1.21757e+02
  4 -0.65844  9.01810e+01 |  5 -0.16107  4.94184e+02 |  6 -0.04903  8.97231e-01
  7 -0.05304  7.29536e-01 |  8 -0.05580  3.50211e-01 |  9 -0.05032  1.22862e+00
 10 -0.04489  1.29868e+00 | 11 -0.03077  2.70143e+00 | 12 -0.02271  2.62415e+00
 13 -0.00911  4.93772e+00 | 14 -0.02322  3.42429e+00 | 15 -0.02848  3.92617e+00
 16 -0.02678  3.96351e+00 | 17  0.00141  5.93750e+00 | 18  0.03182  7.59363e+00
 19 -0.00617  5.12683e+00 | 20 -0.00874  5.35731e+00 | 21  0.01411  6.73328e+00
 22  0.00169  6.06409e+00 | 23  0.05102  1.11031e+01 | 24  0.06149  1.46017e+01
 25 -0.02008  8.06708e+00 | 26  0.01588  1.17570e+01 | 27  0.00017  9.16077e+00
 28  0.05739  1.57051e+01 | 29  0.01961  1.25942e+01 | 30 -0.00384  9.60603e+00
 31  0.00503  6.44040e+00 | 32 -0.02508  4.56988e-01 | 33  0.04245  4.29895e+00
 34  0.00066  1.17725e+01 | 35  0.02662  8.46950e+00 | 36 -0.01318  7.56865e+00
 37  0.02299  5.57266e+00 | 38 -0.02447 -4.27971e+00 | 39  0.04338  4.05991e+00
 40  0.02071  3.69077e+00 | 41 -0.00773  3.08300e+00 | 42 -0.01992  8.24688e+00
 43 -0.00472  1.07976e+01 | 44  0.03679  1.13434e+01 | 45  0.03025  7.57872e+00
 46 -0.03030 -2.82260e+00 | 47  0.01060 -1.38857e+00 | 48  0.01542  6.31880e+00
 49  0.03360  2.20499e+00 | 50  0.05985  2.92634e+00 | 51 -0.03896  4.28051e+00
 52 -0.06074  3.13728e+00 | 53  0.02331  2.75311e+00 | 54  0.01434 -9.74450e-01
 55  0.00234 -6.55480e+00 | 56  0.06105 -4.22327e+00 | 57  0.06144  3.58843e+00
 58  0.07859 -4.72088e+00 | 59  0.05492 -4.89493e+00 | 60  0.01122 -1.46212e+00
 61  0.08453 -3.53155e+00 | 62  0.02328 -2.96607e+00 | 63 -0.06891 -1.21118e+00
 64 -0.09121 -1.01514e+00 | 65 -0.11220 -4.54748e-01 | 66 -0.05485  3.97148e-01
 67 -0.02146 -2.31409e+00 | 68 -0.80333 -1.96876e-06 | 69 -0.05059  1.28205e+00
 70 -0.62880  3.30168e+00 | 71 -0.78657  4.07203e-01 | 72 -0.18887 -9.60391e-04
 73 -0.10259 -5.10710e-04 | 74 -0.01883 -9.29335e-05 | 75 -0.12437  8.59966e+01
 76 -0.00164  1.07935e+03 | 77 -0.02336  3.22215e+00 |
77 variables; iteration 40; function evaluation 42; phase 4
Function value 3.3064453e+03; maximum gradient component mag 8.5935e+02
Var    Value     Gradient |Var    Value     Gradient |Var    Value     Gradient
  1 -0.58323  1.24123e+02 |  2 -0.68746  1.16173e+02 |  3 -0.60449  1.18848e+02
  4 -0.65846  8.22711e+01 |  5 -0.16113  4.67724e+02 |  6 -0.04833  4.77505e-01
  7 -0.05260  2.38597e-01 |  8 -0.05589 -2.80311e-01 |  9 -0.05028  6.00663e-01
 10 -0.04529  5.33138e-01 | 11 -0.03099  1.92411e+00 | 12 -0.02172  2.06377e+00
 13 -0.01084  3.75422e+00 | 14 -0.02211  2.90232e+00 | 15 -0.02827  3.23694e+00
 16 -0.02647  3.27830e+00 | 17  0.00108  5.01328e+00 | 18  0.03158  6.69710e+00
 19 -0.00609  4.62649e+00 | 20 -0.00787  5.30619e+00 | 21  0.01415  6.67555e+00
 22  0.00247  5.78134e+00 | 23  0.05100  9.21420e+00 | 24  0.06102  1.04674e+01
 25 -0.02047  4.94314e+00 | 26  0.01516  8.54404e+00 | 27  0.00076  9.07728e+00
 28  0.05782  1.72323e+01 | 29  0.01956  1.14601e+01 | 30 -0.00453  6.98192e+00
 31  0.00530  5.85701e+00 | 32 -0.02478  1.16770e+00 | 33  0.04265  5.39194e+00
 34  0.00061  1.13687e+01 | 35  0.02663  7.29093e+00 | 36 -0.01350  6.35352e+00
 37  0.02325  7.34771e+00 | 38 -0.02398 -2.57926e+00 | 39  0.04313  4.50062e+00
 40  0.02095  4.68475e+00 | 41 -0.00779  2.29241e+00 | 42 -0.02074  5.26293e+00
 43 -0.00512  9.01929e+00 | 44  0.03706  1.15384e+01 | 45  0.02931  4.69225e+00
 46 -0.03029 -3.05494e+00 | 47  0.01069 -6.94285e-01 | 48  0.01463  4.28164e+00
 49  0.03299 -2.40144e-01 | 50  0.05935  1.61193e+00 | 51 -0.03945  3.79926e+00
 52 -0.06107  2.33695e+00 | 53  0.02193 -6.34215e-01 | 54  0.01369 -1.83224e+00
 55  0.00185 -5.94394e+00 | 56  0.06033 -3.42970e+00 | 57  0.06020  3.01028e+00
 58  0.07754 -5.53297e+00 | 59  0.05333 -6.48255e+00 | 60  0.00951 -2.49511e+00
 61  0.08354 -2.85307e+00 | 62  0.02130 -3.61872e+00 | 63 -0.06809 -9.02967e-01
 64 -0.09129 -1.49525e+00 | 65 -0.11884 -1.49342e+00 | 66 -0.04712 -4.22387e-01
 67 -0.01156 -7.32745e-01 | 68 -0.80333 -1.96876e-06 | 69 -0.18482 -5.62731e-01
 70 -0.62723  3.60804e+00 | 71 -0.78656  3.58884e-01 | 72 -0.18870 -9.59485e-04
 73 -0.10250 -5.10258e-04 | 74 -0.01881 -9.28533e-05 | 75 -0.11440  6.94832e+01
 76 -0.00265  8.59350e+02 | 77  0.00830  3.41880e+00 |
77 variables; iteration 60; function evaluation 67; phase 4
Function value 3.3060202e+03; maximum gradient component mag 3.3930e+02
Var    Value     Gradient |Var    Value     Gradient |Var    Value     Gradient
  1 -0.58322  1.81134e+01 |  2 -0.68750  2.96153e+01 |  3 -0.60442  3.64667e+01
  4 -0.65864 -1.14600e+00 |  5 -0.16100  2.02991e+02 |  6 -0.04891 -2.62311e+00
  7 -0.05271 -2.80693e+00 |  8 -0.05415 -2.97819e+00 |  9 -0.05066 -2.77300e+00
 10 -0.04504 -2.93738e+00 | 11 -0.03352 -2.54965e+00 | 12 -0.02422 -2.77887e+00
 13 -0.01380 -1.57754e+00 | 14 -0.02312 -1.91594e+00 | 15 -0.02806 -1.22103e+00
 16 -0.02624 -1.28073e+00 | 17 -0.00078 -7.48312e-01 | 18  0.03039 -2.56040e-02
 19 -0.00487 -7.47835e-01 | 20 -0.00999 -8.86695e-01 | 21  0.01201 -5.81105e-02
 22  0.00484  6.17945e-01 | 23  0.04933  1.83490e+00 | 24  0.06040  3.54649e+00
 25 -0.01909  1.25579e+00 | 26  0.01455  2.09955e+00 | 27  0.00005 -3.84477e-01
 28  0.05624  8.91428e-01 | 29  0.01944  1.94442e+00 | 30 -0.00484  1.73347e+00
 31  0.00550  3.55653e+00 | 32 -0.02431  2.89261e-01 | 33  0.04331  5.41681e-01
 34 -0.00208 -1.10056e+00 | 35  0.02665 -3.57012e+00 | 36 -0.01460 -2.12382e+00
 37  0.02247  2.08815e+00 | 38 -0.02208  1.04486e+00 | 39  0.04313  4.95769e+00
 40  0.02004 -1.97339e+00 | 41 -0.00873 -6.07212e+00 | 42 -0.02177 -4.46175e+00
 43 -0.00674 -3.64281e+00 | 44  0.03588 -2.53987e+00 | 45  0.02818 -2.27256e+00
 46 -0.02892 -1.94535e+00 | 47  0.01025 -2.00392e+00 | 48  0.01365 -5.53425e-01
 49  0.03271 -4.95471e+00 | 50  0.05888 -7.25092e+00 | 51 -0.04192 -5.03490e+00
 52 -0.06147 -3.17957e+00 | 53  0.02142 -5.18109e+00 | 54  0.01390 -2.14968e+00
 55  0.00293 -3.74390e+00 | 56  0.06152 -2.94819e+00 | 57  0.05795 -5.15179e+00
 58  0.07845 -6.06112e+00 | 59  0.05512 -2.48978e+00 | 60  0.00978 -2.62260e+00
 61  0.08417 -2.82823e+00 | 62  0.02262 -3.85640e+00 | 63 -0.06515 -1.90259e+00
 64 -0.09191 -4.76259e+00 | 65 -0.11327 -3.66863e+00 | 66 -0.04361 -3.35751e+00
 67 -0.01510 -3.64354e+00 | 68 -0.80333 -1.96872e-06 | 69 -0.17011 -2.43345e-01
 70 -0.62939  6.73494e-02 | 71 -0.79086 -2.11086e+00 | 72 -0.18697 -9.50152e-04
 73 -0.10158 -5.05595e-04 | 74 -0.01864 -9.20256e-05 | 75 -0.08757  2.70198e+01
 76 -0.00509  3.39299e+02 | 77 -0.08257  6.46234e-01 |
Maximum number of function evaluations exceeded

 - final statistics:
77 variables; iteration 80; function evaluation 100
Function value 3.3058e+03; maximum gradient component mag 2.0929e+02
Exit code = 3;  converg criter 1.0000e+00
Var    Value     Gradient |Var    Value     Gradient |Var    Value     Gradient
  1 -0.58320 -1.63954e+01 |  2 -0.68756 -1.98846e+01 |  3 -0.60443 -1.79893e+01
  4 -0.65862 -4.56868e+00 |  5 -0.16121 -1.01972e+02 |  6 -0.05097  5.42981e-01
  7 -0.05009  1.33382e+00 |  8 -0.05539  2.47871e-01 |  9 -0.05330  6.15023e-02
 10 -0.04200  9.92399e-01 | 11 -0.03392  4.54421e-01 | 12 -0.01668  1.37984e+00
 13 -0.01619  3.77889e-01 | 14 -0.02329  2.52018e-01 | 15 -0.02895  6.02779e-01
 16 -0.02445  7.65340e-01 | 17 -0.00109 -2.56430e-02 | 18  0.03095 -5.95545e-01
 19 -0.00558 -2.27128e-01 | 20 -0.00902  4.22682e-03 | 21  0.01566 -2.22596e-01
 22 -0.00134 -1.27537e+00 | 23  0.05333 -1.34800e+00 | 24  0.05899 -2.01214e+00
 25 -0.01798 -2.75087e-01 | 26  0.01337 -1.68057e+00 | 27  0.00115 -4.65058e-01
 28  0.05691 -1.50489e+00 | 29  0.01866 -1.46057e+00 | 30 -0.00411 -1.13360e+00
 31  0.00417 -2.06942e+00 | 32 -0.02349  6.12591e-01 | 33  0.04356 -9.20026e-01
 34 -0.00247 -2.99651e-01 | 35  0.02769  9.31080e-01 | 36 -0.01449 -1.43203e-02
 37  0.02212 -1.02949e+00 | 38 -0.02205 -2.20423e-01 | 39  0.04209 -2.00237e+00
 40  0.02022  5.44673e-01 | 41 -0.00720  2.10069e+00 | 42 -0.02216  9.35113e-01
 43 -0.00637  9.89233e-01 | 44  0.03566 -3.08173e-02 | 45  0.02831  4.30503e-01
 46 -0.02922  1.16987e+00 | 47  0.01056  5.35275e-01 | 48  0.01240  2.48979e-01
 49  0.03311  1.58056e+00 | 50  0.05903  2.86703e+00 | 51 -0.04212  1.13730e+00
 52 -0.06305  1.31253e+00 | 53  0.02175  2.01322e+00 | 54  0.01133  7.17584e-01
 55  0.00288  1.95981e+00 | 56  0.05945  1.55197e+00 | 57  0.05623  1.50306e+00
 58  0.07722  2.64659e+00 | 59  0.05179  1.71543e+00 | 60  0.00687  1.22555e+00
 61  0.08040  1.09755e+00 | 62  0.02088  1.52319e+00 | 63 -0.07054  6.37523e-01
 64 -0.08252  1.86068e+00 | 65 -0.10533  9.72736e-01 | 66 -0.03613  1.34565e+00
 67 -0.01421  1.30093e+00 | 68 -0.80331 -1.96852e-06 | 69 -0.15130  1.37315e-01
 70 -0.62683 -5.29157e-01 | 71 -0.78345  1.43884e+00 | 72 -0.17804 -9.02231e-04
 73 -0.09683 -4.81544e-04 | 74 -0.01778 -8.77489e-05 | 75 -0.03955  2.18253e+01
 76 -0.01014  2.09295e+02 | 77 -0.05958  5.26148e-01 |

Initial statistics: 89 variables; iteration 0; function evaluation 0; phase 5
Function value 3.3057545e+03; maximum gradient component mag 2.0929e+02
Var    Value     Gradient |Var    Value     Gradient |Var    Value     Gradient
  1 -0.58320 -1.63954e+01 |  2 -0.68756 -1.98846e+01 |  3 -0.60443 -1.79893e+01
  4 -0.65862 -4.56868e+00 |  5 -0.16121 -1.01972e+02 |  6 -0.05099  1.28755e-01
  7 -0.05011  9.19550e-01 |  8 -0.05541 -1.66113e-01 |  9 -0.05332 -3.52598e-01
 10 -0.04202  5.77745e-01 | 11 -0.03394  3.94536e-02 | 12 -0.01671  9.64428e-01
 13 -0.01621 -3.75335e-02 | 14 -0.02331 -1.63261e-01 | 15 -0.02897  1.87651e-01
 16 -0.02447  3.50089e-01 | 17 -0.00111 -4.41199e-01 | 18  0.03093 -1.01061e+00
 19 -0.00560 -6.42669e-01 | 20 -0.00904 -4.11288e-01 | 21  0.01564 -6.38027e-01
 22 -0.00136 -1.69092e+00 | 23  0.05331 -1.76210e+00 | 24  0.05896 -2.42592e+00
 25 -0.01800 -6.90477e-01 | 26  0.01335 -2.09604e+00 | 27  0.00113 -8.80614e-01
 28  0.05689 -1.91880e+00 | 29  0.01864 -1.87595e+00 | 30 -0.00413 -1.54915e+00
 31  0.00415 -2.48497e+00 | 32 -0.02351  1.97317e-01 | 33  0.04354 -1.33461e+00
 34 -0.00249 -7.15205e-01 | 35  0.02767  5.15917e-01 | 36 -0.01451 -4.29769e-01
 37  0.02210 -1.44480e+00 | 38 -0.02207 -6.35730e-01 | 39  0.04206 -2.41702e+00
 40  0.02020  1.29326e-01 | 41 -0.00722  1.68516e+00 | 42 -0.02218  5.19808e-01
 43 -0.00639  5.73697e-01 | 44  0.03564 -4.45723e-01 | 45  0.02829  1.53568e-02
 46 -0.02924  7.54752e-01 | 47  0.01054  1.19775e-01 | 48  0.01238 -1.66499e-01
 49  0.03309  1.16557e+00 | 50  0.05901  2.45326e+00 | 51 -0.04214  7.22648e-01
 52 -0.06307  8.99004e-01 | 53  0.02172  1.59791e+00 | 54  0.01131  3.02093e-01
 55  0.00286  1.54426e+00 | 56  0.05943  1.13823e+00 | 57  0.05621  1.08912e+00
 58  0.07720  2.23409e+00 | 59  0.05177  1.30125e+00 | 60  0.00685  8.10021e-01
 61  0.08038  6.85305e-01 | 62  0.02086  1.10786e+00 | 63 -0.07056  2.24514e-01
 64 -0.08254  1.44861e+00 | 65 -0.10535  5.62851e-01 | 66 -0.03615  9.30765e-01
 67 -0.01424  8.85476e-01 | 68 -0.80331 -1.96852e-06 | 69 -0.15130  1.37315e-01
 70 -0.62683 -5.29157e-01 | 71 -0.78345  1.43884e+00 | 72  0.29554  3.88989e+00
 73  0.03437 -1.31584e-03 | 74 -0.04285 -1.65475e+01 | 75  0.25980  3.81052e+00
 76 -0.03018  9.16891e-04 | 77  0.02400 -1.43988e+01 | 78  0.10938 -1.02755e+02
 79 -0.10852 -3.24751e-01 | 80 -0.02761  6.30688e+01 | 81  0.05983 -5.58708e+00
 82 -0.15813 -7.27269e-04 | 83 -0.05162  3.70886e+00 | 84 -0.17804 -9.02231e-04
 85 -0.09683 -4.81544e-04 | 86 -0.01778 -8.77489e-05 | 87 -0.03955  2.18253e+01
 88 -0.01014  2.09295e+02 | 89 -0.05958  5.26148e-01 |

Intermediate statistics: 89 variables; iteration 20; function evaluation 23; phase 5
Function value 3.3055558e+03; maximum gradient component mag -4.5772e+02
Var    Value     Gradient |Var    Value     Gradient |Var    Value     Gradient
  1 -0.58328 -4.57721e+02 |  2 -0.68755 -2.72775e+02 |  3 -0.60451 -2.38490e+02
  4 -0.65854 -9.27637e+01 |  5 -0.16148 -1.12466e+02 |  6 -0.04872  3.37723e-01
  7 -0.05158  3.19735e-01 |  8 -0.05210  2.99653e-01 |  9 -0.04930  2.50344e-01
 10 -0.04253  1.82894e-01 | 11 -0.03215  5.98611e-02 | 12 -0.01993  1.48646e-02
 13 -0.01466 -1.61370e-01 | 14 -0.02123 -1.67831e-01 | 15 -0.02876 -1.50944e-01
 16 -0.02565 -2.28990e-01 | 17 -0.00016 -5.48012e-01 | 18  0.03197 -1.02590e+00
 19 -0.00451 -8.01270e-01 | 20 -0.00900 -1.03478e+00 | 21  0.01417 -1.64164e+00
 22  0.00263 -1.88848e+00 | 23  0.05164 -3.39868e+00 | 24  0.06039 -4.02114e+00
 25 -0.01937 -1.66753e+00 | 26  0.01479 -1.84662e+00 | 27  0.00093 -7.70147e-01
 28  0.05748 -1.57226e-01 | 29  0.01951  6.99513e-01 | 30 -0.00383  5.57975e-01
 31  0.00516 -5.72390e-03 | 32 -0.02372  2.29262e-01 | 33  0.04397 -6.82267e-01
 34 -0.00219 -1.11960e+00 | 35  0.02746 -2.52127e+00 | 36 -0.01441 -2.32653e+00
 37  0.02212 -2.94087e+00 | 38 -0.02208 -4.95037e-01 | 39  0.04249  4.04861e-01
 40  0.02012  5.54831e-01 | 41 -0.00777  8.35259e-02 | 42 -0.02229 -8.85336e-01
 43 -0.00678 -1.39439e+00 | 44  0.03545 -2.38086e+00 | 45  0.02815 -1.42680e+00
 46 -0.02949 -2.83943e-01 | 47  0.01034 -5.78774e-01 | 48  0.01229 -6.15267e-01
 49  0.03268 -6.01032e-01 | 50  0.05838 -3.17280e-01 | 51 -0.04235  2.91784e-01
 52 -0.06347  6.42814e-01 | 53  0.02099  1.13155e+00 | 54  0.01091  6.11827e-01
 55  0.00166  7.72162e-01 | 56  0.05829  3.32151e-01 | 57  0.05496  4.17572e-01
 58  0.07567  1.47038e+00 | 59  0.05043  1.36297e+00 | 60  0.00547  1.08784e+00
 61  0.07894  1.64585e+00 | 62  0.01865  1.27424e+00 | 63 -0.07027  1.08552e+00
 64 -0.08569  7.77368e-01 | 65 -0.10471  8.51023e-01 | 66 -0.03675  8.06650e-01
 67 -0.01387  7.53270e-01 | 68 -0.80331 -1.96852e-06 | 69 -0.15220  9.96081e-02
 70 -0.62407 -7.13471e-01 | 71 -0.78542  7.21350e-02 | 72  0.29714 -2.22610e+00
 73  0.03437 -1.35627e-03 | 74 -0.04183  2.36799e+00 | 75  0.26236  3.62747e+00
 76 -0.03018  1.03698e-03 | 77  0.02498 -1.01234e+01 | 78  0.11437 -6.28845e+01
 79 -0.10701 -2.52347e-01 | 80 -0.02471  9.70429e+01 | 81  0.06119 -2.17732e+00
 82 -0.15818  4.15996e-03 | 83 -0.05096  1.39735e+00 | 84 -0.17803 -9.02196e-04
 85 -0.09682 -4.81526e-04 | 86 -0.01778 -8.77457e-05 | 87 -0.03741  7.59240e+00
 88 -0.01056  6.93724e+01 | 89 -0.05815  7.48199e-02 |
89 variables; iteration 40; function evaluation 43; phase 5
Function value 3.3055200e+03; maximum gradient component mag -2.7335e+02
Var    Value     Gradient |Var    Value     Gradient |Var    Value     Gradient
  1 -0.58327 -2.73353e+02 |  2 -0.68754 -1.62102e+02 |  3 -0.60451 -1.39263e+02
  4 -0.65853 -5.65740e+01 |  5 -0.16148 -5.30391e+01 |  6 -0.04844  1.00654e-01
  7 -0.05212 -9.68660e-02 |  8 -0.05194  3.80640e-02 |  9 -0.04911 -3.34661e-03
 10 -0.04329 -2.64569e-01 | 11 -0.03245 -2.55493e-01 | 12 -0.02115 -3.86982e-01
 13 -0.01458 -2.07885e-01 | 14 -0.02062  1.52125e-02 | 15 -0.02819  1.54583e-01
 16 -0.02531  1.68780e-01 | 17  0.00057  1.42824e-01 | 18  0.03199 -1.85987e-01
 19 -0.00451 -3.68765e-01 | 20 -0.00876 -6.30479e-01 | 21  0.01360 -1.09263e+00
 22  0.00385 -1.03153e+00 | 23  0.05100 -2.05431e+00 | 24  0.06106 -2.27613e+00
 25 -0.01968 -1.30719e+00 | 26  0.01472 -1.72781e+00 | 27  0.00103 -9.84928e-01
 28  0.05716 -4.43971e-01 | 29  0.01975  1.19268e+00 | 30 -0.00392  5.62786e-01
 31  0.00481 -5.21347e-01 | 32 -0.02350  4.27992e-01 | 33  0.04378 -1.27093e+00
 34 -0.00269 -2.00396e+00 | 35  0.02764 -9.86452e-01 | 36 -0.01430 -1.36377e+00
 37  0.02177 -3.24268e+00 | 38 -0.02169  3.26738e-01 | 39  0.04229  1.55579e-01
 40  0.02010  1.72808e-01 | 41 -0.00786  8.24479e-02 | 42 -0.02201  3.69959e-02
 43 -0.00667 -3.84493e-01 | 44  0.03556 -1.40609e+00 | 45  0.02812 -7.06831e-01
 46 -0.02916  8.99066e-01 | 47  0.01065  1.08137e+00 | 48  0.01222 -1.31972e-01
 49  0.03293 -1.41001e-01 | 50  0.05828 -3.24652e-01 | 51 -0.04190  1.03157e+00
 52 -0.06299  1.64209e+00 | 53  0.02125  2.06033e+00 | 54  0.01096 -4.68686e-02
 55  0.00144 -6.13455e-01 | 56  0.05838 -3.10552e-01 | 57  0.05545  7.80263e-01
 58  0.07564  2.07466e-01 | 59  0.05038 -5.71687e-01 | 60  0.00536 -3.61208e-02
 61  0.07957  1.95011e+00 | 62  0.01895  8.21380e-01 | 63 -0.07116  5.83898e-02
 64 -0.08519  3.77739e-01 | 65 -0.10816 -1.39748e-01 | 66 -0.03584  1.22773e-02
 67 -0.01408  3.03877e-01 | 68 -0.80331 -1.96851e-06 | 69 -0.18187 -4.45441e-01
 70 -0.62349  4.11875e-01 | 71 -0.78638 -6.51537e-01 | 72  0.29733 -7.64236e-01
 73  0.03477 -8.29101e-04 | 74 -0.04173  6.65108e-01 | 75  0.26102  1.87629e+00
 76 -0.03064  8.86522e-04 | 77  0.02473 -6.95559e+00 | 78  0.11440 -3.82780e+01
 79 -0.01955 -2.94462e-01 | 80 -0.02488  5.75760e+01 | 81  0.06144 -1.37095e+00
 82 -0.16114  2.24730e-03 | 83 -0.05080  9.03009e-01 | 84 -0.17766 -9.00241e-04
 85 -0.09663 -4.80539e-04 | 86 -0.01774 -8.75699e-05 | 87 -0.03796  1.32086e+01
 88 -0.01075  1.21182e+02 | 89  0.01131  8.65750e-01 |
89 variables; iteration 60; function evaluation 65; phase 5
Function value 3.3054876e+03; maximum gradient component mag -7.7398e+01
Var    Value     Gradient |Var    Value     Gradient |Var    Value     Gradient
  1 -0.58326 -7.73977e+01 |  2 -0.68752 -4.36451e+01 |  3 -0.60451 -5.36872e+01
  4 -0.65851 -2.02768e+01 |  5 -0.16145 -5.34542e+01 |  6 -0.04848  2.92498e-01
  7 -0.05203  1.27776e-01 |  8 -0.05081  4.97733e-01 |  9 -0.04857  3.16732e-01
 10 -0.04275  3.47821e-02 | 11 -0.03235 -8.36589e-02 | 12 -0.02278 -5.69063e-01
 13 -0.01430 -6.90218e-02 | 14 -0.02147 -1.87918e-02 | 15 -0.02783  3.87194e-01
 16 -0.02346  6.53398e-01 | 17 -0.00029 -3.26437e-02 | 18  0.03102 -4.96090e-01
 19 -0.00409 -2.17889e-01 | 20 -0.00895 -2.42815e-01 | 21  0.01435 -2.22369e-01
 22  0.00397 -3.55758e-01 | 23  0.05073 -1.51148e+00 | 24  0.06107 -1.50371e+00
 25 -0.01935 -4.58538e-01 | 26  0.01487 -8.69548e-01 | 27  0.00074 -9.49603e-01
 28  0.05715 -1.11745e+00 | 29  0.01957 -3.94833e-01 | 30 -0.00455 -1.69965e+00
 31  0.00464 -2.05301e+00 | 32 -0.02373  1.89201e-01 | 33  0.04390 -1.08960e+00
 34 -0.00340 -2.90566e+00 | 35  0.02785 -4.53131e-01 | 36 -0.01477 -1.89275e+00
 37  0.02174 -2.94623e+00 | 38 -0.02174  7.79007e-01 | 39  0.04219  5.92484e-01
 40  0.02026  3.27467e-01 | 41 -0.00841 -1.15859e+00 | 42 -0.02182 -2.20465e-01
 43 -0.00699 -3.03012e-01 | 44  0.03585  1.10767e+00 | 45  0.02824  1.21037e+00
 46 -0.02934  1.12120e+00 | 47  0.01060  1.18468e+00 | 48  0.01216  3.92898e-01
 49  0.03307  1.24403e+00 | 50  0.05839  8.56290e-01 | 51 -0.04203  7.11444e-01
 52 -0.06327  7.11193e-01 | 53  0.02096  8.47994e-01 | 54  0.01144  8.05489e-01
 55  0.00141  9.17434e-02 | 56  0.05892  4.31936e-01 | 57  0.05487 -1.62848e-01
 58  0.07647  2.05513e+00 | 59  0.05060  5.43993e-01 | 60  0.00583  2.23380e-01
 61  0.07952  1.17225e+00 | 62  0.01977  1.32307e+00 | 63 -0.07078  3.17571e-01
 64 -0.08404  8.51084e-01 | 65 -0.10813 -2.46982e-01 | 66 -0.03846 -3.70955e-01
 67 -0.01364  5.22454e-01 | 68 -0.80331 -1.96850e-06 | 69 -0.16936 -2.19808e-01
 70 -0.62267  1.65065e+00 | 71 -0.78606 -6.66406e-01 | 72  0.29767  5.93041e-01
 73  0.03526 -2.41010e-04 | 74 -0.04154 -1.67403e-03 | 75  0.26181  5.81211e-01
 76 -0.03131  8.66626e-04 | 77  0.02526 -1.77397e+00 | 78  0.11450 -1.48229e+01
 79  0.04373 -2.58115e-02 | 80 -0.02503  1.93546e+01 | 81  0.06082 -1.62143e+00
 82 -0.16469 -2.93652e-03 | 83 -0.05135 -2.53656e-01 | 84 -0.17711 -8.97282e-04
 85 -0.09633 -4.79045e-04 | 86 -0.01769 -8.73037e-05 | 87 -0.03754  7.47641e+00
 88 -0.01081  6.57530e+01 | 89 -0.00023  3.97677e-01 |
89 variables; iteration 80; function evaluation 93; phase 5
Function value 3.3054663e+03; maximum gradient component mag 2.2535e+01
Var    Value     Gradient |Var    Value     Gradient |Var    Value     Gradient
  1 -0.58325  1.26119e+01 |  2 -0.68751  7.24522e+00 |  3 -0.60451  5.61416e+00
  4 -0.65849  2.80585e+00 |  5 -0.16149 -7.84246e+00 |  6 -0.04844  8.18352e-02
  7 -0.05166  8.09191e-03 |  8 -0.05219  1.78172e-02 |  9 -0.04962 -3.25678e-02
 10 -0.04250  4.47201e-02 | 11 -0.03142  1.60548e-01 | 12 -0.02016  4.75459e-02
 13 -0.01414  8.75258e-02 | 14 -0.02130 -2.72562e-02 | 15 -0.02851  3.17898e-02
 16 -0.02560 -2.50363e-02 | 17 -0.00007 -5.78014e-02 | 18  0.03193 -4.29632e-02
 19 -0.00415  2.25875e-02 | 20 -0.00851 -2.74023e-02 | 21  0.01405 -1.27295e-01
 22  0.00309 -1.32971e-01 | 23  0.05188 -3.52805e-02 | 24  0.06080 -7.61721e-02
 25 -0.01921 -3.90221e-02 | 26  0.01481 -9.96084e-02 | 27  0.00111  7.47644e-02
 28  0.05720 -1.82870e-01 | 29  0.01926 -2.01193e-01 | 30 -0.00421 -1.82285e-01
 31  0.00511 -3.87842e-02 | 32 -0.02413 -1.52922e-01 | 33  0.04374 -3.75549e-02
 34 -0.00225 -5.95630e-03 | 35  0.02738 -1.04424e-01 | 36 -0.01428  7.69914e-02
 37  0.02222  2.66243e-02 | 38 -0.02220 -4.58128e-02 | 39  0.04227 -2.15035e-02
 40  0.02004  2.55971e-02 | 41 -0.00790 -5.41625e-02 | 42 -0.02208 -3.09898e-02
 43 -0.00673  6.18581e-02 | 44  0.03563  1.28559e-01 | 45  0.02813  4.41147e-02
 46 -0.02952  9.55195e-02 | 47  0.01028 -3.97982e-02 | 48  0.01228  3.82724e-02
 49  0.03270  9.41975e-02 | 50  0.05834  6.77881e-02 | 51 -0.04229  1.12875e-02
 52 -0.06344  9.56296e-02 | 53  0.02080 -1.62292e-02 | 54  0.01104 -1.06240e-02
 55  0.00166  2.33677e-01 | 56  0.05838  1.00724e-01 | 57  0.05519  1.43088e-01
 58  0.07552  5.48268e-02 | 59  0.05056  1.91181e-01 | 60  0.00551  5.93751e-03
 61  0.07901  1.14699e-01 | 62  0.01863 -3.62068e-03 | 63 -0.07074  2.91980e-02
 64 -0.08576  1.51523e-02 | 65 -0.10579 -3.91444e-02 | 66 -0.03618  1.74626e-01
 67 -0.01385  8.15749e-02 | 68 -0.80330 -1.96843e-06 | 69 -0.15814  1.23461e-02
 70 -0.62352 -6.86884e-02 | 71 -0.78502  1.75534e-02 | 72  0.29748 -4.17635e-02
 73  0.03559  4.06575e-05 | 74 -0.04162  1.06598e-01 | 75  0.26174 -1.57346e-01
 76 -0.03425  9.79987e-04 | 77  0.02538  4.03635e-01 | 78  0.11478  9.56893e-01
 79  0.04504 -2.47483e-02 | 80 -0.02495 -1.37941e+00 | 81  0.06187  6.02901e-02
 82 -0.16669 -2.72805e-04 | 83 -0.05051  3.28614e-02 | 84 -0.17424 -8.82009e-04
 85 -0.09480 -4.71322e-04 | 86 -0.01741 -8.59264e-05 | 87 -0.03748  2.52439e+00
 88 -0.01097  2.25352e+01 | 89 -0.00106  1.14030e-01 |
89 variables; iteration 100; function evaluation 119; phase 5
Function value 3.3054622e+03; maximum gradient component mag 3.8955e-02
Var    Value     Gradient |Var    Value     Gradient |Var    Value     Gradient
  1 -0.58326  3.89550e-02 |  2 -0.68751  2.26227e-02 |  3 -0.60451  1.20258e-02
  4 -0.65850  4.83276e-03 |  5 -0.16147 -3.39241e-02 |  6 -0.04862  8.46165e-04
  7 -0.05151  7.37501e-04 |  8 -0.05209  3.92611e-04 |  9 -0.04928 -2.18726e-04
 10 -0.04250  3.46404e-05 | 11 -0.03199 -1.22086e-03 | 12 -0.02018 -1.24553e-03
 13 -0.01444  4.00876e-04 | 14 -0.02104  1.71911e-03 | 15 -0.02867  8.24221e-04
 16 -0.02557 -9.82796e-05 | 17  0.00004 -9.55562e-04 | 18  0.03187 -1.95281e-03
 19 -0.00434  1.99884e-03 | 20 -0.00859 -1.56979e-04 | 21  0.01406 -1.02724e-03
 22  0.00332 -1.33335e-03 | 23  0.05163 -8.90704e-05 | 24  0.06085 -4.10936e-04
 25 -0.01932 -1.53330e-03 | 26  0.01488 -1.85650e-04 | 27  0.00092  8.42453e-04
 28  0.05723 -1.52219e-03 | 29  0.01921 -9.77671e-04 | 30 -0.00416 -1.38779e-03
 31  0.00502 -1.90572e-03 | 32 -0.02406  8.20847e-04 | 33  0.04369 -1.22033e-03
 34 -0.00228 -9.79755e-04 | 35  0.02738 -5.82372e-04 | 36 -0.01433 -8.78072e-04
 37  0.02220 -1.84953e-03 | 38 -0.02219  7.63099e-04 | 39  0.04225  7.33899e-04
 40  0.02001 -6.86988e-04 | 41 -0.00789 -6.89003e-04 | 42 -0.02208 -4.15430e-04
 43 -0.00675  5.85477e-04 | 44  0.03560  5.39570e-04 | 45  0.02814  2.00505e-03
 46 -0.02956  3.85361e-04 | 47  0.01031  6.29419e-04 | 48  0.01227 -4.45135e-05
 49  0.03270  1.44735e-03 | 50  0.05833  7.85431e-04 | 51 -0.04224  1.04050e-04
 52 -0.06347  3.17554e-05 | 53  0.02083  3.00897e-04 | 54  0.01111 -2.17641e-04
 55  0.00158  1.03948e-03 | 56  0.05846  7.01496e-04 | 57  0.05519 -3.01365e-05
 58  0.07562  1.63594e-03 | 59  0.05055  4.58283e-04 | 60  0.00567  1.04450e-03
 61  0.07905  7.12787e-04 | 62  0.01878  1.98716e-03 | 63 -0.07062 -7.02228e-04
 64 -0.08556  2.53126e-04 | 65 -0.10534  1.10446e-03 | 66 -0.03651  1.09655e-03
 67 -0.01386  2.39398e-04 | 68 -0.80315 -1.96686e-06 | 69 -0.15813  2.74028e-04
 70 -0.62357  9.55068e-04 | 71 -0.78508 -2.24698e-03 | 72  0.29747  7.87268e-04
 73  0.03554  4.35770e-08 | 74 -0.04163 -3.01893e-04 | 75  0.26178  9.56099e-05
 76 -0.03571 -8.24385e-04 | 77  0.02537  1.53900e-03 | 78  0.11476  9.17601e-04
 79  0.16362  8.25959e-04 | 80 -0.02495 -3.55858e-03 | 81  0.06181 -3.30792e-04
 82 -0.16604 -3.99420e-07 | 83 -0.05055  1.74575e-04 | 84 -0.11423 -5.69842e-04
 85 -0.06260 -3.09902e-04 | 86 -0.01153 -5.68883e-05 | 87 -0.03752  1.23878e-03
 88 -0.01197  2.23461e-02 | 89  0.02694  1.58426e-04 |
89 variables; iteration 120; function evaluation 141; phase 5
Function value 3.3054621e+03; maximum gradient component mag 9.0727e-03
Var    Value     Gradient |Var    Value     Gradient |Var    Value     Gradient
  1 -0.58326  6.32149e-03 |  2 -0.68751  3.87949e-03 |  3 -0.60451  4.47314e-03
  4 -0.65850  1.24334e-03 |  5 -0.16147  9.07266e-03 |  6 -0.04862 -2.52767e-06
  7 -0.05151 -2.22275e-05 |  8 -0.05209 -6.01549e-05 |  9 -0.04928 -7.43215e-05
 10 -0.04251 -6.68218e-05 | 11 -0.03199 -1.15849e-04 | 12 -0.02017 -1.39195e-04
 13 -0.01444  3.05240e-06 | 14 -0.02105  1.28124e-04 | 15 -0.02867  7.29280e-05
 16 -0.02557  1.38041e-05 | 17  0.00004 -4.09244e-05 | 18  0.03187 -3.41941e-05
 19 -0.00435  2.17558e-04 | 20 -0.00858  2.16292e-05 | 21  0.01406 -1.06845e-05
 22  0.00332  2.12580e-06 | 23  0.05163  1.82802e-04 | 24  0.06085  2.45372e-04
 25 -0.01931 -2.56538e-05 | 26  0.01488  1.31958e-04 | 27  0.00092  2.29126e-04
 28  0.05724  1.50959e-04 | 29  0.01921  6.15773e-05 | 30 -0.00416 -1.24856e-04
 31  0.00502 -1.13816e-04 | 32 -0.02406  1.74824e-04 | 33  0.04369  1.33394e-04
 34 -0.00228 -1.16459e-04 | 35  0.02738  7.61236e-05 | 36 -0.01433 -7.94609e-05
 37  0.02220 -1.80782e-04 | 38 -0.02219  9.62424e-05 | 39  0.04225  2.61414e-04
 40  0.02001  5.22956e-05 | 41 -0.00789 -1.82191e-04 | 42 -0.02207 -1.47262e-04
 43 -0.00675  2.94326e-06 | 44  0.03560  2.16994e-04 | 45  0.02814  2.61883e-04
 46 -0.02956  9.39322e-05 | 47  0.01031  6.94111e-05 | 48  0.01227 -4.72588e-05
 49  0.03270  2.09373e-04 | 50  0.05833  7.09707e-05 | 51 -0.04224 -4.84260e-05
 52 -0.06347 -6.33746e-05 | 53  0.02082 -1.30412e-04 | 54  0.01111 -1.37345e-04
 55  0.00158 -1.11974e-06 | 56  0.05846 -9.41935e-05 | 57  0.05519 -1.41095e-04
 58  0.07562  2.50289e-05 | 59  0.05055 -5.40606e-05 | 60  0.00567 -1.36175e-04
 61  0.07904 -6.01700e-05 | 62  0.01878  1.98341e-05 | 63 -0.07062 -1.67952e-04
 64 -0.08556 -6.97386e-05 | 65 -0.10535 -9.98614e-05 | 66 -0.03651 -5.46527e-05
 67 -0.01386 -9.44790e-05 | 68 -0.80211 -1.95577e-06 | 69 -0.15815  1.12951e-05
 70 -0.62357  1.72308e-04 | 71 -0.78507 -1.77398e-04 | 72  0.29747  1.96183e-04
 73  0.03554  3.49659e-08 | 74 -0.04163 -1.75334e-04 | 75  0.26178  5.83649e-05
 76 -0.03536 -5.43721e-05 | 77  0.02537  4.58802e-05 | 78  0.11476  1.07897e-03
 79  0.10602  9.95421e-06 | 80 -0.02495 -1.87140e-03 | 81  0.06181  6.41136e-06
 82 -0.16604 -4.04346e-07 | 83 -0.05055 -8.62159e-05 | 84  0.00022  1.10181e-06
 85  0.00026  1.26974e-06 | 86  0.00006  2.83982e-07 | 87 -0.03752  4.20673e-04
 88 -0.01202  4.12899e-03 | 89  0.03125  1.59237e-04 |

 - final statistics:
89 variables; iteration 139; function evaluation 160
Function value 3.3055e+03; maximum gradient component mag -3.4955e-05
Exit code = 1;  converg criter 1.0000e-04
Var    Value     Gradient |Var    Value     Gradient |Var    Value     Gradient
  1 -0.58326 -3.49547e-05 |  2 -0.68751 -2.10411e-05 |  3 -0.60451 -1.12534e-05
  4 -0.65850 -5.92841e-06 |  5 -0.16147  2.21879e-05 |  6 -0.04862 -3.13327e-07
  7 -0.05151 -2.89679e-07 |  8 -0.05209 -2.40566e-07 |  9 -0.04928 -5.73812e-08
 10 -0.04251 -4.84703e-08 | 11 -0.03199  1.46899e-07 | 12 -0.02017  9.52471e-08
 13 -0.01444 -1.54052e-07 | 14 -0.02105 -5.22835e-07 | 15 -0.02867 -2.32913e-07
 16 -0.02557  7.35818e-08 | 17  0.00004  2.24091e-07 | 18  0.03187  4.87346e-07
 19 -0.00435 -4.08682e-07 | 20 -0.00858  1.77756e-07 | 21  0.01406  3.25156e-07
 22  0.00332  4.02605e-07 | 23  0.05163 -6.64801e-08 | 24  0.06085  2.92513e-07
 25 -0.01931  4.23491e-07 | 26  0.01488  9.71603e-08 | 27  0.00092 -9.01671e-08
 28  0.05724  8.48671e-07 | 29  0.01921  5.44660e-07 | 30 -0.00416  9.75637e-07
 31  0.00502  7.89706e-07 | 32 -0.02406 -2.19269e-08 | 33  0.04369  5.11144e-07
 34 -0.00228  5.37930e-07 | 35  0.02738  2.63784e-07 | 36 -0.01433  2.42886e-07
 37  0.02220  5.84828e-07 | 38 -0.02219 -1.14365e-07 | 39  0.04225 -1.29165e-07
 40  0.02001  8.37198e-08 | 41 -0.00789  4.21194e-07 | 42 -0.02207  2.30535e-07
 43 -0.00675 -2.56412e-07 | 44  0.03560 -5.40118e-07 | 45  0.02814 -6.71158e-07
 46 -0.02956 -2.71699e-07 | 47  0.01031 -2.95259e-07 | 48  0.01227 -6.97124e-08
 49  0.03270 -6.90284e-07 | 50  0.05833 -3.46618e-07 | 51 -0.04224 -1.64218e-07
 52 -0.06347 -1.94239e-07 | 53  0.02082 -4.38166e-08 | 54  0.01111 -1.13388e-07
 55  0.00158 -5.21090e-07 | 56  0.05846 -3.64342e-07 | 57  0.05519 -1.49568e-07
 58  0.07562 -7.08477e-07 | 59  0.05055 -5.08970e-07 | 60  0.00567 -3.31318e-07
 61  0.07904 -3.70069e-07 | 62  0.01878 -5.19136e-07 | 63 -0.07062  3.03186e-08
 64 -0.08556 -1.94160e-07 | 65 -0.10535 -2.86824e-07 | 66 -0.03651 -3.89452e-07
 67 -0.01386 -2.43169e-07 | 68 -0.79501 -1.88341e-06 | 69 -0.15815 -2.09005e-08
 70 -0.62357 -3.05285e-07 | 71 -0.78507  4.43812e-07 | 72  0.29747 -3.09529e-07
 73  0.03554 -9.57156e-11 | 74 -0.04163  3.66295e-08 | 75  0.26177  3.42633e-07
 76 -0.03533  2.75425e-07 | 77  0.02537 -1.21055e-06 | 78  0.11476 -2.11152e-06
 79  0.10597 -1.31867e-07 | 80 -0.02495  4.27242e-06 | 81  0.06181  1.62414e-07
 82 -0.16604  1.69284e-09 | 83 -0.05055  3.49768e-08 | 84  0.00070  3.44096e-06
 85 -0.00123 -6.07920e-06 | 86 -0.00035 -1.71900e-06 | 87 -0.03752 -3.98095e-07
 88 -0.01202 -7.12280e-06 | 89  0.00010  4.68458e-07 |
size of file gradfil1.tmp = 0
size of file gradfil2.tmp = 0
size of file varssave.tmp = 0
size of file cmpdiff.tmp = 0
