
Initial statistics: 4 variables; iteration 0; function evaluation 0; phase 1
Function value 1.7937837e+06; maximum gradient component mag -2.4834e+07
Var    Value     Gradient |Var    Value     Gradient |Var    Value     Gradient
  1 -0.19398 -2.48340e+07 |  2  0.17184  8.69251e-04 |  3  0.59033  4.18877e-03
  4  0.50650  3.20640e-03 |

 - final statistics:
4 variables; iteration 12; function evaluation 27
Function value 5.0733e+03; maximum gradient component mag -8.7081e+00
Exit code = 1;  converg criter 1.0000e+01
Var    Value     Gradient |Var    Value     Gradient |Var    Value     Gradient
  1 -0.09925 -8.70813e+00 |  2 -4.12055 -6.02141e-04 |  3 -17.87208  6.39921e-04
  4 -14.12525 -6.26181e-04 |

Initial statistics: 66 variables; iteration 0; function evaluation 0; phase 2
Function value 5.0733122e+03; maximum gradient component mag -1.2774e+03
Var    Value     Gradient |Var    Value     Gradient |Var    Value     Gradient
  1 -0.09925 -8.70813e+00 |  2  0.00000  1.76539e+02 |  3  0.00000  1.93509e+02
  4  0.00000  2.11727e+02 |  5  0.00000  2.30927e+02 |  6  0.00000  2.51208e+02
  7  0.00000  2.73035e+02 |  8  0.00000  2.97149e+02 |  9  0.00000  3.24740e+02
 10  0.00000  3.56308e+02 | 11  0.00000  3.89463e+02 | 12  0.00000  4.20116e+02
 13  0.00000  4.46464e+02 | 14  0.00000  4.75397e+02 | 15  0.00000  5.20683e+02
 16  0.00000  5.57824e+02 | 17  0.00000  5.71697e+02 | 18  0.00000  5.66545e+02
 19  0.00000  5.43894e+02 | 20  0.00000  5.72853e+02 | 21  0.00000  6.96611e+02
 22  0.00000  7.53648e+02 | 23  0.00000  7.21360e+02 | 24  0.00000  6.25261e+02
 25  0.00000  6.87651e+02 | 26  0.00000  8.30237e+02 | 27  0.00000  8.50417e+02
 28  0.00000  7.61759e+02 | 29  0.00000  4.53967e+02 | 30  0.00000  3.36966e+02
 31  0.00000  1.84179e+02 | 32  0.00000  2.12037e+02 | 33  0.00000  8.68715e+01
 34  0.00000  7.82138e+01 | 35  0.00000 -2.53797e+02 | 36  0.00000 -3.84211e+02
 37  0.00000 -3.53982e+02 | 38  0.00000 -3.94779e+02 | 39  0.00000 -5.74299e+02
 40  0.00000 -8.20268e+02 | 41  0.00000 -7.76355e+02 | 42  0.00000 -5.55914e+02
 43  0.00000 -6.98382e+02 | 44  0.00000 -9.30709e+02 | 45  0.00000 -1.19214e+03
 46  0.00000 -1.27738e+03 | 47  0.00000 -8.77807e+02 | 48  0.00000 -6.82191e+02
 49  0.00000 -8.69446e+02 | 50  0.00000 -9.22853e+02 | 51  0.00000 -8.69370e+02
 52  0.00000 -8.94752e+02 | 53  0.00000 -7.19972e+02 | 54  0.00000 -4.28547e+02
 55  0.00000 -2.20359e+02 | 56  0.00000 -5.18308e+01 | 57  0.00000 -1.67488e-01
 58  0.00000  2.76503e+01 | 59  0.00000  3.10247e+01 | 60  0.00000  3.15734e+01
 61  0.01355  6.68584e-05 | 62 -0.12055 -6.02141e-04 | 63 -0.03301 -1.63042e-04
 64 -0.21635 -1.11073e-03 | 65 -0.12792 -6.39921e-04 | 66  0.12525  6.26181e-04

Intermediate statistics: 66 variables; iteration 20; function evaluation 33; phase 2
Function value 4.5886351e+03; maximum gradient component mag -3.5265e+02
Var    Value     Gradient |Var    Value     Gradient |Var    Value     Gradient
  1 -0.10348 -3.52650e+02 |  2 -0.15940 -1.19782e+01 |  3 -0.16817 -1.45296e+01
  4 -0.17035 -1.65276e+01 |  5 -0.16240 -1.77297e+01 |  6 -0.14185 -1.82302e+01
  7 -0.10871 -1.86666e+01 |  8 -0.06935 -1.98626e+01 |  9 -0.04523 -1.96587e+01
 10 -0.06448 -1.37944e+01 | 11 -0.09679 -6.66693e+00 | 12 -0.08581  9.93980e+00
 13  0.01438  7.81245e+01 | 14  0.17052  2.98728e+02 | 15 -0.00104  7.39021e+01
 16 -0.08768  1.17274e+01 | 17  0.01325  7.49582e+00 | 18 -0.03537  4.66328e+00
 19  0.09135  7.76463e+01 | 20  0.12635  1.12278e+02 | 21 -0.26616 -2.76576e+01
 22  0.07824  6.09358e+01 | 23  0.00431  2.65882e+01 | 24  0.07114  4.64402e+01
 25  0.06375  8.14507e+01 | 26  0.00076  1.47113e+01 | 27  0.02114 -1.62861e+01
 28 -0.01642 -1.93030e+01 | 29  0.06311  2.69350e+00 | 30  0.04669  9.59430e+01
 31  0.08847  1.73711e+02 | 32  0.04334  9.82745e+01 | 33  0.07454  7.05961e+01
 34  0.02890  5.83045e+01 | 35  0.10072  1.04919e+02 | 36  0.10048  7.27849e+01
 37  0.07747  3.69395e+01 | 38  0.05703 -8.13684e+00 | 39  0.08377 -2.75722e+01
 40  0.08902 -6.69478e+01 | 41  0.15041 -7.13626e+01 | 42 -0.44055 -5.74104e+01
 43  0.12602  4.92515e+01 | 44  0.10068 -5.07335e+01 | 45  0.06170 -2.35070e+02
 46  0.14331 -2.75927e+02 | 47  0.09008 -1.58680e+02 | 48 -0.67328 -4.24551e+01
 49  0.15604  3.51662e+01 | 50  0.08125 -2.80379e+01 | 51  0.09349  4.04441e+00
 52  0.17557  4.13984e+01 | 53  0.12840 -1.25164e+01 | 54  0.10002  1.66007e+01
 55  0.09827  3.62259e+01 | 56 -0.16618 -1.93123e+01 | 57 -0.07742 -4.45821e+00
 58 -0.06017  3.60727e+00 | 59 -0.02860  8.16990e+00 | 60 -0.02233  9.20956e+00
 61  0.01355  6.68536e-05 | 62 -0.12055 -6.02097e-04 | 63 -0.03301 -1.63031e-04
 64 -0.21633 -1.11065e-03 | 65 -0.12791 -6.39874e-04 | 66  0.12524  6.26135e-04
66 variables; iteration 40; function evaluation 57; phase 2
Function value 4.5275802e+03; maximum gradient component mag -3.3383e+02
Var    Value     Gradient |Var    Value     Gradient |Var    Value     Gradient
  1 -0.09312 -3.33831e+02 |  2 -0.11370 -8.96462e+00 |  3 -0.11569 -8.71725e+00
  4 -0.11080 -6.94768e+00 |  5 -0.09593 -2.68214e+00 |  6 -0.06804  5.63334e+00
  7 -0.03025  1.87085e+01 |  8 -0.03451  1.84803e+01 |  9 -0.02959  2.19628e+01
 10  0.01492  4.25027e+01 | 11 -0.09528  3.00177e-01 | 12 -0.07282  5.10924e+00
 13 -0.04453  1.21605e+01 | 14  0.05986  4.75050e+01 | 15 -0.03733  1.02759e+01
 16 -0.10613 -1.05298e+01 | 17  0.03507  2.04410e+01 | 18 -0.05462  2.71531e+00
 19  0.05821  4.60818e+01 | 20  0.07832  3.22808e+01 | 21 -0.17388 -2.78742e+01
 22  0.04637  6.33330e+01 | 23  0.00961  4.49392e+01 | 24  0.03283 -6.65119e+00
 25  0.03046  2.73336e+01 | 26 -0.00238  3.62955e+01 | 27 -0.00833  1.30111e+01
 28 -0.01577  4.90743e+01 | 29  0.04755  6.91207e+01 | 30  0.02003  7.31861e+01
 31  0.06295  1.10173e+02 | 32  0.01433  4.56263e+01 | 33  0.05551  6.09471e+01
 34  0.00768  4.29944e+01 | 35  0.07256  6.87368e+01 | 36  0.08719  7.28825e+01
 37  0.03620 -1.30957e+01 | 38  0.04799 -1.48428e+01 | 39  0.05259 -6.20248e+01
 40  0.06718 -1.23211e+02 | 41  0.11392 -1.45161e+02 | 42 -0.24777 -9.36274e+01
 43  0.10099  4.99583e-01 | 44  0.04208 -3.51834e+01 | 45  0.11540  1.31117e+01
 46  0.12847 -1.46764e+01 | 47  0.08362 -7.35843e+01 | 48 -0.57986 -5.67787e+01
 49  0.12622 -6.80592e+01 | 50  0.04761 -1.18498e+02 | 51  0.05737 -1.05933e+02
 52  0.12979 -1.56528e+02 | 53  0.08233 -1.39743e+02 | 54  0.07182 -5.59300e+01
 55  0.05822 -1.32824e+01 | 56 -0.07802 -1.29226e+01 | 57 -0.01273 -8.28875e-02
 58 -0.04169 -4.52051e+00 | 59 -0.01471 -1.60266e+00 | 60 -0.01058 -1.26130e+00
 61  0.01349  6.65653e-05 | 62 -0.12002 -5.99405e-04 | 63 -0.03286 -1.62326e-04
 64 -0.21536 -1.10526e-03 | 65 -0.12735 -6.37001e-04 | 66  0.12469  6.23329e-04
66 variables; iteration 60; function evaluation 81; phase 2
Function value 4.5023795e+03; maximum gradient component mag -1.9437e+02
Var    Value     Gradient |Var    Value     Gradient |Var    Value     Gradient
  1 -0.08310 -1.71831e+02 |  2 -0.05972  2.25174e+01 |  3 -0.06897  2.14269e+01
  4 -0.06620  2.41148e+01 |  5 -0.06501  2.56381e+01 |  6 -0.07603  2.19432e+01
  7 -0.05147  3.14261e+01 |  8 -0.03588  3.78389e+01 |  9 -0.02828  4.11776e+01
 10 -0.05702  2.90376e+01 | 11 -0.06169  2.58996e+01 | 12 -0.05856  2.27928e+01
 13 -0.06144  1.47812e+01 | 14  0.02260  2.87379e+01 | 15 -0.07486  4.43555e+00
 16 -0.06089  7.86378e+00 | 17  0.00942  2.09004e+01 | 18 -0.04078  1.15468e+01
 19  0.02242  3.86807e+01 | 20  0.06112  9.95454e+01 | 21 -0.03595  7.24365e+01
 22  0.01721  1.25061e+02 | 23  0.00112  9.94917e+01 | 24  0.04039  9.56867e+01
 25  0.01962  9.29153e+01 | 26 -0.00780  9.37129e+01 | 27 -0.00632  9.36080e+01
 28 -0.01768  1.09929e+02 | 29  0.04048  1.13475e+02 | 30  0.01417  8.15844e+01
 31  0.04544  6.56132e+01 | 32  0.01277  5.04908e+01 | 33  0.04048  2.00586e+01
 34 -0.00292  2.01477e+01 | 35  0.06307  2.23131e+01 | 36  0.06814 -3.07611e+00
 37  0.03349 -3.53522e+01 | 38  0.03119 -4.04167e+01 | 39  0.05174 -7.49251e+01
 40  0.05248 -1.53435e+02 | 41  0.09870 -6.20909e+01 | 42 -0.07291 -8.47447e+01
 43  0.07386 -7.28769e+00 | 44  0.05480 -5.47671e+01 | 45  0.07905 -8.80549e+01
 46  0.13361  6.09017e+00 | 47  0.08364 -2.93704e+01 | 48 -0.51590 -5.41068e+01
 49  0.11033 -1.00859e+02 | 50  0.05674 -1.34494e+02 | 51  0.02630 -1.39019e+02
 52  0.10460 -1.94366e+02 | 53  0.10914 -1.20342e+02 | 54  0.05094 -5.66666e+01
 55  0.02773 -2.85759e+01 | 56 -0.05391  3.59328e+00 | 57  0.01511  1.85701e+01
 58 -0.08489 -2.76085e+00 | 59 -0.00439  9.98165e+00 | 60 -0.04351  2.82127e+00
 61  0.01338  6.60174e-05 | 62 -0.11902 -5.94296e-04 | 63 -0.03259 -1.60987e-04
 64 -0.21352 -1.09506e-03 | 65 -0.12629 -6.31547e-04 | 66  0.12365  6.18001e-04
Maximum number of function evaluations exceeded

 - final statistics:
66 variables; iteration 75; function evaluation 100
Function value 4.4576e+03; maximum gradient component mag 1.2793e+02
Exit code = 3;  converg criter 1.0000e+01
Var    Value     Gradient |Var    Value     Gradient |Var    Value     Gradient
  1 -0.03367 -3.03990e+01 |  2 -0.09443  9.76674e+00 |  3  0.01354  4.92465e+01
  4 -0.22168 -1.85989e+01 |  5 -0.11985  2.86994e+00 |  6 -0.05827  1.78107e+01
  7 -0.09511  4.86348e+00 |  8 -0.06038  1.02478e+01 |  9 -0.10033 -5.00045e-01
 10 -0.06936  6.12915e+00 | 11 -0.07896  4.11089e+00 | 12 -0.04261  6.70920e+00
 13 -0.03391 -7.46036e+00 | 14 -0.11731 -2.22649e+01 | 15 -0.02119 -9.22753e+00
 16 -0.02739 -3.53043e+00 | 17 -0.02282 -1.56744e+01 | 18 -0.06681 -2.25450e+01
 19  0.03880 -3.62035e+01 | 20 -0.00013 -8.91951e-01 | 21  0.02901  8.75066e+01
 22 -0.02911  3.54346e+01 | 23  0.00105  3.00082e+01 | 24  0.03238  7.18923e+00
 25  0.01305  2.09661e+01 | 26 -0.01750  3.26071e+01 | 27 -0.01043  3.12613e+01
 28 -0.03552  2.52917e+01 | 29  0.03038  7.23337e+00 | 30  0.00624  1.82277e+01
 31  0.03695 -1.80287e+00 | 32  0.00451  1.08877e+01 | 33  0.03758 -2.62742e-01
 34 -0.00789 -1.99648e-02 | 35  0.05495 -2.94211e+01 | 36  0.05830 -3.66019e+01
 37  0.03879 -1.67979e+01 | 38  0.02792 -1.97005e+01 | 39  0.04383 -2.07545e+01
 40  0.07926 -3.67306e+01 | 41  0.07129  8.94816e+00 | 42  0.01812  3.66222e+01
 43  0.03963 -1.60217e+01 | 44  0.05788 -2.74716e+01 | 45  0.08725 -3.13965e+01
 46  0.11638 -2.51373e+01 | 47  0.04859  6.69012e+01 | 48 -0.01309  5.51832e+01
 49  0.10214  1.27931e+02 | 50  0.05057 -2.39962e+01 | 51  0.05816  4.12225e+00
 52  0.12653  2.80659e+01 | 53  0.11206  1.89680e+01 | 54  0.06050  7.43832e+00
 55  0.02657 -3.37645e-01 | 56 -0.06466  7.72581e+00 | 57 -0.02971  1.04064e+01
 58 -0.03993  7.72930e+00 | 59 -0.02511  7.82918e+00 | 60 -0.00388  1.09934e+01
 61  0.01219  6.01452e-05 | 62 -0.10832 -5.39764e-04 | 63 -0.02969 -1.46639e-04
 64 -0.19383 -9.87198e-04 | 65 -0.11492 -5.73364e-04 | 66  0.11252  5.61150e-04

Initial statistics: 74 variables; iteration 0; function evaluation 0; phase 3
Function value 4.4575610e+03; maximum gradient component mag 5.6504e+04
Var    Value     Gradient |Var    Value     Gradient |Var    Value     Gradient
  1 -0.58910  5.65040e+04 |  2 -0.64634  3.63214e+04 |  3 -0.60608  2.07896e+04
  4 -0.62943  1.39835e+04 |  5 -0.03367 -3.03990e+01 |  6 -0.09476  3.16099e+00
  7  0.01322  4.25696e+01 |  8 -0.22202 -2.48721e+01 |  9 -0.12017 -3.69055e+00
 10 -0.05859  1.11593e+01 | 11 -0.09543 -1.74084e+00 | 12 -0.06070  3.59874e+00
 13 -0.10065 -7.09556e+00 | 14 -0.06968 -5.10083e-01 | 15 -0.07928 -2.51650e+00
 16 -0.04293  4.53012e-02 | 17 -0.03423 -1.41294e+01 | 18 -0.11763 -2.88280e+01
 19 -0.02151 -1.59024e+01 | 20 -0.02771 -1.02029e+01 | 21 -0.02314 -2.23485e+01
 22 -0.06713 -2.91855e+01 | 23  0.03848 -4.28713e+01 | 24 -0.00045 -7.57080e+00
 25  0.02869  8.08365e+01 | 26 -0.02943  2.87621e+01 | 27  0.00073  2.33294e+01
 28  0.03206  5.19022e-01 | 29  0.01273  1.42888e+01 | 30 -0.01782  2.59304e+01
 31 -0.01075  2.45831e+01 | 32 -0.03584  1.86228e+01 | 33  0.03006  5.62135e-01
 34  0.00592  1.15492e+01 | 35  0.03663 -8.47072e+00 | 36  0.00419  4.20905e+00
 37  0.03726 -6.93017e+00 | 38 -0.00821 -6.69826e+00 | 39  0.05463 -3.60766e+01
 40  0.05798 -4.32547e+01 | 41  0.03847 -2.34651e+01 | 42  0.02760 -2.63735e+01
 43  0.04351 -2.74185e+01 | 44  0.07894 -4.33604e+01 | 45  0.07096  2.31127e+00
 46  0.01780  2.99464e+01 | 47  0.03931 -2.26883e+01 | 48  0.05756 -3.41244e+01
 49  0.08692 -3.80154e+01 | 50  0.11606 -3.17078e+01 | 51  0.04827  6.02441e+01
 52 -0.01341  4.85053e+01 | 53  0.10182  1.21348e+02 | 54  0.05025 -3.06552e+01
 55  0.05784 -2.52887e+00 | 56  0.12621  2.15208e+01 | 57  0.11173  1.23935e+01
 58  0.06018  7.89650e-01 | 59  0.02625 -7.01083e+00 | 60 -0.06498  1.08132e+00
 61 -0.03003  3.73470e+00 | 62 -0.04025  1.06355e+00 | 63 -0.02543  1.15550e+00
 64 -0.00420  4.31466e+00 | 65 -1.00000 -8.66316e-08 | 66 -1.00000 -8.66316e-08
 67 -1.00000 -8.66330e-08 | 68 -1.00000 -8.66317e-08 | 69  0.01219  6.01452e-05
 70 -0.10832 -5.39764e-04 | 71 -0.02969 -1.46639e-04 | 72 -0.19383 -9.87198e-04
 73 -0.11492 -5.73364e-04 | 74  0.11252  5.61150e-04 |

Intermediate statistics: 74 variables; iteration 20; function evaluation 34; phase 3
Function value 3.6463703e+03; maximum gradient component mag 1.6861e+04
Var    Value     Gradient |Var    Value     Gradient |Var    Value     Gradient
  1 -0.57951  1.40116e+04 |  2 -0.68333  7.96349e+03 |  3 -0.59653  1.68605e+04
  4 -0.66182  5.24113e+03 |  5 -0.11194  7.33761e+02 |  6 -0.07342 -9.93643e+00
  7 -0.17052 -3.09487e+01 |  8 -0.02378  6.66490e+00 |  9 -0.05938 -4.32869e+00
 10 -0.07962 -1.06023e+01 | 11 -0.04788 -3.17263e+00 | 12 -0.04564 -3.81681e+00
 13 -0.02995  2.86493e-01 | 14 -0.04698 -3.26411e+00 | 15 -0.05546 -4.72212e+00
 16 -0.06322 -8.00555e+00 | 17 -0.02617 -3.11165e+00 | 18  0.01425 -1.00097e+00
 19 -0.04384 -1.22244e+01 | 20 -0.06074 -1.55474e+01 | 21 -0.00655 -2.38602e+00
 22  0.00940  1.00632e+01 | 23  0.01397 -5.41884e+00 | 24  0.07730 -7.85113e+01
 25 -0.32963 -6.29031e+01 | 26  0.02456 -9.13302e+01 | 27 -0.01056 -1.50324e+01
 28  0.05976  1.20845e+01 | 29  0.00558 -1.65704e+01 | 30 -0.00352  1.84202e+01
 31  0.01482  8.36427e+01 | 32 -0.00740  9.90829e+01 | 33  0.06474  1.78423e+02
 34  0.02445  9.93056e+01 | 35  0.05078  6.16203e+01 | 36  0.01391  3.41122e+01
 37  0.04764  4.39486e+01 | 38  0.01472  3.08203e+01 | 39  0.06258 -3.30131e+01
 40  0.06570  1.65695e+01 | 41  0.04365  3.49080e+01 | 42  0.02641  3.68094e+00
 43  0.02728 -2.73396e+01 | 44  0.08397 -1.60347e+00 | 45  0.06559 -1.45008e+01
 46  0.00460 -1.64273e+00 | 47  0.06717  7.07186e+01 | 48  0.06302  5.20461e+01
 49  0.08668  6.83978e+01 | 50  0.13421  7.47005e+01 | 51 -0.04120 -6.68449e+01
 52 -0.00920 -6.29391e+01 | 53  0.04531 -9.68887e+01 | 54  0.07528 -5.86951e+01
 55 -0.00991 -1.02027e+02 | 56  0.07143 -1.83510e+02 | 57  0.03688 -1.40770e+02
 58  0.01390 -5.87674e+01 | 59  0.01348 -8.34100e+00 | 60 -0.08039 -9.24142e+00
 61 -0.03763 -8.88436e+00 | 62 -0.03807 -1.08813e+01 | 63 -0.02844 -1.24243e+01
 64 -0.02326 -1.33555e+01 | 65 -0.91878 -4.89806e-06 | 66 -0.91878 -4.89806e-06
 67 -0.84104 -1.38521e+02 | 68 -0.94041 -8.44491e+01 | 69  0.01219  6.01414e-05
 70 -0.10831 -5.39728e-04 | 71 -0.02969 -1.46629e-04 | 72 -0.19381 -9.87129e-04
 73 -0.11491 -5.73327e-04 | 74  0.11252  5.61113e-04 |
74 variables; iteration 40; function evaluation 55; phase 3
Function value 3.6097336e+03; maximum gradient component mag 1.2432e+04
Var    Value     Gradient |Var    Value     Gradient |Var    Value     Gradient
  1 -0.57820  8.08885e+03 |  2 -0.68839  2.37770e+03 |  3 -0.59887  1.24317e+04
  4 -0.65860  5.15275e+03 |  5 -0.13446 -1.91527e+02 |  6 -0.07061 -7.17309e+00
  7 -0.15550 -2.40993e+01 |  8 -0.03426  3.27430e+00 |  9 -0.05253 -1.52832e+00
 10 -0.07441 -7.47898e+00 | 11 -0.02720  2.58476e+00 | 12 -0.03256 -5.66342e-01
 13 -0.00656  3.61620e+00 | 14 -0.04804 -6.75263e+00 | 15 -0.05614 -9.99751e+00
 16 -0.10453 -1.99334e+01 | 17 -0.02845 -8.52993e+00 | 18  0.05418 -1.92737e+00
 19 -0.04510 -1.67962e+01 | 20 -0.18698 -3.53012e+01 | 21  0.03720  3.39539e+00
 22  0.01679  1.06538e+01 | 23  0.00158 -1.51365e+01 | 24  0.08324 -9.99765e+01
 25 -0.31235 -5.77192e+01 | 26  0.02107 -9.10749e+01 | 27  0.00619 -6.56630e+00
 28  0.05088 -2.59953e+00 | 29  0.02074 -1.37151e+01 | 30 -0.00667 -2.17419e+01
 31 -0.00395 -1.09993e+01 | 32  0.00149  8.13561e+01 | 33  0.06186  1.51606e+02
 34  0.02862  1.00631e+02 | 35  0.04796  4.18002e+01 | 36  0.00849  1.54933e+01
 37  0.05022  5.69785e+01 | 38  0.01426  4.38204e+01 | 39  0.06494 -6.04294e+00
 40  0.06597  2.00715e+01 | 41  0.02700  6.36849e+00 | 42  0.02854  2.96075e+01
 43  0.03231  9.92277e+00 | 44  0.07404 -2.38629e+01 | 45  0.05592 -5.72903e+01
 46  0.00108 -2.37548e+01 | 47  0.05031  3.18318e+01 | 48  0.07020  8.95197e+01
 49  0.07960  7.35976e+01 | 50  0.12182  3.10807e+01 | 51 -0.04508 -7.05257e+01
 52 -0.01898 -6.58648e+01 | 53  0.04216 -1.01260e+02 | 54  0.05686 -6.08461e+01
 55  0.01067 -7.42926e+01 | 56  0.06604 -1.19997e+02 | 57  0.06024 -9.05178e+01
 58 -0.00639 -5.28520e+01 | 59  0.00142 -1.17100e+01 | 60 -0.03391  1.99008e+01
 61 -0.02000  5.52374e+00 | 62 -0.04148 -4.23601e+00 | 63 -0.02920 -5.84612e+00
 64 -0.00785 -4.26723e+00 | 65 -0.04225 -4.17643e-08 | 66 -0.04225 -4.17643e-08
 67 -0.85081 -2.65239e+02 | 68 -0.94272 -6.69167e+01 | 69  0.01217  6.00401e-05
 70 -0.10813 -5.38793e-04 | 71 -0.02964 -1.46382e-04 | 72 -0.19348 -9.85304e-04
 73 -0.11472 -5.72330e-04 | 74  0.11232  5.60138e-04 |
74 variables; iteration 60; function evaluation 79; phase 3
Function value 3.5718906e+03; maximum gradient component mag -1.5115e+03
Var    Value     Gradient |Var    Value     Gradient |Var    Value     Gradient
  1 -0.58066  2.61935e+02 |  2 -0.68597  1.45321e+02 |  3 -0.60051 -1.51153e+03
  4 -0.66000 -3.74399e+02 |  5 -0.13465 -5.43716e+01 |  6 -0.09229 -1.36604e+01
  7 -0.13308 -2.15414e+01 |  8 -0.07378 -9.50124e+00 |  9 -0.09390 -1.43580e+01
 10 -0.07471 -1.14568e+01 | 11 -0.03363 -4.59349e+00 | 12 -0.02350 -4.49887e+00
 13 -0.03601 -7.76582e+00 | 14 -0.06677 -1.22813e+01 | 15 -0.07825 -1.21030e+01
 16 -0.04097 -8.79900e-01 | 17 -0.01860  4.53373e+00 | 18  0.05303  1.36138e+01
 19 -0.08890 -1.96364e+01 | 20 -0.08740 -2.24651e+01 | 21  0.01762 -9.39061e+00
 22  0.01799 -7.73957e+00 | 23 -0.02612 -2.63617e+01 | 24  0.08996 -7.38198e+01
 25 -0.22878 -5.31979e+01 | 26  0.02160 -9.66853e+01 | 27 -0.02023 -4.29216e+01
 28  0.06023 -2.87970e+01 | 29  0.00828 -2.65621e+01 | 30 -0.00224  6.79995e-01
 31  0.01003  3.31571e+01 | 32 -0.01385  4.57368e+01 | 33  0.06071  9.16261e+01
 34  0.01477  3.89847e+01 | 35  0.04707  2.03260e+01 | 36  0.00869  1.41877e+01
 37  0.04294  2.84190e+01 | 38  0.01110  4.98867e+01 | 39  0.07407  6.16353e+01
 40  0.05923  3.80525e+01 | 41  0.03031  9.41020e+00 | 42  0.01566 -2.03222e+01
 43  0.02035 -4.90053e+01 | 44  0.07196 -5.07241e+01 | 45  0.05737 -4.63433e+01
 46 -0.00276 -1.42902e+01 | 47  0.05939  5.23676e+01 | 48  0.05777  4.68964e+01
 49  0.08159  4.79738e+01 | 50  0.11674  3.25507e+01 | 51 -0.01632 -4.19823e+01
 52 -0.02922 -4.25510e+01 | 53  0.06389 -2.92476e+01 | 54  0.05840 -1.24731e+01
 55  0.02324 -3.32385e+01 | 56  0.08487 -5.81726e+01 | 57  0.06286 -4.99764e+01
 58  0.03302 -1.12434e+01 | 59  0.01123 -1.95132e+00 | 60 -0.08664 -7.21945e+00
 61 -0.05218 -7.93940e+00 | 62 -0.03035 -3.30199e+00 | 63 -0.03686 -8.18339e+00
 64  0.01756 -7.22638e-01 | 65 -0.42571 -4.96461e-07 | 66 -0.42571 -4.96461e-07
 67 -0.83714 -1.08227e+02 | 68 -0.93597 -6.45542e+01 | 69  0.01206  5.95156e-05
 70 -0.10717 -5.33951e-04 | 71 -0.02938 -1.45101e-04 | 72 -0.19173 -9.75863e-04
 73 -0.11371 -5.67167e-04 | 74  0.11133  5.55093e-04 |
Maximum number of function evaluations exceeded

 - final statistics:
74 variables; iteration 73; function evaluation 100
Function value 3.5575e+03; maximum gradient component mag -9.5282e+02
Exit code = 3;  converg criter 1.0000e+00
Var    Value     Gradient |Var    Value     Gradient |Var    Value     Gradient
  1 -0.58085 -9.52824e+02 |  2 -0.68584 -4.06464e+02 |  3 -0.60018 -7.77607e+02
  4 -0.66048 -3.03828e+02 |  5 -0.12957  4.58867e+01 |  6 -0.08203 -3.46056e+00
  7 -0.06636  8.36369e-01 |  8 -0.06355  1.39204e+00 |  9 -0.07502 -2.46424e+00
 10 -0.06417 -2.03354e+00 | 11 -0.07434 -6.77384e+00 | 12 -0.07032 -8.37130e+00
 13 -0.03114 -2.88111e+00 | 14 -0.06099 -7.75649e+00 | 15 -0.04399 -5.05925e+00
 16 -0.08537 -1.41314e+01 | 17 -0.05594 -1.36418e+01 | 18  0.01353 -8.03849e+00
 19 -0.03646 -6.20639e+00 | 20 -0.03956 -5.62086e+00 | 21 -0.02415 -7.21373e+00
 22  0.02417 -6.46102e+00 | 23 -0.03809 -2.32672e+01 | 24  0.07655 -2.90598e+01
 25 -0.12391 -2.86107e+01 | 26  0.02077 -2.23391e+01 | 27 -0.02453 -1.88641e+01
 28  0.04955 -1.62880e+01 | 29  0.01261 -6.41600e+00 | 30 -0.01332 -1.88914e+00
 31  0.00302  7.59561e+00 | 32 -0.02532  5.97531e+00 | 33  0.04896  1.19277e+01
 34  0.00852  8.73375e+00 | 35  0.04513  1.37498e+01 | 36  0.00503  1.08188e+01
 37  0.04013  1.15629e+01 | 38  0.00034  1.46859e+01 | 39  0.06839  2.02148e+01
 40  0.05269  1.55937e+01 | 41  0.02975  9.11624e+00 | 42  0.00698 -1.30331e+01
 43  0.02829 -3.66134e+00 | 44  0.07113  7.58453e+00 | 45  0.05996  9.14034e+00
 46  0.00403  1.19284e+01 | 47  0.04997  2.01511e+01 | 48  0.05238  1.00774e+01
 49  0.07866  1.46546e+01 | 50  0.10883  1.90725e+01 | 51  0.00604  3.24301e+00
 52 -0.02188 -6.13016e+00 | 53  0.06428 -6.77394e+00 | 54  0.06050  7.40145e+00
 55  0.03025 -7.71273e-01 | 56  0.09977  1.61719e+01 | 57  0.08198  7.87405e+00
 58  0.03503  4.00385e+00 | 59  0.01614  5.56598e+00 | 60 -0.08060 -6.47488e-02
 61 -0.04080  2.77440e-01 | 62 -0.07045 -6.30967e+00 | 63 -0.03051 -1.34223e+00
 64 -0.01158  1.01770e-01 | 65 -0.46011 -5.54135e-07 | 66 -0.46011 -5.54135e-07
 67 -0.82136 -5.74830e+00 | 68 -0.83138 -5.20516e+00 | 69  0.01175  5.79998e-05
 70 -0.10442 -5.19976e-04 | 71 -0.02863 -1.41399e-04 | 72 -0.18670 -9.48698e-04
 73 -0.11078 -5.52271e-04 | 74  0.10847  5.40532e-04 |

Initial statistics: 74 variables; iteration 0; function evaluation 0; phase 4
Function value 3.5574786e+03; maximum gradient component mag -9.5282e+02
Var    Value     Gradient |Var    Value     Gradient |Var    Value     Gradient
  1 -0.58085 -9.52824e+02 |  2 -0.68584 -4.06464e+02 |  3 -0.60018 -7.77607e+02
  4 -0.66048 -3.03828e+02 |  5 -0.12957  4.58867e+01 |  6 -0.08202 -3.19688e+00
  7 -0.06635  1.10083e+00 |  8 -0.06354  1.65662e+00 |  9 -0.07501 -2.20019e+00
 10 -0.06416 -1.76900e+00 | 11 -0.07433 -6.50977e+00 | 12 -0.07030 -8.10704e+00
 13 -0.03113 -2.61553e+00 | 14 -0.06097 -7.49182e+00 | 15 -0.04397 -4.79399e+00
 16 -0.08535 -1.38680e+01 | 17 -0.05592 -1.33770e+01 | 18  0.01354 -7.77264e+00
 19 -0.03645 -5.94094e+00 | 20 -0.03954 -5.35548e+00 | 21 -0.02414 -6.94803e+00
 22  0.02418 -6.19531e+00 | 23 -0.03808 -2.30018e+01 | 24  0.07656 -2.87958e+01
 25 -0.12389 -2.83500e+01 | 26  0.02078 -2.20733e+01 | 27 -0.02452 -1.85984e+01
 28  0.04956 -1.60228e+01 | 29  0.01262 -6.15015e+00 | 30 -0.01331 -1.62330e+00
 31  0.00304  7.86151e+00 | 32 -0.02531  6.24100e+00 | 33  0.04898  1.21928e+01
 34  0.00853  8.99963e+00 | 35  0.04514  1.40150e+01 | 36  0.00505  1.10847e+01
 37  0.04014  1.18283e+01 | 38  0.00035  1.49518e+01 | 39  0.06840  2.04791e+01
 40  0.05270  1.58587e+01 | 41  0.02976  9.38184e+00 | 42  0.00699 -1.27672e+01
 43  0.02830 -3.39570e+00 | 44  0.07114  7.84876e+00 | 45  0.05997  9.40505e+00
 46  0.00404  1.21943e+01 | 47  0.04998  2.04161e+01 | 48  0.05239  1.03424e+01
 49  0.07867  1.49184e+01 | 50  0.10884  1.93344e+01 | 51  0.00606  3.50890e+00
 52 -0.02187 -5.86443e+00 | 53  0.06429 -6.50938e+00 | 54  0.06051  7.66613e+00
 55  0.03026 -5.05673e-01 | 56  0.09978  1.64345e+01 | 57  0.08200  8.13773e+00
 58  0.03504  4.26934e+00 | 59  0.01616  5.83179e+00 | 60 -0.08059  1.99023e-01
 61 -0.04079  5.42795e-01 | 62 -0.07044 -6.04541e+00 | 63 -0.03050 -1.07664e+00
 64 -0.01156  3.67626e-01 | 65 -0.46011 -5.54135e-07 | 66 -0.46011 -5.54135e-07
 67 -0.82136 -5.74830e+00 | 68 -0.83138 -5.20516e+00 | 69  0.01175  5.79998e-05
 70 -0.10442 -5.19976e-04 | 71 -0.02863 -1.41399e-04 | 72 -0.18670 -9.48698e-04
 73 -0.11078 -5.52271e-04 | 74  0.10847  5.40532e-04 |

Intermediate statistics: 74 variables; iteration 20; function evaluation 25; phase 4
Function value 3.5543229e+03; maximum gradient component mag -7.3106e+02
Var    Value     Gradient |Var    Value     Gradient |Var    Value     Gradient
  1 -0.58074 -7.31061e+02 |  2 -0.68592 -4.06665e+02 |  3 -0.60025 -4.31607e+02
  4 -0.66004 -6.14703e+01 |  5 -0.13161  1.87530e+02 |  6 -0.06783  1.13202e+01
  7 -0.07390  1.06003e+01 |  8 -0.07455  1.07432e+01 |  9 -0.06877  1.18443e+01
 10 -0.06299  1.21549e+01 | 11 -0.05050  1.35471e+01 | 12 -0.04057  1.41794e+01
 13 -0.04244  1.30465e+01 | 14 -0.04625  1.33026e+01 | 15 -0.05851  1.13132e+01
 16 -0.04509  1.27945e+01 | 17 -0.02374  1.03661e+01 | 18 -0.01004  5.53973e+00
 19 -0.03247  6.75962e+00 | 20 -0.03204  8.61875e+00 | 21 -0.00716  1.08555e+01
 22 -0.01260  1.37017e+01 | 23  0.03260  1.91812e+01 | 24  0.04296  2.33641e+01
 25 -0.03043  1.70200e+01 | 26 -0.00068  1.25697e+01 | 27 -0.00665  1.06158e+01
 28  0.04794  5.36789e+00 | 29  0.01348  6.42497e-01 | 30 -0.01442 -2.52415e-01
 31  0.00063  6.46988e+00 | 32 -0.02534  1.41875e+01 | 33  0.04759  2.20826e+01
 34  0.00637  1.74303e+01 | 35  0.04230  1.88582e+01 | 36  0.00133  1.38725e+01
 37  0.03587  8.57591e+00 | 38 -0.00380  8.79998e+00 | 39  0.05931 -1.23816e+01
 40  0.04839  6.80707e+00 | 41  0.02550  1.67173e+01 | 42  0.00519  4.39758e+00
 43  0.02400  1.62516e+01 | 44  0.06992  3.17639e+01 | 45  0.05289  8.22305e+00
 46 -0.00093  1.53866e+01 | 47  0.04682  2.65126e+01 | 48  0.04547  3.34958e+00
 49  0.07042 -3.46335e-01 | 50  0.10362  6.93150e+00 | 51 -0.00429 -2.26455e+00
 52 -0.03095 -4.18710e+00 | 53  0.06075  1.03258e+01 | 54  0.05341  2.13404e+01
 55  0.02499  1.19206e+01 | 56  0.09160  2.44387e+01 | 57  0.07295  9.09906e+00
 58  0.01781 -2.20429e+00 | 59 -0.00668 -5.02486e-01 | 60 -0.09415  6.20430e+00
 61 -0.05589  7.24799e+00 | 62 -0.04241  9.99101e+00 | 63 -0.02959  9.01810e+00
 64 -0.01822  8.89216e+00 | 65 -0.46011 -5.54135e-07 | 66 -0.46011 -5.54135e-07
 67 -0.80703 -1.85389e+01 | 68 -0.83822 -4.81726e+00 | 69  0.01175  5.79957e-05
 70 -0.10441 -5.19938e-04 | 71 -0.02863 -1.41389e-04 | 72 -0.18669 -9.48625e-04
 73 -0.11077 -5.52231e-04 | 74  0.10846  5.40493e-04 |
74 variables; iteration 40; function evaluation 48; phase 4
Function value 3.5533370e+03; maximum gradient component mag -1.0230e+02
Var    Value     Gradient |Var    Value     Gradient |Var    Value     Gradient
  1 -0.58069 -1.02304e+02 |  2 -0.68593 -5.73897e+01 |  3 -0.60010 -6.18577e+01
  4 -0.66035 -1.60223e+01 |  5 -0.13348  2.31302e+01 |  6 -0.06976  1.08174e+00
  7 -0.07240  1.03447e+00 |  8 -0.07288  9.21683e-01 |  9 -0.07104  5.63069e-01
 10 -0.06530  2.64933e-01 | 11 -0.05609  5.81287e-02 | 12 -0.04580 -3.83967e-02
 13 -0.04287 -4.28996e-01 | 14 -0.04823 -2.75153e-01 | 15 -0.05790 -7.56466e-01
 16 -0.04999  4.81401e-01 | 17 -0.02610  9.54763e-01 | 18  0.00718  1.70361e+00
 19 -0.03581 -7.60653e-01 | 20 -0.03000  7.34833e-01 | 21 -0.00516  7.01099e-01
 22 -0.00853  9.57033e-01 | 23  0.02912 -9.21760e-01 | 24  0.04699  1.50755e+00
 25 -0.03848  8.70765e-01 | 26  0.00684  5.09394e+00 | 27 -0.00885  1.31199e+00
 28  0.04945 -1.57274e+00 | 29  0.01366 -1.36001e+00 | 30 -0.01005  7.48676e-01
 31 -0.00081 -3.65559e+00 | 32 -0.02596 -1.17868e+00 | 33  0.04592 -1.73774e+00
 34  0.00545 -1.20536e-01 | 35  0.04052 -4.38801e-01 | 36 -0.00016  1.01993e+00
 37  0.03492 -1.48697e+00 | 38 -0.00713  8.83244e-02 | 39  0.06131 -1.59559e+00
 40  0.04667  2.21152e+00 | 41  0.02109  4.35871e+00 | 42  0.00665  1.15350e+00
 43  0.02191  3.69545e+00 | 44  0.06448  4.64768e+00 | 45  0.05328  6.41427e-01
 46 -0.00321  2.47559e+00 | 47  0.04074  3.37472e+00 | 48  0.04571  9.85596e-01
 49  0.07055  3.07134e+00 | 50  0.09951  1.23131e+00 | 51 -0.00307 -1.62801e-01
 52 -0.02775  4.27591e-01 | 53  0.05787  4.76847e+00 | 54  0.04791  6.40235e+00
 55  0.02479  1.61141e+00 | 56  0.08398  2.17758e+00 | 57  0.07016  1.39147e+00
 58  0.02194  8.15460e-01 | 59 -0.00181  5.89168e-01 | 60 -0.08755  1.70644e+00
 61 -0.05208  7.21727e-01 | 62 -0.04770  8.16539e-01 | 63 -0.02973  7.82041e-01
 64 -0.01365  1.39363e+00 | 65 -0.46011 -5.54135e-07 | 66 -0.46011 -5.54135e-07
 67 -0.79714 -4.53210e+00 | 68 -0.83497 -1.08855e+00 | 69  0.01170  5.77398e-05
 70 -0.10395 -5.17582e-04 | 71 -0.02850 -1.40764e-04 | 72 -0.18584 -9.44062e-04
 73 -0.11028 -5.49720e-04 | 74  0.10798  5.38039e-04 |
74 variables; iteration 60; function evaluation 73; phase 4
Function value 3.5532235e+03; maximum gradient component mag 2.3633e+01
Var    Value     Gradient |Var    Value     Gradient |Var    Value     Gradient
  1 -0.58068  2.36326e+01 |  2 -0.68593  1.22829e+01 |  3 -0.60008  1.13082e+01
  4 -0.66038 -2.94553e+00 |  5 -0.13497 -9.08191e+00 |  6 -0.06882 -2.76619e-01
  7 -0.07068 -1.21165e-01 |  8 -0.07043 -2.40037e-02 |  9 -0.06838 -2.81895e-01
 10 -0.06341 -6.78036e-01 | 11 -0.05417 -7.37701e-01 | 12 -0.04475 -7.94409e-01
 13 -0.03707  8.27990e-03 | 14 -0.04587 -3.99572e-01 | 15 -0.05223 -2.37892e-01
 16 -0.04894 -2.35579e-01 | 17 -0.02269  2.86837e-01 | 18  0.00428 -2.22324e-01
 19 -0.02701 -5.47632e-01 | 20 -0.02933 -1.04127e+00 | 21 -0.00455 -1.97877e+00
 22 -0.01014 -1.51266e+00 | 23  0.03453 -9.72721e-01 | 24  0.04630  9.19359e-01
 25 -0.03288  1.79296e-02 | 26  0.00489 -4.59486e-01 | 27 -0.00678 -1.25468e+00
 28  0.05045 -2.90538e-01 | 29  0.01619  4.10931e-01 | 30 -0.01151 -1.62088e+00
 31  0.00154 -1.28210e+00 | 32 -0.02577 -4.28073e-01 | 33  0.04678 -1.31057e+00
 34  0.00463 -2.59857e+00 | 35  0.04116 -6.44927e-01 | 36 -0.00146 -1.93592e+00
 37  0.03518 -4.86294e-01 | 38 -0.00846 -1.09721e+00 | 39  0.06133  3.95658e-01
 40  0.04510 -1.07074e+00 | 41  0.01952  8.40035e-01 | 42  0.00586 -5.47469e-01
 43  0.02037 -3.10815e-02 | 44  0.06226 -1.40049e+00 | 45  0.05264 -6.88756e-01
 46 -0.00563 -1.49340e+00 | 47  0.03869 -7.04399e-01 | 48  0.04475  3.04373e-02
 49  0.06828 -1.13715e-01 | 50  0.09737  1.13802e-01 | 51 -0.00352  1.81784e+00
 52 -0.02967  1.78334e-01 | 53  0.05508  1.19481e-01 | 54  0.04390  3.71693e-01
 55  0.02286 -1.29377e-01 | 56  0.08079  2.04110e-01 | 57  0.06715  5.46238e-02
 58  0.01923 -1.07228e-01 | 59 -0.00523 -1.08299e+00 | 60 -0.09324 -8.13353e-01
 61 -0.05461 -7.26868e-01 | 62 -0.04792 -1.90014e-01 | 63 -0.02855 -6.82323e-02
 64 -0.01863 -6.26066e-01 | 65 -0.46011 -5.54133e-07 | 66 -0.46011 -5.54133e-07
 67 -0.78945 -2.31074e+00 | 68 -0.83299  1.04396e+00 | 69  0.01160  5.72437e-05
 70 -0.10305 -5.13017e-04 | 71 -0.02826 -1.39552e-04 | 72 -0.18420 -9.35229e-04
 73 -0.10932 -5.44855e-04 | 74  0.10704  5.33283e-04 |

 - final statistics:
74 variables; iteration 69; function evaluation 89
Function value 3.5532e+03; maximum gradient component mag -5.2987e-01
Exit code = 1;  converg criter 1.0000e+00
Var    Value     Gradient |Var    Value     Gradient |Var    Value     Gradient
  1 -0.58068 -4.16808e-01 |  2 -0.68593 -4.10013e-01 |  3 -0.60009 -3.68739e-01
  4 -0.66036 -5.29872e-01 |  5 -0.13519  4.13132e-01 |  6 -0.06877 -6.29734e-03
  7 -0.07142 -3.43676e-02 |  8 -0.07143  1.25019e-02 |  9 -0.06868 -4.75239e-02
 10 -0.06176  3.78244e-02 | 11 -0.05290 -9.73341e-02 | 12 -0.04239  5.17269e-02
 13 -0.03865  1.15438e-04 | 14 -0.04535 -6.65641e-02 | 15 -0.05162  3.72132e-02
 16 -0.04824 -3.60509e-02 | 17 -0.02396  1.83379e-02 | 18  0.00509 -1.14840e-02
 19 -0.02692 -3.21578e-02 | 20 -0.02925 -2.28887e-02 | 21 -0.00261 -1.12180e-03
 22 -0.01019 -3.50781e-03 | 23  0.03582  3.47420e-02 | 24  0.04543  1.40651e-01
 25 -0.03187  1.48134e-02 | 26  0.00493  4.86970e-02 | 27 -0.00592  9.37124e-03
 28  0.05072  3.32313e-02 | 29  0.01583  6.11616e-03 | 30 -0.01057 -5.58694e-02
 31  0.00168 -4.24103e-02 | 32 -0.02568 -3.58073e-02 | 33  0.04671 -5.47587e-02
 34  0.00546 -6.47104e-02 | 35  0.04070 -5.68329e-02 | 36 -0.00095 -5.94060e-02
 37  0.03481 -5.69761e-02 | 38 -0.00817 -5.01968e-02 | 39  0.06079 -3.54238e-02
 40  0.04541 -3.98401e-02 | 41  0.01861  2.01192e-02 | 42  0.00611  4.77341e-03
 43  0.01975 -9.28731e-03 | 44  0.06229 -9.92347e-02 | 45  0.05213 -9.76490e-02
 46 -0.00542 -7.39308e-02 | 47  0.03832 -6.02571e-02 | 48  0.04434 -3.41957e-02
 49  0.06780 -3.10666e-02 | 50  0.09723 -9.91886e-03 | 51 -0.00510  2.98628e-02
 52 -0.02987 -4.18824e-03 | 53  0.05455  5.61702e-03 | 54  0.04312 -5.50813e-03
 55  0.02239 -2.81177e-02 | 56  0.08003 -8.40757e-03 | 57  0.06650 -1.45008e-02
 58  0.01829 -1.96547e-02 | 59 -0.00505 -3.72038e-02 | 60 -0.09267 -4.31283e-02
 61 -0.05370 -1.01855e-03 | 62 -0.04877  2.33112e-03 | 63 -0.02987  2.10573e-02
 64 -0.01703 -2.41388e-02 | 65 -0.46011 -5.54129e-07 | 66 -0.46011 -5.54129e-07
 67 -0.78729 -1.15912e-01 | 68 -0.83498  1.90738e-02 | 69  0.01140  5.62565e-05
 70 -0.10126 -5.03942e-04 | 71 -0.02777 -1.37142e-04 | 72 -0.18093 -9.17712e-04
 73 -0.10742 -5.35186e-04 | 74  0.10518  5.23831e-04 |

Initial statistics: 86 variables; iteration 0; function evaluation 0; phase 5
Function value 3.5532090e+03; maximum gradient component mag 5.0881e+03
Var    Value     Gradient |Var    Value     Gradient |Var    Value     Gradient
  1 -0.58068 -4.16808e-01 |  2 -0.68593 -4.10013e-01 |  3 -0.60009 -3.68739e-01
  4 -0.66036 -5.29872e-01 |  5 -0.13519  4.13132e-01 |  6 -0.06877  1.03262e-02
  7 -0.07142 -1.77518e-02 |  8 -0.07143  2.91177e-02 |  9 -0.06868 -3.09001e-02
 10 -0.06176  5.44668e-02 | 11 -0.05290 -8.06708e-02 | 12 -0.04239  6.84109e-02
 13 -0.03865  1.68056e-02 | 14 -0.04535 -4.98855e-02 | 15 -0.05162  5.38793e-02
 16 -0.04824 -1.93780e-02 | 17 -0.02395  3.50471e-02 | 18  0.00509  5.23641e-03
 19 -0.02692 -1.54518e-02 | 20 -0.02925 -6.18537e-03 | 21 -0.00261  1.55990e-02
 22 -0.01019  1.32110e-02 | 23  0.03582  5.14365e-02 | 24  0.04543  1.57329e-01
 25 -0.03187  3.15134e-02 | 26  0.00493  6.54175e-02 | 27 -0.00592  2.60915e-02
 28  0.05072  4.98992e-02 | 29  0.01583  2.28320e-02 | 30 -0.01057 -3.91507e-02
 31  0.00168 -2.56894e-02 | 32 -0.02568 -1.90999e-02 | 33  0.04671 -3.80827e-02
 34  0.00546 -4.79901e-02 | 35  0.04070 -4.01461e-02 | 36 -0.00094 -4.26850e-02
 37  0.03481 -4.02801e-02 | 38 -0.00817 -3.34772e-02 | 39  0.06079 -1.87790e-02
 40  0.04541 -2.31616e-02 | 41  0.01861  3.68330e-02 | 42  0.00611  2.14936e-02
 43  0.01975  7.42562e-03 | 44  0.06229 -8.25936e-02 | 45  0.05214 -8.09840e-02
 46 -0.00542 -5.72104e-02 | 47  0.03832 -4.35664e-02 | 48  0.04435 -1.75153e-02
 49  0.06780 -1.44403e-02 | 50  0.09723  6.60748e-03 | 51 -0.00510  4.65832e-02
 52 -0.02987  1.25143e-02 | 53  0.05455  2.22767e-02 | 54  0.04312  1.11745e-02
 55  0.02239 -1.14070e-02 | 56  0.08003  8.18146e-03 | 57  0.06650  2.12906e-03
 58  0.01829 -2.94063e-03 | 59 -0.00505 -2.04834e-02 | 60 -0.09267 -2.65842e-02
 61 -0.05370  1.56430e-02 | 62 -0.04877  1.90031e-02 | 63 -0.02987  3.77598e-02
 64 -0.01703 -7.42377e-03 | 65 -0.46011 -5.54129e-07 | 66 -0.46011 -5.54129e-07
 67 -0.78729 -1.15912e-01 | 68 -0.83498  1.90738e-02 | 69  0.15039 -1.68246e+03
 70  0.12819  6.47456e-04 | 71 -0.03301  1.95429e+03 | 72  0.04066 -4.20490e+02
 73  0.10660  3.05718e-05 | 74  0.00000  5.78342e+02 | 75  0.01355 -3.67506e+03
 76 -0.19843 -1.24691e+00 | 77  0.00000  5.08807e+03 | 78  0.01355 -2.05272e+02
 79 -0.12819 -1.09615e-01 | 80 -0.03301  2.49084e+02 | 81  0.01140  5.62565e-05
 82 -0.10126 -5.03942e-04 | 83 -0.02777 -1.37142e-04 | 84 -0.18093 -9.17712e-04
 85 -0.10742 -5.35186e-04 | 86  0.10518  5.23831e-04 |

Intermediate statistics: 86 variables; iteration 20; function evaluation 28; phase 5
Function value 3.1275047e+03; maximum gradient component mag -1.3788e+04
Var    Value     Gradient |Var    Value     Gradient |Var    Value     Gradient
  1 -0.58227  5.65687e+03 |  2 -0.68652  3.52809e+03 |  3 -0.60592 -1.37884e+04
  4 -0.65758 -4.18568e+03 |  5 -0.14451 -3.29930e+02 |  6 -0.08848  1.18811e+01
  7 -0.09115  1.14809e+01 |  8 -0.09145  1.09991e+01 |  9 -0.08836  1.04426e+01
 10 -0.08164  9.74712e+00 | 11 -0.07126  8.97674e+00 | 12 -0.06013  8.10021e+00
 13 -0.05403  7.52249e+00 | 14 -0.05842  7.48652e+00 | 15 -0.06425  7.24659e+00
 16 -0.06009  6.09326e+00 | 17 -0.03505  2.76262e+00 | 18 -0.00631 -2.55770e+00
 19 -0.03664 -2.79176e-01 | 20 -0.04116 -5.48221e-01 | 21 -0.02235 -2.03763e+00
 22 -0.02393  3.16620e+00 | 23  0.02521  5.06389e+00 | 24  0.03800  5.49702e+00
 25 -0.04044  4.84317e+00 | 26 -0.00931 -8.84578e+00 | 27 -0.01907 -9.16683e+00
 28  0.04010 -1.76575e+01 | 29  0.00447 -9.96451e+00 | 30 -0.01877 -1.24272e+01
 31 -0.00935 -2.56286e+01 | 32 -0.03531 -1.92724e+01 | 33  0.03845 -4.40082e+01
 34 -0.00670 -2.62012e+01 | 35  0.02913 -2.58377e+01 | 36 -0.01227 -5.30272e+00
 37  0.02840 -7.82928e+00 | 38 -0.01866 -2.31802e+00 | 39  0.05861  3.32937e+01
 40  0.04164  5.50922e+01 | 41  0.01480  5.49030e+01 | 42  0.00290  5.30971e+01
 43  0.01804  5.68308e+01 | 44  0.06170  6.22150e+01 | 45  0.05182  4.11032e+01
 46 -0.00931  2.09147e+01 | 47  0.03755  2.35032e+01 | 48  0.04357  2.95419e+01
 49  0.06631  3.02653e+01 | 50  0.09934  5.41113e+01 | 51  0.00282  4.54245e+01
 52 -0.01753  3.84401e+01 | 53  0.07025  4.43821e+01 | 54  0.06545  3.61170e+01
 55  0.04736  5.27286e+00 | 56  0.09516 -3.97580e+01 | 57  0.11747  1.72188e+01
 58  0.09690  5.64864e+01 | 59  0.09559  5.76572e+01 | 60  0.00312  3.47024e+01
 61  0.01455  2.60292e+01 | 62 -0.03563  1.75430e+01 | 63 -0.03631  1.50360e+01
 64 -0.02680  1.47311e+01 | 65 -0.46011 -5.54129e-07 | 66 -0.46011 -5.54129e-07
 67 -0.78935 -1.05592e+02 | 68 -0.80222  1.05285e+01 | 69  0.23381 -1.33865e+02
 70  0.12818  6.43375e-04 | 71 -0.08166 -1.21014e+02 | 72  0.14691 -3.05679e+02
 73  0.10659  5.50366e-04 | 74  0.01443  5.32537e+02 | 75  0.07320 -1.95011e+03
 76 -0.20349 -3.75935e-01 | 77 -0.02215  2.61123e+03 | 78  0.04640 -1.68487e+02
 79 -0.12948 -4.16346e-02 | 80 -0.03810  2.18682e+02 | 81  0.01140  5.62542e-05
 82 -0.10125 -5.03921e-04 | 83 -0.02777 -1.37136e-04 | 84 -0.18092 -9.17672e-04
 85 -0.10741 -5.35164e-04 | 86  0.10518  5.23808e-04 |
86 variables; iteration 40; function evaluation 48; phase 5
Function value 3.0522417e+03; maximum gradient component mag 4.1159e+03
Var    Value     Gradient |Var    Value     Gradient |Var    Value     Gradient
  1 -0.58296  4.11586e+03 |  2 -0.68734  2.18176e+03 |  3 -0.60470 -1.63930e+03
  4 -0.65902 -4.50731e+02 |  5 -0.15376 -2.93232e+01 |  6 -0.02026  1.77193e+01
  7 -0.03980  1.31196e+01 |  8 -0.05520  8.83089e+00 |  9 -0.06771  4.43237e+00
 10 -0.06996  1.65232e+00 | 11 -0.07390 -1.76004e+00 | 12 -0.06048 -1.27545e+00
 13 -0.04828  1.24802e+00 | 14 -0.03154  8.47113e+00 | 15 -0.01876  1.56203e+01
 16 -0.01431  1.39249e+01 | 17 -0.00458  1.01343e+00 | 18 -0.03097 -1.52232e+01
 19 -0.01562 -1.39498e+01 | 20 -0.05487 -1.12107e+01 | 21  0.01392  4.61156e+00
 22 -0.01481  1.46291e+01 | 23  0.05396  3.00580e+01 | 24  0.03112  1.67253e+01
 25 -0.01571  2.08932e+01 | 26  0.00065  2.09390e+01 | 27 -0.00696  8.58141e+00
 28  0.03936 -1.99302e+01 | 29  0.00788 -2.43168e+01 | 30 -0.02087 -2.98235e+01
 31 -0.01194 -2.46767e+01 | 32 -0.02796  1.95959e+01 | 33  0.04176  4.22039e+01
 34 -0.01164 -1.35634e+01 | 35  0.01147 -6.44141e+01 | 36 -0.01972 -9.05985e+00
 37  0.02536  3.16184e+01 | 38 -0.02758 -3.70930e+00 | 39  0.04038 -8.65695e+00
 40  0.02832  2.35179e+01 | 41 -0.00433  8.06624e+00 | 42 -0.01948 -6.64111e+00
 43 -0.00260 -3.51624e+00 | 44  0.04318  2.78190e+01 | 45  0.04375  6.62172e+01
 46 -0.01852  3.11542e+01 | 47  0.02091  1.54159e+01 | 48  0.02553  1.57127e+01
 49  0.05180  3.03089e+01 | 50  0.08150  2.98604e+01 | 51 -0.02300 -2.30625e+00
 52 -0.04764 -1.14691e+01 | 53  0.05395 -5.40833e+00 | 54  0.03508 -1.40737e+01
 55  0.04092  7.96320e+00 | 56  0.10371 -1.80310e+01 | 57  0.08373 -3.71799e+01
 58  0.09435  2.42278e+01 | 59  0.04903  9.59051e+00 | 60  0.05476  4.81070e+01
 61 -0.15207 -1.87174e+01 | 62 -0.11493 -8.06651e+00 | 63  0.00896  1.47301e+01
 64  0.07417  2.07089e+01 | 65 -0.46011 -5.54129e-07 | 66 -0.46011 -5.54129e-07
 67 -0.71470 -7.41138e+01 | 68 -0.73026  2.47425e+01 | 69  0.26950 -7.75734e+01
 70  0.12773  6.40197e-04 | 71 -0.05718 -2.04231e+01 | 72  0.20792 -4.85358e+01
 73  0.10574  5.25588e-04 | 74  0.00719  2.96188e+01 | 75  0.10628  3.12618e+02
 76 -0.64140 -4.98825e-03 | 77 -0.03182 -6.56354e+02 | 78  0.05816 -2.38699e+01
 79 -0.24379 -6.94653e-03 | 80 -0.05311  2.50498e+01 | 81  0.01136  5.60568e-05
 82 -0.10089 -5.02108e-04 | 83 -0.02767 -1.36654e-04 | 84 -0.18027 -9.14179e-04
 85 -0.10703 -5.33232e-04 | 86  0.10480  5.21920e-04 |
86 variables; iteration 60; function evaluation 72; phase 5
Function value 3.0369249e+03; maximum gradient component mag 2.7300e+02
Var    Value     Gradient |Var    Value     Gradient |Var    Value     Gradient
  1 -0.58351  1.90508e+02 |  2 -0.68717  9.82934e+01 |  3 -0.60420  2.73002e+02
  4 -0.65949  3.91725e+01 |  5 -0.15719 -2.01873e+02 |  6 -0.06531 -1.87144e-01
  7 -0.07143 -9.66427e-01 |  8 -0.07256 -9.98324e-01 |  9 -0.06433  5.95511e-01
 10 -0.05201  2.63440e+00 | 11 -0.03728  4.93532e+00 | 12 -0.01840  8.50314e+00
 13 -0.01182  1.07527e+01 | 14 -0.02509  1.00188e+01 | 15 -0.02214  1.25237e+01
 16 -0.02779  8.94611e+00 | 17 -0.00418  5.93620e+00 | 18  0.01438 -6.87698e-01
 19 -0.01064 -3.71195e+00 | 20 -0.02482 -9.10943e+00 | 21  0.00644 -1.45295e+01
 22 -0.02415 -1.33144e+01 | 23  0.04617 -5.22380e+00 | 24  0.06127  8.38646e-01
 25 -0.03794 -1.11970e+01 | 26  0.00007 -1.95203e+01 | 27 -0.00179  8.16061e-01
 28  0.05666  1.99496e+00 | 29 -0.00179 -1.66271e+01 | 30  0.00295  1.40323e+01
 31 -0.00026 -3.47486e-01 | 32 -0.03737 -2.03168e+01 | 33  0.04306 -9.29311e+00
 34 -0.00720 -3.10442e+00 | 35  0.02665  3.49433e+00 | 36 -0.01554 -1.27101e+00
 37  0.01832 -1.24951e+01 | 38 -0.01903  3.63954e+00 | 39  0.04055 -1.14417e+01
 40  0.02038 -6.86150e+00 | 41 -0.00495 -2.79760e+00 | 42 -0.02328 -8.55667e+00
 43 -0.00189 -3.31146e+00 | 44  0.03718 -1.36772e+01 | 45  0.03133 -6.37660e+00
 46 -0.02127  4.31232e+00 | 47  0.01474 -6.80109e+00 | 48  0.02204 -3.72602e+00
 49  0.04456 -3.99521e+00 | 50  0.07161  3.21047e+00 | 51 -0.01312  1.27479e+01
 52 -0.06248 -1.69525e+01 | 53  0.04845  9.63549e+00 | 54  0.04279  1.56767e+01
 55  0.02062 -1.44440e+00 | 56  0.09983  1.35633e+01 | 57  0.10167  9.81329e+00
 58  0.05543  1.69403e+00 | 59  0.06307  1.58420e+01 | 60 -0.05672  2.40715e+00
 61 -0.02354  4.80072e+00 | 62 -0.06262 -4.22626e-01 | 63 -0.04073  6.99414e-01
 64 -0.02835 -7.34943e-01 | 65 -0.46011 -5.54127e-07 | 66 -0.46011 -5.54127e-07
 67 -0.67523 -1.77105e+01 | 68 -0.78993  1.01503e+00 | 69  0.29178  1.13537e+01
 70  0.12637  6.33032e-04 | 71 -0.04517 -4.40974e+01 | 72  0.26150 -1.26463e+01
 73  0.10443  5.16864e-04 | 74  0.02684  4.00347e+01 | 75  0.11503 -1.39041e+02
 76 -0.90828 -2.16415e-02 | 77 -0.02111  2.35222e+02 | 78  0.05989  1.91042e+00
 79 -0.31977 -2.55839e-03 | 80 -0.05495 -7.81385e+00 | 81  0.01124  5.54717e-05
 82 -0.09983 -4.96737e-04 | 83 -0.02738 -1.35226e-04 | 84 -0.17834 -9.03843e-04
 85 -0.10591 -5.27510e-04 | 86  0.10370  5.16326e-04 |
86 variables; iteration 80; function evaluation 107; phase 5
Function value 3.0348370e+03; maximum gradient component mag 3.9466e+01
Var    Value     Gradient |Var    Value     Gradient |Var    Value     Gradient
  1 -0.58360  3.94662e+01 |  2 -0.68715  2.35496e+01 |  3 -0.60443 -1.26478e+01
  4 -0.65915 -1.51273e-01 |  5 -0.15855 -3.68824e+01 |  6 -0.05680  7.43598e-02
  7 -0.05662  7.26641e-01 |  8 -0.05735  6.33931e-01 |  9 -0.05521  4.05203e-01
 10 -0.04987  2.42410e-03 | 11 -0.03916 -6.22775e-02 | 12 -0.02609  1.81692e-02
 13 -0.02251 -5.58631e-01 | 14 -0.02883 -6.73103e-01 | 15 -0.03523 -5.21233e-01
 16 -0.03383 -8.12916e-01 | 17 -0.00603 -2.49126e-01 | 18  0.02627  1.01700e-01
 19 -0.01120  1.21181e-02 | 20 -0.01403  3.25006e-01 | 21  0.00846  3.63302e-01
 22 -0.00240  1.22050e-01 | 23  0.04626 -5.60620e-03 | 24  0.05545 -3.03786e-02
 25 -0.02431  3.35828e-01 | 26  0.01078  8.43171e-01 | 27 -0.00372 -3.13877e-01
 28  0.05296 -1.28626e+00 | 29  0.01562 -6.43375e-01 | 30 -0.00805 -1.38264e+00
 31  0.00147 -1.30795e+00 | 32 -0.02666  9.31644e-02 | 33  0.04102 -1.44098e+00
 34 -0.00465 -1.32263e+00 | 35  0.02546 -1.66120e+00 | 36 -0.01601 -9.07999e-01
 37  0.02123 -7.14505e-01 | 38 -0.02315 -9.59713e-01 | 39  0.04234 -6.85452e-01
 40  0.02016 -7.50816e-01 | 41 -0.00704  7.22654e-03 | 42 -0.02033  6.40207e-01
 43 -0.00478  2.61327e-01 | 44  0.03817  1.65763e-02 | 45  0.03124  1.57321e-01
 46 -0.02620 -2.15148e-02 | 47  0.01572  4.75842e-01 | 48  0.01913  4.23972e-01
 49  0.04185  9.31857e-01 | 50  0.06995  8.78505e-01 | 51 -0.02971  1.96621e-01
 52 -0.04805  1.48900e+00 | 53  0.03855  9.38197e-01 | 54  0.03158  1.04495e+00
 55  0.02081  1.54176e+00 | 56  0.08822  6.20930e-01 | 57  0.09144  4.33807e-01
 58  0.05323  1.04674e+00 | 59  0.03990  4.07316e-01 | 60 -0.06051  3.01332e-01
 61 -0.03850  3.68029e-01 | 62 -0.05824 -8.16003e-02 | 63 -0.03899  1.38972e-01
 64 -0.01274  5.68201e-01 | 65 -0.46011 -5.54122e-07 | 66 -0.46011 -5.54122e-07
 67 -0.65570 -2.94145e+00 | 68 -0.78903  5.09043e-02 | 69  0.29687 -1.73374e-01
 70  0.12331  6.17468e-04 | 71 -0.04202  1.18167e+00 | 72  0.26280  2.00078e+00
 73  0.10188  5.04305e-04 | 74  0.02520 -2.88254e+00 | 75  0.11682  9.31437e-01
 76 -0.88000 -1.64645e-02 | 77 -0.02181 -5.09811e+00 | 78  0.06365 -7.06579e-01
 79 -0.29744 -2.49261e-03 | 80 -0.05170  1.05620e+00 | 81  0.01097  5.41467e-05
 82 -0.09743 -4.84589e-04 | 83 -0.02673 -1.31991e-04 | 84 -0.17397 -8.80536e-04
 85 -0.10335 -5.14570e-04 | 86  0.10120  5.03675e-04 |
  ic > imax  in fminim is answer attained ?
Var    Value     Gradient |Var    Value     Gradient |Var    Value     Gradient
  1 -0.58361 -7.64723e-01 |  2 -0.68715 -1.98614e-01 |  3 -0.60443 -1.67296e+00
  4 -0.65915 -7.12329e-01 |  5 -0.15883  2.72163e+00 |  6 -0.05509 -2.92752e-03
  7 -0.05815  1.70839e-02 |  8 -0.05837  8.79637e-03 |  9 -0.05544  1.54151e-02
 10 -0.04844  8.50519e-03 | 11 -0.03799  8.98996e-04 | 12 -0.02660  1.44583e-02
 13 -0.02055  7.65104e-03 | 14 -0.02680  6.22785e-03 | 15 -0.03450  2.01076e-02
 16 -0.03101  2.96253e-02 | 17 -0.00583  9.51070e-02 | 18  0.02576  1.12724e-01
 19 -0.00981  1.25914e-01 | 20 -0.01411  1.28614e-01 | 21  0.00833  1.43875e-01
 22 -0.00159  9.88804e-02 | 23  0.04691  6.40654e-02 | 24  0.05584  6.33988e-02
 25 -0.02353  2.95530e-02 | 26  0.01057  3.80512e-02 | 27 -0.00301 -1.56736e-02
 28  0.05363 -9.77953e-02 | 29  0.01577 -5.63752e-02 | 30 -0.00733 -3.91947e-02
 31  0.00205 -4.60920e-02 | 32 -0.02669 -2.44875e-02 | 33  0.04149 -3.78816e-02
 34 -0.00426 -2.57784e-02 | 35  0.02574  2.16985e-03 | 36 -0.01569  5.18078e-03
 37  0.02126 -1.99540e-04 | 38 -0.02275 -3.97949e-02 | 39  0.04223  1.54691e-03
 40  0.02024 -2.42969e-02 | 41 -0.00712 -2.30060e-02 | 42 -0.02071  2.65243e-03
 43 -0.00496 -1.24226e-02 | 44  0.03793 -9.02039e-03 | 45  0.03089 -1.67675e-02
 46 -0.02638 -2.45204e-02 | 47  0.01519 -1.30666e-02 | 48  0.01860  1.08473e-02
 49  0.04118 -2.18107e-02 | 50  0.06898 -1.58544e-02 | 51 -0.03002 -7.03818e-02
 52 -0.04977 -4.09293e-02 | 53  0.03745 -2.11490e-02 | 54  0.03023  6.24142e-03
 55  0.01903 -4.10990e-02 | 56  0.08673 -2.58245e-02 | 57  0.08999 -1.68792e-02
 58  0.05131 -5.34430e-02 | 59  0.03838 -1.15178e-02 | 60 -0.06063 -5.63393e-02
 61 -0.03979 -6.60198e-03 | 62 -0.05673 -3.55570e-02 | 63 -0.03812 -2.48553e-02
 64 -0.01355 -2.05864e-02 | 65 -0.46004 -5.54073e-07 | 66 -0.46004 -5.54073e-07
 67 -0.65150 -1.00213e-01 | 68 -0.78879 -1.72891e-03 | 69  0.29688 -1.30771e-01
 70  0.05634  4.48567e-04 | 71 -0.04206  2.33788e-01 | 72  0.26318 -2.81609e-01
 73  0.05535 -1.40001e-04 | 74  0.02544  1.37863e-01 | 75  0.11710  1.10624e-01
 76  0.12874 -3.46493e-03 | 77 -0.02160 -2.33687e-01 | 78  0.06349  1.91142e-02
 79 -0.13905  7.70261e-03 | 80 -0.05195 -5.97587e-02 | 81  0.00508  4.11995e-05
 82 -0.04480 -3.66708e-04 | 83 -0.01238 -1.00395e-04 | 84 -0.07863 -6.57999e-04
 85 -0.04748 -3.89123e-04 | 86  0.04651  3.80981e-04 |
Function minimizer not making progress ... is minimum attained?
Minimprove criterion = 0.0000e+00

 - final statistics:
86 variables; iteration 93; function evaluation 154
Function value 3.0348e+03; maximum gradient component mag 2.7216e+00
Exit code = 1;  converg criter 1.0000e-04
Var    Value     Gradient |Var    Value     Gradient |Var    Value     Gradient
  1 -0.58361 -7.64723e-01 |  2 -0.68715 -1.98614e-01 |  3 -0.60443 -1.67296e+00
  4 -0.65915 -7.12329e-01 |  5 -0.15883  2.72163e+00 |  6 -0.05509 -2.92752e-03
  7 -0.05815  1.70839e-02 |  8 -0.05837  8.79637e-03 |  9 -0.05544  1.54151e-02
 10 -0.04844  8.50519e-03 | 11 -0.03799  8.98996e-04 | 12 -0.02660  1.44583e-02
 13 -0.02055  7.65104e-03 | 14 -0.02680  6.22785e-03 | 15 -0.03450  2.01076e-02
 16 -0.03101  2.96253e-02 | 17 -0.00583  9.51070e-02 | 18  0.02576  1.12724e-01
 19 -0.00981  1.25914e-01 | 20 -0.01411  1.28614e-01 | 21  0.00833  1.43875e-01
 22 -0.00159  9.88804e-02 | 23  0.04691  6.40654e-02 | 24  0.05584  6.33988e-02
 25 -0.02353  2.95530e-02 | 26  0.01057  3.80512e-02 | 27 -0.00301 -1.56736e-02
 28  0.05363 -9.77953e-02 | 29  0.01577 -5.63752e-02 | 30 -0.00733 -3.91947e-02
 31  0.00205 -4.60920e-02 | 32 -0.02669 -2.44875e-02 | 33  0.04149 -3.78816e-02
 34 -0.00426 -2.57784e-02 | 35  0.02574  2.16985e-03 | 36 -0.01569  5.18078e-03
 37  0.02126 -1.99540e-04 | 38 -0.02275 -3.97949e-02 | 39  0.04223  1.54691e-03
 40  0.02024 -2.42969e-02 | 41 -0.00712 -2.30060e-02 | 42 -0.02071  2.65243e-03
 43 -0.00496 -1.24226e-02 | 44  0.03793 -9.02039e-03 | 45  0.03089 -1.67675e-02
 46 -0.02638 -2.45204e-02 | 47  0.01519 -1.30666e-02 | 48  0.01860  1.08473e-02
 49  0.04118 -2.18107e-02 | 50  0.06898 -1.58544e-02 | 51 -0.03002 -7.03818e-02
 52 -0.04977 -4.09293e-02 | 53  0.03745 -2.11490e-02 | 54  0.03023  6.24142e-03
 55  0.01903 -4.10990e-02 | 56  0.08673 -2.58245e-02 | 57  0.08999 -1.68792e-02
 58  0.05131 -5.34430e-02 | 59  0.03838 -1.15178e-02 | 60 -0.06063 -5.63393e-02
 61 -0.03979 -6.60198e-03 | 62 -0.05673 -3.55570e-02 | 63 -0.03812 -2.48553e-02
 64 -0.01355 -2.05864e-02 | 65 -0.46004 -5.54073e-07 | 66 -0.46004 -5.54073e-07
 67 -0.65150 -1.00213e-01 | 68 -0.78879 -1.72891e-03 | 69  0.29688 -1.30771e-01
 70  0.05634  4.48567e-04 | 71 -0.04206  2.33788e-01 | 72  0.26318 -2.81609e-01
 73  0.05535 -1.40001e-04 | 74  0.02544  1.37863e-01 | 75  0.11710  1.10624e-01
 76  0.12874 -3.46493e-03 | 77 -0.02160 -2.33687e-01 | 78  0.06349  1.91142e-02
 79 -0.13905  7.70261e-03 | 80 -0.05195 -5.97587e-02 | 81  0.00508  4.11995e-05
 82 -0.04480 -3.66708e-04 | 83 -0.01238 -1.00395e-04 | 84 -0.07863 -6.57999e-04
 85 -0.04748 -3.89123e-04 | 86  0.04651  3.80981e-04 |
size of file gradfil1.tmp = 0
size of file gradfil2.tmp = 0
size of file varssave.tmp = 0
size of file cmpdiff.tmp = 0
