
Initial statistics: 4 variables; iteration 0; function evaluation 0; phase 1
Function value 3.7653680e+03; maximum gradient component mag 1.8458e+03
Var    Value     Gradient |Var    Value     Gradient |Var    Value     Gradient
  1 -0.15512  1.84575e+03 |  2 -0.11033 -1.11047e-01 |  3  0.04400  1.74842e-01
  4  0.37463  1.62462e-02 |

 - final statistics:
4 variables; iteration 7; function evaluation 11
Function value 3.7650e+03; maximum gradient component mag -3.5321e+00
Exit code = 1;  converg criter 1.0000e+01
Var    Value     Gradient |Var    Value     Gradient |Var    Value     Gradient
  1 -0.15546 -3.53211e+00 |  2 -0.09452  1.50451e-02 |  3  0.04400  1.20374e-02
  4  0.33160  5.07514e-03 |

Initial statistics: 69 variables; iteration 0; function evaluation 0; phase 2
Function value 3.7650426e+03; maximum gradient component mag -3.4097e+02
Var    Value     Gradient |Var    Value     Gradient |Var    Value     Gradient
  1 -0.15546 -3.53211e+00 |  2  0.00000  5.39581e+01 |  3  0.00000  5.88979e+01
  4  0.00000  6.37550e+01 |  5  0.00000  6.80995e+01 |  6  0.00000  7.18410e+01
  7  0.00000  7.52415e+01 |  8  0.00000  7.89916e+01 |  9  0.00000  8.45060e+01
 10  0.00000  9.22561e+01 | 11  0.00000  9.91308e+01 | 12  0.00000  1.00499e+02
 13  0.00000  9.41398e+01 | 14  0.00000  8.95391e+01 | 15  0.00000  9.56711e+01
 16  0.00000  9.13954e+01 | 17  0.00000  6.45761e+01 | 18  0.00000  1.51313e+01
 19  0.00000 -5.36256e+01 | 20  0.00000 -6.52356e+01 | 21  0.00000  1.19325e+01
 22  0.00000  3.60875e+01 | 23  0.00000 -3.39060e+01 | 24  0.00000 -1.47298e+02
 25  0.00000 -7.48457e+01 | 26  0.00000  6.65691e+01 | 27  0.00000  1.18843e+02
 28  0.00000  8.82019e+01 | 29  0.00000 -8.68643e+01 | 30  0.00000 -6.87329e+01
 31  0.00000 -7.47104e+01 | 32  0.00000  2.86655e+01 | 33  0.00000 -3.15796e+01
 34  0.00000 -1.05192e-01 | 35  0.00000 -1.87973e+02 | 36  0.00000 -1.02124e+02
 37  0.00000  9.06055e+01 | 38  0.00000  1.76747e+02 | 39  0.00000  4.27612e+01
 40  0.00000 -1.89974e+02 | 41  0.00000 -1.55895e+02 | 42  0.00000  4.24132e+01
 43  0.00000 -2.83509e+01 | 44  0.00000 -1.47652e+02 | 45  0.00000 -2.85126e+02
 46  0.00000 -2.47955e+02 | 47  0.00000  1.80720e+02 | 48  0.00000  3.31494e+02
 49  0.00000  1.33435e+02 | 50  0.00000  7.63017e+01 | 51  0.00000  3.16652e+00
 52  0.00000 -2.10095e+02 | 53  0.00000 -3.39856e+02 | 54  0.00000 -3.40973e+02
 55  0.00000 -1.53622e+02 | 56  0.00000 -8.42320e+01 | 57  0.00000 -2.33084e+02
 58  0.00000 -1.10617e+02 | 59  0.00000  4.30299e+01 | 60  0.00000  1.59681e+02
 61  0.00000  2.23912e+02 | 62  0.00000  1.61888e+02 | 63  0.00000  1.40347e+02
 64 -0.20069 -3.18573e+01 | 65 -0.09452  1.50451e-02 | 66 -0.01997  3.66988e+01
 67 -0.16730 -2.89093e+01 | 68  0.04400  1.20374e-02 | 69  0.33160  5.07514e-03

Intermediate statistics: 69 variables; iteration 20; function evaluation 30; phase 2
Function value 3.7081412e+03; maximum gradient component mag 4.4261e+03
Var    Value     Gradient |Var    Value     Gradient |Var    Value     Gradient
  1 -0.15881  4.42613e+03 |  2 -0.06521 -1.66086e+01 |  3 -0.06474 -1.44082e+01
  4 -0.06071 -1.10315e+01 |  5 -0.05251 -6.12602e+00 |  6 -0.04064  5.74049e-01
  7 -0.02681  9.15129e+00 |  8 -0.01394  1.93501e+01 |  9 -0.00588  3.05106e+01
 10 -0.00459  4.12357e+01 | 11 -0.00450  5.16804e+01 | 12  0.00067  6.29338e+01
 13  0.01452  7.67582e+01 | 14  0.02366  8.74155e+01 | 15  0.01228  8.47446e+01
 16  0.00981  7.99793e+01 | 17  0.01052  6.21689e+01 | 18 -0.01652  2.29208e+01
 19  0.03835  3.68568e+01 | 20  0.04978  5.22915e+01 | 21 -0.03040  3.11459e+01
 22  0.03803  8.55236e+01 | 23 -0.05471 -2.14219e+01 | 24  0.06624 -8.17579e+00
 25 -0.03446 -3.32587e+01 | 26  0.02260  1.43307e+02 | 27  0.01631  1.93261e+02
 28 -0.01641  9.52139e+01 | 29  0.04055  3.17596e+01 | 30 -0.02682 -6.21564e+01
 31  0.02212 -1.94386e+01 | 32 -0.00630  5.01444e+01 | 33  0.02271  5.27745e+01
 34 -0.02045 -3.93688e+00 | 35  0.03439 -7.82857e+01 | 36 -0.00508 -8.04829e+01
 37  0.00642  6.72113e+01 | 38  0.00114  1.09486e+02 | 39 -0.01302 -1.81653e+01
 40  0.02413 -1.30048e+02 | 41  0.01186 -9.12176e+01 | 42 -0.00290  6.69496e+01
 43  0.02467  8.84903e+01 | 44  0.01470 -2.83870e+01 | 45  0.01879 -1.46856e+02
 46  0.03968 -1.53154e+02 | 47 -0.02291  3.87801e+01 | 48 -0.00900  1.46793e+02
 49  0.01521  3.78133e+01 | 50  0.01863 -9.62407e+00 | 51 -0.04323 -4.78080e+01
 52  0.10793 -1.08514e+02 | 53 -0.19851 -1.31796e+02 | 54  0.11042 -4.73879e+01
 55  0.03904 -1.41724e+01 | 56 -0.02467 -1.03981e+02 | 57  0.10337 -1.98732e+02
 58 -0.05466 -2.01432e+02 | 59  0.06628 -2.60741e+01 | 60  0.01935  4.88483e+01
 61  0.00049  7.78464e+01 | 62 -0.01068  3.61304e+01 | 63 -0.10278 -1.80659e+01
 64 -0.21879 -1.59277e+01 | 65 -0.09867 -3.94806e-02 | 66 -0.02174  2.00310e+01
 67 -0.22080 -1.92711e+01 | 68  0.08155 -2.97165e-02 | 69  0.33178 -1.44298e-03
69 variables; iteration 40; function evaluation 52; phase 2
Function value 3.6771540e+03; maximum gradient component mag 5.7007e+02
Var    Value     Gradient |Var    Value     Gradient |Var    Value     Gradient
  1 -0.15985  5.70069e+02 |  2 -0.02793  1.37098e+01 |  3 -0.03448  1.33007e+01
  4 -0.04063  1.24528e+01 |  5 -0.04432  1.16343e+01 |  6 -0.04212  1.19792e+01
  7 -0.03062  1.49171e+01 |  8 -0.01354  2.03404e+01 |  9 -0.00595  2.49816e+01
 10 -0.01151  2.76651e+01 | 11 -0.01548  3.07054e+01 | 12 -0.01075  3.40071e+01
 13  0.00280  3.57548e+01 | 14  0.01798  3.88821e+01 | 15  0.01626  4.27574e+01
 16 -0.00136  2.97893e+01 | 17 -0.02968  8.68014e+00 | 18  0.03384  1.10967e+01
 19  0.01780 -1.93228e+01 | 20  0.04329 -2.65304e+01 | 21  0.00701 -8.83992e+00
 22 -0.02092 -3.54165e+01 | 23 -0.00175 -3.84886e+01 | 24  0.05130 -4.94535e+01
 25 -0.00018 -1.39863e+01 | 26  0.01640  6.00461e+01 | 27  0.00278  1.23116e+01
 28 -0.04719 -4.27930e+01 | 29  0.04249 -2.22789e+01 | 30 -0.00336  3.37089e+01
 31  0.03646  1.28520e+02 | 32  0.00048  1.33933e+02 | 33  0.03598  1.32031e+02
 34 -0.02298 -1.71475e+01 | 35  0.02137 -1.59454e+02 | 36  0.01077 -1.20771e+02
 37 -0.01984 -3.81084e+01 | 38 -0.00167  6.46831e+01 | 39 -0.00569  3.78532e+01
 40  0.03533 -1.81134e+01 | 41  0.01797 -5.09067e+01 | 42 -0.02630  1.30416e+01
 43  0.02527  7.78615e+01 | 44  0.01928  7.88519e+00 | 45  0.01762 -1.03316e+02
 46  0.04416 -1.01244e+02 | 47 -0.02630  6.75230e+01 | 48 -0.01527  1.61606e+02
 49  0.01298  7.00023e+01 | 50  0.01554  3.50510e+01 | 51 -0.01700 -1.72517e+01
 52  0.05589 -9.79132e+01 | 53 -0.01201 -1.25889e+02 | 54  0.09774 -1.29347e+02
 55 -0.09496 -1.02464e+02 | 56  0.05817 -2.55293e+01 | 57  0.02797 -1.32873e+02
 58  0.04131 -4.68159e+01 | 59  0.02351  1.83685e+01 | 60  0.00937  7.19900e+01
 61 -0.02326  9.09684e+01 | 62 -0.02394  6.77671e+01 | 63 -0.18541 -1.84051e+01
 64 -0.07191  3.84697e+00 | 65 -0.14259  1.05995e-01 | 66  0.05943  2.06177e+01
 67 -0.50667  6.66944e+00 | 68  1.20324 -9.50304e-03 | 69  0.33453  1.82326e-03
69 variables; iteration 60; function evaluation 77; phase 2
Function value 3.6520545e+03; maximum gradient component mag -1.1607e+02
Var    Value     Gradient |Var    Value     Gradient |Var    Value     Gradient
  1 -0.15833 -5.83696e+01 |  2  0.01574  1.95905e+01 |  3 -0.00977  1.35912e+01
  4 -0.03827  5.98579e+00 |  5 -0.04047  3.88891e+00 |  6 -0.06130 -3.39598e+00
  7 -0.07854 -9.74730e+00 |  8 -0.01732 -3.33442e+00 |  9 -0.06022 -1.13564e+01
 10 -0.02067 -4.75265e+00 | 11 -0.03940 -5.36058e+00 | 12 -0.03244 -4.40158e+00
 13 -0.00172 -5.34636e+00 | 14  0.01736 -8.66082e+00 | 15 -0.05031 -9.03045e+00
 16  0.02260  9.29334e+00 | 17 -0.02417 -8.26583e-01 | 18  0.03375 -1.06433e+00
 19  0.01830 -3.57274e+01 | 20  0.03949 -5.74541e+01 | 21 -0.00200 -3.24549e+01
 22 -0.02260 -3.54778e+01 | 23  0.00821 -1.99489e+00 | 24  0.05187  2.16816e+01
 25  0.01963  4.96435e+00 | 26 -0.01993 -2.72025e+01 | 27  0.00119 -3.39940e+01
 28 -0.03775 -2.46414e+01 | 29  0.04346  6.45198e+00 | 30 -0.00703  2.89002e+01
 31  0.03720  8.62005e+01 | 32 -0.02247  2.31228e+01 | 33  0.03298  4.68250e+01
 34 -0.04066 -3.34343e+01 | 35  0.04223 -1.67363e+01 | 36  0.02248  1.32494e+01
 37 -0.01152  1.28100e+01 | 38 -0.01391  3.26984e+01 | 39 -0.00908  2.19765e+01
 40  0.03976  4.21633e+01 | 41  0.03145  2.17305e+01 | 42 -0.03507 -1.64785e+01
 43  0.00905 -4.13039e+01 | 44  0.00959 -7.87434e+01 | 45  0.01018 -1.03039e+02
 46  0.06535  5.97880e+00 | 47 -0.03805  5.05488e+01 | 48 -0.03660  8.38854e+01
 49  0.01893  7.03691e+01 | 50  0.02527  7.93971e+01 | 51 -0.00967  2.69731e+01
 52  0.06610  2.84541e+01 | 53  0.03470 -4.18515e+01 | 54  0.08509 -1.00428e+02
 55 -0.02667 -1.16070e+02 | 56  0.04263 -3.87643e+01 | 57  0.07242 -5.31698e+01
 58  0.04134 -3.78147e+01 | 59  0.04028  1.04836e+01 | 60  0.01033  3.33528e+01
 61 -0.04405  2.86113e+01 | 62 -0.06794  1.42747e+00 | 63 -0.09643  2.29281e+01
 64 -0.29450 -1.58498e+01 | 65  0.43203  2.53341e-03 | 66 -0.09018  8.02006e+00
 67 -0.45906  8.13828e+00 | 68  0.94514  3.63016e-02 | 69  0.34790  1.91300e-03
Maximum number of function evaluations exceeded

 - final statistics:
69 variables; iteration 73; function evaluation 100
Function value 3.6414e+03; maximum gradient component mag -1.0403e+03
Exit code = 3;  converg criter 1.0000e+01
Var    Value     Gradient |Var    Value     Gradient |Var    Value     Gradient
  1 -0.15824 -1.04029e+03 |  2 -0.08240  3.12556e+00 |  3 -0.04879  1.04607e+01
  4 -0.05500  9.13272e+00 |  5 -0.06296  6.69389e+00 |  6 -0.05500  6.50045e+00
  7  0.00194  1.32841e+01 |  8 -0.04411  2.05711e+00 |  9 -0.02522  1.19219e+00
 10 -0.04300 -2.07968e+00 | 11 -0.04378 -2.58082e+00 | 12 -0.04225 -3.13286e+00
 13 -0.03635 -4.28178e+00 | 14  0.05590 -2.50411e+00 | 15 -0.02095 -1.65455e+00
 16 -0.03209 -3.86549e+00 | 17 -0.00431 -1.13320e+00 | 18  0.01798  1.17864e+01
 19  0.05647  4.20396e+00 | 20  0.02565 -7.98758e+00 | 21  0.01755  4.65339e+00
 22 -0.02574 -1.45334e+01 | 23  0.01378 -1.30609e+00 | 24  0.04421 -2.04638e+00
 25  0.03120 -4.53638e+00 | 26 -0.03857 -3.81543e+01 | 27  0.01095 -1.24543e+01
 28 -0.03146  1.22498e+00 | 29  0.04258 -3.41139e+00 | 30 -0.00884 -8.12837e+00
 31  0.02591 -1.75021e+01 | 32 -0.02352 -2.93596e+01 | 33  0.01909 -3.40913e+01
 34 -0.02748 -1.52689e+01 | 35  0.04126 -5.09694e+00 | 36  0.02105  1.15444e+01
 37 -0.01038  7.58818e+00 | 38 -0.02143  9.84055e+00 | 39 -0.00701  5.74909e+00
 40  0.03517  8.32381e-01 | 41  0.03073  9.46203e-01 | 42 -0.03155 -1.33701e+01
 43  0.00690 -4.21244e+01 | 44  0.00696 -3.64052e+01 | 45  0.03611 -1.08262e+01
 46  0.05835 -5.27339e+00 | 47 -0.04237  1.30022e+01 | 48 -0.05010  3.01977e+01
 49  0.02096  1.32916e+01 | 50  0.01480  1.52367e+01 | 51  0.00445  1.34359e+01
 52  0.06065 -3.03792e+00 | 53  0.05821 -2.72868e+01 | 54  0.07367 -4.38117e+01
 55  0.03978 -1.34948e+01 | 56  0.03846  2.13991e+01 | 57  0.08985  1.22746e+01
 58  0.06516  3.48296e+01 | 59  0.04841  2.12220e+01 | 60  0.01890  2.45669e+01
 61 -0.05451  7.72641e+00 | 62 -0.06027  3.14890e+00 | 63 -0.10735  1.97321e+01
 64 -0.25771  5.54241e+00 | 65  0.18953  9.63934e-04 | 66 -0.08201 -1.02533e+01
 67 -0.28060 -2.42773e+00 | 68  0.17686  8.94943e-04 | 69  0.31222  1.67774e-03

Initial statistics: 77 variables; iteration 0; function evaluation 0; phase 3
Function value 3.6816496e+03; maximum gradient component mag -1.5350e+03
Var    Value     Gradient |Var    Value     Gradient |Var    Value     Gradient
  1 -0.58263 -1.11666e+03 |  2 -0.68929 -8.45766e+02 |  3 -0.60438 -1.53504e+03
  4 -0.65985 -6.98855e+02 |  5 -0.15824 -1.04029e+03 |  6 -0.08234  4.23755e+00
  7 -0.04873  1.15788e+01 |  8 -0.05494  1.02499e+01 |  9 -0.06290  7.80980e+00
 10 -0.05494  7.61765e+00 | 11  0.00200  1.44054e+01 | 12 -0.04405  3.17576e+00
 13 -0.02517  2.31264e+00 | 14 -0.04295 -9.60921e-01 | 15 -0.04372 -1.46216e+00
 16 -0.04219 -2.01402e+00 | 17 -0.03629 -3.16230e+00 | 18  0.05596 -1.38710e+00
 19 -0.02090 -5.33843e-01 | 20 -0.03203 -2.74560e+00 | 21 -0.00425 -1.19091e-02
 22  0.01803  1.29072e+01 | 23  0.05652  5.32083e+00 | 24  0.02570 -6.86714e+00
 25  0.01760  5.77427e+00 | 26 -0.02569 -1.34131e+01 | 27  0.01383 -1.85033e-01
 28  0.04427 -9.27762e-01 | 29  0.03126 -3.41639e+00 | 30 -0.03852 -3.70352e+01
 31  0.01100 -1.13332e+01 | 32 -0.03140  2.34494e+00 | 33  0.04263 -2.29256e+00
 34 -0.00878 -7.00716e+00 | 35  0.02597 -1.63816e+01 | 36 -0.02347 -2.82391e+01
 37  0.01914 -3.29704e+01 | 38 -0.02742 -1.41487e+01 | 39  0.04132 -3.97795e+00
 40  0.02111  1.26651e+01 | 41 -0.01032  8.70936e+00 | 42 -0.02138  1.09613e+01
 43 -0.00696  6.87034e+00 | 44  0.03523  1.95198e+00 | 45  0.03079  2.06621e+00
 46 -0.03149 -1.22502e+01 | 47  0.00695 -4.10031e+01 | 48  0.00702 -3.52839e+01
 49  0.03617 -9.70660e+00 | 50  0.05841 -4.15675e+00 | 51 -0.04232  1.41211e+01
 52 -0.05004  3.13158e+01 | 53  0.02102  1.44122e+01 | 54  0.01486  1.63577e+01
 55  0.00451  1.45572e+01 | 56  0.06070 -1.92167e+00 | 57  0.05827 -2.61700e+01
 58  0.07372 -4.26975e+01 | 59  0.03983 -1.23756e+01 | 60  0.03852  2.25183e+01
 61  0.08991  1.33846e+01 | 62  0.06521  3.59448e+01 | 63  0.04847  2.23399e+01
 64  0.01896  2.56876e+01 | 65 -0.05445  8.84369e+00 | 66 -0.06021  4.26524e+00
 67 -0.10729  2.08378e+01 | 68 -0.80334  5.48244e+00 | 69 -0.18223 -3.44040e-03
 70 -0.64637 -2.09951e+01 | 71 -0.78642 -1.18903e+00 | 72 -0.25771  5.54241e+00
 73  0.18953  9.63934e-04 | 74 -0.08201 -1.02533e+01 | 75 -0.28060 -2.42773e+00
 76  0.17686  8.94943e-04 | 77  0.31222  1.67774e-03 |

Intermediate statistics: 77 variables; iteration 20; function evaluation 24; phase 3
Function value 3.6783829e+03; maximum gradient component mag 1.3741e+03
Var    Value     Gradient |Var    Value     Gradient |Var    Value     Gradient
  1 -0.58256 -8.55565e+02 |  2 -0.68929 -6.99280e+02 |  3 -0.60443 -8.66462e+02
  4 -0.65975 -4.30254e+02 |  5 -0.15636  1.37410e+03 |  6 -0.04821  6.07766e-01
  7 -0.07946 -6.84049e+00 |  8 -0.07337 -4.92774e+00 |  9 -0.06038 -1.81922e+00
 10 -0.05268 -9.13381e-01 | 11 -0.06386 -5.43413e+00 | 12 -0.02273  3.62729e+00
 13 -0.02577  2.52662e+00 | 14 -0.02973  3.35547e+00 | 15 -0.04324  1.62983e+00
 16 -0.03980  2.76431e+00 | 17 -0.00845  8.47214e+00 | 18  0.02449  1.49522e+01
 19 -0.01641  8.56504e+00 | 20 -0.01910  9.88230e+00 | 21 -0.00195  1.66946e+01
 22  0.00213  2.75540e+01 | 23  0.05247  4.82509e+01 | 24  0.04168  3.75990e+01
 25 -0.00927  2.40928e+01 | 26 -0.00837  1.61914e+01 | 27  0.00434  3.86230e+01
 28  0.05107  6.23800e+01 | 29  0.01493  3.30625e+01 | 30 -0.01441  6.38001e+00
 31 -0.00305  3.53380e+00 | 32 -0.02996  7.46356e+00 | 33  0.03901  1.96147e+01
 34 -0.01031  1.65631e+00 | 35  0.02255  2.44603e+00 | 36 -0.02194 -6.50806e+00
 37  0.01878  8.10018e+00 | 38 -0.02556  1.09628e+01 | 39  0.04214  4.19251e+01
 40  0.02009  3.33899e+01 | 41 -0.01020  1.06668e+01 | 42 -0.02483 -3.84081e+00
 43 -0.00877 -1.20654e+01 | 44  0.03269 -1.63422e+01 | 45  0.02912 -5.61629e+00
 46 -0.03031 -1.76036e+01 | 47  0.00420 -4.18820e+01 | 48  0.01065 -2.70504e+01
 49  0.03493 -5.71129e+00 | 50  0.05969  4.46694e+00 | 51 -0.03832  4.45793e+00
 52 -0.05717  4.09930e+00 | 53  0.02525  2.78232e+00 | 54  0.01475  2.68441e-01
 55  0.00622  2.08417e+00 | 56  0.06574 -8.03806e-01 | 57  0.06255 -3.14420e+01
 58  0.07608 -5.17003e+01 | 59  0.05028 -2.36569e+01 | 60  0.03736 -1.12693e+01
 61  0.09848 -2.07870e+01 | 62  0.06719 -2.77344e+00 | 63  0.05932  5.57434e+00
 64  0.02407  3.69285e+00 | 65 -0.04020 -2.81973e+00 | 66 -0.04050 -5.57486e+00
 67 -0.12346 -1.12585e+01 | 68 -0.94950  2.15205e+00 | 69 -0.18268  1.24065e-01
 70 -0.64811 -6.40745e+00 | 71 -0.78791  6.52379e-01 | 72 -0.22023 -1.41223e+00
 73  0.18950  9.63784e-04 | 74 -0.03083  3.92334e+00 | 75 -0.20349 -4.88720e+00
 76  0.17684  8.94817e-04 | 77  0.31217  1.67740e-03 |
77 variables; iteration 40; function evaluation 47; phase 3
Function value 3.6780237e+03; maximum gradient component mag 1.3042e+03
Var    Value     Gradient |Var    Value     Gradient |Var    Value     Gradient
  1 -0.58257 -7.59677e+02 |  2 -0.68926 -6.21319e+02 |  3 -0.60442 -7.38921e+02
  4 -0.65972 -3.71139e+02 |  5 -0.15681  1.30415e+03 |  6 -0.04963 -1.74191e-01
  7 -0.07782 -6.72453e+00 |  8 -0.07192 -4.89737e+00 |  9 -0.06001 -2.13280e+00
 10 -0.05243 -1.29254e+00 | 11 -0.06054 -4.98589e+00 | 12 -0.02398  2.80395e+00
 13 -0.02451  2.48807e+00 | 14 -0.02793  3.60647e+00 | 15 -0.03881  2.64192e+00
 16 -0.03675  3.12180e+00 | 17 -0.01282  6.17410e+00 | 18  0.02778  1.43717e+01
 19 -0.01753  7.41075e+00 | 20 -0.01828  9.73470e+00 | 21  0.00210  1.76264e+01
 22  0.00140  2.55868e+01 | 23  0.05261  4.40281e+01 | 24  0.04262  3.41189e+01
 25 -0.01024  2.28792e+01 | 26 -0.00470  1.90482e+01 | 27  0.00401  3.73932e+01
 28  0.05159  5.59976e+01 | 29  0.01447  2.53515e+01 | 30 -0.01477  2.68245e+00
 31 -0.00125  6.20098e+00 | 32 -0.02952  8.64423e+00 | 33  0.03932  1.93053e+01
 34 -0.00934  1.51766e+00 | 35  0.02227  4.96355e-01 | 36 -0.02014 -3.42637e+00
 37  0.01879  6.66876e+00 | 38 -0.02491  8.05879e+00 | 39  0.04109  3.14380e+01
 40  0.02060  3.39569e+01 | 41 -0.00816  1.95080e+01 | 42 -0.02330  4.08958e+00
 43 -0.00859 -7.90390e+00 | 44  0.03356 -1.25029e+01 | 45  0.02926 -6.20225e+00
 46 -0.03108 -1.86822e+01 | 47  0.00544 -3.84919e+01 | 48  0.01073 -2.54748e+01
 49  0.03439 -5.97253e+00 | 50  0.06011  6.96069e+00 | 51 -0.03919  4.22448e+00
 52 -0.05742  3.64353e+00 | 53  0.02461 -1.10294e+00 | 54  0.01263 -7.23086e+00
 55  0.00459 -3.59705e+00 | 56  0.06433 -3.72364e+00 | 57  0.06173 -2.69014e+01
 58  0.07597 -4.31193e+01 | 59  0.04834 -2.13915e+01 | 60  0.03506 -1.30391e+01
 61  0.09614 -2.34651e+01 | 62  0.06473 -2.99527e+00 | 63  0.05760  7.81267e+00
 64  0.02118  2.63305e+00 | 65 -0.04441 -5.53619e+00 | 66 -0.04547 -8.62389e+00
 67 -0.12433 -1.07977e+01 | 68 -1.04131 -1.78309e+00 | 69 -0.18571 -6.76307e-02
 70 -0.64457 -3.56693e+00 | 71 -0.78666  9.34085e-01 | 72 -0.23580 -1.07275e+00
 73  0.18940  9.63225e-04 | 74 -0.04701  2.46468e-01 | 75 -0.20347 -5.11375e+00
 76  0.17674  8.94308e-04 | 77  0.31199  1.67625e-03 |
77 variables; iteration 60; function evaluation 72; phase 3
Function value 3.6768915e+03; maximum gradient component mag 4.0645e+02
Var    Value     Gradient |Var    Value     Gradient |Var    Value     Gradient
  1 -0.58265 -5.52594e+01 |  2 -0.68900 -3.89341e+01 |  3 -0.60433  7.52976e+01
  4 -0.65963  1.80673e+01 |  5 -0.15708  4.06446e+02 |  6 -0.05994 -1.59236e+00
  7 -0.06911 -3.12783e+00 |  8 -0.06717 -2.56586e+00 |  9 -0.06158 -1.85757e+00
 10 -0.05313 -1.28754e+00 | 11 -0.04759 -2.01262e+00 | 12 -0.02460  8.58443e-01
 13 -0.02187  6.14288e-01 | 14 -0.03011  2.71499e-01 | 15 -0.04208 -6.94365e-01
 16 -0.03810  1.25146e-01 | 17 -0.00647  3.35193e+00 | 18  0.02861  5.94549e+00
 19 -0.01696  9.46628e-01 | 20 -0.01713  1.06850e-01 | 21 -0.00155 -2.75372e-01
 22 -0.00261  4.04067e+00 | 23  0.05027  9.50445e+00 | 24  0.04326  5.25416e+00
 25 -0.01303  6.26855e+00 | 26 -0.00116  8.18981e-01 | 27 -0.00150  6.11785e+00
 28  0.04949  1.00617e+01 | 29  0.01391  5.17400e+00 | 30 -0.01310  4.74857e-01
 31  0.00111  7.45317e+00 | 32 -0.03037  2.40424e+00 | 33  0.03774  5.14382e+00
 34 -0.00573  6.22904e+00 | 35  0.02160  2.31417e+00 | 36 -0.01823  2.06301e+00
 37  0.01845  2.38353e+00 | 38 -0.02567 -6.57091e-02 | 39  0.03959  3.48462e+00
 40  0.01779  3.66284e+00 | 41 -0.01010  5.43813e-01 | 42 -0.02428 -8.90985e-01
 43 -0.00713  1.12991e+00 | 44  0.03482 -1.23039e-01 | 45  0.02766 -1.37272e+00
 46 -0.02940 -1.04497e+00 | 47  0.01075 -9.36966e-01 | 48  0.01284 -2.10846e+00
 49  0.03336 -3.37637e+00 | 50  0.05974 -9.12796e-01 | 51 -0.04012 -1.66534e-01
 52 -0.06078 -2.19635e+00 | 53  0.02349 -4.63369e+00 | 54  0.01487 -1.11841e+00
 55  0.00350 -2.92779e+00 | 56  0.06170 -4.11770e+00 | 57  0.06362 -4.00173e+00
 58  0.07936 -6.54085e+00 | 59  0.04785 -4.22227e+00 | 60  0.03226 -5.19732e+00
 61  0.09768 -5.98021e+00 | 62  0.06145 -4.90661e+00 | 63  0.05291 -4.62269e+00
 64  0.01603 -4.57034e+00 | 65 -0.04795 -4.36702e+00 | 66 -0.04645 -2.90171e+00
 67 -0.12063 -3.60672e+00 | 68 -1.01404 -6.20654e-01 | 69 -0.17444  4.60222e-01
 70 -0.64212 -3.46331e-01 | 71 -0.78930 -1.36533e+00 | 72 -0.22670 -3.48351e-01
 73  0.18792  9.55242e-04 | 74 -0.04015  1.11344e+00 | 75 -0.19556 -2.13019e+00
 76  0.17537  8.86749e-04 | 77  0.30942  1.65990e-03 |
Maximum number of function evaluations exceeded

 - final statistics:
77 variables; iteration 79; function evaluation 100
Function value 3.6767e+03; maximum gradient component mag 1.9459e+01
Exit code = 3;  converg criter 1.0000e+00
Var    Value     Gradient |Var    Value     Gradient |Var    Value     Gradient
  1 -0.58265  7.08288e+00 |  2 -0.68899  6.43096e+00 |  3 -0.60432  1.94594e+01
  4 -0.65964  7.66991e+00 |  5 -0.15724  1.81637e+01 |  6 -0.06219 -3.88947e-02
  7 -0.06339  2.03192e-01 |  8 -0.06333  1.94423e-01 |  9 -0.06181 -2.45962e-01
 10 -0.05403 -1.67366e-01 | 11 -0.04274 -1.40480e-01 | 12 -0.02985 -5.98979e-02
 13 -0.02417 -1.46897e-01 | 14 -0.03030 -7.41712e-02 | 15 -0.03916 -3.00603e-01
 16 -0.03431  4.68655e-02 | 17 -0.00973 -1.12957e-01 | 18  0.02416  2.13988e-01
 19 -0.01423 -8.19842e-02 | 20 -0.01711  9.02739e-02 | 21  0.00602  1.03092e-01
 22 -0.00482  1.85553e-02 | 23  0.04331 -1.05671e-01 | 24  0.05326  4.93464e-01
 25 -0.02667  4.58682e-01 | 26  0.00715  2.04892e-01 | 27 -0.00582  3.34318e-01
 28  0.05047 -1.36258e-01 | 29  0.01276  2.71191e-01 | 30 -0.01034  1.98576e-01
 31 -0.00077  2.61812e-01 | 32 -0.02993 -1.00153e-01 | 33  0.03858  3.13246e-01
 34 -0.00760  2.87444e-02 | 35  0.02265  3.21801e-01 | 36 -0.01879  1.76891e-01
 37  0.01856  1.44785e-01 | 38 -0.02545  1.32792e-01 | 39  0.03957 -2.73298e-01
 40  0.01722 -4.21560e-01 | 41 -0.01012 -2.61192e-01 | 42 -0.02392 -2.33702e-01
 43 -0.00790 -1.48667e-01 | 44  0.03496  7.44659e-02 | 45  0.02788  1.00407e-01
 46 -0.02977  9.53974e-02 | 47  0.01084  1.88415e-01 | 48  0.01271  2.46784e-02
 49  0.03384  2.91457e-01 | 50  0.05973 -4.38900e-01 | 51 -0.04121 -2.91640e-01
 52 -0.06129 -3.07443e-01 | 53  0.02441 -1.62260e-01 | 54  0.01377 -2.10700e-01
 55  0.00366 -1.74858e-01 | 56  0.06191 -2.13697e-01 | 57  0.06307  9.97708e-02
 58  0.08009  1.32157e-01 | 59  0.04695 -1.38133e-01 | 60  0.03245 -1.72256e-01
 61  0.09731 -2.20697e-01 | 62  0.06108 -2.49776e-01 | 63  0.05232 -6.15101e-01
 64  0.01563 -4.35080e-01 | 65 -0.04806 -2.55886e-01 | 66 -0.04715 -1.13215e-01
 67 -0.12067 -3.28418e-01 | 68 -0.99960  1.67756e-02 | 69 -0.18469  2.56878e-02
 70 -0.64050  2.90243e-01 | 71 -0.78557  4.26057e-01 | 72 -0.22960 -1.10129e-02
 73  0.18285  9.27994e-04 | 74 -0.04379  6.13359e-03 | 75 -0.19058  1.51687e-01
 76  0.17066  8.60751e-04 | 77  0.30063  1.60464e-03 |

Initial statistics: 77 variables; iteration 0; function evaluation 0; phase 4
Function value 3.6767443e+03; maximum gradient component mag 1.9459e+01
Var    Value     Gradient |Var    Value     Gradient |Var    Value     Gradient
  1 -0.58265  7.08288e+00 |  2 -0.68899  6.43096e+00 |  3 -0.60432  1.94594e+01
  4 -0.65964  7.66991e+00 |  5 -0.15724  1.81637e+01 |  6 -0.06219 -3.97791e-03
  7 -0.06339  2.38102e-01 |  8 -0.06333  2.29334e-01 |  9 -0.06181 -2.11043e-01
 10 -0.05403 -1.32408e-01 | 11 -0.04273 -1.05475e-01 | 12 -0.02985 -2.48524e-02
 13 -0.02417 -1.11839e-01 | 14 -0.03030 -3.91269e-02 | 15 -0.03916 -2.65585e-01
 16 -0.03431  8.18987e-02 | 17 -0.00973 -7.78770e-02 | 18  0.02416  2.49047e-01
 19 -0.01423 -4.69089e-02 | 20 -0.01711  1.25345e-01 | 21  0.00603  1.38174e-01
 22 -0.00482  5.36384e-02 | 23  0.04332 -7.06679e-02 | 24  0.05326  5.28425e-01
 25 -0.02667  4.93735e-01 | 26  0.00715  2.39974e-01 | 27 -0.00582  3.69400e-01
 28  0.05047 -1.01284e-01 | 29  0.01276  3.06268e-01 | 30 -0.01034  2.33655e-01
 31 -0.00077  2.96896e-01 | 32 -0.02993 -6.51079e-02 | 33  0.03859  3.48266e-01
 34 -0.00760  6.38260e-02 | 35  0.02265  3.56862e-01 | 36 -0.01879  2.11960e-01
 37  0.01857  1.79854e-01 | 38 -0.02545  1.67848e-01 | 39  0.03957 -2.38281e-01
 40  0.01722 -3.86488e-01 | 41 -0.01012 -2.26112e-01 | 42 -0.02391 -1.98643e-01
 43 -0.00790 -1.13586e-01 | 44  0.03496  1.09497e-01 | 45  0.02789  1.35457e-01
 46 -0.02977  1.30443e-01 | 47  0.01085  2.23494e-01 | 48  0.01271  5.97555e-02
 49  0.03384  3.26492e-01 | 50  0.05973 -4.03971e-01 | 51 -0.04121 -2.56630e-01
 52 -0.06128 -2.72521e-01 | 53  0.02441 -1.27202e-01 | 54  0.01377 -1.75624e-01
 55  0.00366 -1.39775e-01 | 56  0.06192 -1.78779e-01 | 57  0.06307  1.34683e-01
 58  0.08009  1.66964e-01 | 59  0.04696 -1.03145e-01 | 60  0.03245 -1.37217e-01
 61  0.09732 -1.86022e-01 | 62  0.06109 -2.14854e-01 | 63  0.05232 -5.80135e-01
 64  0.01563 -4.00007e-01 | 65 -0.04806 -2.20902e-01 | 66 -0.04715 -7.82269e-02
 67 -0.12067 -2.93963e-01 | 68 -0.99960  1.67756e-02 | 69 -0.18469  2.56878e-02
 70 -0.64050  2.90243e-01 | 71 -0.78557  4.26057e-01 | 72 -0.22960 -1.10129e-02
 73  0.18285  9.27994e-04 | 74 -0.04379  6.13359e-03 | 75 -0.19058  1.51687e-01
 76  0.17066  8.60751e-04 | 77  0.30063  1.60464e-03 |

Intermediate statistics: 77 variables; iteration 20; function evaluation 24; phase 4
Function value 3.6767435e+03; maximum gradient component mag 3.3483e+00
Var    Value     Gradient |Var    Value     Gradient |Var    Value     Gradient
  1 -0.58265  3.61943e-01 |  2 -0.68899  1.25321e+00 |  3 -0.60433 -1.46561e+00
  4 -0.65963  3.34831e+00 |  5 -0.15724  3.08398e-02 |  6 -0.06241  2.12607e-01
  7 -0.06439  2.69563e-01 |  8 -0.06428  2.66465e-01 |  9 -0.06125  1.60953e-01
 10 -0.05374  1.73316e-01 | 11 -0.04255  1.69782e-01 | 12 -0.03002  1.74601e-01
 13 -0.02401  1.42279e-01 | 14 -0.03053  1.53413e-01 | 15 -0.03845  1.04571e-01
 16 -0.03487  1.85911e-01 | 17 -0.00917  1.41833e-01 | 18  0.02357  2.06348e-01
 19 -0.01362  1.45684e-01 | 20 -0.01724  1.50658e-01 | 21  0.00605  6.64961e-03
 22 -0.00522 -1.49014e-01 | 23  0.04354 -3.55671e-01 | 24  0.05319  1.74233e-01
 25 -0.02695  5.30372e-01 | 26  0.00755  5.30442e-01 | 27 -0.00609  2.04191e-01
 28  0.05048 -6.63698e-01 | 29  0.01272  1.44717e-01 | 30 -0.01021  2.73140e-01
 31 -0.00090 -1.36995e-01 | 32 -0.02995 -2.00686e-01 | 33  0.03862  4.36125e-01
 34 -0.00754  4.55483e-01 | 35  0.02269  7.10220e-01 | 36 -0.01876  4.57580e-01
 37  0.01856  3.16102e-01 | 38 -0.02537  6.17771e-01 | 39  0.03961  2.27193e-01
 40  0.01725  3.00388e-02 | 41 -0.01006  2.22476e-01 | 42 -0.02388  1.23340e-01
 43 -0.00790 -7.63004e-03 | 44  0.03496  6.80622e-02 | 45  0.02789  2.45308e-01
 46 -0.02972  3.56848e-01 | 47  0.01081  1.29212e-01 | 48  0.01267  1.04275e-01
 49  0.03392  9.25890e-01 | 50  0.05982  4.23694e-01 | 51 -0.04122  1.42089e-01
 52 -0.06123  9.47031e-02 | 53  0.02444  1.95000e-01 | 54  0.01383  1.73924e-01
 55  0.00369  1.37003e-01 | 56  0.06196  6.25895e-02 | 57  0.06313  4.97029e-01
 58  0.08017  6.49752e-01 | 59  0.04705  2.84444e-01 | 60  0.03250  6.49653e-02
 61  0.09737  2.67723e-02 | 62  0.06125  4.41386e-01 | 63  0.05245  4.53551e-03
 64  0.01572 -1.03677e-02 | 65 -0.04796  1.59057e-01 | 66 -0.04708  2.68821e-01
 67 -0.12047  1.24387e-01 | 68 -0.99974  1.00883e-02 | 69 -0.18490  1.80087e-02
 70 -0.64060  2.72735e-01 | 71 -0.78587  2.43464e-01 | 72 -0.22959 -1.54257e-02
 73  0.18284  9.27942e-04 | 74 -0.04376  1.58980e-02 | 75 -0.19073  8.67968e-02
 76  0.17066  8.60700e-04 | 77  0.30061  1.60454e-03 |
77 variables; iteration 40; function evaluation 44; phase 4
Function value 3.6767431e+03; maximum gradient component mag 1.8329e+00
Var    Value     Gradient |Var    Value     Gradient |Var    Value     Gradient
  1 -0.58265  1.81193e-01 |  2 -0.68899  6.72483e-01 |  3 -0.60432 -7.71775e-01
  4 -0.65963  1.83286e+00 |  5 -0.15725  1.33668e-01 |  6 -0.06237  1.31164e-01
  7 -0.06456  1.41493e-01 |  8 -0.06445  1.39955e-01 |  9 -0.06100  1.28500e-01
 10 -0.05359  1.16692e-01 | 11 -0.04246  9.37805e-02 | 12 -0.03010  5.64286e-02
 13 -0.02406  1.65967e-02 | 14 -0.03070 -5.16629e-03 | 15 -0.03827  6.55953e-03
 16 -0.03505  1.53344e-02 | 17 -0.00926 -8.59023e-03 | 18  0.02373  9.38271e-02
 19 -0.01370  1.55594e-02 | 20 -0.01722  4.17660e-02 | 21  0.00597 -6.18116e-02
 22 -0.00516 -9.01353e-02 | 23  0.04371 -1.35476e-01 | 24  0.05318  2.37627e-01
 25 -0.02701  3.67475e-01 | 26  0.00759  2.85640e-01 | 27 -0.00622  5.71913e-02
 28  0.05064 -3.63392e-01 | 29  0.01267  1.62261e-01 | 30 -0.01019  2.27175e-01
 31 -0.00085 -4.34453e-02 | 32 -0.02989 -1.54139e-01 | 33  0.03860  2.78168e-01
 34 -0.00751  2.99854e-01 | 35  0.02267  4.04248e-01 | 36 -0.01878  2.14244e-01
 37  0.01860  2.23085e-01 | 38 -0.02542  4.12423e-01 | 39  0.03964  2.13872e-01
 40  0.01724 -3.45166e-02 | 41 -0.01005  1.83188e-01 | 42 -0.02386  1.19670e-01
 43 -0.00790 -2.86262e-02 | 44  0.03497  6.03002e-02 | 45  0.02791  1.89959e-01
 46 -0.02975  2.40721e-01 | 47  0.01083  1.43259e-01 | 48  0.01273  8.40333e-03
 49  0.03378  3.65167e-01 | 50  0.05987  3.19436e-01 | 51 -0.04127  7.69036e-02
 52 -0.06117  8.77196e-02 | 53  0.02441  4.18872e-02 | 54  0.01383  1.21784e-02
 55  0.00363 -9.51341e-04 | 56  0.06200  1.25965e-01 | 57  0.06311  3.57729e-01
 58  0.08011  2.62314e-01 | 59  0.04701  8.45340e-02 | 60  0.03251  1.06229e-01
 61  0.09738  1.10513e-01 | 62  0.06117  2.06879e-01 | 63  0.05245 -5.28050e-02
 64  0.01571 -4.01304e-02 | 65 -0.04802  6.35442e-02 | 66 -0.04710  1.22191e-01
 67 -0.12055 -8.32268e-03 | 68 -1.00003  9.92224e-03 | 69 -0.18695 -7.03413e-02
 70 -0.64064  1.75519e-01 | 71 -0.78617  8.66192e-02 | 72 -0.22958  9.00597e-03
 73  0.18241  9.25621e-04 | 74 -0.04378 -1.30114e-02 | 75 -0.19076  6.74782e-02
 76  0.17025  8.58452e-04 | 77  0.29986  1.59987e-03 |

 - final statistics:
77 variables; iteration 43; function evaluation 48
Function value 3.6767e+03; maximum gradient component mag 9.1905e-01
Exit code = 1;  converg criter 1.0000e+00
Var    Value     Gradient |Var    Value     Gradient |Var    Value     Gradient
  1 -0.58265  4.51865e-02 |  2 -0.68899  3.01952e-01 |  3 -0.60432 -3.05425e-01
  4 -0.65964  9.19048e-01 |  5 -0.15725  3.95223e-01 |  6 -0.06244  6.41607e-02
  7 -0.06462  7.64954e-02 |  8 -0.06454  6.85048e-02 |  9 -0.06117  3.92722e-02
 10 -0.05372  4.10520e-02 | 11 -0.04252  4.43366e-02 | 12 -0.03012  3.63027e-02
 13 -0.02390  5.56760e-02 | 14 -0.03058  4.76043e-02 | 15 -0.03803  8.68292e-02
 16 -0.03507  3.63428e-02 | 17 -0.00911  1.49382e-02 | 18  0.02353  3.46767e-02
 19 -0.01363 -2.55729e-02 | 20 -0.01728 -4.08528e-03 | 21  0.00600 -4.49688e-02
 22 -0.00518 -4.30670e-02 | 23  0.04384 -7.08154e-02 | 24  0.05310  5.82050e-02
 25 -0.02714  1.50358e-01 | 26  0.00764  1.65976e-01 | 27 -0.00628  6.01162e-02
 28  0.05073 -1.92314e-01 | 29  0.01257  2.01988e-02 | 30 -0.01018  1.34913e-01
 31 -0.00085  2.09237e-02 | 32 -0.02983 -5.41336e-02 | 33  0.03857  1.87469e-01
 34 -0.00750  1.48526e-01 | 35  0.02264  1.25922e-01 | 36 -0.01879  1.15371e-01
 37  0.01862  2.29793e-01 | 38 -0.02543  2.80055e-01 | 39  0.03960 -8.37297e-04
 40  0.01730  7.18184e-02 | 41 -0.01008  1.31769e-01 | 42 -0.02387  2.77595e-02
 43 -0.00789 -7.85937e-02 | 44  0.03496 -7.55791e-03 | 45  0.02793  1.48748e-01
 46 -0.02979  9.65063e-02 | 47  0.01083  5.36161e-02 | 48  0.01273 -1.02074e-01
 49  0.03376  1.38227e-01 | 50  0.05983  1.18871e-01 | 51 -0.04119  1.28736e-01
 52 -0.06123  3.31229e-02 | 53  0.02444  1.06418e-01 | 54  0.01379 -1.47456e-02
 55  0.00369  2.47120e-02 | 56  0.06196 -4.88672e-02 | 57  0.06308  1.46719e-01
 58  0.08011  1.69369e-01 | 59  0.04700  6.33903e-02 | 60  0.03250  1.20991e-01
 61  0.09738  4.50179e-02 | 62  0.06108 -5.84594e-02 | 63  0.05249 -9.40617e-03
 64  0.01565 -1.39342e-01 | 65 -0.04801  2.22406e-02 | 66 -0.04712  1.04821e-01
 67 -0.12032  6.40258e-02 | 68 -0.99940  2.60252e-02 | 69 -0.18649 -4.89381e-02
 70 -0.64068  7.27600e-02 | 71 -0.78613  1.07656e-01 | 72 -0.22962 -4.56061e-03
 73  0.18214  9.24171e-04 | 74 -0.04382 -8.76616e-03 | 75 -0.19088 -6.98666e-03
 76  0.17000  8.57045e-04 | 77  0.29939  1.59695e-03 |

Initial statistics: 89 variables; iteration 0; function evaluation 0; phase 5
Function value 3.6767429e+03; maximum gradient component mag 1.0072e+02
Var    Value     Gradient |Var    Value     Gradient |Var    Value     Gradient
  1 -0.58265  4.51865e-02 |  2 -0.68899  3.01952e-01 |  3 -0.60432 -3.05425e-01
  4 -0.65964  9.19048e-01 |  5 -0.15725  3.95223e-01 |  6 -0.06245  1.16142e-02
  7 -0.06462  2.39669e-02 |  8 -0.06454  1.59756e-02 |  9 -0.06117 -1.32846e-02
 10 -0.05372 -1.15604e-02 | 11 -0.04252 -8.34597e-03 | 12 -0.03013 -1.64385e-02
 13 -0.02390  2.91291e-03 | 14 -0.03058 -5.13507e-03 | 15 -0.03803  3.41231e-02
 16 -0.03507 -1.63774e-02 | 17 -0.00911 -3.78567e-02 | 18  0.02353 -1.80875e-02
 19 -0.01363 -7.83610e-02 | 20 -0.01728 -5.68661e-02 | 21  0.00600 -9.77667e-02
 22 -0.00518 -9.58656e-02 | 23  0.04384 -1.23491e-01 | 24  0.05309  5.58822e-03
 25 -0.02714  9.76054e-02 | 26  0.00764  1.13179e-01 | 27 -0.00628  7.31850e-03
 28  0.05073 -2.44947e-01 | 29  0.01257 -3.25912e-02 | 30 -0.01018  8.21199e-02
 31 -0.00085 -3.18766e-02 | 32 -0.02983 -1.06876e-01 | 33  0.03857  1.34765e-01
 34 -0.00750  9.57292e-02 | 35  0.02264  7.31552e-02 | 36 -0.01879  6.25937e-02
 37  0.01861  1.77016e-01 | 38 -0.02544  2.27297e-01 | 39  0.03960 -5.35355e-02
 40  0.01730  1.90376e-02 | 41 -0.01008  7.89757e-02 | 42 -0.02388 -2.50036e-02
 43 -0.00789 -1.31390e-01 | 44  0.03495 -6.02786e-02 | 45  0.02792  9.59986e-02
 46 -0.02979  4.37638e-02 | 47  0.01083  8.23415e-04 | 48  0.01272 -1.54864e-01
 49  0.03376  8.55012e-02 | 50  0.05983  6.63034e-02 | 51 -0.04119  7.60459e-02
 52 -0.06123 -1.94333e-02 | 53  0.02444  5.36571e-02 | 54  0.01378 -6.75336e-02
 55  0.00368 -2.80874e-02 | 56  0.06195 -1.01418e-01 | 57  0.06308  9.41780e-02
 58  0.08010  1.16986e-01 | 59  0.04699  1.07338e-02 | 60  0.03250  6.82592e-02
 61  0.09738 -7.16592e-03 | 62  0.06107 -1.11017e-01 | 63  0.05249 -6.20271e-02
 64  0.01565 -1.92126e-01 | 65 -0.04802 -3.04096e-02 | 66 -0.04712  5.21651e-02
 67 -0.12032  1.21657e-02 | 68 -0.99940  2.60252e-02 | 69 -0.18649 -4.89381e-02
 70 -0.64068  7.27600e-02 | 71 -0.78613  1.07656e-01 | 72  0.29554  3.27199e+00
 73  0.03437 -8.35640e-05 | 74 -0.04285 -8.20617e+00 | 75  0.25980  2.87742e+00
 76 -0.03018  6.97645e-04 | 77  0.02400 -7.48750e+00 | 78  0.10938 -8.69546e+01
 79 -0.10852 -1.07759e-01 | 80 -0.02761  1.00721e+02 | 81  0.05983  2.22753e+00
 82 -0.15813  3.05867e-03 | 83 -0.05162 -3.43653e+00 | 84 -0.22962 -4.56061e-03
 85  0.18214  9.24171e-04 | 86 -0.04382 -8.76616e-03 | 87 -0.19088 -6.98666e-03
 88  0.17000  8.57045e-04 | 89  0.29939  1.59695e-03 |

Intermediate statistics: 89 variables; iteration 20; function evaluation 25; phase 5
Function value 3.6767077e+03; maximum gradient component mag -1.2541e+02
Var    Value     Gradient |Var    Value     Gradient |Var    Value     Gradient
  1 -0.58273 -1.25406e+02 |  2 -0.68891 -1.10795e+01 |  3 -0.60433 -8.61518e+01
  4 -0.65967 -5.50667e+01 |  5 -0.15733 -9.23965e+01 |  6 -0.06232  6.49212e-01
  7 -0.06459  6.23332e-01 |  8 -0.06445  6.04363e-01 |  9 -0.06087  5.88649e-01
 10 -0.05343  5.38287e-01 | 11 -0.04225  4.65657e-01 | 12 -0.02978  3.77911e-01
 13 -0.02370  2.87826e-01 | 14 -0.03033  2.63931e-01 | 15 -0.03813  2.20857e-01
 16 -0.03483  1.57155e-01 | 17 -0.00880 -1.13498e-01 | 18  0.02345 -5.53556e-01
 19 -0.01327 -2.54098e-01 | 20 -0.01722 -3.19047e-01 | 21  0.00616 -6.73593e-01
 22 -0.00513 -5.98628e-01 | 23  0.04409 -1.33172e+00 | 24  0.05319 -1.51705e+00
 25 -0.02715 -3.70083e-01 | 26  0.00781 -8.02534e-01 | 27 -0.00633 -7.53941e-01
 28  0.05090 -1.78604e+00 | 29  0.01254 -1.15356e+00 | 30 -0.01016 -7.98652e-01
 31 -0.00084 -9.46327e-01 | 32 -0.02978 -5.76515e-01 | 33  0.03850 -1.59268e+00
 34 -0.00756 -7.34380e-01 | 35  0.02260 -1.04291e+00 | 36 -0.01884 -4.28982e-01
 37  0.01858 -7.60868e-01 | 38 -0.02558 -2.14823e-01 | 39  0.03958 -8.00349e-01
 40  0.01722 -3.59590e-01 | 41 -0.01020 -5.82295e-02 | 42 -0.02396  8.47381e-02
 43 -0.00794  9.36434e-02 | 44  0.03490 -5.34815e-02 | 45  0.02790  1.90816e-01
 46 -0.02981  4.17748e-01 | 47  0.01076  6.83818e-02 | 48  0.01272  4.87089e-02
 49  0.03363 -4.77067e-02 | 50  0.05979 -8.46516e-03 | 51 -0.04133  5.98908e-01
 52 -0.06122  7.75277e-01 | 53  0.02436  7.22946e-01 | 54  0.01373  7.62406e-01
 55  0.00353  8.04063e-01 | 56  0.06185  8.03309e-01 | 57  0.06288  9.77456e-01
 58  0.07992  1.06108e+00 | 59  0.04679  1.00111e+00 | 60  0.03224  9.86367e-01
 61  0.09719  1.22341e+00 | 62  0.06091  1.27419e+00 | 63  0.05237  1.43846e+00
 64  0.01568  1.40828e+00 | 65 -0.04808  1.14264e+00 | 66 -0.04731  1.02857e+00
 67 -0.12057  9.25729e-01 | 68 -0.99968  1.27560e-02 | 69 -0.18592 -3.06604e-02
 70 -0.63951  4.10122e-01 | 71 -0.78522  3.23516e-01 | 72  0.29614  1.94271e+00
 73  0.03437 -2.51463e-04 | 74 -0.04251 -2.85607e+00 | 75  0.25900  2.80195e+00
 76 -0.03018  3.81437e-04 | 77  0.02360 -8.84838e+00 | 78  0.11045 -5.68660e+01
 79 -0.10806 -7.69961e-02 | 80 -0.02724  7.26045e+01 | 81  0.06031  1.24963e+00
 82 -0.15816  3.75240e-03 | 83 -0.05123 -1.42037e+00 | 84 -0.22937  8.44605e-04
 85  0.18213  9.24111e-04 | 86 -0.04377 -7.29166e-03 | 87 -0.19058 -4.30731e-04
 88  0.16999  8.57036e-04 | 89  0.29937  1.59684e-03 |
89 variables; iteration 40; function evaluation 46; phase 5
Function value 3.6766876e+03; maximum gradient component mag -3.0741e+01
Var    Value     Gradient |Var    Value     Gradient |Var    Value     Gradient
  1 -0.58269 -3.07411e+01 |  2 -0.68896 -2.44693e+00 |  3 -0.60436 -1.99980e+01
  4 -0.65961 -1.35677e+01 |  5 -0.15731 -2.01338e+01 |  6 -0.06227  2.05922e-01
  7 -0.06431  2.50150e-01 |  8 -0.06416  2.58144e-01 |  9 -0.06085  2.17518e-01
 10 -0.05335  2.27253e-01 | 11 -0.04208  2.37385e-01 | 12 -0.03007  1.45053e-01
 13 -0.02348  2.16671e-01 | 14 -0.03088  7.71153e-02 | 15 -0.03707  3.37118e-01
 16 -0.03487  1.05349e-01 | 17 -0.01029 -1.70052e-01 | 18  0.02537  1.74753e-01
 19 -0.01543 -3.73345e-01 | 20 -0.01643  9.49653e-02 | 21  0.00609 -4.58569e-02
 22 -0.00460 -4.84704e-02 | 23  0.04363 -6.30869e-01 | 24  0.05319 -5.74828e-01
 25 -0.02705  9.21045e-02 | 26  0.00782  2.16769e-01 | 27 -0.00646  1.05203e-01
 28  0.05098  2.28999e-01 | 29  0.01246 -1.59498e-01 | 30 -0.01027 -4.57011e-01
 31 -0.00099 -5.88325e-01 | 32 -0.02988  3.22743e-02 | 33  0.03861  7.89076e-01
 34 -0.00761 -2.42586e-02 | 35  0.02239 -1.20053e+00 | 36 -0.01892 -3.59060e-01
 37  0.01866  5.46339e-01 | 38 -0.02555  2.38724e-01 | 39  0.03949 -4.60609e-01
 40  0.01714 -2.22115e-01 | 41 -0.01018  2.74609e-01 | 42 -0.02392  3.72716e-01
 43 -0.00798 -6.63912e-02 | 44  0.03475 -7.68786e-01 | 45  0.02779 -2.61561e-01
 46 -0.02975  3.55381e-01 | 47  0.01074 -2.08519e-02 | 48  0.01257 -8.97761e-01
 49  0.03338 -1.18690e+00 | 50  0.05990 -2.85964e-01 | 51 -0.04167 -2.96481e-01
 52 -0.06097  2.99119e-01 | 53  0.02419  6.83888e-02 | 54  0.01401  6.68659e-01
 55  0.00345 -1.07508e-01 | 56  0.06167 -7.49424e-01 | 57  0.06289  3.13251e-01
 58  0.08014  1.24723e+00 | 59  0.04676  2.06592e-01 | 60  0.03226 -1.10757e-01
 61  0.09737  4.82389e-01 | 62  0.06115  5.77720e-01 | 63  0.05252  3.58060e-01
 64  0.01587  4.48926e-01 | 65 -0.04794  2.43203e-01 | 66 -0.04737  2.58747e-01
 67 -0.12076  1.69372e-01 | 68 -1.00149 -6.57476e-02 | 69 -0.18080  1.80298e-01
 70 -0.63960  8.96728e-02 | 71 -0.78482  4.95069e-01 | 72  0.29603  4.83545e-01
 73  0.03446 -6.93486e-05 | 74 -0.04253 -8.02837e-01 | 75  0.25981  1.02777e+00
 76 -0.03050  4.52772e-04 | 77  0.02423 -2.13104e+00 | 78  0.11107 -1.45791e+01
 79 -0.08644  5.90755e-02 | 80 -0.02714  1.77772e+01 | 81  0.06008  1.15601e-01
 82 -0.16040  1.29848e-04 | 83 -0.05133 -5.25825e-01 | 84 -0.23141 -3.21680e-01
 85  0.18142  9.20311e-04 | 86 -0.04521  7.89025e-03 | 87 -0.19123 -2.50171e-01
 88  0.16933  8.53331e-04 | 89  0.29815  1.58921e-03 |
89 variables; iteration 60; function evaluation 69; phase 5
Function value 3.6766829e+03; maximum gradient component mag -2.5765e+00
Var    Value     Gradient |Var    Value     Gradient |Var    Value     Gradient
  1 -0.58268 -2.57653e+00 |  2 -0.68898 -1.62864e-01 |  3 -0.60436 -1.82617e+00
  4 -0.65959 -1.31095e+00 |  5 -0.15731 -1.95926e+00 |  6 -0.06245  4.99883e-03
  7 -0.06443  5.98392e-02 |  8 -0.06430  6.26832e-02 |  9 -0.06107  3.78210e-03
 10 -0.05353  2.09901e-02 | 11 -0.04233  1.90175e-02 | 12 -0.02991  5.88420e-03
 13 -0.02384 -1.27350e-02 | 14 -0.03037  1.05626e-03 | 15 -0.03807 -4.95720e-03
 16 -0.03508 -3.94768e-02 | 17 -0.00848  4.75484e-02 | 18  0.02324 -5.38324e-02
 19 -0.01297  4.74316e-02 | 20 -0.01747 -4.56996e-02 | 21  0.00635  3.77496e-02
 22 -0.00501  2.65450e-02 | 23  0.04401 -1.61698e-02 | 24  0.05316  6.63656e-02
 25 -0.02697  1.57084e-01 | 26  0.00766  1.09321e-01 | 27 -0.00631  1.20864e-01
 28  0.05090  3.52664e-01 | 29  0.01255  1.97041e-01 | 30 -0.01020 -3.34997e-02
 31 -0.00100 -2.14822e-01 | 32 -0.02980  2.83822e-01 | 33  0.03860  8.81536e-01
 34 -0.00775 -1.53545e-01 | 35  0.02248 -3.73825e-01 | 36 -0.01880  2.36863e-01
 37  0.01854  4.17952e-01 | 38 -0.02545  4.27073e-01 | 39  0.03947 -2.03541e-01
 40  0.01713 -8.71835e-02 | 41 -0.01014  2.51342e-01 | 42 -0.02404 -8.74589e-02
 43 -0.00809 -3.52377e-01 | 44  0.03490 -1.42186e-01 | 45  0.02771 -4.68727e-01
 46 -0.02987 -1.73611e-01 | 47  0.01070 -2.54040e-01 | 48  0.01260 -4.99862e-01
 49  0.03355 -5.00375e-01 | 50  0.05973 -3.97652e-01 | 51 -0.04133 -1.35684e-01
 52 -0.06126 -1.83225e-01 | 53  0.02423 -3.47676e-01 | 54  0.01388  2.78125e-01
 55  0.00350  1.87730e-02 | 56  0.06179 -1.62506e-01 | 57  0.06290 -4.03283e-02
 58  0.07981  1.92016e-02 | 59  0.04696  4.45341e-01 | 60  0.03237  1.71145e-01
 61  0.09722 -2.29103e-01 | 62  0.06126  2.41066e-01 | 63  0.05236 -2.98509e-01
 64  0.01603  4.14490e-01 | 65 -0.04794  1.39602e-01 | 66 -0.04724 -4.57719e-02
 67 -0.12033  8.32431e-02 | 68 -0.99987  2.88162e-03 | 69 -0.18695 -7.38867e-02
 70 -0.63979 -2.03667e-01 | 71 -0.78564  4.56406e-02 | 72  0.29604  1.11787e-01
 73  0.03450 -2.57887e-05 | 74 -0.04251 -5.11913e-02 | 75  0.25922  5.93526e-02
 76 -0.03066  3.66301e-04 | 77  0.02413 -2.06631e-01 | 78  0.11130 -1.48483e+00
 79 -0.09846  1.58773e-03 | 80 -0.02709  1.33369e+00 | 81  0.06031  1.08279e-01
 82 -0.16107  3.47058e-04 | 83 -0.05112  5.77502e-02 | 84 -0.22976  6.58741e-02
 85  0.18102  9.18204e-04 | 86 -0.04420 -1.69872e-01 | 87 -0.19062  3.72868e-02
 88  0.16897  8.51276e-04 | 89  0.29747  1.58499e-03 |
89 variables; iteration 80; function evaluation 94; phase 5
Function value 3.6766823e+03; maximum gradient component mag -2.3389e-01
Var    Value     Gradient |Var    Value     Gradient |Var    Value     Gradient
  1 -0.58268 -2.33886e-01 |  2 -0.68898 -1.05245e-02 |  3 -0.60437 -1.39832e-01
  4 -0.65959 -1.16780e-01 |  5 -0.15731 -1.22530e-01 |  6 -0.06257 -4.78899e-02
  7 -0.06450  2.08128e-02 |  8 -0.06430  4.00675e-02 |  9 -0.06103 -7.61751e-03
 10 -0.05344  2.46387e-02 | 11 -0.04234  5.88603e-03 | 12 -0.02990 -2.81273e-03
 13 -0.02356  1.99245e-02 | 14 -0.03057 -5.96510e-02 | 15 -0.03830 -7.73247e-02
 16 -0.03489 -2.36472e-02 | 17 -0.00861  2.94178e-02 | 18  0.02347 -3.41526e-03
 19 -0.01335 -5.87215e-03 | 20 -0.01708  1.86095e-02 | 21  0.00615 -6.61924e-03
 22 -0.00505  7.60530e-03 | 23  0.04409  8.37767e-03 | 24  0.05316 -1.28439e-02
 25 -0.02722  6.97587e-03 | 26  0.00781  7.22180e-02 | 27 -0.00643 -5.97377e-02
 28  0.05088  5.88194e-02 | 29  0.01252  4.32080e-02 | 30 -0.01023 -2.54485e-02
 31 -0.00094 -3.27581e-02 | 32 -0.02981  7.40879e-02 | 33  0.03840  7.35193e-02
 34 -0.00763  1.89795e-02 | 35  0.02249 -6.08594e-02 | 36 -0.01887  3.55767e-02
 37  0.01852  5.26238e-02 | 38 -0.02560  4.01986e-02 | 39  0.03952 -1.44129e-02
 40  0.01714 -3.45381e-02 | 41 -0.01020  6.27076e-02 | 42 -0.02403 -3.66061e-02
 43 -0.00799 -3.68011e-02 | 44  0.03487 -2.07947e-04 | 45  0.02778 -1.02668e-01
 46 -0.02977  8.88047e-02 | 47  0.01066 -1.10937e-01 | 48  0.01275  1.62535e-02
 49  0.03358 -1.01321e-01 | 50  0.05979 -3.02271e-02 | 51 -0.04131 -2.51552e-02
 52 -0.06123 -4.00803e-02 | 53  0.02437 -2.58277e-02 | 54  0.01374  1.07059e-02
 55  0.00359  4.01790e-02 | 56  0.06181 -4.16539e-02 | 57  0.06292  3.15489e-02
 58  0.07986 -3.05934e-02 | 59  0.04691  9.71026e-02 | 60  0.03233 -1.60333e-02
 61  0.09735 -5.99958e-03 | 62  0.06115  2.41519e-02 | 63  0.05258 -2.13149e-02
 64  0.01588  5.14473e-02 | 65 -0.04791  1.64133e-02 | 66 -0.04714  3.55256e-02
 67 -0.12050 -1.73222e-02 | 68 -0.99974  1.00436e-02 | 69 -0.18536 -4.38006e-03
 70 -0.63973 -4.00274e-02 | 71 -0.78564  5.75019e-03 | 72  0.29601  1.33619e-02
 73  0.03452 -4.58802e-06 | 74 -0.04252 -4.87655e-03 | 75  0.25923  1.60535e-03
 76 -0.03123  2.87778e-04 | 77  0.02414 -2.20241e-02 | 78  0.11134 -1.41435e-01
 79 -0.09897  5.21501e-04 | 80 -0.02707  1.14826e-01 | 81  0.06024  1.37079e-02
 82 -0.16109  3.97503e-05 | 83 -0.05117  8.28494e-03 | 84 -0.22943  1.33872e-02
 85  0.17944  9.09735e-04 | 86 -0.04377 -2.68613e-02 | 87 -0.19072  8.10930e-03
 88  0.16750  8.42918e-04 | 89  0.29474  1.56805e-03 |
89 variables; iteration 100; function evaluation 126; phase 5
Function value 3.6766820e+03; maximum gradient component mag -1.1458e-01
Var    Value     Gradient |Var    Value     Gradient |Var    Value     Gradient
  1 -0.58268 -1.14576e-01 |  2 -0.68898 -1.00087e-02 |  3 -0.60437 -5.29992e-02
  4 -0.65959 -4.97869e-02 |  5 -0.15731 -4.68566e-03 |  6 -0.06243 -1.83459e-02
  7 -0.06450  1.68065e-02 |  8 -0.06444  6.77306e-03 |  9 -0.06093  9.61559e-03
 10 -0.05341  2.55655e-02 | 11 -0.04256 -4.25908e-02 | 12 -0.02980  1.42229e-02
 13 -0.02363  1.69961e-02 | 14 -0.03046 -2.24504e-02 | 15 -0.03814 -2.87871e-02
 16 -0.03492 -1.87353e-02 | 17 -0.00874  1.15304e-02 | 18  0.02354  4.37318e-03
 19 -0.01331 -1.52729e-03 | 20 -0.01718 -2.13325e-03 | 21  0.00621  3.46779e-03
 22 -0.00503  8.01009e-03 | 23  0.04405 -1.64487e-03 | 24  0.05320  1.09618e-03
 25 -0.02721 -2.22771e-03 | 26  0.00776  3.09903e-02 | 27 -0.00636 -2.22441e-02
 28  0.05086  2.54239e-02 | 29  0.01252  1.85431e-02 | 30 -0.01023 -8.30846e-03
 31 -0.00093 -1.46238e-02 | 32 -0.02983  3.11689e-02 | 33  0.03841  3.15421e-02
 34 -0.00763  6.65031e-03 | 35  0.02250 -2.38581e-02 | 36 -0.01888  1.33369e-02
 37  0.01852  2.33903e-02 | 38 -0.02561  1.49511e-02 | 39  0.03952 -5.38516e-03
 40  0.01715 -1.46180e-02 | 41 -0.01023  2.52897e-02 | 42 -0.02401 -1.37078e-02
 43 -0.00798 -1.60254e-02 | 44  0.03486 -5.58282e-04 | 45  0.02781 -4.14117e-02
 46 -0.02982  3.30399e-02 | 47  0.01070 -4.31933e-02 | 48  0.01272  4.85897e-03
 49  0.03360 -4.11608e-02 | 50  0.05979 -1.34193e-02 | 51 -0.04130 -1.12474e-02
 52 -0.06122 -1.69011e-02 | 53  0.02437 -1.17518e-02 | 54  0.01374  4.92031e-03
 55  0.00357  1.53659e-02 | 56  0.06183 -1.71626e-02 | 57  0.06289  1.26545e-02
 58  0.07987 -1.32099e-02 | 59  0.04687  3.81654e-02 | 60  0.03234 -6.01947e-03
 61  0.09733 -3.98699e-03 | 62  0.06113  9.43207e-03 | 63  0.05257 -9.50600e-03
 64  0.01585  1.99007e-02 | 65 -0.04792  6.59405e-03 | 66 -0.04717  1.33094e-02
 67 -0.12049 -7.52826e-03 | 68 -0.99980  7.09391e-03 | 69 -0.18528 -1.66532e-03
 70 -0.63970 -1.62935e-02 | 71 -0.78564  1.94721e-03 | 72  0.29601  6.48973e-03
 73  0.03452 -1.82704e-06 | 74 -0.04252 -3.05587e-03 | 75  0.25924  2.20018e-03
 76 -0.02111  1.74895e-03 | 77  0.02414 -1.03103e-02 | 78  0.11134 -6.00305e-02
 79 -0.09898  5.04405e-04 | 80 -0.02707  5.09353e-02 | 81  0.06024  5.70371e-03
 82 -0.16109  1.57247e-05 | 83 -0.05118  2.85884e-03 | 84 -0.22941  5.35956e-03
 85  0.06822  3.88208e-04 | 86 -0.04374 -1.12580e-02 | 87 -0.19072  3.16071e-03
 88  0.14000  2.54473e-03 | 89  0.10590  5.18188e-04 |
89 variables; iteration 120; function evaluation 181; phase 5
Function value 3.6766324e+03; maximum gradient component mag -6.1370e-02
Var    Value     Gradient |Var    Value     Gradient |Var    Value     Gradient
  1 -0.58268 -2.56382e-02 |  2 -0.68898 -2.44878e-02 |  3 -0.60437 -6.13701e-02
  4 -0.65959 -1.89180e-02 |  5 -0.15731 -5.28204e-02 |  6 -0.06233  3.02650e-03
  7 -0.06459 -1.90677e-03 |  8 -0.06447 -7.77763e-04 |  9 -0.06097 -7.98062e-04
 10 -0.05354 -3.36942e-03 | 11 -0.04231  6.41502e-03 | 12 -0.02990 -1.40636e-03
 13 -0.02377 -2.00353e-03 | 14 -0.03037  3.82028e-03 | 15 -0.03804  4.43559e-03
 16 -0.03486  3.01900e-03 | 17 -0.00883 -2.04999e-03 | 18  0.02354 -8.01688e-04
 19 -0.01330  7.69162e-05 | 20 -0.01717  2.47696e-04 | 21  0.00621 -3.46623e-04
 22 -0.00506 -7.62658e-04 | 23  0.04407 -1.83927e-04 | 24  0.05317 -1.13941e-03
 25 -0.02715  1.93742e-04 | 26  0.00769 -5.17018e-03 | 27 -0.00630  3.58752e-03
 28  0.05083 -4.74354e-03 | 29  0.01252 -2.96254e-03 | 30 -0.01023  1.70504e-03
 31 -0.00092  6.00137e-04 | 32 -0.02985 -3.76701e-03 | 33  0.03840 -5.45172e-03
 34 -0.00764 -1.77542e-03 | 35  0.02251  3.54275e-03 | 36 -0.01889 -3.27410e-03
 37  0.01852 -2.66009e-03 | 38 -0.02561 -3.88533e-03 | 39  0.03952  9.63355e-04
 40  0.01716  1.18010e-03 | 41 -0.01024 -3.64622e-03 | 42 -0.02400  2.68368e-03
 43 -0.00798  1.76875e-03 | 44  0.03486 -1.07282e-04 | 45  0.02783  5.89316e-03
 46 -0.02986 -5.40912e-03 | 47  0.01073  6.58805e-03 | 48  0.01270 -5.72993e-04
 49  0.03363  5.61418e-03 | 50  0.05978  1.79644e-03 | 51 -0.04129  1.51161e-03
 52 -0.06121  2.48870e-03 | 53  0.02437  1.75403e-03 | 54  0.01374 -3.71088e-04
 55  0.00356 -2.12431e-03 | 56  0.06185  2.08346e-03 | 57  0.06288 -1.97164e-03
 58  0.07990  5.07723e-04 | 59  0.04686 -6.59441e-03 | 60  0.03237  7.15728e-04
 61  0.09734 -5.26192e-04 | 62  0.06113 -9.98794e-04 | 63  0.05258  2.94838e-03
 64  0.01583 -1.22299e-03 | 65 -0.04794  6.93327e-04 | 66 -0.04721  3.22123e-04
 67 -0.12050  2.05895e-03 | 68 -1.00010 -4.07018e-05 | 69 -0.18522  3.00184e-04
 70 -0.63970  2.15337e-03 | 71 -0.78564 -3.56374e-04 | 72  0.29601 -9.43912e-04
 73  0.03453  1.95611e-07 | 74 -0.04252  7.69392e-04 | 75  0.25924 -8.11854e-04
 76 -0.03123  2.87055e-04 | 77  0.02415  1.90700e-03 | 78  0.11134  5.28719e-03
 79 -0.09924 -3.11681e-04 | 80 -0.02707 -3.49435e-03 | 81  0.06023 -1.06028e-03
 82 -0.16109 -3.16733e-06 | 83 -0.05118 -6.14807e-04 | 84 -0.22910 -5.10357e-03
 85 -0.09840 -2.77660e-04 | 86 -0.04365  5.73412e-03 | 87 -0.19074 -7.88186e-04
 88  0.15151  9.97766e-05 | 89 -0.00240 -1.18621e-05 |
Warning: the following parameters had issues
  Q_parm[3] is within 0.1% of lower bound: 0.00000e+00 < 2.78436e-08 < 5.00000e+00


 - final statistics:
89 variables; iteration 127; function evaluation 194
Function value 3.6766e+03; maximum gradient component mag 3.0818e-05
Exit code = 1;  converg criter 1.0000e-04
Var    Value     Gradient |Var    Value     Gradient |Var    Value     Gradient
  1 -0.58268  2.87723e-05 |  2 -0.68898  1.39093e-05 |  3 -0.60437  3.08184e-05
  4 -0.65959  1.15942e-05 |  5 -0.15731  1.89143e-05 |  6 -0.06235 -9.94573e-07
  7 -0.06458  9.12939e-07 |  8 -0.06446  6.29282e-07 |  9 -0.06097  4.68486e-07
 10 -0.05353  1.52186e-06 | 11 -0.04234 -1.60063e-06 | 12 -0.02989  5.79926e-07
 13 -0.02375  7.23940e-07 | 14 -0.03038 -1.38402e-06 | 15 -0.03805 -1.88459e-06
 16 -0.03487 -1.44415e-06 | 17 -0.00882  1.26485e-06 | 18  0.02354 -7.25277e-07
 19 -0.01330  1.02479e-07 | 20 -0.01717 -4.94916e-07 | 21  0.00621  3.45438e-07
 22 -0.00506  3.77768e-07 | 23  0.04407  1.83994e-07 | 24  0.05318  2.28023e-07
 25 -0.02716 -2.21611e-07 | 26  0.00770  1.29034e-06 | 27 -0.00630 -9.84115e-07
 28  0.05083  2.83193e-06 | 29  0.01252  2.57641e-06 | 30 -0.01023  5.06353e-07
 31 -0.00092 -1.46060e-06 | 32 -0.02985  2.14412e-06 | 33  0.03840  2.72592e-06
 34 -0.00764  4.83740e-07 | 35  0.02251 -1.57140e-06 | 36 -0.01889  1.30961e-06
 37  0.01852  2.74958e-06 | 38 -0.02561  1.45029e-06 | 39  0.03952 -7.58227e-07
 40  0.01716 -1.40718e-06 | 41 -0.01024  1.80591e-06 | 42 -0.02400 -2.93664e-07
 43 -0.00798 -6.49118e-07 | 44  0.03486 -1.29787e-07 | 45  0.02783 -3.51111e-06
 46 -0.02985  1.76461e-06 | 47  0.01073 -1.84413e-06 | 48  0.01271  5.94864e-07
 49  0.03362 -2.09044e-06 | 50  0.05978 -1.63610e-06 | 51 -0.04129 -1.36647e-06
 52 -0.06121 -1.77416e-06 | 53  0.02437 -1.29632e-06 | 54  0.01374  6.72365e-07
 55  0.00356  1.41126e-06 | 56  0.06185 -5.56199e-07 | 57  0.06288  1.36229e-06
 58  0.07990 -1.45188e-06 | 59  0.04686  1.35629e-06 | 60  0.03237 -5.12901e-07
 61  0.09734 -3.95663e-07 | 62  0.06114  4.80286e-07 | 63  0.05258 -1.48025e-06
 64  0.01583  2.00516e-07 | 65 -0.04794 -1.16438e-07 | 66 -0.04721  2.32480e-07
 67 -0.12050 -1.45112e-06 | 68 -1.00010 -2.96558e-06 | 69 -0.18523  9.52574e-07
 70 -0.63971 -1.11283e-06 | 71 -0.78564 -6.34770e-07 | 72  0.29601  5.65371e-07
 73  0.03453 -3.26676e-10 | 74 -0.04252  3.43058e-07 | 75  0.25924 -8.25683e-06
 76 -0.03408 -2.32154e-05 | 77  0.02415  5.46445e-07 | 78  0.11134  5.22573e-06
 79 -0.09916  9.69467e-07 | 80 -0.02707 -4.86453e-06 | 81  0.06023  4.49072e-07
 82 -0.16109  1.19566e-09 | 83 -0.05118  5.05422e-07 | 84 -0.22910  1.35174e-06
 85 -0.09838  2.02005e-07 | 86 -0.04365 -2.23625e-06 | 87 -0.19074 -2.65351e-07
 88  0.15100 -1.86059e-05 | 89 -0.00001 -1.29922e-07 |
size of file gradfil1.tmp = 0
size of file gradfil2.tmp = 0
size of file varssave.tmp = 0
size of file cmpdiff.tmp = 0
