
Initial statistics: 4 variables; iteration 0; function evaluation 0; phase 1
Function value 1.8014366e+06; maximum gradient component mag -2.4576e+07
Var    Value     Gradient |Var    Value     Gradient |Var    Value     Gradient
  1 -0.19398 -2.45756e+07 |  2  0.17184  8.69251e-04 |  3  0.59033  4.18878e-03
  4  0.50650  3.20882e-03 |

 - final statistics:
4 variables; iteration 9; function evaluation 43
Function value 5.3082e+03; maximum gradient component mag -1.3981e+00
Exit code = 1;  converg criter 1.0000e+01
Var    Value     Gradient |Var    Value     Gradient |Var    Value     Gradient
  1 -0.10166 -1.39814e+00 |  2 -2.90662 -2.12505e-02 |  3 -0.08276 -4.76503e-01
  4 -9.74965  1.30334e-03 |

Initial statistics: 67 variables; iteration 0; function evaluation 0; phase 2
Function value 5.3082277e+03; maximum gradient component mag -1.3236e+03
Var    Value     Gradient |Var    Value     Gradient |Var    Value     Gradient
  1 -0.10166 -1.39814e+00 |  2  0.00000  1.92413e+02 |  3  0.00000  2.10788e+02
  4  0.00000  2.30561e+02 |  5  0.00000  2.51479e+02 |  6  0.00000  2.73663e+02
  7  0.00000  2.97597e+02 |  8  0.00000  3.24038e+02 |  9  0.00000  3.54215e+02
 10  0.00000  3.88656e+02 | 11  0.00000  4.24989e+02 | 12  0.00000  4.59145e+02
 13  0.00000  4.89351e+02 | 14  0.00000  5.22529e+02 | 15  0.00000  5.72473e+02
 16  0.00000  6.14717e+02 | 17  0.00000  6.34144e+02 | 18  0.00000  6.34983e+02
 19  0.00000  6.18666e+02 | 20  0.00000  6.54163e+02 | 21  0.00000  7.84551e+02
 22  0.00000  8.47906e+02 | 23  0.00000  8.20837e+02 | 24  0.00000  7.28447e+02
 25  0.00000  7.93012e+02 | 26  0.00000  9.37092e+02 | 27  0.00000  9.57310e+02
 28  0.00000  8.67319e+02 | 29  0.00000  5.57477e+02 | 30  0.00000  4.38207e+02
 31  0.00000  2.82946e+02 | 32  0.00000  3.07962e+02 | 33  0.00000  1.78708e+02
 34  0.00000  1.64301e+02 | 35  0.00000 -1.75263e+02 | 36  0.00000 -3.14642e+02
 37  0.00000 -2.94104e+02 | 38  0.00000 -3.44706e+02 | 39  0.00000 -5.33452e+02
 40  0.00000 -7.88177e+02 | 41  0.00000 -7.52958e+02 | 42  0.00000 -5.41713e+02
 43  0.00000 -6.94893e+02 | 44  0.00000 -9.40393e+02 | 45  0.00000 -1.21817e+03
 46  0.00000 -1.32359e+03 | 47  0.00000 -9.47811e+02 | 48  0.00000 -7.81317e+02
 49  0.00000 -1.00615e+03 | 50  0.00000 -1.10922e+03 | 51  0.00000 -1.12054e+03
 52  0.00000 -1.21626e+03 | 53  0.00000 -1.10642e+03 | 54  0.00000 -8.54338e+02
 55  0.00000 -5.56307e+02 | 56  0.00000 -2.20648e+02 | 57  0.00000 -8.77230e+01
 58  0.00000  5.76309e-01 | 59  0.00000  3.62628e+01 | 60  0.00000  4.28554e+01
 61  0.00000  3.44514e+01 | 62  0.01355  6.68584e-05 | 63  0.90662  2.12505e-02
 64 -0.03301 -1.63042e-04 | 65 -0.21635 -1.34881e+00 | 66 -0.08276 -4.76503e-01
 67 -0.25035 -1.30334e-03 |

Intermediate statistics: 67 variables; iteration 20; function evaluation 36; phase 2
Function value 4.6730407e+03; maximum gradient component mag -1.0986e+03
Var    Value     Gradient |Var    Value     Gradient |Var    Value     Gradient
  1 -0.11234 -1.09857e+03 |  2 -0.14579  6.32770e+00 |  3 -0.15386  3.97700e+00
  4 -0.15527  2.24760e+00 |  5 -0.14689  1.36641e+00 |  6 -0.12660  1.26867e+00
  7 -0.09488  1.42385e+00 |  8 -0.05830  1.21215e+00 |  9 -0.03578  2.17140e+00
 10 -0.05068  6.82680e+00 | 11 -0.07640  1.19810e+01 | 12 -0.06584  2.30188e+01
 13  0.01384  5.70290e+01 | 14  0.11259  1.04547e+02 | 15 -0.01222  3.83376e+01
 16 -0.08333  6.94807e+00 | 17 -0.00035 -1.26401e+01 | 18 -0.01358 -1.01033e+00
 19  0.07673  2.71086e+01 | 20  0.09957  4.75820e+01 | 21 -0.08280  1.66387e+01
 22  0.05459  5.01113e+01 | 23  0.01060  4.34340e+01 | 24  0.07080  5.63381e+01
 25  0.04864  6.13235e+01 | 26 -0.00065  3.75127e+01 | 27  0.03109  4.12381e+01
 28 -0.03888 -9.49154e+00 | 29  0.07290 -5.75415e+00 | 30  0.01098 -2.33110e+01
 31  0.07547 -1.52487e+01 | 32  0.01879 -3.19351e+01 | 33  0.06167 -5.62411e+01
 34  0.00824 -1.71037e+01 | 35  0.08686  2.47799e+01 | 36  0.09350  5.39773e+01
 37  0.06739  4.43566e+01 | 38  0.05107  1.45580e+01 | 39  0.06584  2.06719e-01
 40  0.09126 -7.78861e+00 | 41  0.12426 -6.59847e+00 | 42 -0.15354 -7.26004e+01
 43  0.09298  2.77073e+01 | 44  0.08515  5.65460e+01 | 45  0.07743  3.46822e+01
 46  0.18980  3.26293e+02 | 47  0.01926 -9.10497e+01 | 48 -0.75624 -2.79829e+01
 49  0.15118  1.40337e+02 | 50  0.06726  4.09305e+01 | 51  0.11462  5.31169e+01
 52  0.10177 -5.93399e+01 | 53  0.17007  3.70670e+01 | 54  0.12087  1.80245e+01
 55  0.12219  1.82788e+01 | 56 -0.10975 -1.97754e+00 | 57 -0.04973  1.42337e+01
 58 -0.13501  1.04148e+01 | 59 -0.12006  1.83154e+01 | 60 -0.09651  2.22943e+01
 61 -0.00318  3.07451e+01 | 62  0.01355  6.68532e-05 | 63  0.90628  2.11740e-02
 64 -0.03301 -1.63030e-04 | 65 -0.19284 -1.10861e+00 | 66 -0.08026  2.24177e+00
 67 -0.25033 -1.30322e-03 |
67 variables; iteration 40; function evaluation 57; phase 2
Function value 4.6436451e+03; maximum gradient component mag -6.4905e+02
Var    Value     Gradient |Var    Value     Gradient |Var    Value     Gradient
  1 -0.09826 -6.49048e+02 |  2 -0.10457  1.51463e+01 |  3 -0.10880  1.42956e+01
  4 -0.10684  1.43549e+01 |  5 -0.09638  1.56597e+01 |  6 -0.07668  1.81910e+01
  7 -0.05203  2.09162e+01 |  8 -0.05463  1.80256e+01 |  9 -0.06533  1.53002e+01
 10 -0.03855  2.24910e+01 | 11 -0.08120  1.75538e+01 | 12 -0.04809  3.07678e+01
 13 -0.03011  4.18764e+01 | 14  0.07330  8.83887e+01 | 15 -0.02999  4.21632e+01
 16 -0.11261  1.40499e+01 | 17  0.04846  4.87916e+01 | 18 -0.09631  1.47997e+01
 19  0.08857  5.77193e+01 | 20  0.05336 -1.13546e+00 | 21 -0.10849 -1.15601e+01
 22  0.03418  1.79259e+01 | 23  0.00433  5.32607e+01 | 24  0.06060  7.10832e+01
 25  0.01551  4.67567e+01 | 26  0.01458  6.68196e+01 | 27 -0.01451  1.58884e+00
 28 -0.02377  3.18489e+01 | 29  0.06086  7.05233e+01 | 30 -0.00022  1.45030e+01
 31  0.06837  6.05828e+01 | 32  0.00511  6.04232e+00 | 33  0.06075  1.76456e+01
 34 -0.01489 -2.69644e+01 | 35  0.07500  1.21191e+01 | 36  0.07718  2.89771e+01
 37  0.05591  2.76288e+01 | 38  0.04017 -1.52870e+01 | 39  0.04677 -7.16513e+01
 40  0.07453 -1.24920e+02 | 41  0.08476 -2.88470e+00 | 42  0.02342  5.95079e+01
 43  0.05233  6.64457e+01 | 44  0.10063  6.31540e+01 | 45  0.02271 -8.38820e+01
 46  0.16975  1.89941e+02 | 47  0.04978 -4.31747e+01 | 48 -0.77700 -2.78185e+01
 49  0.13594  9.33626e+01 | 50  0.06313 -1.92342e+01 | 51  0.06577 -7.17412e+01
 52  0.09054 -1.21145e+02 | 53  0.17170  1.90260e+01 | 54  0.08825 -3.70083e+01
 55  0.09485 -1.38275e+01 | 56  0.01654  5.23805e+01 | 57 -0.00742  3.61027e+01
 58 -0.10612  1.23454e+01 | 59 -0.10550  1.32160e+01 | 60 -0.07148  1.56445e+01
 61  0.01567  2.80220e+01 | 62  0.01350  6.66193e-05 | 63  0.89133  1.82167e-02
 64 -0.03289 -1.62458e-04 | 65 -0.03069 -2.02491e+00 | 66 -0.17708 -5.26308e-02
 67 -0.24940 -1.29788e-03 |
67 variables; iteration 60; function evaluation 79; phase 2
Function value 4.6205090e+03; maximum gradient component mag -1.9955e+02
Var    Value     Gradient |Var    Value     Gradient |Var    Value     Gradient
  1 -0.08119 -1.07828e+02 |  2 -0.01265  4.16508e+01 |  3 -0.02988  3.68140e+01
  4 -0.06483  2.38223e+01 |  5 -0.08751  1.58580e+01 |  6 -0.08599  1.62791e+01
  7 -0.10332  1.00336e+01 |  8 -0.01347  4.72569e+01 |  9 -0.05814  2.85892e+01
 10 -0.07048  2.67530e+01 | 11 -0.01056  6.13500e+01 | 12 -0.06845  3.11695e+01
 13 -0.07436  2.71012e+01 | 14  0.03586  9.00347e+01 | 15 -0.02138  5.75634e+01
 16 -0.06649  3.19740e+01 | 17 -0.00930  5.59506e+01 | 18 -0.01837  5.33556e+01
 19  0.05523  8.55454e+01 | 20  0.00892  4.04869e+01 | 21 -0.00996  6.26233e+01
 22  0.00146  7.22615e+01 | 23 -0.01044  6.22079e+01 | 24  0.04258  9.04730e+01
 25  0.01402  7.76321e+01 | 26 -0.01398  6.31016e+01 | 27 -0.01330  4.74444e+01
 28 -0.02993  6.34853e+01 | 29  0.03734  1.16400e+02 | 30  0.02592  1.39666e+02
 31  0.03919  6.79588e+01 | 32  0.01091  4.68110e+01 | 33  0.04107  2.34697e+01
 34 -0.00716  1.57092e+00 | 35  0.05588 -1.55403e+01 | 36  0.06516  1.17861e+01
 37  0.04940  3.62701e+01 | 38  0.03608 -7.93721e+00 | 39  0.04151 -1.00747e+02
 40  0.05154 -1.99551e+02 | 41  0.08283 -6.68401e+01 | 42  0.00045 -2.34457e+01
 43  0.04327 -4.85636e+01 | 44  0.07139 -1.12335e+02 | 45  0.02886 -1.80041e+02
 46  0.14594 -4.37827e+01 | 47  0.04977 -1.12817e+02 | 48 -0.54704 -5.62359e+01
 49  0.12126 -3.28679e+01 | 50  0.05899 -9.37856e+01 | 51  0.04807 -1.33933e+02
 52  0.10018 -1.98664e+02 | 53  0.14006 -1.10405e+02 | 54  0.10752 -8.77081e+01
 55  0.06690 -8.45964e+01 | 56 -0.06217 -1.82900e+01 | 57  0.01084  2.33848e+01
 58 -0.10156 -4.97939e+00 | 59 -0.07105  2.13483e+00 | 60 -0.03320  4.82478e+00
 61 -0.05455 -2.57030e+00 | 62  0.01341  6.62050e-05 | 63  0.86748  1.48688e-02
 64 -0.03269 -1.61445e-04 | 65 -0.02075 -1.86384e+01 | 66 -0.14402 -1.09377e+01
 67 -0.24492 -1.27204e-03 |
Maximum number of function evaluations exceeded

 - final statistics:
67 variables; iteration 75; function evaluation 100
Function value 4.5814e+03; maximum gradient component mag -8.5088e+01
Exit code = 3;  converg criter 1.0000e+01
Var    Value     Gradient |Var    Value     Gradient |Var    Value     Gradient
  1 -0.03786  4.87166e+01 |  2 -0.08534  1.57422e+01 |  3 -0.16201 -4.55088e+00
  4 -0.10226  1.28297e+01 |  5 -0.04837  3.27263e+01 |  6 -0.07783  2.13120e+01
  7 -0.04206  3.43199e+01 |  8 -0.07298  2.21549e+01 |  9 -0.08420  1.93430e+01
 10 -0.03827  4.18468e+01 | 11 -0.06924  3.31665e+01 | 12 -0.03334  5.35974e+01
 13 -0.01778  5.92622e+01 | 14 -0.01919  5.34136e+01 | 15 -0.03165  5.50677e+01
 16 -0.01910  6.59943e+01 | 17 -0.03087  4.92394e+01 | 18  0.02004  5.60324e+01
 19 -0.02638  9.21842e+00 | 20  0.04780  2.87226e+01 | 21 -0.02320  4.15845e+01
 22 -0.01822  3.55712e+01 | 23  0.01003  4.98106e+01 | 24  0.01799  4.12456e+00
 25  0.01502  4.43145e+01 | 26 -0.01431  7.53697e+01 | 27 -0.00980  7.99233e+01
 28 -0.02573  6.63706e+01 | 29  0.02437 -6.14271e-01 | 30  0.00157  3.17254e+00
 31  0.03921  6.60791e+00 | 32  0.00293  1.31131e+01 | 33  0.03622  1.40664e+01
 34  0.00409  4.16139e+01 | 35  0.05261 -2.10736e+01 | 36  0.06101 -4.04880e+01
 37  0.03171 -3.71684e+01 | 38  0.03192 -1.91009e+01 | 39  0.04408 -6.40897e+00
 40  0.08818 -1.82045e+01 | 41  0.06546 -6.88139e+01 | 42 -0.00985 -5.47980e+01
 43  0.04787 -4.05762e+01 | 44  0.05792 -3.04056e+01 | 45  0.09244 -4.56636e+01
 46  0.10522 -8.50882e+01 | 47  0.07498 -2.67824e+01 | 48 -0.26448 -6.05517e+01
 49  0.10939 -5.01029e+00 | 50  0.05771 -6.14736e+01 | 51  0.05145 -5.12218e+01
 52  0.13676 -3.07531e+01 | 53  0.13307 -1.33063e+01 | 54  0.10690 -2.48881e+01
 55  0.10042 -9.06740e+00 | 56 -0.09191 -1.68918e+01 | 57 -0.11350 -2.17811e+01
 58 -0.06192  1.09144e+01 | 59 -0.04878  1.22195e+01 | 60 -0.05071  5.85189e+00
 61  0.03693  1.75429e+01 | 62  0.01285  6.34028e-05 | 63  0.74708  7.48689e-03
 64 -0.03130 -1.54597e-04 | 65 -0.02347 -2.26746e+01 | 66 -0.14569 -1.25278e+01
 67 -0.58675 -4.14006e-03 |

Initial statistics: 75 variables; iteration 0; function evaluation 0; phase 3
Function value 4.5813726e+03; maximum gradient component mag 5.7382e+04
Var    Value     Gradient |Var    Value     Gradient |Var    Value     Gradient
  1 -0.58910  5.73818e+04 |  2 -0.64634  3.70254e+04 |  3 -0.60608  2.06880e+04
  4 -0.62943  1.41124e+04 |  5 -0.03786  4.87166e+01 |  6 -0.08565  9.42964e+00
  7 -0.16233 -1.07134e+01 |  8 -0.10257  6.54214e+00 |  9 -0.04868  2.63747e+01
 10 -0.07815  1.49896e+01 | 11 -0.04237  2.79638e+01 | 12 -0.07329  1.58268e+01
 13 -0.08451  1.30287e+01 | 14 -0.03858  3.54882e+01 | 15 -0.06956  2.68336e+01
 16 -0.03365  4.72358e+01 | 17 -0.01809  5.28949e+01 | 18 -0.01950  4.70467e+01
 19 -0.03196  4.87054e+01 | 20 -0.01941  5.96273e+01 | 21 -0.03118  4.28768e+01
 22  0.01973  4.96673e+01 | 23 -0.02669  2.85480e+00 | 24  0.04749  2.23723e+01
 25 -0.02351  3.52191e+01 | 26 -0.01853  2.92044e+01 | 27  0.00972  4.34427e+01
 28  0.01768 -2.24196e+00 | 29  0.01471  3.79476e+01 | 30 -0.01462  6.90015e+01
 31 -0.01011  7.35544e+01 | 32 -0.02604  6.00056e+01 | 33  0.02406 -6.97877e+00
 34  0.00126 -3.19648e+00 | 35  0.03890  2.50968e-01 | 36  0.00262  6.74411e+00
 37  0.03591  7.70793e+00 | 38  0.00378  3.52451e+01 | 39  0.05230 -2.74220e+01
 40  0.06070 -4.68300e+01 | 41  0.03140 -4.35306e+01 | 42  0.03161 -2.54625e+01
 43  0.04377 -1.27632e+01 | 44  0.08787 -2.45142e+01 | 45  0.06515 -7.51531e+01
 46 -0.01015 -6.11658e+01 | 47  0.04756 -4.69290e+01 | 48  0.05761 -3.67499e+01
 49  0.09213 -5.19693e+01 | 50  0.10491 -9.13780e+01 | 51  0.07467 -3.31092e+01
 52 -0.26482 -6.63634e+01 | 53  0.10908 -1.12865e+01 | 54  0.05740 -6.78195e+01
 55  0.05114 -5.75723e+01 | 56  0.13644 -3.69798e+01 | 57  0.13275 -1.95388e+01
 58  0.10659 -3.11702e+01 | 59  0.10010 -1.53586e+01 | 60 -0.09222 -2.31929e+01
 61 -0.11381 -2.80467e+01 | 62 -0.06223  4.57529e+00 | 63 -0.04909  5.86892e+00
 64 -0.05102 -4.96925e-01 | 65  0.03662  1.11849e+01 | 66 -1.00000 -8.66316e-08
 67 -1.00000 -8.66316e-08 | 68 -1.00000 -8.66332e-08 | 69 -1.00000 -8.66316e-08
 70  0.01285  6.34028e-05 | 71  0.74708  7.48689e-03 | 72 -0.03130 -1.54597e-04
 73 -0.02347 -2.26746e+01 | 74 -0.14569 -1.25278e+01 | 75 -0.58675 -4.14006e-03

Intermediate statistics: 75 variables; iteration 20; function evaluation 34; phase 3
Function value 3.7482845e+03; maximum gradient component mag 1.7692e+04
Var    Value     Gradient |Var    Value     Gradient |Var    Value     Gradient
  1 -0.57915  1.35336e+04 |  2 -0.68447  7.57053e+03 |  3 -0.59758  1.76916e+04
  4 -0.65895  6.79591e+03 |  5 -0.10074  4.53616e+02 |  6 -0.09211  5.65081e+00
  7 -0.01275  3.09772e+01 |  8 -0.07697  1.03775e+01 |  9 -0.15171 -8.89042e+00
 10 -0.09002  3.42806e+00 | 11 -0.12422 -6.69827e+00 | 12 -0.05072  4.71928e+00
 13 -0.01623  4.46673e+00 | 14 -0.12523 -1.66946e+01 | 15 -0.06714 -1.91699e+01
 16 -0.18690 -3.12968e+01 | 17 -0.16494 -3.06657e+01 | 18  0.04590 -3.84331e+01
 19 -0.06812 -2.01862e+01 | 20 -0.18184 -2.73938e+01 | 21  0.03656 -1.69100e+01
 22 -0.12642 -1.59771e+01 | 23  0.06560  3.26056e+00 | 24  0.02030 -2.85686e+01
 25 -0.07157 -2.75422e+01 | 26  0.01207 -3.91000e+00 | 27 -0.02327  4.98345e+01
 28  0.07806  2.58844e+02 | 29  0.03308  1.85635e+02 | 30 -0.00738  9.14716e+01
 31  0.01211  9.46188e+01 | 32 -0.01743  9.98898e+01 | 33  0.07697  2.53476e+02
 34  0.01639  7.35298e+01 | 35  0.03841 -4.18146e+01 | 36  0.00469 -3.57694e+01
 37  0.04106 -3.45874e+01 | 38 -0.01129 -1.93474e+01 | 39  0.08481 -2.58091e+01
 40  0.00160 -1.39852e+02 | 41  0.05479 -1.07682e+02 | 42 -0.04143 -1.28518e+02
 43  0.02993 -1.48304e+02 | 44  0.05733 -1.48458e+02 | 45  0.05677 -5.66542e+01
 46  0.01870  4.99860e+01 | 47  0.05969  8.03927e+01 | 48  0.06149  3.92587e+01
 49  0.08587  7.83349e+00 | 50  0.11554 -4.09496e+01 | 51 -0.00642 -1.02474e+01
 52  0.03936  1.20980e+02 | 53  0.08876  9.53854e+01 | 54  0.07516  3.39554e+01
 55  0.07803  2.04061e+01 | 56  0.10378 -6.46259e+01 | 57  0.10349 -4.02484e+01
 58  0.12643  6.64818e+01 | 59  0.09846  7.62534e+01 | 60  0.01339  6.27153e+01
 61  0.06777  7.76907e+01 | 62 -0.04015  1.53600e+01 | 63 -0.06273  5.01840e+00
 64 -0.00014  1.14289e+01 | 65 -0.06346 -1.56216e+00 | 66 -0.94516 -7.27593e-06
 67 -0.94756  1.07432e+00 | 68 -0.87921 -3.06163e+02 | 69 -0.86977 -4.83424e+01
 70  0.01285  6.33982e-05 | 71  0.74698  7.48333e-03 | 72 -0.03130 -1.54586e-04
 73 -0.02658 -2.33754e+00 | 74 -0.17237 -1.53744e-01 | 75 -0.58669 -4.13925e-03
75 variables; iteration 40; function evaluation 55; phase 3
Function value 3.7132143e+03; maximum gradient component mag 9.6077e+03
Var    Value     Gradient |Var    Value     Gradient |Var    Value     Gradient
  1 -0.57757  4.72946e+03 |  2 -0.68997 -4.62259e+02 |  3 -0.60001  9.60768e+03
  4 -0.65603  4.91445e+03 |  5 -0.11173  5.09532e+02 |  6 -0.09044  6.57014e-01
  7 -0.02674  2.01187e+01 |  8 -0.07843  4.03634e+00 |  9 -0.13051 -1.00866e+01
 10 -0.09461 -4.36752e+00 | 11 -0.11775 -1.22606e+01 | 12 -0.07737 -8.64290e+00
 13 -0.02946 -6.68520e+00 | 14 -0.10345 -2.03288e+01 | 15 -0.07437 -2.42823e+01
 16 -0.14109 -3.34947e+01 | 17 -0.14688 -3.67548e+01 | 18  0.03186 -5.97456e+01
 19 -0.07257 -3.56686e+01 | 20 -0.20789 -3.72020e+01 | 21  0.03810 -2.07366e+01
 22 -0.12546 -1.43085e+01 | 23  0.07525  4.96479e+01 | 24  0.01382 -1.56064e+00
 25 -0.04787 -2.53530e+01 | 26 -0.01136 -1.86239e+01 | 27 -0.01068  6.42832e+01
 28  0.08252  2.97283e+02 | 29  0.02703  1.65840e+02 | 30 -0.00765  6.58903e+01
 31  0.00418  5.30512e+01 | 32 -0.01183  9.05840e+01 | 33  0.07205  2.09434e+02
 34  0.01703  5.41510e+01 | 35  0.03507 -6.18440e+01 | 36  0.00748 -4.89973e+01
 37  0.03640 -7.86467e+01 | 38 -0.01408 -4.98951e+01 | 39  0.07992 -2.35427e+01
 40  0.02416 -7.78395e+01 | 41  0.05484 -1.51724e+01 | 42 -0.01588 -9.22921e+01
 43  0.01732 -1.32739e+02 | 44  0.06166 -1.06401e+02 | 45  0.07039  1.97640e+01
 46  0.00817  3.71206e+01 | 47  0.05897  6.25828e+01 | 48  0.06422  2.37455e+00
 49  0.05814 -5.74681e+01 | 50  0.12945  2.53828e+01 | 51 -0.00915 -1.02756e+01
 52  0.00720  2.57962e+01 | 53  0.08138  2.26368e+01 | 54  0.06451  4.03421e+00
 55  0.07943  2.46745e+01 | 56  0.10325 -5.33104e+01 | 57  0.09538 -4.12495e+01
 58  0.13318  8.30245e+01 | 59  0.08443  5.16623e+01 | 60  0.00812  5.00095e+01
 61  0.03359  4.44083e+01 | 62 -0.04842  6.35860e+00 | 63 -0.05697 -5.88890e-02
 64 -0.02878  4.69344e-01 | 65  0.03137  9.48716e+00 | 66 -0.09241 -9.18479e-08
 67 -0.46497  2.60165e+00 | 68 -0.88242 -3.26230e+02 | 69 -0.84989 -2.41478e+01
 70  0.01282  6.32720e-05 | 71  0.74396  7.38507e-03 | 72 -0.03124 -1.54278e-04
 73  0.03445  9.71600e+00 | 74 -0.20189  3.86574e-04 | 75 -0.58502 -4.11679e-03
75 variables; iteration 60; function evaluation 79; phase 3
Function value 3.6729483e+03; maximum gradient component mag -2.5765e+03
Var    Value     Gradient |Var    Value     Gradient |Var    Value     Gradient
  1 -0.57955  1.03134e+03 |  2 -0.68778 -5.24401e+02 |  3 -0.59995 -2.57654e+03
  4 -0.66150 -1.40821e+03 |  5 -0.12739  9.47369e+01 |  6 -0.11369 -1.39712e+01
  7 -0.02568  7.40584e+00 |  8 -0.11500 -1.44560e+01 |  9 -0.16760 -2.52013e+01
 10 -0.09442 -1.23400e+01 | 11 -0.10401 -1.53329e+01 | 12 -0.04446 -4.46594e+00
 13  0.00975  5.64192e+00 | 14 -0.06075 -1.04409e+01 | 15 -0.11327 -2.22557e+01
 16 -0.08966 -2.27356e+01 | 17 -0.10838 -2.71000e+01 | 18  0.06732 -2.94160e+01
 19 -0.20402 -3.92249e+01 | 20 -0.09708 -3.06758e+01 | 21  0.04668 -3.09856e+01
 22 -0.12309 -3.09131e+01 | 23  0.05796 -3.77748e+01 | 24  0.00645 -3.17304e+01
 25 -0.00562 -9.65500e+00 | 26 -0.01151 -1.74850e+01 | 27 -0.01862  4.73614e+00
 28  0.06796  1.20690e+02 | 29  0.03111  8.68862e+01 | 30 -0.02347  1.34007e+01
 31  0.02131  4.61222e+01 | 32 -0.03344  2.12888e+01 | 33  0.07346  1.38349e+02
 34  0.01627  4.23655e+01 | 35  0.04736 -2.09900e+01 | 36  0.00805 -2.78213e+01
 37  0.04549 -3.22048e+01 | 38 -0.00326 -1.98513e+01 | 39  0.08178  1.39057e+01
 40  0.04295 -3.35929e+01 | 41  0.04544 -2.01611e+01 | 42 -0.00925 -8.47868e+01
 43  0.02327 -1.03797e+02 | 44  0.06572 -9.28572e+01 | 45  0.06154 -1.02472e+01
 46  0.01988  4.78119e+01 | 47  0.05303  4.16357e+01 | 48  0.05962  1.75251e+01
 49  0.08073 -4.16253e+00 | 50  0.11198 -1.66929e+01 | 51  0.00535 -7.65094e+00
 52 -0.00078  1.46781e+01 | 53  0.07347  1.61943e+01 | 54  0.07797  3.96157e+01
 55  0.06165  1.68985e+01 | 56  0.10569 -4.05469e+01 | 57  0.09674 -3.96157e+01
 58  0.10794  2.52093e+01 | 59  0.09308  5.32378e+01 | 60 -0.02813  1.87174e+01
 61 -0.01050  1.07588e+01 | 62 -0.08040 -7.85116e+00 | 63 -0.06188 -6.12829e+00
 64 -0.06325 -1.13035e+01 | 65  0.02792  3.51242e+00 | 66 -0.80856 -2.02605e-06
 67 -0.76651  3.07106e+00 | 68 -0.87857 -3.09344e+02 | 69 -0.84129 -1.59776e+01
 70  0.01275  6.29432e-05 | 71  0.73620  7.14203e-03 | 72 -0.03107 -1.53475e-04
 73  0.01879  1.42574e+01 | 74 -0.24424  3.87970e-01 | 75 -0.58069 -4.05923e-03
Maximum number of function evaluations exceeded

 - final statistics:
75 variables; iteration 74; function evaluation 100
Function value 3.6524e+03; maximum gradient component mag -7.5971e+02
Exit code = 3;  converg criter 1.0000e+00
Var    Value     Gradient |Var    Value     Gradient |Var    Value     Gradient
  1 -0.58093 -7.59706e+02 |  2 -0.68575  1.15790e+01 |  3 -0.60004 -1.37120e+02
  4 -0.66056 -2.09586e+01 |  5 -0.13234 -6.16772e+02 |  6 -0.03031  1.12073e+01
  7 -0.11710 -7.06486e+00 |  8 -0.06478  3.13630e+00 |  9 -0.04631  5.19672e+00
 10 -0.08507 -4.97083e+00 | 11 -0.06182 -4.72622e+00 | 12 -0.06514 -9.04178e+00
 13 -0.05110 -1.04269e+01 | 14 -0.07167 -1.29312e+01 | 15 -0.04731 -1.11598e+01
 16 -0.08135 -1.59899e+01 | 17 -0.06759 -1.95770e+01 | 18  0.05203 -4.20968e+01
 19 -0.14194 -3.00832e+01 | 20 -0.11737 -3.00614e+01 | 21  0.05260 -5.19262e+01
 22 -0.12913 -2.86712e+01 | 23  0.05377 -5.19264e+01 | 24  0.02580 -4.32891e+01
 25 -0.03179 -2.32753e+01 | 26 -0.00170 -2.92192e+01 | 27 -0.01209 -1.99159e+01
 28  0.05048 -1.31039e+01 | 29  0.01848 -2.08207e+00 | 30 -0.01363 -5.96087e+00
 31  0.00519  6.53811e+00 | 32 -0.01811  2.07643e+01 | 33  0.05387  3.02056e+01
 34  0.01382  1.79919e+01 | 35  0.04825  1.12593e+01 | 36  0.00834  1.00514e+01
 37  0.04425  1.31713e+01 | 38  0.00193  1.91929e+01 | 39  0.07570  4.03565e+01
 40  0.05486 -1.28063e+00 | 41  0.01936 -2.86471e+01 | 42  0.01486 -1.65294e+01
 43  0.02909 -1.11126e+01 | 44  0.06688 -1.44099e+01 | 45  0.06516  2.86497e+01
 46  0.00644  3.08191e+01 | 47  0.05201  3.45700e+01 | 48  0.05057  1.86033e+01
 49  0.08484  3.82295e+01 | 50  0.10750  1.94831e+01 | 51  0.00879  6.80042e+00
 52 -0.02355  3.73919e+00 | 53  0.07805  4.13335e+01 | 54  0.06244  3.49721e+01
 55  0.05954  3.48859e+01 | 56  0.09857  4.69013e+00 | 57  0.10930  2.98141e+01
 58  0.08825  2.63258e+01 | 59  0.07105  2.84880e+01 | 60 -0.08666 -7.60891e-01
 61 -0.06582 -1.44668e+00 | 62 -0.07120  7.07860e+00 | 63 -0.11694 -6.19257e+00
 64 -0.02618  6.12009e+00 | 65  0.01355  1.10188e+01 | 66 -0.75457 -1.54826e-06
 67 -0.82333  2.77338e+00 | 68 -0.84543 -9.87296e+01 | 69 -0.82624 -3.69299e+00
 70  0.01253  6.18202e-05 | 71  0.71071  6.43068e-03 | 72 -0.03052 -1.50731e-04
 73  0.00695  8.90136e+01 | 74 -0.22300  9.18808e+00 | 75 -0.56609 -3.87233e-03

Initial statistics: 75 variables; iteration 0; function evaluation 0; phase 4
Function value 3.6524426e+03; maximum gradient component mag -7.5971e+02
Var    Value     Gradient |Var    Value     Gradient |Var    Value     Gradient
  1 -0.58093 -7.59706e+02 |  2 -0.68575  1.15790e+01 |  3 -0.60004 -1.37120e+02
  4 -0.66056 -2.09586e+01 |  5 -0.13234 -6.16772e+02 |  6 -0.03035  1.04323e+01
  7 -0.11714 -7.82746e+00 |  8 -0.06482  2.36453e+00 |  9 -0.04635  4.42298e+00
 10 -0.08511 -5.73965e+00 | 11 -0.06186 -5.49830e+00 | 12 -0.06517 -9.81343e+00
 13 -0.05114 -1.12001e+01 | 14 -0.07171 -1.37020e+01 | 15 -0.04735 -1.19334e+01
 16 -0.08139 -1.67593e+01 | 17 -0.06763 -2.03482e+01 | 18  0.05199 -4.28702e+01
 19 -0.14197 -3.08393e+01 | 20 -0.11741 -3.08237e+01 | 21  0.05256 -5.26996e+01
 22 -0.12917 -2.94307e+01 | 23  0.05373 -5.26997e+01 | 24  0.02576 -4.40643e+01
 25 -0.03182 -2.40501e+01 | 26 -0.00174 -2.99950e+01 | 27 -0.01213 -2.06916e+01
 28  0.05044 -1.38773e+01 | 29  0.01844 -2.85752e+00 | 30 -0.01367 -6.73646e+00
 31  0.00515  5.76236e+00 | 32 -0.01815  1.99888e+01 | 33  0.05383  2.94327e+01
 34  0.01378  1.72163e+01 | 35  0.04821  1.04858e+01 | 36  0.00830  9.27573e+00
 37  0.04421  1.23975e+01 | 38  0.00189  1.84172e+01 | 39  0.07567  3.95865e+01
 40  0.05482 -2.05354e+00 | 41  0.01932 -2.94225e+01 | 42  0.01483 -1.73050e+01
 43  0.02905 -1.18876e+01 | 44  0.06685 -1.51815e+01 | 45  0.06512  2.78782e+01
 46  0.00640  3.00433e+01 | 47  0.05197  3.37970e+01 | 48  0.05053  1.78300e+01
 49  0.08480  3.74609e+01 | 50  0.10747  1.87185e+01 | 51  0.00875  6.02472e+00
 52 -0.02359  2.96394e+00 | 53  0.07802  4.05639e+01 | 54  0.06240  3.42003e+01
 55  0.05950  3.41137e+01 | 56  0.09853  3.92367e+00 | 57  0.10926  2.90501e+01
 58  0.08821  2.55576e+01 | 59  0.07101  2.77173e+01 | 60 -0.08670 -1.52948e+00
 61 -0.06585 -2.21830e+00 | 62 -0.07123  6.30763e+00 | 63 -0.11698 -6.95522e+00
 64 -0.02622  5.34496e+00 | 65  0.01351  1.02432e+01 | 66 -0.75457 -1.54826e-06
 67 -0.82333  2.77338e+00 | 68 -0.84543 -9.87296e+01 | 69 -0.82624 -3.69299e+00
 70  0.01253  6.18202e-05 | 71  0.71071  6.43068e-03 | 72 -0.03052 -1.50731e-04
 73  0.00695  8.90136e+01 | 74 -0.22300  9.18808e+00 | 75 -0.56609 -3.87233e-03

Intermediate statistics: 75 variables; iteration 20; function evaluation 25; phase 4
Function value 3.6434514e+03; maximum gradient component mag -2.9382e+03
Var    Value     Gradient |Var    Value     Gradient |Var    Value     Gradient
  1 -0.58091 -7.87973e+02 |  2 -0.68544  3.42230e+00 |  3 -0.60035 -2.93821e+03
  4 -0.66034 -1.17429e+03 |  5 -0.13104  4.05384e+02 |  6 -0.07894 -1.17837e+01
  7 -0.06941 -8.35981e+00 |  8 -0.07674 -9.94298e+00 |  9 -0.07514 -9.84264e+00
 10 -0.06385 -7.88600e+00 | 11 -0.05575 -7.31034e+00 | 12 -0.04575 -6.12167e+00
 13 -0.04207 -5.26892e+00 | 14 -0.04821 -4.98698e+00 | 15 -0.05485 -4.98183e+00
 16 -0.05027 -4.39540e+00 | 17 -0.03124 -4.12006e+00 | 18  0.00032 -1.22213e+00
 19 -0.02868 -4.18009e+00 | 20 -0.03018 -6.34543e+00 | 21 -0.02264 -1.09214e+01
 22 -0.00492 -5.70493e+00 | 23  0.02805 -5.71897e+00 | 24  0.04020 -4.37812e+00
 25 -0.03461 -5.95904e+00 | 26  0.00082  1.44587e+00 | 27 -0.00791  1.00649e+01
 28  0.05228  3.77442e+01 | 29  0.01593  2.08735e+01 | 30 -0.01217  5.09685e+00
 31  0.00142  3.60011e+00 | 32 -0.02533 -1.26728e+00 | 33  0.04685  3.84750e-01
 34  0.00529 -7.82964e+00 | 35  0.04148 -8.55813e+00 | 36 -0.00084 -9.18128e+00
 37  0.03781  6.38718e+00 | 38 -0.00571  6.84670e+00 | 39  0.06752  2.75913e+01
 40  0.04553 -1.49272e+01 | 41  0.01510 -3.98352e+01 | 42  0.00279 -4.13964e+01
 43  0.01938 -2.74468e+01 | 44  0.06456 -7.11046e+00 | 45  0.05422 -5.00615e+00
 46 -0.00529 -2.15248e+01 | 47  0.03471 -4.92278e+01 | 48  0.04006 -5.25805e+01
 49  0.06703 -3.96140e+01 | 50  0.09978 -2.45066e+01 | 51 -0.00490 -1.86731e+01
 52 -0.02667 -1.22243e+01 | 53  0.06345  4.22678e+00 | 54  0.05341 -3.71153e+00
 55  0.03292 -2.02677e+01 | 56  0.09135 -3.41974e+01 | 57  0.08557 -2.51688e+01
 58  0.07409 -1.85407e+01 | 59  0.03877 -2.06024e+01 | 60 -0.08185 -1.45339e+01
 61 -0.06396 -1.43581e+01 | 62 -0.08825 -1.46015e+01 | 63 -0.05758 -1.09245e+01
 64 -0.03350 -1.34031e+01 | 65 -0.02215 -1.37254e+01 | 66 -0.75457 -1.54826e-06
 67 -0.85683  2.46528e+00 | 68 -0.81397 -5.27374e+01 | 69 -0.83563 -2.62067e+00
 70  0.01252  6.18164e-05 | 71  0.71063  6.42863e-03 | 72 -0.03052 -1.50722e-04
 73  0.00798  1.35801e+02 | 74 -0.22257  1.43686e+01 | 75 -0.56604 -3.87173e-03
75 variables; iteration 40; function evaluation 45; phase 4
Function value 3.6423068e+03; maximum gradient component mag -2.2309e+03
Var    Value     Gradient |Var    Value     Gradient |Var    Value     Gradient
  1 -0.58081 -6.01325e+02 |  2 -0.68560  2.35333e+00 |  3 -0.60026 -2.23090e+03
  4 -0.66035 -8.97468e+02 |  5 -0.13136  3.12884e+02 |  6 -0.07643 -8.74583e+00
  7 -0.07071 -6.44817e+00 |  8 -0.07707 -7.84216e+00 |  9 -0.07441 -7.61588e+00
 10 -0.06624 -6.72003e+00 | 11 -0.05780 -6.29981e+00 | 12 -0.04705 -5.20818e+00
 13 -0.04203 -4.24104e+00 | 14 -0.04676 -3.72230e+00 | 15 -0.05299 -3.86874e+00
 16 -0.05363 -5.25106e+00 | 17 -0.03346 -5.57886e+00 | 18  0.00114 -3.11187e+00
 19 -0.03192 -5.08689e+00 | 20 -0.03153 -4.97266e+00 | 21 -0.01579 -6.17151e+00
 22 -0.00464 -2.50151e+00 | 23  0.02605 -4.63703e+00 | 24  0.04253 -3.24455e+00
 25 -0.03816 -5.03828e+00 | 26  0.00421  3.37959e+00 | 27 -0.01083  5.56559e+00
 28  0.05162  2.85134e+01 | 29  0.01539  1.86629e+01 | 30 -0.01083  5.60596e+00
 31 -0.00182 -2.23142e+00 | 32 -0.02345  1.49232e+00 | 33  0.04555 -4.83272e-01
 34  0.00523 -6.37660e+00 | 35  0.04075 -8.17536e+00 | 36 -0.00147 -9.47330e+00
 37  0.03651  3.70259e-01 | 38 -0.00762  2.01216e+00 | 39  0.06665  2.33539e+01
 40  0.04478 -1.37795e+01 | 41  0.01531 -3.29905e+01 | 42  0.00357 -3.07248e+01
 43  0.02007 -1.53712e+01 | 44  0.06526  1.32471e+00 | 45  0.05221 -9.18701e+00
 46 -0.00544 -1.82591e+01 | 47  0.03606 -3.58816e+01 | 48  0.04119 -3.84606e+01
 49  0.06709 -2.74026e+01 | 50  0.10058 -1.39962e+01 | 51 -0.00689 -1.76076e+01
 52 -0.02774 -1.11032e+01 | 53  0.06325  8.94344e+00 | 54  0.05319  3.77974e+00
 55  0.03420 -1.09078e+01 | 56  0.09168 -2.57598e+01 | 57  0.08387 -2.41619e+01
 58  0.07252 -1.67181e+01 | 59  0.04030 -1.43349e+01 | 60 -0.08290 -1.11920e+01
 61 -0.06484 -1.12526e+01 | 62 -0.09049 -1.18786e+01 | 63 -0.05616 -7.26029e+00
 64 -0.03214 -9.93095e+00 | 65  0.00091 -6.66105e+00 | 66 -0.75457 -1.54825e-06
 67 -1.09815 -1.87332e+00 | 68 -0.80980 -3.72984e+01 | 69 -0.83266 -2.84355e-01
 70  0.01251  6.17404e-05 | 71  0.70903  6.38793e-03 | 72 -0.03048 -1.50536e-04
 73  0.00703  8.31172e+01 | 74 -0.22265  8.75378e+00 | 75 -0.56508 -3.85978e-03
75 variables; iteration 60; function evaluation 71; phase 4
Function value 3.6406200e+03; maximum gradient component mag -1.2621e+02
Var    Value     Gradient |Var    Value     Gradient |Var    Value     Gradient
  1 -0.58052 -6.24343e+01 |  2 -0.68613 -2.29134e+01 |  3 -0.60002 -1.26213e+02
  4 -0.66034 -5.65637e+01 |  5 -0.13402  1.60427e+01 |  6 -0.07015 -1.74681e-01
  7 -0.07464 -6.19475e-01 |  8 -0.07240  2.42401e-02 |  9 -0.06908  1.63020e-01
 10 -0.06257  2.27218e-01 | 11 -0.05259  4.05368e-01 | 12 -0.04370  2.24874e-01
 13 -0.04025  3.67141e-02 | 14 -0.04784 -3.94318e-01 | 15 -0.05434 -5.37273e-01
 16 -0.04894 -4.24862e-01 | 17 -0.02384 -8.46476e-01 | 18  0.00015 -2.63982e+00
 19 -0.02970 -2.25609e+00 | 20 -0.03034 -1.58354e+00 | 21 -0.00562 -1.22963e+00
 22 -0.01007  3.86389e-01 | 23  0.03372  1.53076e+00 | 24  0.04527  2.44331e+00
 25 -0.03580  4.37396e-01 | 26  0.00630  2.31651e+00 | 27 -0.00968 -6.64824e-01
 28  0.05067  2.96455e+00 | 29  0.01503  2.80076e+00 | 30 -0.01121  1.24290e+00
 31  0.00091  4.05005e-01 | 32 -0.02645  5.59136e-01 | 33  0.04705  1.34685e+00
 34  0.00327 -3.34920e+00 | 35  0.04162  1.73197e+00 | 36 -0.00191 -1.46997e+00
 37  0.03555  5.98422e-01 | 38 -0.00932 -2.44407e+00 | 39  0.06200  2.95033e+00
 40  0.04581 -2.01756e+00 | 41  0.01682 -4.34904e+00 | 42  0.00946  4.03893e+00
 43  0.01860 -1.90733e+00 | 44  0.06286 -6.94550e-01 | 45  0.05281  1.33928e-01
 46 -0.00636 -2.75112e+00 | 47  0.03899 -2.47090e+00 | 48  0.04284 -4.79276e+00
 49  0.06919  2.64363e-01 | 50  0.09687 -2.38522e+00 | 51 -0.00144 -1.20764e-01
 52 -0.03171 -5.51625e+00 | 53  0.05836  2.57495e-01 | 54  0.05008  3.57604e+00
 55  0.03197 -1.55095e+00 | 56  0.09148 -4.29884e+00 | 57  0.08414 -6.97031e-01
 58  0.07213  4.49262e+00 | 59  0.04171  3.70367e+00 | 60 -0.08348 -2.75088e-01
 61 -0.06620 -1.27830e+00 | 62 -0.08340  1.26517e-01 | 63 -0.07360 -1.73231e+00
 64 -0.03052 -1.12700e-01 | 65 -0.01916 -7.15067e-01 | 66 -0.75457 -1.54824e-06
 67 -0.99993 -3.82277e-03 | 68 -0.79512 -5.70839e+00 | 69 -0.83858 -2.75026e+00
 70  0.01242  6.12871e-05 | 71  0.69959  6.15578e-03 | 72 -0.03026 -1.49429e-04
 73  0.00489  7.61796e+00 | 74 -0.22171  7.08343e-01 | 75 -0.55935 -3.78964e-03
Maximum number of function evaluations exceeded

 - final statistics:
75 variables; iteration 78; function evaluation 100
Function value 3.6405e+03; maximum gradient component mag -5.1100e+00
Exit code = 3;  converg criter 1.0000e+00
Var    Value     Gradient |Var    Value     Gradient |Var    Value     Gradient
  1 -0.58050 -3.35617e+00 |  2 -0.68614 -1.49403e+00 |  3 -0.60001 -5.10996e+00
  4 -0.66031 -2.11239e+00 |  5 -0.13448  2.51095e+00 |  6 -0.06987 -3.89474e-02
  7 -0.07221  3.66690e-03 |  8 -0.07250 -1.62633e-02 |  9 -0.06956 -3.25785e-02
 10 -0.06298 -2.06261e-02 | 11 -0.05342  3.57822e-03 | 12 -0.04366  6.55398e-04
 13 -0.03981 -2.33086e-02 | 14 -0.04608 -2.83208e-03 | 15 -0.05254  6.13814e-02
 16 -0.04907  1.78048e-02 | 17 -0.02524  3.91761e-02 | 18  0.00444  1.99965e-01
 19 -0.02784  7.19851e-02 | 20 -0.03040  2.55691e-02 | 21 -0.00338  1.52241e-01
 22 -0.01125  5.15525e-02 | 23  0.03502  9.69102e-02 | 24  0.04430  7.35577e-02
 25 -0.03240  5.72680e-02 | 26  0.00388  2.86871e-02 | 27 -0.00665  8.51440e-02
 28  0.04983  9.40676e-02 | 29  0.01508  7.89650e-02 | 30 -0.01130  5.06627e-02
 31  0.00101  4.34999e-02 | 32 -0.02629 -1.38409e-02 | 33  0.04616  6.11058e-02
 34  0.00508  1.52892e-02 | 35  0.04036 -4.25243e-03 | 36 -0.00117 -4.01116e-02
 37  0.03462  8.47272e-04 | 38 -0.00828  7.61813e-03 | 39  0.06070 -5.15870e-03
 40  0.04541 -2.79595e-02 | 41  0.01866 -1.08441e-02 | 42  0.00604 -1.49743e-01
 43  0.01970 -1.02156e-01 | 44  0.06218 -3.33216e-02 | 45  0.05194 -6.53798e-02
 46 -0.00567 -8.26880e-02 | 47  0.03786 -9.57205e-02 | 48  0.04397 -3.10922e-02
 49  0.06730 -1.68844e-01 | 50  0.09721 -7.22341e-02 | 51 -0.00436 -7.53916e-02
 52 -0.02858  4.30987e-03 | 53  0.05689 -9.01457e-02 | 54  0.04759 -1.16715e-01
 55  0.03164 -1.09546e-01 | 56  0.09097 -4.32277e-02 | 57  0.08304 -1.61176e-01
 58  0.06913 -7.89786e-02 | 59  0.03841 -8.38555e-02 | 60 -0.08432  3.06859e-02
 61 -0.06538  6.49221e-03 | 62 -0.08602 -5.66867e-02 | 63 -0.06861 -5.42186e-02
 64 -0.03236 -4.99458e-02 | 65 -0.01714 -3.70647e-02 | 66 -0.75456 -1.54814e-06
 67 -0.99954  8.87780e-03 | 68 -0.79075  3.66604e-01 | 69 -0.83439  4.60878e-02
 70  0.01186  5.85249e-05 | 71  0.64615  5.05770e-03 | 72 -0.02889 -1.42682e-04
 73  0.00251  1.23168e-01 | 74 -0.20613 -8.50285e-02 | 75 -0.52543 -3.40321e-03

Initial statistics: 87 variables; iteration 0; function evaluation 0; phase 5
Function value 3.6405276e+03; maximum gradient component mag 5.3994e+03
Var    Value     Gradient |Var    Value     Gradient |Var    Value     Gradient
  1 -0.58050 -3.35617e+00 |  2 -0.68614 -1.49403e+00 |  3 -0.60001 -5.10996e+00
  4 -0.66031 -2.11239e+00 |  5 -0.13448  2.51095e+00 |  6 -0.06987 -2.83780e-02
  7 -0.07221  1.42320e-02 |  8 -0.07250 -5.69881e-03 |  9 -0.06956 -2.20085e-02
 10 -0.06298 -1.00447e-02 | 11 -0.05342  1.41742e-02 | 12 -0.04366  1.12638e-02
 13 -0.03981 -1.26960e-02 | 14 -0.04608  7.77349e-03 | 15 -0.05254  7.19786e-02
 16 -0.04907  2.84066e-02 | 17 -0.02524  4.98012e-02 | 18  0.00444  2.10598e-01
 19 -0.02784  8.26084e-02 | 20 -0.03040  3.61904e-02 | 21 -0.00338  1.62874e-01
 22 -0.01125  6.21843e-02 | 23  0.03502  1.07528e-01 | 24  0.04430  8.41654e-02
 25 -0.03240  6.78876e-02 | 26  0.00388  3.93203e-02 | 27 -0.00665  9.57768e-02
 28  0.04983  1.04668e-01 | 29  0.01508  8.95954e-02 | 30 -0.01130  6.12945e-02
 31  0.00101  5.41333e-02 | 32 -0.02629 -3.21661e-03 | 33  0.04616  7.17113e-02
 34  0.00508  2.59223e-02 | 35  0.04036  6.35962e-03 | 36 -0.00117 -2.94782e-02
 37  0.03462  1.14650e-02 | 38 -0.00828  1.82506e-02 | 39  0.06070  5.42642e-03
 40  0.04541 -1.73531e-02 | 41  0.01866 -2.15249e-04 | 42  0.00604 -1.39110e-01
 43  0.01970 -9.15274e-02 | 44  0.06218 -2.27389e-02 | 45  0.05194 -5.47818e-02
 46 -0.00567 -7.20550e-02 | 47  0.03786 -8.51059e-02 | 48  0.04397 -2.04841e-02
 49  0.06730 -1.58270e-01 | 50  0.09721 -6.17244e-02 | 51 -0.00435 -6.47584e-02
 52 -0.02858  1.49326e-02 | 53  0.05689 -7.95547e-02 | 54  0.04759 -1.06112e-01
 55  0.03164 -9.89257e-02 | 56  0.09097 -3.27027e-02 | 57  0.08304 -1.50633e-01
 58  0.06913 -6.84078e-02 | 59  0.03841 -7.32414e-02 | 60 -0.08432  4.12262e-02
 61 -0.06538  1.70696e-02 | 62 -0.08602 -4.61502e-02 | 63 -0.06861 -4.36469e-02
 64 -0.03236 -3.93262e-02 | 65 -0.01714 -2.64352e-02 | 66 -0.75456 -1.54814e-06
 67 -0.99954  8.87780e-03 | 68 -0.79075  3.66604e-01 | 69 -0.83439  4.60878e-02
 70  0.15039 -1.67610e+03 | 71  0.12819  6.47757e-04 | 72 -0.03301  1.94684e+03
 73  0.04066 -4.18858e+02 | 74  0.10660  3.72343e-05 | 75  0.00000  5.76340e+02
 76  0.01355 -3.89216e+03 | 77 -0.19843 -1.31505e+00 | 78  0.00000  5.39944e+03
 79  0.01355 -2.03864e+02 | 80 -0.12819 -9.88205e-02 | 81 -0.03301  2.50938e+02
 82  0.01186  5.85249e-05 | 83  0.64615  5.05770e-03 | 84 -0.02889 -1.42682e-04
 85  0.00251  1.23168e-01 | 86 -0.20613 -8.50285e-02 | 87 -0.52543 -3.40321e-03

Intermediate statistics: 87 variables; iteration 20; function evaluation 28; phase 5
Function value 3.2077978e+03; maximum gradient component mag -1.6026e+04
Var    Value     Gradient |Var    Value     Gradient |Var    Value     Gradient
  1 -0.58192  7.03320e+03 |  2 -0.68675  4.33722e+03 |  3 -0.60615 -1.60257e+04
  4 -0.65734 -4.90756e+03 |  5 -0.14339 -4.12526e+02 |  6 -0.08576  9.07335e+00
  7 -0.08864  8.66511e+00 |  8 -0.08915  8.17330e+00 |  9 -0.08646  7.56151e+00
 10 -0.08013  6.80718e+00 | 11 -0.07051  5.90701e+00 | 12 -0.05997  4.94004e+00
 13 -0.05462  4.24336e+00 | 14 -0.05945  4.11632e+00 | 15 -0.06518  3.90753e+00
 16 -0.06095  2.90818e+00 | 17 -0.03587 -9.86716e-03 | 18 -0.00657 -4.72046e+00
 19 -0.03620 -2.70880e+00 | 20 -0.04082 -3.66191e+00 | 21 -0.02345 -6.77198e+00
 22 -0.02586 -3.73736e+00 | 23  0.02229 -5.25891e+00 | 24  0.03611 -4.61124e+00
 25 -0.04140 -6.90831e-01 | 26 -0.01121 -1.34482e+01 | 27 -0.02052 -1.40293e+01
 28  0.03773 -2.73693e+01 | 29  0.00096 -2.32645e+01 | 30 -0.02194 -2.86232e+01
 31 -0.01476 -4.75443e+01 | 32 -0.03960 -3.70012e+01 | 33  0.03346 -6.66925e+01
 34 -0.01032 -3.69701e+01 | 35  0.02529 -3.07934e+01 | 36 -0.01463 -1.59774e+00
 37  0.02609  2.25990e-01 | 38 -0.02185 -7.48849e+00 | 39  0.05206  5.31458e+00
 40  0.03672  3.10690e+01 | 41  0.01040  3.58484e+01 | 42 -0.00226  3.24643e+01
 43  0.01299  3.21071e+01 | 44  0.05642  2.84595e+01 | 45  0.04712  1.78251e+01
 46 -0.01185  1.74282e+01 | 47  0.03758  3.62444e+01 | 48  0.04283  4.42796e+01
 49  0.06550  4.83867e+01 | 50  0.10077  7.87592e+01 | 51 -0.00015  4.23292e+01
 52 -0.02108  2.82576e+01 | 53  0.06769  3.61480e+01 | 54  0.06682  4.96472e+01
 55  0.05975  3.74051e+01 | 56  0.11087 -1.12774e+01 | 57  0.11300 -1.06807e+01
 58  0.11948  3.23537e+01 | 59  0.12344  7.46341e+01 | 60  0.01213  4.26452e+01
 61  0.04537  3.87649e+01 | 62 -0.02881  1.89915e+01 | 63 -0.04613  1.35112e+01
 64 -0.03400  1.15676e+01 | 65 -0.02538  1.13755e+01 | 66 -0.75456 -1.54814e-06
 67 -0.99960  7.52060e-03 | 68 -0.77625 -7.72183e+01 | 69 -0.80083  9.97244e+00
 70  0.22188 -2.85795e+02 | 71  0.12818  6.43787e-04 | 72 -0.08608  2.52127e+01
 73  0.15409 -3.04830e+02 | 74  0.10659  5.56350e-04 | 75  0.01933  5.64792e+02
 76  0.07396 -2.13400e+03 | 77 -0.20322 -4.07023e-01 | 78 -0.02186  2.89852e+03
 79  0.04565 -1.94546e+02 | 80 -0.12914 -6.53413e-02 | 81 -0.03515  2.58513e+02
 82  0.01186  5.85229e-05 | 83  0.64612  5.05708e-03 | 84 -0.02889 -1.42677e-04
 85  0.00241  5.22913e+00 | 86 -0.20342  5.35027e-01 | 87 -0.52541 -3.40296e-03
87 variables; iteration 40; function evaluation 48; phase 5
Function value 3.1264014e+03; maximum gradient component mag 4.8320e+03
Var    Value     Gradient |Var    Value     Gradient |Var    Value     Gradient
  1 -0.58280  4.83202e+03 |  2 -0.68738  2.64746e+03 |  3 -0.60489 -2.91545e+03
  4 -0.65862 -8.24036e+02 |  5 -0.15515 -8.04827e+02 |  6 -0.04490  1.23490e+01
  7 -0.05678  9.88697e+00 |  8 -0.06681  7.13516e+00 |  9 -0.07215  4.54927e+00
 10 -0.07121  2.38378e+00 | 11 -0.06412  7.42845e-01 | 12 -0.05319 -1.26691e-01
 13 -0.03985  9.52257e-01 | 14 -0.02680  4.69082e+00 | 15 -0.02500  6.44419e+00
 16 -0.02589  2.44857e+00 | 17 -0.02854 -8.37443e+00 | 18  0.01190 -2.03468e+01
 19 -0.02750 -1.38949e+01 | 20 -0.06073 -7.16862e+00 | 21  0.02854  1.84128e+01
 22  0.00445  3.34207e+01 | 23  0.04479  4.61856e+01 | 24  0.05774  4.31329e+01
 25 -0.03765  1.78287e+01 | 26  0.02528 -3.68516e+00 | 27 -0.03621 -5.06763e+01
 28  0.03391 -6.83973e+01 | 29  0.03335  5.95080e+01 | 30 -0.00203  4.28074e+01
 31 -0.01263 -5.41571e+01 | 32 -0.05019 -7.95788e+01 | 33  0.03010 -8.81715e+01
 34  0.00310  4.83686e+00 | 35  0.02023 -6.83074e+00 | 36 -0.01463 -1.31501e+01
 37  0.01046 -5.51907e+01 | 38 -0.01934 -3.56533e+00 | 39  0.04612 -1.36416e+01
 40  0.01161 -4.65959e+01 | 41 -0.00700 -6.13548e+00 | 42 -0.00790  5.15159e+01
 43  0.00780  5.37750e+01 | 44  0.03788 -2.10967e+01 | 45  0.02839 -4.80646e+01
 46 -0.02161  6.28058e+00 | 47  0.03313  5.07640e+01 | 48  0.02588  1.13685e+00
 49  0.03914 -3.30625e+01 | 50  0.08624  4.41419e+01 | 51 -0.00556  6.38437e+01
 52 -0.02736  6.48878e+01 | 53  0.07346  1.15864e+02 | 54  0.04424  1.49622e+01
 55  0.01833 -1.40567e+01 | 56  0.12338  4.31062e+01 | 57  0.10625  4.06390e+00
 58  0.10009 -2.14869e+01 | 59  0.07490 -2.22037e+01 | 60 -0.05057  3.28086e+00
 61  0.04864  4.01254e+01 | 62 -0.08627  4.48754e+00 | 63 -0.15192 -8.39862e+00
 64 -0.03144  1.16592e+01 | 65  0.02631  1.83358e+01 | 66 -0.75455 -1.54813e-06
 67 -1.00310 -6.52353e-02 | 68 -0.70760 -6.04110e+01 | 69 -0.78572  2.39582e+00
 70  0.24713 -1.00159e+02 | 71  0.12775  6.40516e-04 | 72 -0.07356 -1.23788e+02
 73  0.23584 -6.33360e+01 | 74  0.10580  5.23755e-04 | 75  0.02327  1.40017e+02
 76  0.10518  2.45920e+02 | 77 -0.67533 -5.62721e-03 | 78 -0.03308 -5.84750e+02
 79  0.05071 -7.38653e+01 | 80 -0.22791 -1.78366e-02 | 81 -0.05284  7.04398e+01
 82  0.01182  5.83291e-05 | 83  0.64273  4.99748e-03 | 84 -0.02880 -1.42204e-04
 85  0.00873  6.93715e+01 | 86 -0.24491  4.27572e+00 | 87 -0.52313 -3.37857e-03
87 variables; iteration 60; function evaluation 69; phase 5
Function value 3.1101520e+03; maximum gradient component mag 5.2633e+02
Var    Value     Gradient |Var    Value     Gradient |Var    Value     Gradient
  1 -0.58325  5.26334e+02 |  2 -0.68746  2.26323e+02 |  3 -0.60433 -3.10864e+02
  4 -0.65913 -4.20012e+01 |  5 -0.15648 -4.47812e+02 |  6 -0.06102  4.23318e+00
  7 -0.06223  4.46754e+00 |  8 -0.06150  4.57053e+00 |  9 -0.05835  4.39539e+00
 10 -0.05229  3.92637e+00 | 11 -0.04413  3.11906e+00 | 12 -0.03788  1.88402e+00
 13 -0.03055  2.18017e+00 | 14 -0.02334  4.87226e+00 | 15 -0.03395  4.75020e+00
 16 -0.05698  6.02397e-01 | 17 -0.00428  8.82118e+00 | 18  0.02075  1.27874e+01
 19  0.02421  2.00741e+01 | 20 -0.09397 -5.79956e+00 | 21  0.03844  1.35967e+01
 22 -0.02110  2.99282e-01 | 23  0.03199 -3.95549e-01 | 24  0.06203  1.42228e+01
 25 -0.02335  7.83180e+00 | 26  0.00028 -1.14158e+01 | 27 -0.00542 -2.43772e+01
 28  0.04260 -5.05165e+01 | 29  0.01102 -1.69828e+01 | 30 -0.00513  1.23050e+01
 31  0.00137  1.52668e+00 | 32 -0.03289 -3.29121e+01 | 33  0.02466 -6.03842e+01
 34  0.01255  3.74645e+01 | 35  0.02417  6.41552e+00 | 36 -0.02658 -4.35252e+01
 37  0.01803 -2.81795e+01 | 38 -0.01095  1.91336e+01 | 39  0.03769 -3.83567e+01
 40  0.01344 -2.81951e+01 | 41  0.00682  3.29029e+01 | 42 -0.01658  1.13420e+01
 43 -0.01417 -1.98586e+01 | 44  0.04747  1.29585e+01 | 45  0.03106 -2.33204e+01
 46 -0.03618 -3.13728e+01 | 47  0.02058  7.50351e+00 | 48  0.03562  2.54349e+01
 49  0.02874 -3.53584e+01 | 50  0.08230  1.65983e+01 | 51 -0.02280  2.23141e+01
 52 -0.03231  2.84219e+01 | 53  0.04992  1.77328e+01 | 54  0.03248 -1.38571e+00
 55  0.04388  3.07716e+01 | 56  0.10385  3.09956e+01 | 57  0.10338 -4.44469e-01
 58  0.09078 -1.06290e+01 | 59  0.09089  1.10888e+01 | 60 -0.04856  2.97309e+00
 61  0.00245  1.33327e+01 | 62 -0.07621  1.46295e+00 | 63 -0.06813  3.25085e+00
 64 -0.03536  5.17924e+00 | 65 -0.03618  1.34384e+00 | 66 -0.75455 -1.54812e-06
 67 -0.99240  1.60294e-01 | 68 -0.69450 -4.60440e+01 | 69 -0.78802  2.76165e-01
 70  0.28474 -1.44347e+02 | 71  0.12718  6.37214e-04 | 72 -0.04411  2.08841e+02
 73  0.25268  1.02084e+01 | 74  0.10519  5.20495e-04 | 75  0.01980 -4.31245e+01
 76  0.10947 -5.80510e+01 | 77 -0.73521 -7.11753e-03 | 78 -0.02655  4.52336e+00
 79  0.04767 -1.20803e+01 | 80 -0.27652 -6.38454e-03 | 81 -0.06290 -1.87914e+01
 82  0.01177  5.80717e-05 | 83  0.63826  4.92055e-03 | 84 -0.02867 -1.41575e-04
 85  0.00345 -2.07043e+01 | 86 -0.23933 -1.66641e+00 | 87 -0.52011 -3.34660e-03
87 variables; iteration 80; function evaluation 102; phase 5
Function value 3.1036483e+03; maximum gradient component mag 8.5477e+01
Var    Value     Gradient |Var    Value     Gradient |Var    Value     Gradient
  1 -0.58347  8.54767e+01 |  2 -0.68731  4.03664e+01 |  3 -0.60442  6.55015e+00
  4 -0.65903 -5.06298e+00 |  5 -0.15837 -2.76428e+01 |  6 -0.05793  1.02634e-02
  7 -0.05992  1.48629e-01 |  8 -0.05942  3.24589e-01 |  9 -0.05723  1.13663e-01
 10 -0.05038  7.20804e-02 | 11 -0.03937  1.22955e-01 | 12 -0.02736  1.08201e-01
 13 -0.02267 -1.30079e-01 | 14 -0.02863 -4.61352e-02 | 15 -0.03560  1.56096e-01
 16 -0.03408  1.50447e-01 | 17 -0.00645  1.37904e+00 | 18  0.02686  2.94908e+00
 19 -0.00963  2.47256e+00 | 20 -0.01377  2.03975e+00 | 21  0.00830  1.32365e+00
 22 -0.00612  1.42915e-01 | 23  0.04776  2.36598e+00 | 24  0.05548  2.60843e+00
 25 -0.02544  4.23439e-01 | 26  0.01035  2.40869e-01 | 27 -0.00423 -4.47284e-01
 28  0.05299 -6.71460e-01 | 29  0.01488 -1.06645e+00 | 30 -0.00790 -1.89210e+00
 31  0.00072 -3.74944e+00 | 32 -0.02730 -1.85829e+00 | 33  0.04121 -3.81302e+00
 34 -0.00624 -4.97199e+00 | 35  0.02617 -9.87206e-01 | 36 -0.01656 -2.26881e+00
 37  0.02125 -2.08073e+00 | 38 -0.02280 -1.63480e+00 | 39  0.04202 -3.49595e+00
 40  0.02132 -1.60909e+00 | 41 -0.00840 -4.20575e+00 | 42 -0.01907  8.94381e-01
 43 -0.00446  5.00493e-01 | 44  0.03823 -1.05831e+00 | 45  0.03172 -3.35180e-01
 46 -0.02637 -1.46197e+00 | 47  0.01561 -9.19456e-01 | 48  0.01936  3.52161e-01
 49  0.04162  5.41293e-02 | 50  0.06961  1.05546e-01 | 51 -0.02824  1.37618e+00
 52 -0.04913  3.46525e-01 | 53  0.03957  2.90654e+00 | 54  0.03144  1.98074e+00
 55  0.02328  2.55686e+00 | 56  0.08991  4.84078e+00 | 57  0.09248  1.74125e+00
 58  0.08735  1.65073e+00 | 59  0.07065  8.34289e-01 | 60 -0.04821  5.15192e-01
 61 -0.02761 -2.03574e-01 | 62 -0.06792  3.70396e-01 | 63 -0.06662 -1.41815e-01
 64 -0.03784  6.11007e-01 | 65 -0.01659 -1.15291e-01 | 66 -0.75455 -1.54808e-06
 67 -1.03115 -6.50518e-01 | 68 -0.66147 -6.72740e+00 | 69 -0.78988 -3.51057e-01
 70  0.29679  7.32353e+00 | 71  0.12461  6.24065e-04 | 72 -0.04221 -1.29420e+01
 73  0.26503  4.07816e+00 | 74  0.10293  5.09471e-04 | 75  0.02590 -5.11037e+00
 76  0.11548 -1.07685e+01 | 77 -0.84633 -1.27601e-02 | 78 -0.02311  1.70282e+01
 79  0.06367  2.05945e+00 | 80 -0.24740 -3.45091e-03 | 81 -0.04946 -2.07923e-01
 82  0.01153  5.69150e-05 | 83  0.61871  4.60251e-03 | 84 -0.02810 -1.38750e-04
 85  0.00645 -3.90923e+00 | 86 -0.24637 -3.65129e-01 | 87 -0.50670 -3.20844e-03
87 variables; iteration 100; function evaluation 147; phase 5
Function value 3.1034686e+03; maximum gradient component mag 1.7518e+01
Var    Value     Gradient |Var    Value     Gradient |Var    Value     Gradient
  1 -0.58349 -7.46129e-01 |  2 -0.68731 -1.89580e+00 |  3 -0.60444  1.52274e+01
  4 -0.65899  3.80381e+00 |  5 -0.15890  1.75176e+01 |  6 -0.05532 -1.63785e-01
  7 -0.05694  9.70443e-02 |  8 -0.05833 -1.19639e-01 |  9 -0.05517 -5.63689e-02
 10 -0.04822 -1.52290e-02 | 11 -0.03763  2.39015e-02 | 12 -0.02612  1.15062e-03
 13 -0.02018  5.06165e-02 | 14 -0.02694 -3.89693e-02 | 15 -0.03444 -9.30236e-02
 16 -0.03070 -2.11646e-02 | 17 -0.00598 -1.63498e-01 | 18  0.02587 -6.49957e-03
 19 -0.00923  2.56365e-02 | 20 -0.01435 -6.98111e-02 | 21  0.00877  3.00019e-01
 22 -0.00063  4.54284e-01 | 23  0.04616  3.69172e-01 | 24  0.05626  5.61320e-01
 25 -0.02337  2.28948e-01 | 26  0.01045  1.61414e-01 | 27 -0.00284  7.50250e-02
 28  0.05348  1.47925e-01 | 29  0.01575  2.18967e-01 | 30 -0.00729  3.60786e-01
 31  0.00207  4.33025e-01 | 32 -0.02669  1.53312e-01 | 33  0.04141  2.99161e-01
 34 -0.00411  3.92246e-01 | 35  0.02573  1.07110e-01 | 36 -0.01557  8.34208e-02
 37  0.02141  4.59738e-02 | 38 -0.02267 -2.26358e-01 | 39  0.04247  3.80579e-02
 40  0.02048  9.36642e-03 | 41 -0.00683  7.32783e-02 | 42 -0.02058 -1.49123e-01
 43 -0.00481 -1.04829e-01 | 44  0.03800 -4.59730e-02 | 45  0.03084 -1.26507e-01
 46 -0.02637 -3.77078e-02 | 47  0.01482 -4.99252e-02 | 48  0.01814 -1.55855e-01
 49  0.04030 -1.61394e-01 | 50  0.06818 -1.49135e-01 | 51 -0.03096 -2.90904e-01
 52 -0.05037 -1.03361e-01 | 53  0.03638 -3.62753e-01 | 54  0.02874 -1.78221e-01
 55  0.02016 -2.91698e-01 | 56  0.08548 -5.21080e-01 | 57  0.08930 -1.19784e-01
 58  0.08324 -6.58623e-02 | 59  0.06699 -1.31110e-01 | 60 -0.05145 -2.35967e-01
 61 -0.02856 -1.42189e-01 | 62 -0.06963 -2.09480e-01 | 63 -0.06536 -9.65046e-02
 64 -0.03964 -1.26783e-01 | 65 -0.01307 -9.52179e-02 | 66 -0.75436 -1.54678e-06
 67 -0.99855  3.02520e-02 | 68 -0.65282 -9.82824e-02 | 69 -0.78845  1.34330e-01
 70  0.29687  4.87646e-01 | 71  0.04834  4.87672e-03 | 72 -0.04200 -3.25343e-01
 73  0.26131  4.80480e-01 | 74  0.04900 -7.75171e-04 | 75  0.02490 -6.96606e-01
 76  0.11577  2.61035e+00 | 77  0.06176 -8.32403e-03 | 78 -0.02304 -2.37140e+00
 79  0.06256  7.33439e-02 | 80 -0.16613  6.04158e-03 | 81 -0.05031 -5.49430e-01
 82  0.00510  2.51790e-05 | 83  0.14994  7.53923e-04 | 84 -0.01242 -6.13195e-05
 85  0.00433  4.68904e+00 | 86 -0.21670  3.95038e-01 | 87 -0.16330 -8.24054e-04
87 variables; iteration 120; function evaluation 171; phase 5
Function value 3.1034601e+03; maximum gradient component mag 5.2281e-01
Var    Value     Gradient |Var    Value     Gradient |Var    Value     Gradient
  1 -0.58349  1.41096e-02 |  2 -0.68731  9.98191e-03 |  3 -0.60444  1.23650e-01
  4 -0.65899  4.46296e-02 |  5 -0.15892  5.22808e-01 |  6 -0.05497 -4.90313e-03
  7 -0.05769 -3.07385e-03 |  8 -0.05809 -1.77810e-03 |  9 -0.05514 -2.09669e-03
 10 -0.04829 -1.34770e-03 | 11 -0.03780 -3.01067e-03 | 12 -0.02608 -2.08370e-03
 13 -0.02039 -1.59706e-04 | 14 -0.02681 -2.74446e-03 | 15 -0.03421 -4.04538e-03
 16 -0.03097 -6.77504e-03 | 17 -0.00537 -1.42490e-04 | 18  0.02576 -6.72356e-03
 19 -0.00944  2.88717e-03 | 20 -0.01364 -2.90464e-03 | 21  0.00865  5.51619e-03
 22 -0.00131  1.44944e-02 | 23  0.04670  5.22442e-03 | 24  0.05607  2.63380e-02
 25 -0.02337  1.20821e-02 | 26  0.01057  1.04326e-02 | 27 -0.00285  3.56037e-03
 28  0.05357  1.28410e-02 | 29  0.01578 -5.77257e-03 | 30 -0.00729  1.08251e-03
 31  0.00207  1.34973e-02 | 32 -0.02666  1.70246e-02 | 33  0.04149  7.33940e-03
 34 -0.00420  2.11040e-04 | 35  0.02582  9.35926e-03 | 36 -0.01557  2.01396e-03
 37  0.02143  5.95896e-03 | 38 -0.02256  8.32403e-04 | 39  0.04248  4.01533e-03
 40  0.02054  5.37893e-03 | 41 -0.00686 -4.99402e-03 | 42 -0.02048  7.66978e-04
 43 -0.00478  1.14016e-03 | 44  0.03802  3.69438e-03 | 45  0.03091  8.00211e-03
 46 -0.02637  1.23029e-03 | 47  0.01486 -2.38382e-03 | 48  0.01819 -6.44848e-03
 49  0.04036 -8.97465e-04 | 50  0.06820 -4.88693e-03 | 51 -0.03080 -7.32393e-03
 52 -0.05044 -7.38290e-03 | 53  0.03651  2.32364e-04 | 54  0.02875 -1.10990e-02
 55  0.02023 -2.80523e-03 | 56  0.08564 -1.19940e-02 | 57  0.08931 -1.16951e-02
 58  0.08329 -1.42989e-02 | 59  0.06707 -1.03638e-02 | 60 -0.05115 -4.54410e-03
 61 -0.02857 -3.83786e-03 | 62 -0.06977 -4.53202e-03 | 63 -0.06621 -3.10103e-03
 64 -0.04012 -4.20836e-03 | 65 -0.01347 -4.35829e-03 | 66 -0.75405 -1.54460e-06
 67 -0.99977  2.98273e-03 | 68 -0.65281 -1.44002e-02 | 69 -0.78867 -1.21929e-03
 70  0.29676 -1.01247e-02 | 71  0.03576 -5.46831e-05 | 72 -0.04206  1.00854e-02
 73  0.26084 -1.47216e-02 | 74  0.11780  5.87465e-04 | 75  0.02477  8.35310e-03
 76  0.11566  9.36955e-02 | 77  0.32678  1.77086e-03 | 78 -0.02310 -1.28455e-01
 79  0.06278  1.20830e-02 | 80 -0.17639  6.43940e-05 | 81 -0.05011 -1.03692e-02
 82 -0.00003 -1.65389e-07 | 83 -0.07175 -3.55569e-04 | 84  0.00009  4.26403e-07
 85 -0.00564 -2.35187e-01 | 86 -0.17143 -9.01858e-02 | 87 -0.07661 -8.62462e-04
87 variables; iteration 140; function evaluation 193; phase 5
Function value 3.1034598e+03; maximum gradient component mag -3.7590e-02
Var    Value     Gradient |Var    Value     Gradient |Var    Value     Gradient
  1 -0.58349 -3.34237e-02 |  2 -0.68731 -1.75576e-02 |  3 -0.60444 -1.09253e-02
  4 -0.65899  1.66722e-03 |  5 -0.15892 -3.75901e-02 |  6 -0.05496 -1.03808e-04
  7 -0.05768  3.04307e-04 |  8 -0.05809 -3.44571e-05 |  9 -0.05514  7.16595e-05
 10 -0.04830  5.04042e-05 | 11 -0.03780  9.67334e-05 | 12 -0.02608 -4.30679e-05
 13 -0.02039 -2.25682e-04 | 14 -0.02680 -5.76007e-04 | 15 -0.03421 -8.84862e-04
 16 -0.03095 -1.01262e-03 | 17 -0.00539 -9.25330e-04 | 18  0.02579 -1.67558e-03
 19 -0.00947 -1.34680e-03 | 20 -0.01362 -8.02414e-04 | 21  0.00866 -9.71327e-04
 22 -0.00136  7.32202e-04 | 23  0.04674  2.61571e-03 | 24  0.05606  6.01164e-03
 25 -0.02336  1.45566e-03 | 26  0.01057 -4.85937e-04 | 27 -0.00285 -1.84873e-03
 28  0.05356 -1.08834e-03 | 29  0.01579 -9.02362e-04 | 30 -0.00729  4.73823e-04
 31  0.00207  8.67787e-04 | 32 -0.02666  4.03011e-06 | 33  0.04149 -2.04540e-03
 34 -0.00420 -7.34829e-04 | 35  0.02582 -5.75704e-04 | 36 -0.01557 -8.03586e-04
 37  0.02143 -7.44622e-04 | 38 -0.02256 -1.26011e-03 | 39  0.04248 -9.30029e-04
 40  0.02054 -3.26177e-05 | 41 -0.00686 -3.69228e-04 | 42 -0.02049  6.14646e-04
 43 -0.00478  5.32927e-04 | 44  0.03802  2.75701e-04 | 45  0.03090  3.18338e-04
 46 -0.02637  1.35632e-04 | 47  0.01485  3.19157e-04 | 48  0.01819 -5.89019e-04
 49  0.04035 -8.38934e-04 | 50  0.06820 -2.01916e-04 | 51 -0.03080  5.69182e-04
 52 -0.05044  7.23831e-04 | 53  0.03651  5.19239e-04 | 54  0.02875  3.59930e-04
 55  0.02022  1.35667e-03 | 56  0.08564 -8.97842e-05 | 57  0.08931  1.41598e-04
 58  0.08329 -9.61125e-05 | 59  0.06707  7.28862e-04 | 60 -0.05115  5.42635e-04
 61 -0.02857 -5.23323e-05 | 62 -0.06977  4.07685e-04 | 63 -0.06622  5.71298e-04
 64 -0.04012  4.73217e-04 | 65 -0.01347  2.27716e-04 | 66 -0.75373 -1.54241e-06
 67 -0.99986  4.33895e-05 | 68 -0.65280 -1.57073e-03 | 69 -0.78867 -2.25651e-04
 70  0.29676 -1.60606e-03 | 71  0.03585  1.90489e-05 | 72 -0.04206  3.90014e-03
 73  0.26086 -9.65787e-04 | 74  0.08485  9.36709e-05 | 75  0.02477 -1.88585e-03
 76  0.11566  3.97342e-03 | 77  0.10604  4.59951e-05 | 78 -0.02310  1.06851e-03
 79  0.06278  1.87736e-03 | 80 -0.17640  5.18078e-05 | 81 -0.05011 -2.24607e-03
 82  0.00080  3.93209e-06 | 83  0.05007  2.47616e-04 | 84 -0.00194 -9.58252e-06
 85 -0.00579 -9.54469e-03 | 86 -0.17122 -3.99883e-03 | 87 -0.05629 -3.54165e-04
87 variables; iteration 160; function evaluation 215; phase 5
Function value 3.1034598e+03; maximum gradient component mag 1.8822e-01
Var    Value     Gradient |Var    Value     Gradient |Var    Value     Gradient
  1 -0.58349  1.21174e-02 |  2 -0.68731  3.52166e-03 |  3 -0.60444  2.42387e-02
  4 -0.65899  8.73631e-03 |  5 -0.15892  1.88216e-01 |  6 -0.05496 -1.78198e-04
  7 -0.05769 -1.27756e-03 |  8 -0.05809 -1.58979e-04 |  9 -0.05514 -4.10055e-04
 10 -0.04830 -5.55448e-04 | 11 -0.03780 -6.96114e-04 | 12 -0.02608  6.31924e-05
 13 -0.02039  4.86003e-04 | 14 -0.02680  6.89304e-04 | 15 -0.03421  9.25449e-04
 16 -0.03095  4.11902e-04 | 17 -0.00539  1.99414e-03 | 18  0.02579  3.53263e-03
 19 -0.00945  6.08301e-03 | 20 -0.01363  1.97299e-03 | 21  0.00867  5.18786e-03
 22 -0.00136  2.77562e-03 | 23  0.04674  2.73396e-03 | 24  0.05605  2.46872e-03
 25 -0.02336  6.99936e-04 | 26  0.01057  4.61321e-04 | 27 -0.00285  3.52156e-04
 28  0.05356  4.21208e-03 | 29  0.01579  2.95093e-03 | 30 -0.00730  1.51356e-03
 31  0.00207  1.20984e-03 | 32 -0.02666  1.23749e-03 | 33  0.04149  1.63112e-03
 34 -0.00420  1.31912e-03 | 35  0.02582  2.09447e-03 | 36 -0.01557  2.41448e-04
 37  0.02143  8.31853e-04 | 38 -0.02256  3.33686e-04 | 39  0.04248  7.05284e-05
 40  0.02054 -7.14859e-04 | 41 -0.00686 -1.01962e-03 | 42 -0.02049 -1.03885e-03
 43 -0.00478 -9.22690e-04 | 44  0.03802  1.66602e-04 | 45  0.03090 -5.47918e-04
 46 -0.02637 -2.18961e-03 | 47  0.01485 -1.09899e-03 | 48  0.01819 -1.30529e-03
 49  0.04035 -2.70662e-03 | 50  0.06820 -1.49148e-03 | 51 -0.03080 -1.25804e-03
 52 -0.05044 -1.04252e-03 | 53  0.03651 -1.24666e-03 | 54  0.02875 -2.64794e-03
 55  0.02022 -2.29216e-03 | 56  0.08564 -2.31357e-03 | 57  0.08931 -2.81601e-03
 58  0.08329 -3.21573e-03 | 59  0.06707 -1.98543e-03 | 60 -0.05115 -1.69819e-03
 61 -0.02857 -1.53734e-03 | 62 -0.06977 -1.67435e-03 | 63 -0.06622 -1.72332e-03
 64 -0.04013 -2.07822e-03 | 65 -0.01347 -1.53101e-03 | 66 -0.75281 -1.53602e-06
 67 -0.99984  8.59281e-04 | 68 -0.65280 -3.38194e-04 | 69 -0.78867 -1.08252e-03
 70  0.29676  6.00089e-03 | 71  0.03583  8.16212e-06 | 72 -0.04206 -4.12730e-03
 73  0.26086  1.75189e-04 | 74  0.08238  2.40085e-06 | 75  0.02478 -1.41369e-03
 76  0.11566  9.27586e-03 | 77  0.10598  3.21406e-05 | 78 -0.02310 -1.61536e-02
 79  0.06278 -2.39882e-04 | 80 -0.17706 -2.40588e-04 | 81 -0.05011  1.51317e-03
 82  0.00001  2.93687e-08 | 83  0.00240  1.18514e-05 | 84 -0.00001 -7.24802e-08
 85 -0.00578  2.44924e-02 | 86 -0.17214  7.21326e-03 | 87 -0.03293  2.65608e-04
87 variables; iteration 180; function evaluation 238; phase 5
Function value 3.1034598e+03; maximum gradient component mag 1.3326e-02
Var    Value     Gradient |Var    Value     Gradient |Var    Value     Gradient
  1 -0.58349  3.23601e-03 |  2 -0.68731  1.70450e-03 |  3 -0.60444  1.62478e-03
  4 -0.65899  1.18155e-03 |  5 -0.15892  1.10024e-02 |  6 -0.05496 -4.90110e-05
  7 -0.05768 -5.19908e-05 |  8 -0.05809 -3.09381e-05 |  9 -0.05514 -4.13140e-05
 10 -0.04830 -4.31779e-05 | 11 -0.03780 -5.50386e-05 | 12 -0.02608 -1.75113e-05
 13 -0.02039  3.26945e-05 | 14 -0.02680  4.00095e-05 | 15 -0.03421  4.37676e-05
 16 -0.03095 -1.90835e-05 | 17 -0.00539  4.30847e-05 | 18  0.02579  1.07956e-04
 19 -0.00947  3.09859e-04 | 20 -0.01362  1.58616e-05 | 21  0.00866  2.58798e-04
 22 -0.00136  1.34264e-04 | 23  0.04674  1.25474e-04 | 24  0.05605  1.76054e-04
 25 -0.02336  2.07098e-05 | 26  0.01057 -8.43708e-05 | 27 -0.00284 -5.46394e-05
 28  0.05356  3.40234e-04 | 29  0.01579  3.18529e-04 | 30 -0.00730  1.61591e-04
 31  0.00207  7.77977e-05 | 32 -0.02666  9.99159e-05 | 33  0.04149  1.12518e-04
 34 -0.00420  1.54109e-04 | 35  0.02582  1.71508e-04 | 36 -0.01557  5.64059e-05
 37  0.02143  9.02503e-05 | 38 -0.02256  3.04972e-05 | 39  0.04248  1.76177e-05
 40  0.02054 -1.50090e-05 | 41 -0.00686 -1.18858e-05 | 42 -0.02049 -7.55287e-05
 43 -0.00478 -2.93937e-05 | 44  0.03802  7.87879e-05 | 45  0.03090 -3.97814e-05
 46 -0.02637 -1.43501e-04 | 47  0.01485 -2.78884e-05 | 48  0.01819 -2.32346e-05
 49  0.04035 -2.17605e-04 | 50  0.06820 -4.63960e-05 | 51 -0.03080 -4.78006e-05
 52 -0.05044  1.28012e-05 | 53  0.03651 -8.68410e-05 | 54  0.02875 -1.86634e-04
 55  0.02022 -1.23280e-04 | 56  0.08564 -1.79283e-04 | 57  0.08931 -1.95180e-04
 58  0.08329 -2.34035e-04 | 59  0.06707 -3.02413e-05 | 60 -0.05115 -1.03207e-04
 61 -0.02857 -1.26024e-04 | 62 -0.06977 -1.23524e-04 | 63 -0.06622 -1.04989e-04
 64 -0.04012 -1.10822e-04 | 65 -0.01347 -7.77865e-05 | 66 -0.75060 -1.52093e-06
 67 -0.99986 -4.79340e-05 | 68 -0.65280  9.32970e-05 | 69 -0.78867 -5.68554e-05
 70  0.29676  7.68175e-04 | 71  0.03582  5.65955e-07 | 72 -0.04206 -5.40804e-04
 73  0.26086  1.19429e-04 | 74  0.08230 -3.55111e-07 | 75  0.02478 -6.98256e-05
 76  0.11566  6.35701e-04 | 77  0.10582 -3.97236e-06 | 78 -0.02310 -1.43523e-03
 79  0.06278  2.77162e-05 | 80 -0.17653 -8.22718e-06 | 81 -0.05011 -1.25956e-05
 82 -0.00010 -5.05083e-07 | 83 -0.00107 -5.30121e-06 | 84  0.00025  1.22828e-06
 85 -0.00581  1.33259e-02 | 86 -0.17331  4.43717e-03 | 87 -0.01416  3.40401e-04
Warning: the following parameters had issues
  Q_parm[6] is within 0.1% of lower bound: 0.00000e+00 < 5.85168e-08 < 5.00000e+00


 - final statistics:
87 variables; iteration 187; function evaluation 245
Function value 3.1035e+03; maximum gradient component mag 2.1121e-05
Exit code = 1;  converg criter 1.0000e-04
Var    Value     Gradient |Var    Value     Gradient |Var    Value     Gradient
  1 -0.58349 -4.02987e-06 |  2 -0.68731 -5.64423e-06 |  3 -0.60444  2.11207e-05
  4 -0.65899  3.11038e-06 |  5 -0.15892  7.94892e-06 |  6 -0.05496 -1.24701e-06
  7 -0.05768  6.75820e-07 |  8 -0.05809 -3.68194e-07 |  9 -0.05514 -1.54087e-07
 10 -0.04830  1.00986e-07 | 11 -0.03780  1.38491e-07 | 12 -0.02608  2.01333e-07
 13 -0.02039  9.54265e-07 | 14 -0.02680  5.86760e-07 | 15 -0.03421  1.02869e-06
 16 -0.03095  1.70742e-06 | 17 -0.00539 -5.14964e-07 | 18  0.02579  1.07241e-06
 19 -0.00947 -1.52033e-07 | 20 -0.01362 -1.58732e-06 | 21  0.00866 -2.37662e-06
 22 -0.00136 -5.11977e-07 | 23  0.04674 -3.01460e-06 | 24  0.05605 -1.89662e-06
 25 -0.02336 -3.81825e-07 | 26  0.01057  1.98420e-06 | 27 -0.00284  1.93186e-06
 28  0.05356  6.50462e-07 | 29  0.01579 -7.29699e-08 | 30 -0.00730 -5.20312e-07
 31  0.00207 -1.24917e-06 | 32 -0.02666 -1.26741e-06 | 33  0.04149  1.03413e-06
 34 -0.00420  6.48811e-07 | 35  0.02582  1.23121e-06 | 36 -0.01557  6.57823e-07
 37  0.02143  1.15010e-06 | 38 -0.02256  1.71818e-06 | 39  0.04248  6.16855e-07
 40  0.02054 -7.49380e-08 | 41 -0.00686 -1.11265e-06 | 42 -0.02049 -3.78394e-07
 43 -0.00478 -8.49849e-07 | 44  0.03802  8.64622e-07 | 45  0.03090  1.08522e-06
 46 -0.02637  1.08833e-06 | 47  0.01485  9.63198e-07 | 48  0.01819  8.07690e-07
 49  0.04035  9.27933e-07 | 50  0.06820  4.31770e-07 | 51 -0.03080 -3.46249e-07
 52 -0.05044 -1.09370e-06 | 53  0.03651  7.00794e-07 | 54  0.02875 -1.18232e-06
 55  0.02022 -4.97508e-07 | 56  0.08564 -1.46143e-06 | 57  0.08931 -9.13517e-07
 58  0.08329 -7.97547e-07 | 59  0.06707 -2.02335e-06 | 60 -0.05115 -2.38100e-07
 61 -0.02857  9.49869e-07 | 62 -0.06977 -2.98162e-07 | 63 -0.06622  1.93923e-07
 64 -0.04012  5.76062e-07 | 65 -0.01347  9.59304e-07 | 66 -0.75034 -1.51921e-06
 67 -0.99986  3.11564e-06 | 68 -0.65280 -1.47255e-06 | 69 -0.78867  5.64157e-08
 70  0.29676 -2.23879e-06 | 71  0.03582 -3.51426e-08 | 72 -0.04206  4.69650e-06
 73  0.26086 -2.30627e-06 | 74  0.08231  1.03410e-08 | 75  0.02478 -1.05161e-06
 76  0.11566  1.30694e-05 | 77  0.10584  1.49496e-08 | 78 -0.02310 -1.65561e-05
 79  0.06278 -1.78606e-06 | 80 -0.17651 -9.35129e-08 | 81 -0.05011 -7.99955e-08
 82 -0.00007 -3.64777e-07 | 83  0.00000  9.68087e-09 | 84  0.00018  8.86658e-07
 85 -0.00581 -9.92499e-06 | 86 -0.17341 -3.78221e-06 | 87 -0.01292  1.74684e-08
size of file gradfil1.tmp = 0
size of file gradfil2.tmp = 0
size of file varssave.tmp = 0
size of file cmpdiff.tmp = 0
