
Initial statistics: 4 variables; iteration 0; function evaluation 0; phase 1
Function value 1.8142458e+06; maximum gradient component mag -2.4271e+07
Var    Value     Gradient |Var    Value     Gradient |Var    Value     Gradient
  1 -0.19398 -2.42712e+07 |  2  0.17184  8.69251e-04 |  3  0.59033  4.18880e-03
  4  0.50650  3.23829e-03 |
  ic > imax  in fminim is answer attained ?
Var    Value     Gradient |Var    Value     Gradient |Var    Value     Gradient
  1 -0.10244  3.39463e+01 |  2  0.05313  2.93407e-04 |  3  0.03114 -1.18997e-03
  4  0.07422  4.06040e-04 |
Function minimizer not making progress ... is minimum attained?
Minimprove criterion = 0.0000e+00

 - final statistics:
4 variables; iteration 7; function evaluation 53
Function value 6.1706e+03; maximum gradient component mag 3.3946e+01
Exit code = 1;  converg criter 1.0000e+01
Var    Value     Gradient |Var    Value     Gradient |Var    Value     Gradient
  1 -0.10244  3.39463e+01 |  2  0.05313  2.93407e-04 |  3  0.03114 -1.18997e-03
  4  0.07422  4.06040e-04 |

Initial statistics: 69 variables; iteration 0; function evaluation 0; phase 2
Function value 6.1701710e+03; maximum gradient component mag -1.5757e+03
Var    Value     Gradient |Var    Value     Gradient |Var    Value     Gradient
  1 -0.10244  3.03192e+01 |  2  0.00000  2.18850e+02 |  3  0.00000  2.38783e+02
  4  0.00000  2.60286e+02 |  5  0.00000  2.83116e+02 |  6  0.00000  3.07421e+02
  7  0.00000  3.33708e+02 |  8  0.00000  3.62748e+02 |  9  0.00000  3.95816e+02
 10  0.00000  4.33464e+02 | 11  0.00000  4.73346e+02 | 12  0.00000  5.11414e+02
 13  0.00000  5.45929e+02 | 14  0.00000  5.83851e+02 | 15  0.00000  6.38995e+02
 16  0.00000  6.86920e+02 | 17  0.00000  7.12516e+02 | 18  0.00000  7.19991e+02
 19  0.00000  7.10697e+02 | 20  0.00000  7.53463e+02 | 21  0.00000  8.91171e+02
 22  0.00000  9.61497e+02 | 23  0.00000  9.40397e+02 | 24  0.00000  8.52631e+02
 25  0.00000  9.20340e+02 | 26  0.00000  1.06696e+03 | 27  0.00000  1.08829e+03
 28  0.00000  9.98041e+02 | 29  0.00000  6.87312e+02 | 30  0.00000  5.66769e+02
 31  0.00000  4.09815e+02 | 32  0.00000  4.32529e+02 | 33  0.00000  2.99704e+02
 34  0.00000  2.79863e+02 | 35  0.00000 -6.69742e+01 | 36  0.00000 -2.15247e+02
 37  0.00000 -2.04705e+02 | 38  0.00000 -2.65696e+02 | 39  0.00000 -4.64150e+02
 40  0.00000 -7.27506e+02 | 41  0.00000 -7.00046e+02 | 42  0.00000 -4.95961e+02
 43  0.00000 -6.56277e+02 | 44  0.00000 -9.09731e+02 | 45  0.00000 -1.19730e+03
 46  0.00000 -1.31541e+03 | 47  0.00000 -9.57203e+02 | 48  0.00000 -8.17038e+02
 49  0.00000 -1.08116e+03 | 50  0.00000 -1.24080e+03 | 51  0.00000 -1.33151e+03
 52  0.00000 -1.53504e+03 | 53  0.00000 -1.57566e+03 | 54  0.00000 -1.47634e+03
 55  0.00000 -1.15745e+03 | 56  0.00000 -7.79937e+02 | 57  0.00000 -5.56903e+02
 58  0.00000 -1.13063e+02 | 59  0.00000  2.41781e+02 | 60  0.00000  2.79756e+02
 61  0.00000  4.30935e+02 | 62  0.00000 -6.79986e+02 | 63  0.00000  1.98399e+00
 64  0.01355  6.68584e-05 | 65  0.05313  2.62791e-04 | 66 -0.03301 -1.63042e-04
 67 -0.21635 -1.00252e+01 | 68  0.03114 -3.10321e-03 | 69  0.07422  3.67690e-04

Intermediate statistics: 69 variables; iteration 20; function evaluation 35; phase 2
Function value 5.2767562e+03; maximum gradient component mag -1.9361e+03
Var    Value     Gradient |Var    Value     Gradient |Var    Value     Gradient
  1 -0.10919 -1.93613e+03 |  2 -0.17158  1.02091e+02 |  3 -0.17412  1.00557e+02
  4 -0.17001  9.98854e+01 |  5 -0.15679  1.00334e+02 |  6 -0.13264  1.01967e+02
  7 -0.09761  1.04612e+02 |  8 -0.05665  1.08380e+02 |  9 -0.02409  1.15092e+02
 10 -0.01874  1.25667e+02 | 11 -0.02468  1.35892e+02 | 12 -0.01505  1.46946e+02
 13  0.02103  1.61875e+02 | 14  0.06778  1.70748e+02 | 15  0.00833  1.43597e+02
 16 -0.02236  1.17052e+02 | 17  0.00473  8.37979e+01 | 18 -0.03692  8.11308e+01
 19  0.06219  4.15438e+01 | 20  0.09309  1.29772e+00 | 21 -0.15047  8.18852e+01
 22  0.05601  4.94839e+01 | 23 -0.02762  1.07118e+02 | 24  0.09271  1.94957e+02
 25  0.04986  9.77751e+01 | 26 -0.06026  1.82941e+01 | 27  0.03587 -8.87687e+01
 28 -0.14666  7.52325e+00 | 29  0.10263 -1.80543e+02 | 30 -0.14614 -7.22666e+00
 31  0.09551 -2.31110e+02 | 32 -0.06134 -6.40494e+01 | 33  0.09723 -2.65754e+02
 34 -0.29060  2.57877e+00 | 35  0.11134 -2.07401e+02 | 36  0.03771 -1.31375e+02
 37  0.05908 -7.63513e+01 | 38  0.03125  1.07563e+00 | 39  0.06925  2.87074e+01
 40  0.08094 -3.68516e+01 | 41  0.07341  2.35251e+01 | 42  0.02452  1.64677e+02
 43  0.07527  2.63278e+02 | 44  0.07252  2.50710e+02 | 45  0.09870  3.61045e+02
 46  0.18447  7.60900e+02 | 47  0.01520  1.21724e+02 | 48 -1.33080 -1.81300e+01
 49  0.16557  6.77413e+02 | 50  0.05738  2.36028e+02 | 51  0.03596  1.53690e+02
 52  0.15010  2.93924e+02 | 53  0.13118  2.39724e+02 | 54  0.13364  2.15243e+02
 55  0.15587  3.25977e+02 | 56  0.08142  2.09325e+02 | 57  0.13318  2.06533e+02
 58  0.07053  2.03322e+02 | 59 -0.03496  1.62112e+02 | 60 -0.16408  1.05769e+02
 61 -0.25377  7.42865e+01 | 62  0.32220  5.40698e+01 | 63  0.17329  1.93263e+02
 64  0.01355  6.68539e-05 | 65  0.05312  2.62774e-04 | 66 -0.03301 -1.63031e-04
 67  0.08365  1.04662e+02 | 68 -0.01780  4.06531e-02 | 69  0.07365  3.65006e-04
69 variables; iteration 40; function evaluation 58; phase 2
Function value 5.2317581e+03; maximum gradient component mag -1.0228e+03
Var    Value     Gradient |Var    Value     Gradient |Var    Value     Gradient
  1 -0.09596 -1.02283e+03 |  2 -0.10911  9.83576e+01 |  3 -0.10712  9.94807e+01
  4 -0.09956  1.01910e+02 |  5 -0.08492  1.06093e+02 |  6 -0.06289  1.12327e+02
  7 -0.03651  1.20054e+02 |  8 -0.01313  1.27130e+02 |  9 -0.00794  1.28123e+02
 10 -0.03535  1.18420e+02 | 11 -0.06013  1.09196e+02 | 12 -0.07320  1.03185e+02
 13 -0.03801  1.09002e+02 | 14  0.05255  1.26381e+02 | 15 -0.05617  1.07959e+02
 16 -0.06030  1.11056e+02 | 17  0.06149  1.47967e+02 | 18 -0.09649  9.94814e+01
 19  0.06547  1.38164e+02 | 20  0.08395  1.08224e+02 | 21 -0.21805  6.42160e+01
 22  0.06765  9.70387e+01 | 23 -0.11398  7.83153e+01 | 24  0.09717  2.15405e+02
 25  0.02764  2.23976e+01 | 26 -0.12982 -1.55592e+01 | 27  0.03523 -1.34956e+01
 28 -0.07404  3.72309e+01 | 29  0.06460  9.24031e+01 | 30  0.02652  5.76320e+01
 31  0.03623 -1.38740e+02 | 32 -0.02953 -8.65405e+01 | 33  0.08725 -2.51453e+02
 34 -0.52784  1.42002e+00 | 35  0.10395 -1.31230e+02 | 36  0.05076 -8.03350e+01
 37  0.03832 -5.58074e+01 | 38  0.04092 -3.33826e+01 | 39  0.02418 -2.75228e+01
 40  0.09906 -3.37761e+00 | 41  0.05887  3.43672e+01 | 42  0.03260  1.62550e+02
 43  0.05538  1.75874e+02 | 44  0.07076  1.87840e+02 | 45  0.09012  2.47304e+02
 46  0.15563  5.36974e+02 | 47  0.07919  2.58041e+02 | 48 -1.39926 -1.01108e+01
 49  0.12489  3.21954e+02 | 50  0.06849  1.78785e+02 | 51  0.05819  1.43461e+02
 52  0.13788  1.56779e+02 | 53  0.11889  6.40451e+01 | 54  0.11815  4.07334e+00
 55  0.12555  8.58210e+01 | 56  0.08569  1.26323e+02 | 57  0.11718  1.11606e+02
 58  0.06723  1.67262e+02 | 59 -0.03569  1.45799e+02 | 60 -0.08270  1.28726e+02
 61 -0.21303  8.47589e+01 | 62  0.32703  6.69087e+01 | 63  0.16474  1.53857e+02
 64  0.01353  6.67720e-05 | 65  0.05306  2.62450e-04 | 66 -0.03297 -1.62831e-04
 67  0.05455  4.73831e+01 | 68 -0.01095  8.01002e-01 | 69  0.02525  1.52888e-03
69 variables; iteration 60; function evaluation 91; phase 2
Function value 5.1834556e+03; maximum gradient component mag -7.4851e+02
Var    Value     Gradient |Var    Value     Gradient |Var    Value     Gradient
  1 -0.08476 -7.48506e+02 |  2 -0.09362  1.49039e+01 |  3 -0.08702  1.64946e+01
  4 -0.07968  1.75255e+01 |  5 -0.07389  1.71079e+01 |  6 -0.07119  1.49273e+01
  7 -0.07506  1.10966e+01 |  8 -0.09417  5.78325e+00 |  9 -0.07593  8.39594e+00
 10 -0.02097  2.04641e+01 | 11 -0.05978  1.71612e+01 | 12 -0.05012  2.04990e+01
 13 -0.02768  2.26611e+01 | 14  0.04270  2.70258e+01 | 15 -0.11595  3.56044e+00
 16 -0.02223  2.26880e+01 | 17  0.02866  2.50554e+01 | 18 -0.05265  7.19148e+00
 19  0.04073 -2.70046e+00 | 20  0.07084 -3.95204e+01 | 21 -0.15980 -1.99878e+01
 22  0.05076 -6.79627e+01 | 23 -0.07767 -6.09637e+01 | 24  0.04248 -1.18563e+02
 25  0.03652 -7.89918e+01 | 26 -0.07968 -7.59891e+01 | 27  0.01507 -4.85120e+01
 28 -0.05086 -3.81444e+01 | 29  0.03795 -8.64341e+01 | 30  0.01400 -8.38822e+01
 31  0.02256 -1.92410e+02 | 32 -0.00764 -7.20924e+01 | 33  0.08945 -1.16734e+02
 34 -0.44942 -6.42485e+01 | 35  0.09376 -1.08703e+02 | 36  0.05523 -4.84436e+01
 37  0.04931 -1.20100e+01 | 38  0.03016 -5.75339e+00 | 39  0.04695  2.94710e+01
 40  0.09461  1.00822e+02 | 41  0.07893  1.07530e+02 | 42  0.01105  5.97746e+01
 43  0.04024  3.98669e+01 | 44  0.06939  8.06593e+01 | 45  0.07396  8.88272e+01
 46  0.14450  2.89681e+02 | 47  0.04588 -6.29772e+00 | 48 -1.28806  3.48334e+01
 49  0.10077  1.11197e+02 | 50  0.09181  1.68503e+02 | 51  0.04782  7.38687e+01
 52  0.13530  9.39396e+01 | 53  0.10646  1.02826e+01 | 54  0.13839 -3.39337e+00
 55  0.10110  3.87413e+00 | 56  0.09600  7.24173e+01 | 57  0.11243  3.84944e+01
 58  0.05653  5.65433e+01 | 59 -0.06729  2.69653e+01 | 60 -0.09152  3.75620e+01
 61 -0.19752  2.30282e+01 | 62  0.33297  4.68503e+01 | 63  0.10769 -1.17927e+00
 64  0.01344  6.63454e-05 | 65  0.05272  2.60762e-04 | 66 -0.03276 -1.61788e-04
 67  0.03134  1.64969e+01 | 68 -0.00710  5.86724e+01 | 69 -0.22123 -1.13792e-03
Maximum number of function evaluations exceeded

 - final statistics:
69 variables; iteration 67; function evaluation 100
Function value 5.1623e+03; maximum gradient component mag -6.7288e+02
Exit code = 3;  converg criter 1.0000e+01
Var    Value     Gradient |Var    Value     Gradient |Var    Value     Gradient
  1 -0.07663 -6.72881e+02 |  2  0.00567  9.15850e+00 |  3 -0.09339 -1.71535e+01
  4 -0.13520 -2.66314e+01 |  5 -0.09569 -2.02869e+01 |  6 -0.16120 -3.38250e+01
  7 -0.07381 -2.10422e+01 |  8 -0.08009 -2.37750e+01 |  9 -0.00666 -1.32437e+01
 10 -0.08875 -2.56018e+01 | 11 -0.04951 -2.05517e+01 | 12 -0.08231 -2.79887e+01
 13 -0.04860 -2.88510e+01 | 14  0.00370 -3.10404e+01 | 15 -0.01736 -2.43909e+01
 16 -0.09401 -3.16609e+01 | 17  0.03398 -4.09182e+01 | 18 -0.06777 -4.85216e+01
 19  0.01559 -7.46153e+01 | 20  0.06472 -8.14558e+01 | 21 -0.09026 -3.87931e+01
 22  0.04382 -6.82079e+01 | 23 -0.09597 -8.21978e+01 | 24  0.05296 -1.16305e+02
 25  0.01531 -4.40487e+01 | 26 -0.02320 -3.46270e+01 | 27  0.00445 -4.98655e+01
 28 -0.06219 -1.12222e+02 | 29  0.02800 -2.71151e+02 | 30 -0.03134 -1.96580e+02
 31  0.05028 -2.32536e+02 | 32 -0.04715 -1.60002e+02 | 33  0.07820 -1.69790e+02
 34 -0.21810 -1.46420e+02 | 35  0.08742 -1.15956e+02 | 36  0.05450 -8.48484e+01
 37  0.03751 -4.91776e+01 | 38  0.04305 -1.62001e+00 | 39  0.03934 -2.47136e+00
 40  0.09124  3.42663e+01 | 41  0.06804  1.40239e+01 | 42  0.00383  1.52020e+01
 43  0.05052  5.21801e+01 | 44  0.05781  5.20938e+01 | 45  0.08437  8.36498e+01
 46  0.12568  1.58611e+02 | 47  0.05109 -4.63968e+01 | 48 -1.25808  4.50847e+01
 49  0.08684  1.63692e+01 | 50  0.08282  1.15215e+02 | 51  0.05602  7.74764e+01
 52  0.12487  1.33560e+02 | 53  0.12479  1.58334e+02 | 54  0.15821  1.87332e+02
 55  0.09283 -7.27676e+00 | 56  0.05462 -2.41921e+01 | 57  0.13528  5.83937e+01
 58  0.01484 -3.11900e+01 | 59 -0.05599 -4.02014e+00 | 60 -0.13697 -2.02063e+01
 61 -0.20177 -1.31512e+01 | 62  0.34131  6.07140e+01 | 63  0.10680 -3.56689e+01
 64  0.01330  6.56264e-05 | 65  0.05215  2.57918e-04 | 66 -0.03240 -1.60031e-04
 67  0.01166 -2.00125e+01 | 68 -0.00510  2.79211e+01 | 69 -0.11893 -5.93814e-04

Initial statistics: 77 variables; iteration 0; function evaluation 0; phase 3
Function value 5.1612323e+03; maximum gradient component mag 6.5868e+04
Var    Value     Gradient |Var    Value     Gradient |Var    Value     Gradient
  1 -0.58910  6.58684e+04 |  2 -0.64634  4.18888e+04 |  3 -0.60608  2.52842e+04
  4 -0.62943  1.63651e+04 |  5 -0.07663 -6.72881e+02 |  6  0.00699  3.54700e+01
  7 -0.09206  8.87987e+00 |  8 -0.13385 -9.09753e-01 |  9 -0.09435  5.73153e+00
 10 -0.15984 -8.35546e+00 | 11 -0.07247  5.09565e+00 | 12 -0.07876  2.33091e+00
 13 -0.00533  1.30684e+01 | 14 -0.08741  4.56331e-01 | 15 -0.04818  5.68288e+00
 16 -0.08098 -1.89560e+00 | 17 -0.04727 -2.61478e+00 | 18  0.00503 -4.72754e+00
 19 -0.01603  1.91264e+00 | 20 -0.09268 -5.63580e+00 | 21  0.03530 -1.46408e+01
 22 -0.06644 -2.23623e+01 | 23  0.01692 -4.83074e+01 | 24  0.06605 -5.52665e+01
 25 -0.08892 -1.27476e+01 | 26  0.04514 -4.19508e+01 | 27 -0.09464 -5.62008e+01
 28  0.05429 -9.00670e+01 | 29  0.01663 -1.77421e+01 | 30 -0.02187 -8.33184e+00
 31  0.00578 -2.35525e+01 | 32 -0.06086 -8.60514e+01 | 33  0.02932 -2.44840e+02
 34 -0.03001 -1.70316e+02 | 35  0.05161 -2.06270e+02 | 36 -0.04582 -1.33781e+02
 37  0.07953 -1.43638e+02 | 38 -0.21670 -1.21731e+02 | 39  0.08875 -8.98640e+01
 40  0.05583 -5.86209e+01 | 41  0.03884 -2.29071e+01 | 42  0.04438  2.46296e+01
 43  0.04066  2.37886e+01 | 44  0.09257  6.02914e+01 | 45  0.06937  4.01779e+01
 46  0.00515  4.15142e+01 | 47  0.05185  7.83974e+01 | 48  0.05914  7.82836e+01
 49  0.08570  1.09701e+02 | 50  0.12702  1.84335e+02 | 51  0.05241 -2.01648e+01
 52 -0.73858 -3.51301e+01 | 53  0.08817  4.24257e+01 | 54  0.08416  1.41267e+02
 55  0.05734  1.03669e+02 | 56  0.12622  1.59302e+02 | 57  0.12614  1.84065e+02
 58  0.15958  2.12721e+02 | 59  0.09416  1.87514e+01 | 60  0.05595  2.02402e+00
 61  0.13663  8.40763e+01 | 62  0.01616 -4.88370e+00 | 63 -0.05466  2.21954e+01
 64 -0.13562  5.50281e+00 | 65 -0.20038  1.18599e+01 | 66  0.34285  8.32152e+01
 67  0.10814 -9.72152e+00 | 68 -1.00000 -8.66316e-08 | 69 -1.00000 -8.66317e-08
 70 -1.00000 -8.66329e-08 | 71 -1.00000 -8.66316e-08 | 72  0.01330  6.56264e-05
 73  0.05215  2.57918e-04 | 74 -0.03240 -1.60031e-04 | 75  0.01166 -2.00125e+01
 76 -0.00510  2.79211e+01 | 77 -0.11893 -5.93814e-04 |

Intermediate statistics: 77 variables; iteration 20; function evaluation 33; phase 3
Function value 4.2220485e+03; maximum gradient component mag 2.0538e+04
Var    Value     Gradient |Var    Value     Gradient |Var    Value     Gradient
  1 -0.57537  6.67054e+03 |  2 -0.69282 -1.17991e+03 |  3 -0.59461  2.05378e+04
  4 -0.66556  5.64341e+03 |  5 -0.08239  8.36560e+02 |  6 -0.32310 -4.00473e+01
  7 -0.13839 -7.77649e+00 |  8 -0.07875  8.63295e+00 |  9 -0.12012 -4.00744e+00
 10 -0.02666  1.98607e+01 | 11 -0.10824 -7.41702e+00 | 12 -0.08160 -7.94702e+00
 13 -0.18810 -2.79501e+01 | 14 -0.07415 -1.54327e+01 | 15 -0.14417 -2.38107e+01
 16 -0.06572 -1.73182e+01 | 17 -0.04568 -2.72174e+01 | 18 -0.07308 -3.62183e+01
 19 -0.12916 -2.98293e+01 | 20 -0.00222 -6.59613e+00 | 21 -0.12026 -1.09454e+01
 22 -0.00294  5.47525e+01 | 23  0.04328  9.07819e+01 | 24 -0.01513  2.51528e+01
 25 -0.01357  1.16357e+01 | 26 -0.07822 -1.12909e+01 | 27  0.02896  8.08086e+01
 28  0.01493  1.11117e+00 | 29 -0.00479 -1.11331e+01 | 30 -0.00678  4.88050e+01
 31 -0.01008  5.42840e+01 | 32 -0.02981  7.35802e+01 | 33  0.05977  1.90627e+02
 34 -0.00516  5.81283e+01 | 35  0.04421  6.69954e+01 | 36  0.01285  1.13111e+01
 37 -0.00591 -8.16247e+01 | 38  0.06064  2.11454e+02 | 39  0.02814 -7.04358e+01
 40  0.05084 -4.37825e+01 | 41  0.04501 -4.07782e+01 | 42 -0.05972 -9.48316e+01
 43  0.05245  1.80288e+01 | 44  0.06500  5.03323e+01 | 45  0.06866  7.26563e+01
 46 -0.00308  1.62399e+01 | 47  0.05055 -2.30641e+00 | 48  0.02886 -3.98821e+01
 49  0.09638  8.53143e+00 | 50  0.06964 -4.63752e+01 | 51  0.06748  1.37430e+02
 52 -0.09447 -3.37431e+00 | 53  0.13248  8.07747e+01 | 54 -0.18175 -8.00886e+01
 55  0.12077 -1.01072e+02 | 56  0.00478 -1.44879e+02 | 57  0.14767 -1.84434e+02
 58  0.05343 -1.53115e+02 | 59  0.13191 -2.19334e+01 | 60  0.08414  2.41393e+01
 61  0.11968 -1.28186e+01 | 62  0.09562  7.33923e+01 | 63  0.03043  7.33830e+01
 64  0.03176  7.20942e+01 | 65 -0.12900  1.04136e+01 | 66  0.33382  1.21212e+02
 67  0.20632  6.48025e+01 | 68 -1.04346  9.18967e-06 | 69 -1.25203  1.07010e+02
 70 -1.09975  4.00916e+02 | 71 -1.10220  9.35237e+01 | 72  0.01330  6.56215e-05
 73  0.05214  2.57899e-04 | 74 -0.03240 -1.60019e-04 | 75  0.05510  5.22522e+01
 76 -0.02551 -2.40813e-02 | 77 -0.11892 -5.93768e-04 |
77 variables; iteration 40; function evaluation 55; phase 3
Function value 4.1475759e+03; maximum gradient component mag 7.0500e+03
Var    Value     Gradient |Var    Value     Gradient |Var    Value     Gradient
  1 -0.57965  7.05001e+03 |  2 -0.68492  4.62762e+03 |  3 -0.59698 -2.37038e+02
  4 -0.66631 -3.11921e+03 |  5 -0.09106  1.01323e+03 |  6 -0.23660 -4.57421e+01
  7 -0.14362 -2.75803e+01 |  8 -0.09169 -1.41865e+01 |  9 -0.13060 -2.52411e+01
 10 -0.05064 -5.59568e+00 | 11 -0.11814 -2.61693e+01 | 12 -0.10889 -2.67744e+01
 13 -0.05401 -1.76423e+01 | 14 -0.10926 -2.94892e+01 | 15 -0.07532 -2.42072e+01
 16 -0.15816 -4.05787e+01 | 17  0.00809 -3.31552e+01 | 18 -0.15740 -4.96451e+01
 19 -0.09519 -3.65968e+01 | 20  0.01550  3.30408e+00 | 21 -0.11817 -2.28780e+01
 22 -0.01721  3.41893e+01 | 23  0.04734  9.43461e+01 | 24  0.00353  3.59054e+01
 25 -0.03102  3.62121e+00 | 26 -0.04682 -1.60967e+01 | 27  0.01196  2.77915e+01
 28  0.02545 -5.60045e+01 | 29 -0.02172 -9.54046e+01 | 30 -0.01572 -4.55951e+01
 31 -0.01439 -5.79071e+00 | 32 -0.02611  4.24795e+01 | 33  0.05267  1.07145e+02
 34 -0.00921  1.79484e+01 | 35  0.04855  5.78443e+01 | 36  0.00473 -1.52250e+01
 37  0.00329 -8.50705e+01 | 38  0.04938  1.70145e+02 | 39  0.04593 -2.81474e+01
 40  0.05274 -4.43649e+01 | 41  0.02417 -5.23583e+01 | 42 -0.00861 -5.29504e+01
 43  0.04620  5.33043e+01 | 44  0.07149  6.20290e+01 | 45  0.06361  2.90979e+01
 46 -0.00469 -2.33288e+01 | 47  0.03886 -4.03095e+01 | 48  0.05131 -7.02712e+00
 49  0.08542 -8.43212e+00 | 50  0.07860 -4.96464e+01 | 51  0.05755  9.86294e+01
 52 -0.07888 -1.94585e+01 | 53  0.10976  1.07495e+02 | 54  0.00205 -6.74714e+01
 55  0.09838 -1.05563e+02 | 56 -0.03622 -1.48767e+02 | 57  0.18509 -8.04880e+01
 58 -0.04164 -1.29047e+02 | 59  0.14115 -7.78623e+01 | 60  0.05713 -5.19372e+01
 61  0.09664 -1.10210e+02 | 62  0.09529  5.83070e+01 | 63  0.00770  3.68743e+01
 64 -0.00341  2.69467e+01 | 65 -0.16171 -1.61382e+01 | 66  0.30319  8.28485e+01
 67  0.15088  2.26331e+01 | 68 -2.59361 -8.46804e-07 | 69 -1.24434  1.31620e+02
 70 -1.10679  3.30526e+02 | 71 -1.10179  8.86625e+01 | 72  0.01324  6.53626e-05
 73  0.05194  2.56875e-04 | 74 -0.03227 -1.59387e-04 | 75  0.03233  2.97910e+01
 76 -0.02242 -1.58034e-02 | 77 -0.11844 -5.91342e-04 |
77 variables; iteration 60; function evaluation 79; phase 3
Function value 4.1082854e+03; maximum gradient component mag -7.1368e+03
Var    Value     Gradient |Var    Value     Gradient |Var    Value     Gradient
  1 -0.58038  1.03923e+03 |  2 -0.68516  1.50279e+03 |  3 -0.60101 -7.13683e+03
  4 -0.65871 -2.31240e+03 |  5 -0.10349  1.03122e+03 |  6 -0.20403 -5.72755e+01
  7 -0.11790 -3.85218e+01 |  8 -0.06727 -2.38080e+01 |  9 -0.11187 -3.77115e+01
 10 -0.05250 -2.34943e+01 | 11 -0.09441 -3.88660e+01 | 12 -0.07973 -3.98811e+01
 13 -0.13338 -5.22125e+01 | 14 -0.07509 -4.16165e+01 | 15 -0.11683 -4.65927e+01
 16 -0.11170 -4.31027e+01 | 17  0.02290 -1.25890e+01 | 18 -0.07749 -4.71408e+01
 19 -0.09888 -4.98735e+01 | 20 -0.05126 -3.37925e+01 | 21 -0.02999 -1.31545e+01
 22 -0.02288  1.48805e+01 | 23  0.02919  5.76202e+01 | 24  0.02657  2.91698e+01
 25 -0.04672 -3.89957e+01 | 26 -0.07171 -6.52359e+01 | 27  0.02390 -6.41713e+00
 28  0.01279 -1.05593e+02 | 29 -0.02455 -1.25962e+02 | 30 -0.00710 -5.85116e+01
 31 -0.02432 -5.57085e+01 | 32 -0.03506 -1.65594e+01 | 33  0.05121  4.78930e+01
 34 -0.01435 -3.30596e+01 | 35  0.04093 -1.64317e+01 | 36  0.00024 -2.51219e+01
 37  0.02323 -1.91379e+01 | 38  0.03667  1.34502e+02 | 39  0.05099 -1.64650e+01
 40  0.05051 -2.59096e+01 | 41  0.03173 -2.77050e+01 | 42 -0.01033 -6.36029e+01
 43  0.03732  1.59726e+00 | 44  0.06875  2.16344e+01 | 45  0.05940  1.71603e+01
 46  0.00292 -9.80883e+00 | 47  0.03939 -4.32656e+01 | 48  0.03734 -5.04976e+01
 49  0.08386 -1.73667e+00 | 50  0.08441 -1.88186e+00 | 51  0.05244  9.60317e+01
 52 -0.09040 -4.50894e+01 | 53  0.10082  7.48432e+01 | 54 -0.00202 -7.44470e+01
 55  0.10400 -9.20327e+01 | 56 -0.05719 -1.65723e+02 | 57  0.16697 -1.42230e+02
 58 -0.00544 -1.57836e+02 | 59  0.13320 -6.18443e+01 | 60  0.04752 -4.87726e+01
 61  0.10834 -7.83289e+01 | 62  0.06057 -1.07751e+01 | 63 -0.00854  1.89700e+00
 64 -0.04122 -1.11880e+01 | 65 -0.16295 -2.99144e+01 | 66  0.26553  4.86623e+01
 67  0.10532 -1.33220e+01 | 68 -1.23069  1.65732e-06 | 69 -1.25853  1.41530e+02
 70 -1.10400  3.74313e+02 | 71 -1.09650  8.49520e+01 | 72  0.01318  6.50288e-05
 73  0.05167  2.55555e-04 | 74 -0.03210 -1.58571e-04 | 75  0.02452  3.06172e+01
 76 -0.02146 -1.29964e-02 | 77 -0.11783 -5.88215e-04 |
Maximum number of function evaluations exceeded

 - final statistics:
77 variables; iteration 76; function evaluation 100
Function value 4.0653e+03; maximum gradient component mag -5.8225e+03
Exit code = 3;  converg criter 1.0000e+00
Var    Value     Gradient |Var    Value     Gradient |Var    Value     Gradient
  1 -0.58127 -5.82247e+03 |  2 -0.68576 -2.22530e+03 |  3 -0.60072 -3.89667e+03
  4 -0.65940 -1.07695e+03 |  5 -0.12850  7.66163e+01 |  6 -0.00983  1.60427e-01
  7 -0.08571 -2.15804e+01 |  8 -0.10836 -2.82761e+01 |  9 -0.18120 -4.43963e+01
 10 -0.07697 -2.62371e+01 | 11 -0.05037 -2.50407e+01 | 12 -0.07614 -3.25941e+01
 13 -0.08714 -3.69813e+01 | 14 -0.05084 -3.23395e+01 | 15 -0.09554 -3.74436e+01
 16 -0.08201 -3.53255e+01 | 17 -0.06461 -3.33392e+01 | 18  0.04494 -2.29046e+01
 19 -0.20024 -5.21843e+01 | 20 -0.02467 -2.22525e+01 | 21 -0.02378 -1.17629e+01
 22  0.00261  1.73319e+01 | 23  0.02188  3.12313e+01 | 24  0.04224  4.09129e+01
 25 -0.03177  1.40182e+00 | 26 -0.03499 -1.46897e+01 | 27  0.03214  9.26319e+00
 28  0.00084 -9.87243e+01 | 29  0.01112 -6.59411e+01 | 30  0.00764 -2.08226e+01
 31 -0.03741 -1.03244e+02 | 32 -0.03279 -7.33679e+01 | 33  0.04725 -4.96168e+01
 34 -0.00756 -5.90388e+01 | 35  0.03853 -6.10270e+01 | 36 -0.00450 -4.06910e+01
 37  0.03655  4.53307e+00 | 38  0.01377  5.73484e+01 | 39  0.06349  3.83892e+01
 40  0.06395  4.69303e+01 | 41  0.01704 -2.18586e+01 | 42  0.00655 -2.43824e+01
 43  0.03668  1.79782e+01 | 44  0.06277  1.36375e+01 | 45  0.06962  4.65946e+01
 46 -0.01297 -3.03186e+01 | 47  0.03790 -4.20948e+01 | 48  0.04665 -2.56803e+01
 49  0.06772 -1.33002e+01 | 50  0.09488  5.24198e+01 | 51  0.03544  9.61266e+01
 52 -0.05157 -1.58778e+01 | 53  0.06953 -3.29842e+01 | 54 -0.00351 -8.04732e+01
 55  0.10933 -8.75636e+01 | 56 -0.10209 -1.51864e+02 | 57  0.13738 -1.47832e+02
 58  0.06749 -1.07221e+02 | 59  0.09816 -3.05577e+01 | 60  0.05226 -1.89451e-01
 61  0.11266  1.31265e+01 | 62  0.02486 -3.28589e+01 | 63 -0.06076 -2.81745e+01
 64 -0.03872  9.77579e+00 | 65 -0.22450 -3.86191e+01 | 66  0.15809  1.45477e+01
 67  0.04596 -1.06226e+01 | 68 -0.82587 -2.28122e-06 | 69 -1.33946  1.03578e+02
 70 -1.12796  2.92193e+02 | 71 -1.07351  6.50450e+01 | 72  0.01295  6.39403e-05
 73  0.05080  2.51251e-04 | 74 -0.03156 -1.55911e-04 | 75  0.00770  3.76201e+01
 76 -0.02133  1.28178e-01 | 77 -0.11581 -5.78024e-04 |

Initial statistics: 77 variables; iteration 0; function evaluation 0; phase 4
Function value 4.0643637e+03; maximum gradient component mag -5.7884e+03
Var    Value     Gradient |Var    Value     Gradient |Var    Value     Gradient
  1 -0.58127 -5.78840e+03 |  2 -0.68576 -2.21349e+03 |  3 -0.60072 -3.81236e+03
  4 -0.65940 -1.04559e+03 |  5 -0.12850  6.02979e+01 |  6 -0.00862  2.23186e+01
  7 -0.08449  6.10187e-01 |  8 -0.10713 -5.46513e+00 |  9 -0.17994 -2.14870e+01
 10 -0.07575 -2.35075e+00 | 11 -0.04916 -6.54167e-01 | 12 -0.07492 -9.34817e+00
 13 -0.08592 -1.33947e+01 | 14 -0.04962 -8.54149e+00 | 15 -0.09432 -1.44426e+01
 16 -0.08079 -1.22290e+01 | 17 -0.06339 -1.05920e+01 | 18  0.04615 -2.00071e+00
 19 -0.19896 -2.98474e+01 | 20 -0.02346  2.36234e-01 | 21 -0.02257  1.11844e+01
 22  0.00383  4.05026e+01 | 23  0.02309  5.45797e+01 | 24  0.04346  6.48854e+01
 25 -0.03056  2.53257e+01 | 26 -0.03378  1.01005e+01 | 27  0.03336  3.27094e+01
 28  0.00205 -7.46735e+01 | 29  0.01233 -4.12574e+01 | 30  0.00886  2.26452e+00
 31 -0.03619 -7.98337e+01 | 32 -0.03158 -4.95964e+01 | 33  0.04846 -2.58150e+01
 34 -0.00634 -3.50941e+01 | 35  0.03975 -3.64576e+01 | 36 -0.00329 -1.59016e+01
 37  0.03776  2.89526e+01 | 38  0.01498  8.06627e+01 | 39  0.06471  6.26116e+01
 40  0.06517  7.07147e+01 | 41  0.01825  2.23898e+00 | 42  0.00776 -1.02780e-01
 43  0.03790  4.21636e+01 | 44  0.06399  3.86340e+01 | 45  0.07084  7.10228e+01
 46 -0.01175 -5.94402e+00 | 47  0.03911 -1.77872e+01 | 48  0.04786 -1.20643e+00
 49  0.06894  1.08399e+01 | 50  0.09610  7.58081e+01 | 51  0.03666  1.20855e+02
 52 -0.05035  9.14924e+00 | 53  0.07075 -8.73688e+00 | 54 -0.00230 -5.65451e+01
 55  0.11056 -6.43086e+01 | 56 -0.10086 -1.28794e+02 | 57  0.13862 -1.24675e+02
 58  0.06871 -8.48013e+01 | 59  0.09939 -6.69216e+00 | 60  0.05347  2.41770e+01
 61  0.11389  3.70554e+01 | 62  0.02607 -8.79597e+00 | 63 -0.05954 -4.22880e+00
 64 -0.03750  3.34691e+01 | 65 -0.22321 -1.59335e+01 | 66  0.15934  3.75596e+01
 67  0.04717  1.27154e+01 | 68 -0.82587 -2.23962e-06 | 69 -0.66054 -1.03016e+02
 70 -0.87204 -2.88096e+02 | 71 -0.92649 -6.49907e+01 | 72  0.01295  6.39280e-05
 73  0.05080  2.51202e-04 | 74 -0.03156 -1.55881e-04 | 75  0.00770  3.72866e+01
 76 -0.02133  1.33009e-01 | 77 -0.11581 -5.77909e-04 |

Intermediate statistics: 77 variables; iteration 20; function evaluation 29; phase 4
Function value 4.0087874e+03; maximum gradient component mag -5.4947e+03
Var    Value     Gradient |Var    Value     Gradient |Var    Value     Gradient
  1 -0.58064 -5.49472e+03 |  2 -0.68678 -2.88033e+03 |  3 -0.60105 -2.50265e+03
  4 -0.65800 -3.81668e+01 |  5 -0.12985  1.29238e+02 |  6 -0.08155  2.45817e+01
  7 -0.08223  2.47760e+01 |  8 -0.08168  2.45689e+01 |  9 -0.07508  2.48445e+01
 10 -0.07710  2.20389e+01 | 11 -0.07750  1.90253e+01 | 12 -0.05894  1.95321e+01
 13 -0.05171  1.91465e+01 | 14 -0.07953  1.56505e+01 | 15 -0.06306  2.10066e+01
 16 -0.05538  2.34767e+01 | 17 -0.01471  2.74649e+01 | 18 -0.04737  1.93369e+01
 19  0.00110  3.71878e+01 | 20 -0.03885  2.78592e+01 | 21 -0.01738  2.44041e+01
 22 -0.04105  2.41202e+01 | 23  0.04696  4.50219e+01 | 24  0.04067  2.99111e+01
 25 -0.07559  1.07656e+01 | 26  0.00843  3.15692e+01 | 27 -0.00298  3.67954e+01
 28  0.03822 -6.01049e-01 | 29  0.00265  1.20659e+01 | 30  0.00791  4.39578e+01
 31 -0.02586 -1.78343e+01 | 32 -0.02261  1.14041e+01 | 33  0.04555  1.56086e+01
 34 -0.00093  4.89027e+00 | 35  0.03980  7.84479e+00 | 36 -0.00049  2.62422e+01
 37  0.03811  6.10769e+01 | 38  0.00634  9.35928e+01 | 39  0.06994  1.35481e+02
 40  0.06224  1.31561e+02 | 41  0.02206  6.20758e+01 | 42  0.00832  3.70102e+01
 43  0.02876  3.02658e+01 | 44  0.05761 -1.03579e+01 | 45  0.05606  6.65158e+00
 46 -0.01018  1.03798e+01 | 47  0.03913  1.84014e+01 | 48  0.04244  1.68350e+01
 49  0.06462  1.27600e+01 | 50  0.09092  3.66848e+01 | 51  0.01655  7.14677e+01
 52 -0.04795  1.96096e+01 | 53  0.06404  1.63119e+01 | 54  0.02203 -7.62723e+00
 55  0.07839  3.87617e+01 | 56  0.03302 -6.11120e+01 | 57  0.12867  7.37090e+01
 58  0.09583  2.98719e+01 | 59  0.08845  2.62468e+01 | 60  0.04453  1.64785e+01
 61  0.09928  9.40497e+00 | 62  0.02407  1.38533e+01 | 63 -0.06349  2.36518e+01
 64 -0.06201  4.81606e+01 | 65 -0.14658  2.67003e+01 | 66  0.00371  2.47901e+01
 67 -0.02939  2.36170e+01 | 68 -0.82587 -2.23962e-06 | 69 -0.49043 -4.29927e+01
 70 -0.83473 -6.32060e+01 | 71 -0.88419 -4.22479e+01 | 72  0.01295  6.39246e-05
 73  0.05079  2.51189e-04 | 74 -0.03156 -1.55873e-04 | 75 -0.04216 -7.45299e+01
 76 -0.02071 -6.26072e+02 | 77 -0.11679 -1.14566e+00 |
77 variables; iteration 40; function evaluation 52; phase 4
Function value 3.9909746e+03; maximum gradient component mag 1.8459e+03
Var    Value     Gradient |Var    Value     Gradient |Var    Value     Gradient
  1 -0.58005  5.45905e+01 |  2 -0.68671  7.44170e+01 |  3 -0.59996  1.09610e+02
  4 -0.65993  1.52528e+02 |  5 -0.13154 -1.74944e+02 |  6 -0.07807 -2.03072e+00
  7 -0.07915 -2.16583e+00 |  8 -0.08101 -3.20963e+00 |  9 -0.09388 -7.43749e+00
 10 -0.07131 -5.52577e+00 | 11 -0.06128 -7.25810e+00 | 12 -0.06930 -1.16694e+01
 13 -0.07261 -1.33224e+01 | 14 -0.05842 -9.41520e+00 | 15 -0.06185 -6.31968e+00
 16 -0.04956 -2.46792e+00 | 17 -0.01010 -5.44952e-03 | 18 -0.02616 -8.17320e+00
 19 -0.01862 -3.03313e+00 | 20 -0.04832 -7.55399e+00 | 21 -0.00561 -7.08658e+00
 22 -0.01997 -7.33047e+00 | 23  0.02993 -1.02978e+01 | 24  0.03874 -1.45957e+01
 25 -0.03671 -1.32983e+01 | 26 -0.01227 -2.07592e+01 | 27 -0.00083 -7.33263e+00
 28  0.03752 -1.76467e+01 | 29  0.01439  4.50196e+00 | 30 -0.01037  1.03161e+01
 31 -0.00724 -1.04953e+01 | 32 -0.03023 -6.28659e+00 | 33  0.04418  4.29562e+00
 34  0.00462  5.47341e+00 | 35  0.03735 -2.02625e+00 | 36 -0.00150  2.53816e+00
 37  0.03308  5.66856e+00 | 38 -0.00584  1.32708e+01 | 39  0.05990  1.25905e+01
 40  0.04655  1.13420e+01 | 41  0.01731  1.71270e+00 | 42  0.00402 -1.50076e+00
 43  0.01867  2.47269e+00 | 44  0.06088  8.30672e+00 | 45  0.05035  8.94807e+00
 46 -0.00735  2.39788e+00 | 47  0.03184 -5.53587e+00 | 48  0.04104  4.19215e+00
 49  0.06399  6.01423e+00 | 50  0.08958 -2.41729e+00 | 51 -0.00477  5.37079e+00
 52 -0.03771 -2.95780e+00 | 53  0.05393  1.04091e+00 | 54  0.04487  7.33052e+00
 55  0.03849  2.70297e+01 | 56  0.09747  5.37414e+01 | 57  0.09967  3.91167e+01
 58  0.09861 -1.42813e+01 | 59  0.07977 -1.29266e+01 | 60  0.03931 -1.35667e+01
 61  0.09582 -1.28493e+01 | 62  0.01669 -1.27257e+01 | 63 -0.06171  1.57728e+00
 64 -0.08886  7.54977e+00 | 65 -0.14164 -1.57026e+00 | 66 -0.02433  4.32452e-01
 67 -0.01443  4.00936e+00 | 68 -0.82587 -2.23959e-06 | 69 -0.37916 -1.71861e+01
 70 -0.81370 -1.18374e+01 | 71 -0.83627 -3.86301e+00 | 72  0.01289  6.36120e-05
 73  0.05054  2.49953e-04 | 74 -0.03140 -1.55109e-04 | 75 -0.03210  2.57617e+02
 76 -0.02217  1.84586e+03 | 77 -0.00406  7.38357e+00 |
77 variables; iteration 60; function evaluation 74; phase 4
Function value 3.9888578e+03; maximum gradient component mag 5.7976e+02
Var    Value     Gradient |Var    Value     Gradient |Var    Value     Gradient
  1 -0.57997  5.79761e+02 |  2 -0.68673  3.32084e+02 |  3 -0.59981  3.22363e+02
  4 -0.66025  1.01296e+02 |  5 -0.13237 -1.60984e+02 |  6 -0.09022 -6.08479e+00
  7 -0.08161 -3.82630e+00 |  8 -0.08018 -3.73861e+00 |  9 -0.08662 -6.16301e+00
 10 -0.06589 -3.58173e+00 | 11 -0.06033 -5.07959e+00 | 12 -0.04264 -4.56697e+00
 13 -0.06046 -8.92616e+00 | 14 -0.05306 -6.72086e+00 | 15 -0.06465 -7.01571e+00
 16 -0.05727 -5.63525e+00 | 17 -0.01124 -2.47292e+00 | 18 -0.02366 -9.24308e+00
 19 -0.01509 -2.84902e+00 | 20 -0.04319 -7.30589e+00 | 21 -0.00875 -8.27806e+00
 22 -0.01589 -8.53044e+00 | 23  0.02944 -1.22586e+01 | 24  0.03832 -1.31367e+01
 25 -0.03327 -7.74319e+00 | 26 -0.00594 -1.26087e+01 | 27 -0.00745 -7.25720e+00
 28  0.04340 -1.18611e+01 | 29  0.01045 -2.05468e+00 | 30 -0.00981  5.72274e+00
 31 -0.00666 -9.15899e+00 | 32 -0.02911 -4.55412e+00 | 33  0.04362  1.66212e-01
 34  0.00268 -1.44045e-02 | 35  0.03806 -5.24742e-01 | 36 -0.00307 -1.49061e+00
 37  0.03177 -2.44075e+00 | 38 -0.00755  3.96921e+00 | 39  0.05722 -6.72308e+00
 40  0.04404 -2.87563e+00 | 41  0.01611 -1.57557e+00 | 42  0.00420  2.59507e+00
 43  0.01882  5.45353e+00 | 44  0.05828  5.11063e-01 | 45  0.04983  3.94039e+00
 46 -0.01029 -2.85093e-01 | 47  0.03386  2.58673e+00 | 48  0.03926  4.28157e+00
 49  0.06279  2.73143e+00 | 50  0.08829 -2.70198e+00 | 51 -0.00385  7.36400e+00
 52 -0.04100 -5.11157e+00 | 53  0.05402  2.99099e+00 | 54  0.04316  2.22800e+00
 55  0.03681  1.12515e+01 | 56  0.09002  1.15173e+01 | 57  0.09424  1.72814e+01
 58  0.10350  1.12441e+00 | 59  0.07636 -5.84113e-01 | 60  0.04483  2.15388e-01
 61  0.09286 -5.73690e+00 | 62  0.02143 -5.78885e+00 | 63 -0.07289 -6.61548e+00
 64 -0.09277  4.17611e+00 | 65 -0.14468 -4.92182e+00 | 66 -0.03640 -3.97031e-01
 67 -0.00979  4.49735e+00 | 68 -0.82587 -2.23956e-06 | 69 -0.32285 -1.03847e+01
 70 -0.80700 -8.60654e+00 | 71 -0.83127  6.02288e-01 | 72  0.01284  6.33484e-05
 73  0.05033  2.48912e-04 | 74 -0.03127 -1.54465e-04 | 75 -0.04270  7.38030e+01
 76 -0.02056  5.27054e+02 | 77 -0.13805  8.34913e-01 |
Maximum number of function evaluations exceeded

 - final statistics:
77 variables; iteration 77; function evaluation 100
Function value 3.9871e+03; maximum gradient component mag 4.6322e+02
Exit code = 3;  converg criter 1.0000e+00
Var    Value     Gradient |Var    Value     Gradient |Var    Value     Gradient
  1 -0.58001  1.25706e+02 |  2 -0.68675  6.98154e+01 |  3 -0.59985  8.78747e+01
  4 -0.66020  1.98415e+01 |  5 -0.13440 -3.86185e+01 |  6 -0.06647  5.28033e-01
  7 -0.07410 -7.73466e-01 |  8 -0.07582 -1.22654e+00 |  9 -0.06939 -3.95431e-01
 10 -0.06299 -5.17725e-01 | 11 -0.05675 -1.33977e+00 | 12 -0.05264 -2.48993e+00
 13 -0.03459  5.12454e-01 | 14 -0.04574 -4.45597e-01 | 15 -0.05428 -1.01454e+00
 16 -0.05197 -1.76206e+00 | 17 -0.02601 -1.95024e+00 | 18  0.00032 -2.94290e+00
 19 -0.02921 -1.89150e+00 | 20 -0.02948 -1.13697e+00 | 21 -0.00671 -1.76788e+00
 22 -0.01246 -1.23566e+00 | 23  0.03361 -1.34430e+00 | 24  0.04224 -1.70727e+00
 25 -0.03438 -1.10892e+00 | 26  0.00214 -7.00653e-01 | 27 -0.00864 -1.13960e+00
 28  0.04726 -3.26084e+00 | 29  0.01283 -2.90901e+00 | 30 -0.01414 -2.01185e+00
 31 -0.00083 -5.11829e-02 | 32 -0.02930 -9.88731e-01 | 33  0.04396 -4.49677e-01
 34  0.00163 -2.79056e+00 | 35  0.03762 -9.51195e-01 | 36 -0.00388 -8.13931e-02
 37  0.03113 -2.72664e+00 | 38 -0.01171 -2.76295e+00 | 39  0.05667 -4.38774e+00
 40  0.04200 -1.81457e+00 | 41  0.01435 -2.11066e+00 | 42  0.00182 -4.79471e-01
 43  0.01571  1.23069e+00 | 44  0.05707  6.38241e-02 | 45  0.04685  3.31469e-01
 46 -0.01127 -2.76325e-01 | 47  0.03127  5.23119e-01 | 48  0.03742  1.80866e+00
 49  0.05887 -3.93336e-01 | 50  0.08832  9.86749e-01 | 51 -0.01304  1.41857e+00
 52 -0.03629  2.85010e+00 | 53  0.04934  3.47600e+00 | 54  0.04175 -1.25536e+00
 55  0.02752 -4.14238e+00 | 56  0.08762 -6.09141e+00 | 57  0.08400 -5.52897e+00
 58  0.10248  2.47442e+00 | 59  0.07224  3.99871e+00 | 60  0.04026  2.40631e+00
 61  0.08982  2.88862e+00 | 62  0.01879  2.05201e+00 | 63 -0.06975  1.66113e-01
 64 -0.10859 -1.02582e+00 | 65 -0.12511  5.73856e-01 | 66 -0.06686 -1.82314e+00
 67 -0.03727 -6.38179e-01 | 68 -0.82586 -2.23940e-06 | 69 -0.14922 -1.23059e+00
 70 -0.79106 -6.63392e-01 | 71 -0.83629 -4.33574e-01 | 72  0.01249  6.16686e-05
 73  0.04897  2.42274e-04 | 74 -0.03043 -1.50361e-04 | 75 -0.05566  6.28046e+01
 76 -0.01901  4.63219e+02 | 77 -0.11104  8.95290e-01 |

Initial statistics: 89 variables; iteration 0; function evaluation 0; phase 5
Function value 3.9870648e+03; maximum gradient component mag 6.3743e+03
Var    Value     Gradient |Var    Value     Gradient |Var    Value     Gradient
  1 -0.58001  1.20077e+02 |  2 -0.68675  6.66082e+01 |  3 -0.59985  8.41818e+01
  4 -0.66020  1.89174e+01 |  5 -0.13440 -3.65809e+01 |  6 -0.06643  1.24716e+00
  7 -0.07406 -1.34496e-02 |  8 -0.07578 -4.25023e-01 |  9 -0.06935  3.36613e-01
 10 -0.06296  2.22994e-01 | 11 -0.05671 -5.41711e-01 | 12 -0.05260 -1.66356e+00
 13 -0.03455  1.23109e+00 | 14 -0.04570  2.82860e-01 | 15 -0.05425 -2.80097e-01
 16 -0.05193 -9.43755e-01 | 17 -0.02598 -1.14644e+00 | 18  0.00036 -2.10319e+00
 19 -0.02918 -1.11599e+00 | 20 -0.02944 -3.46141e-01 | 21 -0.00667 -9.61352e-01
 22 -0.01242 -4.39772e-01 | 23  0.03365 -4.98647e-01 | 24  0.04228 -8.45979e-01
 25 -0.03434 -2.68221e-01 | 26  0.00218  1.30870e-01 | 27 -0.00860 -2.94596e-01
 28  0.04729 -2.34061e+00 | 29  0.01287 -2.03784e+00 | 30 -0.01411 -1.19247e+00
 31 -0.00079  6.63192e-01 | 32 -0.02926 -2.06462e-01 | 33  0.04400  3.01661e-01
 34  0.00167 -1.93793e+00 | 35  0.03766 -1.76123e-01 | 36 -0.00385  6.67439e-01
 37  0.03117 -1.87149e+00 | 38 -0.01167 -1.91093e+00 | 39  0.05671 -3.46254e+00
 40  0.04204 -9.99079e-01 | 41  0.01438 -1.28504e+00 | 42  0.00185  2.70758e-01
 43  0.01575  1.90772e+00 | 44  0.05711  8.03772e-01 | 45  0.04689  1.07177e+00
 46 -0.01124  4.74798e-01 | 47  0.03131  1.23151e+00 | 48  0.03745  2.48058e+00
 49  0.05891  3.74242e-01 | 50  0.08836  1.72232e+00 | 51 -0.01300  2.11183e+00
 52 -0.03625  3.45698e+00 | 53  0.04938  4.05545e+00 | 54  0.04179 -5.02909e-01
 55  0.02755 -3.33378e+00 | 56  0.08766 -5.16996e+00 | 57  0.08404 -4.72025e+00
 58  0.10252  3.05446e+00 | 59  0.07228  4.57099e+00 | 60  0.04030  3.05582e+00
 61  0.08986  3.53305e+00 | 62  0.01883  2.71099e+00 | 63 -0.06971  8.92627e-01
 64 -0.10855 -2.70792e-01 | 65 -0.12507  1.28362e+00 | 66 -0.06682 -1.02810e+00
 67 -0.03723  1.33452e-01 | 68 -0.82586 -2.23940e-06 | 69 -0.14922 -1.17549e+00
 70 -0.79106 -6.29997e-01 | 71 -0.83629 -4.10680e-01 | 72  0.15039 -1.66865e+03
 73  0.12819  6.48182e-04 | 74 -0.03301  1.93786e+03 | 75  0.04066 -4.17512e+02
 76  0.10660  4.10972e-06 | 77  0.00000  5.74057e+02 | 78  0.01355 -4.57757e+03
 79 -0.19843 -1.55081e+00 | 80  0.00000  6.37428e+03 | 81  0.01355 -2.22364e+02
 82 -0.12819 -1.05793e-01 | 83 -0.03301  2.78767e+02 | 84  0.01249  6.16337e-05
 85  0.04897  2.42136e-04 | 86 -0.03043 -1.50275e-04 | 87 -0.05566  6.24180e+01
 88 -0.01901  4.60665e+02 | 89 -0.11104  8.91800e-01 |

Intermediate statistics: 89 variables; iteration 20; function evaluation 28; phase 5
Function value 3.5480704e+03; maximum gradient component mag -1.2912e+04
Var    Value     Gradient |Var    Value     Gradient |Var    Value     Gradient
  1 -0.57927  6.99182e+03 |  2 -0.69109  2.05427e+03 |  3 -0.60530 -1.29123e+04
  4 -0.65711 -3.21233e+03 |  5 -0.14346 -2.39896e+03 |  6 -0.09347 -6.54631e+00
  7 -0.09356 -7.20321e+00 |  8 -0.09303 -8.51449e+00 |  9 -0.09264 -1.08181e+01
 10 -0.08643 -1.34700e+01 | 11 -0.07385 -1.67706e+01 | 12 -0.05679 -2.09884e+01
 13 -0.06883 -2.45137e+01 | 14 -0.06887 -2.51988e+01 | 15 -0.07543 -2.41876e+01
 16 -0.07542 -2.24826e+01 | 17 -0.05566 -1.99317e+01 | 18  0.03169 -1.68359e+01
 19 -0.02905 -9.28008e+00 | 20 -0.02851 -1.57354e+01 | 21 -0.01083 -3.89761e+01
 22 -0.01816 -5.84364e+01 | 23 -0.08416 -3.96755e+01 | 24  0.09468  1.42940e+01
 25 -0.06096 -7.14990e+00 | 26 -0.03637 -5.33028e+01 | 27 -0.01090 -5.03500e+01
 28  0.04426 -1.21283e+02 | 29 -0.04421 -1.22565e+02 | 30 -0.00940 -1.26475e+02
 31 -0.03865 -1.26582e+02 | 32 -0.03974 -9.74326e+01 | 33  0.02036 -1.43961e+02
 34 -0.01650 -7.30764e+01 | 35  0.02045 -4.65696e+01 | 36 -0.02170 -1.78085e+01
 37  0.01824 -2.41242e+01 | 38 -0.02762 -2.98867e+01 | 39  0.04205 -5.87648e+01
 40  0.02274 -5.54923e+01 | 41 -0.00389 -5.03443e+01 | 42 -0.01961 -5.35666e+01
 43 -0.00407 -5.62994e+01 | 44  0.04129 -4.37077e+01 | 45  0.04058  2.11127e+01
 46 -0.01476  4.93931e+01 | 47  0.03612  9.76108e+01 | 48  0.03486  5.46615e+01
 49  0.04804 -1.66727e+01 | 50  0.07406 -5.59674e+01 | 51 -0.01741 -3.82081e+00
 52 -0.03418  1.79578e+01 | 53  0.05766  4.45004e+01 | 54  0.05199  3.70345e+01
 55  0.04266  1.40444e+01 | 56  0.09800 -2.31258e+01 | 57  0.10162 -1.48942e+01
 58  0.13421  4.63384e+01 | 59  0.12161  9.08320e+01 | 60  0.09505  6.79909e+01
 61  0.16018  6.85910e+01 | 62  0.10372  4.11376e+01 | 63  0.04607  4.40515e+01
 64  0.01727  4.07076e+01 | 65 -0.06535  1.77645e+01 | 66 -0.03867  1.28465e+01
 67 -0.04143  5.33841e+00 | 68 -0.82586 -2.23940e-06 | 69 -0.14225 -1.00701e+00
 70 -0.77239 -1.57348e+02 | 71 -0.79917  3.51632e+00 | 72  0.19578 -1.22455e+03
 73  0.12818  6.44489e-04 | 74 -0.06464  1.22372e+03 | 75  0.15715 -2.95478e+02
 76  0.10659  5.66891e-04 | 77  0.02207  5.64961e+02 | 78  0.06349 -2.74677e+03
 79 -0.20424 -5.76643e-01 | 80 -0.02898  3.42444e+03 | 81  0.04453 -1.70478e+02
 82 -0.12909 -5.78269e-02 | 83 -0.04058  2.21672e+02 | 84  0.01249  6.16317e-05
 85  0.04897  2.42128e-04 | 86 -0.03043 -1.50271e-04 | 87 -0.17160 -9.26923e+00
 88 -0.00501  7.02100e+00 | 89 -0.25339 -1.32099e-03 |
89 variables; iteration 40; function evaluation 49; phase 5
Function value 3.4934983e+03; maximum gradient component mag -1.4651e+04
Var    Value     Gradient |Var    Value     Gradient |Var    Value     Gradient
  1 -0.58297 -3.98773e+03 |  2 -0.68749 -1.51697e+03 |  3 -0.60466 -1.46510e+04
  4 -0.66084 -5.84785e+03 |  5 -0.14179  1.17820e+03 |  6 -0.03978 -8.85833e+00
  7 -0.06930 -1.72184e+01 |  8 -0.08157 -2.04821e+01 |  9 -0.06784 -1.65881e+01
 10 -0.06538 -1.75107e+01 | 11 -0.07722 -2.34969e+01 | 12 -0.10731 -3.32839e+01
 13 -0.02673 -1.28960e+01 | 14 -0.06665 -2.35565e+01 | 15 -0.08348 -2.72180e+01
 16 -0.08022 -2.67716e+01 | 17 -0.04316 -1.99216e+01 | 18  0.02048 -7.63972e+00
 19 -0.08688 -3.22875e+01 | 20 -0.08242 -2.70591e+01 | 21 -0.00483  7.06427e+00
 22  0.02641  2.08922e+01 | 23 -0.12140 -3.87387e+01 | 24  0.07364  6.48023e+01
 25 -0.04741 -8.86407e+00 | 26 -0.05974 -4.79036e+01 | 27  0.00162 -1.02546e+01
 28  0.02441 -2.50685e+01 | 29 -0.00681 -4.50375e+01 | 30 -0.02266 -6.50439e+01
 31 -0.03907 -9.49985e+01 | 32 -0.03221 -2.79172e+01 | 33  0.03242  2.21973e+01
 34 -0.00659  1.18151e+01 | 35  0.01736 -2.76045e+01 | 36 -0.02775 -6.42798e+01
 37  0.01007 -8.72104e+01 | 38 -0.03066 -4.39386e+01 | 39  0.04986  3.70773e+01
 40  0.03292  3.06717e+01 | 41 -0.00728 -5.19681e+01 | 42 -0.03039 -1.09684e+02
 43 -0.01291 -1.21283e+02 | 44  0.04218 -8.39781e+01 | 45  0.03883 -1.83071e+01
 46 -0.01934  2.79367e+00 | 47  0.03465  6.41103e+01 | 48  0.04132  5.61225e+01
 49  0.05323 -3.36766e+01 | 50  0.07135 -1.21705e+02 | 51 -0.01938 -5.79011e+01
 52 -0.03177 -1.46948e+01 | 53  0.07412  7.42023e+01 | 54  0.06342  5.10814e+01
 55  0.04933  7.71237e+00 | 56  0.11045 -6.13316e+00 | 57  0.11600  1.00269e+01
 58  0.14794  7.04801e+01 | 59  0.13483  6.87011e+01 | 60  0.09062 -1.79077e+01
 61  0.15639 -5.99698e+01 | 62  0.11373 -2.97173e+01 | 63  0.03463 -2.91934e+01
 64 -0.01634 -3.44339e+01 | 65 -0.16564 -5.07676e+01 | 66 -0.03567 -3.17152e+01
 67 -0.00515 -2.33186e+01 | 68 -0.82586 -2.23939e-06 | 69 -0.04298  1.82355e+00
 70 -0.77238 -1.37999e+02 | 71 -0.81117  4.48028e-01 | 72  0.21671 -7.94690e+02
 73  0.12809  6.42904e-04 | 74 -0.06940  7.38748e+02 | 75  0.19087 -1.55301e+02
 76  0.10633  5.32799e-04 | 77  0.01478  2.79435e+02 | 78  0.07288 -2.08295e+03
 79 -0.33996 -2.52790e-02 | 80 -0.03100  2.56809e+03 | 81  0.04855 -7.65533e+01
 82 -0.14836 -3.52139e-02 | 83 -0.04911  9.53773e+01 | 84  0.01248  6.15875e-05
 85  0.04893  2.41953e-04 | 86 -0.03041 -1.50163e-04 | 87  0.06428  9.83972e+01
 88 -0.02934 -1.93089e+00 | 89 -2.54829  3.56429e+00 |
89 variables; iteration 60; function evaluation 70; phase 5
Function value 3.4243095e+03; maximum gradient component mag -3.6876e+03
Var    Value     Gradient |Var    Value     Gradient |Var    Value     Gradient
  1 -0.58375 -2.45877e+03 |  2 -0.68699 -4.75546e+02 |  3 -0.60475 -3.68755e+03
  4 -0.65900 -1.15202e+03 |  5 -0.14939  2.11924e+02 |  6 -0.00433  2.34892e+01
  7 -0.02887  1.68485e+01 |  8 -0.04159  1.35773e+01 |  9 -0.03621  1.53373e+01
 10 -0.04044  1.19059e+01 | 11 -0.04846  5.83450e+00 | 12 -0.04607  2.24639e+00
 13 -0.06752 -6.07912e+00 | 14 -0.06860 -6.30295e+00 | 15 -0.06789 -3.96209e+00
 16 -0.05034  2.58315e+00 | 17  0.00031  1.37485e+01 | 18  0.01731  7.56906e+00
 19 -0.07653 -1.28412e+01 | 20 -0.09237 -1.27603e+01 | 21  0.03451  2.97564e+01
 22 -0.01411  1.40750e+01 | 23 -0.03352  5.79036e+00 | 24  0.07605  8.52300e+01
 25 -0.02362  2.71272e+00 | 26 -0.09532 -4.81579e+01 | 27  0.02290 -7.57016e+00
 28  0.02720 -7.39809e+01 | 29 -0.03941 -8.61961e+01 | 30  0.00987 -2.69858e+01
 31 -0.05060 -6.12473e+01 | 32 -0.01880 -7.69894e+00 | 33  0.02087 -4.19807e+01
 34 -0.01505 -3.82642e+01 | 35  0.00928 -4.03519e+01 | 36 -0.01471 -7.13953e+00
 37 -0.00227 -6.76331e+01 | 38 -0.01797  4.55605e+00 | 39  0.03804  1.12127e+00
 40  0.01584 -1.26417e+01 | 41 -0.00874 -8.77492e+00 | 42 -0.02425 -4.96949e+00
 43 -0.00045  3.18783e+00 | 44  0.03247 -3.07018e+01 | 45  0.02489 -8.02735e+00
 46 -0.00743  4.83735e+01 | 47  0.01146 -1.36712e-02 | 48  0.00561 -1.90348e+01
 49  0.05452  4.64484e+01 | 50  0.06418 -2.69060e+01 | 51 -0.05191 -4.88416e+01
 52 -0.05150 -1.57434e+01 | 53  0.04797  1.94947e+01 | 54  0.02004 -2.96399e+01
 55  0.01591 -3.26117e+01 | 56  0.08119 -4.86933e+00 | 57  0.09989  4.82369e+01
 58  0.10448  2.28784e+01 | 59  0.09145  2.10016e+00 | 60  0.04690 -2.29879e+01
 61  0.14519  1.07551e+01 | 62  0.06807 -1.85556e+01 | 63  0.03371  1.15135e+01
 64 -0.05208 -9.45986e+00 | 65 -0.01078  2.03511e+01 | 66  0.01809  1.34395e+01
 67 -0.05248 -9.50104e+00 | 68 -0.82586 -2.23937e-06 | 69 -0.12104 -2.33222e-02
 70 -0.72498 -1.18101e+02 | 71 -0.75891  1.18373e+01 | 72  0.25010 -1.41102e+02
 73  0.12770  6.40471e-04 | 74 -0.06897 -2.81985e+01 | 75  0.20843 -1.06510e+02
 76  0.10542  5.24314e-04 | 77  0.01426  1.78753e+02 | 78  0.08531 -2.12575e+02
 79 -0.93747 -3.18416e-02 | 80 -0.04438 -2.54852e+02 | 81  0.05642 -1.13077e+02
 82 -0.19651 -3.02480e-02 | 83 -0.04220  1.55209e+02 | 84  0.01244  6.14024e-05
 85  0.04879  2.41222e-04 | 86 -0.03031 -1.49710e-04 | 87  0.00422  3.64692e+01
 88 -0.02347  3.13775e+01 | 89 -2.42880  2.87229e+00 |
89 variables; iteration 80; function evaluation 97; phase 5
Function value 3.3925438e+03; maximum gradient component mag 1.5172e+03
Var    Value     Gradient |Var    Value     Gradient |Var    Value     Gradient
  1 -0.58315  5.76976e+02 |  2 -0.68757  5.35742e+02 |  3 -0.60446  1.51716e+03
  4 -0.65815  9.24775e+02 |  5 -0.15658 -4.69558e+02 |  6 -0.07228  1.23414e+00
  7 -0.05876  4.57187e+00 |  8 -0.03242  1.03193e+01 |  9 -0.05445  4.34615e+00
 10 -0.05505  2.21247e+00 | 11 -0.05064  3.41807e-01 | 12 -0.03706 -6.58752e-02
 13 -0.04340 -1.97287e+00 | 14 -0.02654  2.14727e+00 | 15 -0.01918  4.81239e+00
 16 -0.02543  6.88187e-01 | 17 -0.03560 -8.94941e+00 | 18  0.02640 -1.65257e+01
 19 -0.03627 -1.35608e+01 | 20 -0.01914 -1.06318e+01 | 21  0.00035 -9.81778e+00
 22  0.01689 -8.56298e+00 | 23  0.01508 -1.86307e+01 | 24  0.05651 -9.10510e+00
 25 -0.00124  3.98397e+00 | 26 -0.02667 -1.75897e+01 | 27  0.01632 -1.20486e+00
 28  0.03484 -7.71568e+00 | 29  0.02989  2.99675e+01 | 30 -0.02079  1.15299e+01
 31  0.00821  1.87907e+01 | 32 -0.03803 -4.79775e+00 | 33  0.04252 -9.80627e+00
 34 -0.01445 -2.15160e+01 | 35  0.02440 -1.70865e+01 | 36 -0.02068 -7.14048e+00
 37  0.02100  6.68185e+00 | 38 -0.02412  2.03706e+00 | 39  0.03791 -1.57819e+01
 40  0.01921 -7.31642e+00 | 41 -0.01218 -1.41483e+00 | 42 -0.01533  1.33850e+01
 43 -0.01344 -5.60417e+00 | 44  0.04013  6.54651e+00 | 45  0.02536 -7.83319e+00
 46 -0.02520  3.23068e+00 | 47  0.01054 -8.71453e-01 | 48  0.01857  2.88943e+00
 49  0.03314 -2.29449e+00 | 50  0.06898  2.90862e+01 | 51 -0.03377  1.75687e+01
 52 -0.05105  1.25845e+01 | 53  0.02803  5.23511e+00 | 54  0.02943  2.71201e+01
 55  0.01722  2.33069e+01 | 56  0.07513  2.11477e+01 | 57  0.07656  1.90599e+01
 58  0.09675  1.96955e+01 | 59  0.06506  5.75202e+00 | 60  0.05235  1.32080e+01
 61  0.11076  8.76726e-01 | 62  0.06074  3.85141e+00 | 63 -0.00889  9.08389e+00
 64 -0.07478 -1.89064e+00 | 65 -0.11420  1.64234e+00 | 66 -0.06497  2.64198e+00
 67 -0.02565  9.89677e+00 | 68 -0.82585 -2.23930e-06 | 69 -0.13716 -8.69952e-01
 70 -0.67750 -3.39894e+01 | 71 -0.79714 -1.99362e+00 | 72  0.28679 -6.43536e+01
 73  0.12614  6.31798e-04 | 74 -0.04602  6.24348e+01 | 75  0.26242 -2.94090e+00
 76  0.10362  5.12481e-04 | 77  0.02609  1.12339e+01 | 78  0.10720 -2.52222e+01
 79 -1.34464  5.23847e-03 | 80 -0.02845 -3.50769e+01 | 81  0.05096 -3.69936e+00
 82 -0.36750 -2.64553e-03 | 83 -0.05869 -1.68131e+01 | 84  0.01229  6.06685e-05
 85  0.04820  2.38323e-04 | 86 -0.02995 -1.47918e-04 | 87 -0.02445  1.62798e+01
 88 -0.01995  7.15259e+00 | 89 -2.25063 -4.66871e-01 |
89 variables; iteration 100; function evaluation 129; phase 5
Function value 3.3881262e+03; maximum gradient component mag 8.2958e+01
Var    Value     Gradient |Var    Value     Gradient |Var    Value     Gradient
  1 -0.58314  2.49036e+01 |  2 -0.68792  3.84981e+00 |  3 -0.60451  2.39113e+01
  4 -0.65872 -3.98903e-01 |  5 -0.16084  8.29580e+01 |  6 -0.05018 -4.59120e-01
  7 -0.05308 -4.53722e-01 |  8 -0.05417 -5.58260e-01 |  9 -0.05035 -3.07873e-01
 10 -0.04360 -2.84202e-01 | 11 -0.03283 -1.91230e-01 | 12 -0.02250 -4.23666e-01
 13 -0.01624 -2.71101e-01 | 14 -0.02236 -1.71131e-01 | 15 -0.02977 -1.21023e-01
 16 -0.02720 -1.91374e-01 | 17 -0.00078  9.01326e-02 | 18  0.02932  1.69984e-01
 19 -0.00544  2.29577e-01 | 20 -0.00819  5.50282e-01 | 21  0.01075  2.40912e-01
 22  0.00274  8.36287e-01 | 23  0.05176  1.49874e+00 | 24  0.05705  1.10856e+00
 25 -0.01557  1.95200e+00 | 26  0.01079  6.08840e-01 | 27  0.00244  2.58406e+00
 28  0.05576  1.48128e+00 | 29  0.01830  1.54753e-02 | 30 -0.00486  9.35662e-01
 31  0.00480  2.21238e+00 | 32 -0.02478  5.93232e-01 | 33  0.04324  1.37605e+00
 34 -0.00257  9.04367e-01 | 35  0.02700  1.12818e+00 | 36 -0.01435  8.31170e-01
 37  0.02209  4.78855e-01 | 38 -0.02205  3.15371e-01 | 39  0.04260  1.24612e+00
 40  0.02020  3.41876e-01 | 41 -0.00744  3.42028e-01 | 42 -0.02121  6.32210e-01
 43 -0.00594  2.73327e-02 | 44  0.03674  1.37820e-01 | 45  0.02930 -1.64834e-01
 46 -0.02800 -1.31134e-01 | 47  0.01171 -5.99355e-01 | 48  0.01392 -4.88293e-01
 49  0.03445 -5.57670e-01 | 50  0.05997 -9.74616e-01 | 51 -0.04058 -5.31512e-01
 52 -0.06157 -6.50448e-01 | 53  0.02291 -7.38676e-01 | 54  0.01254 -1.09894e+00
 55  0.00248 -1.22147e+00 | 56  0.05958 -8.03388e-01 | 57  0.05866 -1.09075e+00
 58  0.07452 -1.41281e+00 | 59  0.04710 -1.32337e+00 | 60  0.02519 -1.17694e+00
 61  0.08844 -1.33411e+00 | 62  0.03720 -1.05404e+00 | 63 -0.03659 -8.64033e-01
 64 -0.07700 -8.46168e-01 | 65 -0.11432 -4.03911e-01 | 66 -0.07108 -7.16960e-01
 67 -0.04927 -7.72140e-01 | 68 -0.82579 -2.23852e-06 | 69 -0.09918 -5.76438e-02
 70 -0.62933  8.57268e-01 | 71 -0.78551  2.15044e-01 | 72  0.29666 -1.13431e+00
 73  0.11062  5.55452e-04 | 74 -0.04208  2.04137e-01 | 75  0.26145  5.88313e-01
 76  0.09081  3.54836e-04 | 77  0.02506 -1.11540e+00 | 78  0.11295  1.12705e+01
 79 -2.02048  1.24852e-01 | 80 -0.02547 -1.03954e+01 | 81  0.06147  5.44165e-01
 82 -0.35785 -2.33291e-03 | 83 -0.04993 -5.40375e-01 | 84  0.01080  5.33062e-05
 85  0.04234  2.09271e-04 | 86 -0.02632 -1.29939e-04 | 87 -0.03690 -1.24056e-01
 88 -0.01829  2.12954e+00 | 89 -2.23886 -1.19919e-01 |
89 variables; iteration 120; function evaluation 152; phase 5
Function value 3.3881109e+03; maximum gradient component mag 6.2600e-01
Var    Value     Gradient |Var    Value     Gradient |Var    Value     Gradient
  1 -0.58315 -3.70590e-01 |  2 -0.68790 -2.03921e-01 |  3 -0.60451 -7.55581e-03
  4 -0.65871 -5.01698e-02 |  5 -0.16078  6.26002e-01 |  6 -0.05051 -3.50732e-03
  7 -0.05334 -3.93636e-03 |  8 -0.05385 -3.93769e-03 |  9 -0.05098 -3.36247e-03
 10 -0.04416 -2.87701e-03 | 11 -0.03362 -2.78041e-03 | 12 -0.02180 -3.10356e-03
 13 -0.01607 -2.97594e-03 | 14 -0.02265 -2.51479e-03 | 15 -0.03024 -2.59277e-03
 16 -0.02709 -1.47650e-03 | 17 -0.00146 -2.13321e-03 | 18  0.03013  1.75544e-03
 19 -0.00583  2.06233e-03 | 20 -0.01004  9.90558e-04 | 21  0.01250  5.19238e-03
 22  0.00194  6.67168e-03 | 23  0.05026  7.55898e-03 | 24  0.05938  2.78440e-02
 25 -0.02042  1.60575e-02 | 26  0.01362  1.77910e-02 | 27 -0.00009  1.91613e-02
 28  0.05631  1.72492e-02 | 29  0.01830  3.26652e-03 | 30 -0.00490  6.06924e-03
 31  0.00432  7.12325e-03 | 32 -0.02463  1.24313e-03 | 33  0.04317  6.97759e-03
 34 -0.00272  4.30851e-03 | 35  0.02699  4.29598e-03 | 36 -0.01457  2.33215e-04
 37  0.02213  3.88341e-03 | 38 -0.02213 -1.57717e-03 | 39  0.04247  2.30164e-03
 40  0.02024  1.77802e-04 | 41 -0.00745 -2.74490e-03 | 42 -0.02146 -3.90515e-03
 43 -0.00583 -7.10685e-03 | 44  0.03670 -4.17522e-03 | 45  0.02941 -2.25235e-03
 46 -0.02814  5.97013e-04 | 47  0.01190  2.83106e-03 | 48  0.01400 -8.84859e-05
 49  0.03454 -5.97515e-03 | 50  0.06024 -9.20503e-03 | 51 -0.04055 -5.94467e-03
 52 -0.06134 -7.58090e-03 | 53  0.02315 -4.57703e-03 | 54  0.01289 -7.22334e-03
 55  0.00301 -1.03847e-02 | 56  0.05990 -1.21495e-02 | 57  0.05919 -9.98985e-03
 58  0.07511 -7.97039e-03 | 59  0.04777 -2.71936e-03 | 60  0.02584 -4.93375e-03
 61  0.08919 -3.53779e-03 | 62  0.03795 -7.31722e-03 | 63 -0.03590 -5.83407e-03
 64 -0.07626 -5.17385e-03 | 65 -0.11488 -2.65511e-03 | 66 -0.07090 -6.13231e-03
 67 -0.04903 -6.79669e-03 | 68 -0.82560 -2.23591e-06 | 69 -0.09701 -3.76595e-04
 70 -0.63047 -6.97722e-03 | 71 -0.78586  1.96040e-03 | 72  0.29703  2.09841e-02
 73  0.03534 -1.48187e-04 | 74 -0.04191 -1.25745e-02 | 75  0.26114  2.08331e-03
 76  0.07914 -1.09354e-04 | 77  0.02498 -9.22776e-03 | 78  0.11257  2.08104e-02
 79 -2.15173 -7.63194e-04 | 80 -0.02566 -7.11181e-02 | 81  0.06131 -4.52662e-03
 82 -0.17075 -6.38145e-04 | 83 -0.05004  6.81084e-03 | 84  0.00669  3.30109e-05
 85  0.02621  1.29403e-04 | 86 -0.01629 -8.04255e-05 | 87 -0.03662  4.97211e-02
 88 -0.01836  4.43695e-01 | 89 -2.22056  2.66640e-03 |
89 variables; iteration 140; function evaluation 173; phase 5
Function value 3.3881109e+03; maximum gradient component mag 4.6759e-01
Var    Value     Gradient |Var    Value     Gradient |Var    Value     Gradient
  1 -0.58315 -1.35624e-01 |  2 -0.68790 -4.98608e-02 |  3 -0.60451  1.93493e-02
  4 -0.65871  2.36060e-02 |  5 -0.16078  1.15248e-01 |  6 -0.05051 -3.91411e-04
  7 -0.05334 -1.32159e-03 |  8 -0.05385 -1.47315e-03 |  9 -0.05098 -1.04081e-03
 10 -0.04416 -7.26232e-04 | 11 -0.03362 -1.04413e-03 | 12 -0.02180 -9.09636e-04
 13 -0.01606 -2.23093e-04 | 14 -0.02265 -2.06552e-04 | 15 -0.03023 -8.01869e-04
 16 -0.02709 -1.78654e-03 | 17 -0.00145 -2.35533e-03 | 18  0.03012 -2.83033e-03
 19 -0.00583  1.52818e-04 | 20 -0.01003 -9.01024e-04 | 21  0.01250 -2.05648e-03
 22  0.00192 -2.42463e-04 | 23  0.05028  3.04567e-03 | 24  0.05936  8.57597e-03
 25 -0.02042  6.77227e-03 | 26  0.01362  1.08700e-02 | 27 -0.00010  8.24645e-03
 28  0.05631  7.33272e-03 | 29  0.01830  7.14594e-04 | 30 -0.00490  1.47660e-03
 31  0.00432  3.53189e-03 | 32 -0.02463  4.51224e-04 | 33  0.04317  1.45226e-03
 34 -0.00272  5.99126e-04 | 35  0.02699 -4.18479e-04 | 36 -0.01457 -1.52967e-03
 37  0.02213  1.78814e-04 | 38 -0.02213 -1.29575e-04 | 39  0.04247  1.15292e-03
 40  0.02024  4.26304e-04 | 41 -0.00744 -3.00502e-04 | 42 -0.02146  9.59997e-04
 43 -0.00583 -9.11570e-04 | 44  0.03670  6.08250e-04 | 45  0.02941  1.88851e-04
 46 -0.02815  5.46242e-04 | 47  0.01190  6.35390e-04 | 48  0.01400  1.94052e-04
 49  0.03454 -3.34590e-03 | 50  0.06024 -3.14230e-03 | 51 -0.04055 -2.54079e-04
 52 -0.06134 -1.91057e-03 | 53  0.02315 -5.87968e-04 | 54  0.01289 -4.04895e-04
 55  0.00301 -9.75779e-04 | 56  0.05990 -1.35847e-03 | 57  0.05919  8.07065e-04
 58  0.07511 -1.29493e-03 | 59  0.04776 -1.76602e-03 | 60  0.02584 -1.99355e-04
 61  0.08919  3.82054e-04 | 62  0.03794 -2.23901e-03 | 63 -0.03590 -1.47491e-04
 64 -0.07626 -2.91105e-04 | 65 -0.11489  6.89504e-04 | 66 -0.07090  1.44247e-04
 67 -0.04903 -5.41828e-04 | 68 -0.82506 -2.22872e-06 | 69 -0.09704 -8.55455e-04
 70 -0.63047 -1.95558e-03 | 71 -0.78586  9.32437e-05 | 72  0.29703 -2.35251e-03
 73  0.03545 -5.68873e-05 | 74 -0.04191  5.03311e-04 | 75  0.26114 -1.62673e-03
 76  0.06911 -4.05045e-04 | 77  0.02498  2.25578e-03 | 78  0.11257 -9.04268e-03
 79 -2.10562  1.34278e-04 | 80 -0.02566 -2.09511e-02 | 81  0.06131 -2.15828e-03
 82 -0.16943  1.48918e-04 | 83 -0.05004  1.97665e-03 | 84  0.00104  5.13136e-06
 85  0.00407  2.00876e-05 | 86 -0.00253 -1.24948e-05 | 87 -0.03662  5.37774e-02
 88 -0.01839  4.67589e-01 | 89 -2.22322  4.36155e-04 |
89 variables; iteration 160; function evaluation 218; phase 5
Function value 3.3879435e+03; maximum gradient component mag 1.0144e+01
Var    Value     Gradient |Var    Value     Gradient |Var    Value     Gradient
  1 -0.58314  1.01439e+01 |  2 -0.68790  3.30336e+00 |  3 -0.60451  2.83053e+00
  4 -0.65871  1.66806e+00 |  5 -0.16076 -8.55429e+00 |  6 -0.05067 -2.15175e-02
  7 -0.05351 -2.90749e-02 |  8 -0.05400 -2.96252e-02 |  9 -0.05107 -2.40292e-02
 10 -0.04427 -3.56727e-02 | 11 -0.03370 -4.20254e-02 | 12 -0.02189 -5.76399e-02
 13 -0.01608 -5.62655e-02 | 14 -0.02273 -7.13144e-02 | 15 -0.03028 -6.76226e-02
 16 -0.02723 -1.01722e-01 | 17 -0.00134 -1.07440e-01 | 18  0.02982 -2.28717e-01
 19 -0.00563 -8.71400e-02 | 20 -0.01025 -1.61819e-01 | 21  0.01295 -1.84687e-01
 22  0.00093 -4.21848e-01 | 23  0.05068 -1.66923e-01 | 24  0.05922 -2.26213e-02
 25 -0.02035  9.66601e-02 | 26  0.01362  1.39094e-01 | 27 -0.00008  5.75592e-02
 28  0.05626 -2.45239e-01 | 29  0.01822 -2.69240e-01 | 30 -0.00487 -8.74345e-02
 31  0.00427 -1.49918e-01 | 32 -0.02466 -7.35880e-02 | 33  0.04318 -4.07018e-02
 34 -0.00276 -5.68325e-02 | 35  0.02701  4.02486e-02 | 36 -0.01459 -5.74267e-02
 37  0.02212 -1.01936e-01 | 38 -0.02212  4.12968e-02 | 39  0.04250  9.89168e-02
 40  0.02024 -3.50302e-02 | 41 -0.00741  6.51808e-03 | 42 -0.02144  2.22506e-03
 43 -0.00580 -1.26513e-02 | 44  0.03671 -8.33227e-02 | 45  0.02945  3.23310e-02
 46 -0.02812  5.45252e-02 | 47  0.01196  1.30553e-01 | 48  0.01407  1.11104e-01
 49  0.03460  2.69233e-02 | 50  0.06034  1.19550e-01 | 51 -0.04039  1.40560e-01
 52 -0.06125  6.08348e-03 | 53  0.02328 -4.25209e-02 | 54  0.01309  5.67713e-02
 55  0.00320  2.96791e-02 | 56  0.06013 -3.14085e-03 | 57  0.05943  2.01361e-02
 58  0.07536  9.13900e-02 | 59  0.04794  7.28509e-02 | 60  0.02602  1.60302e-01
 61  0.08925  1.40851e-01 | 62  0.03782  5.49361e-02 | 63 -0.03611  9.01133e-02
 64 -0.07658  4.21986e-02 | 65 -0.11501  4.43250e-02 | 66 -0.07104  2.40639e-02
 67 -0.04882  9.84163e-02 | 68 -0.78061 -1.75052e-06 | 69 -0.09583  2.55161e-02
 70 -0.63078  1.21808e-01 | 71 -0.78593  1.15203e-02 | 72  0.29687 -4.38892e-01
 73  0.03627  6.19431e-04 | 74 -0.04199  2.65373e-02 | 75  0.26161  8.87082e-02
 76 -0.56149 -3.82572e-03 | 77  0.02513 -8.47025e-02 | 78  0.11254 -2.31408e-01
 79 -3.93773 -8.23819e-03 | 80 -0.02564  5.59773e-01 | 81  0.06131  1.70803e-01
 82 -0.17739 -3.56409e-03 | 83 -0.05004 -1.85579e-01 | 84 -0.23025 -1.18855e-03
 85 -1.33380  5.43206e-03 | 86  0.52493  3.39785e-03 | 87 -0.03523 -9.86211e-01
 88 -0.02110 -9.20960e+00 | 89 -1.68752 -1.57599e-02 |
89 variables; iteration 180; function evaluation 242; phase 5
Function value 3.3879320e+03; maximum gradient component mag 3.0606e+00
Var    Value     Gradient |Var    Value     Gradient |Var    Value     Gradient
  1 -0.58314  3.90354e-02 |  2 -0.68790  1.08322e-02 |  3 -0.60451 -8.70960e-02
  4 -0.65871  4.62451e-02 |  5 -0.16075 -3.94072e-01 |  6 -0.05057  3.77810e-03
  7 -0.05340  4.40609e-03 |  8 -0.05391  3.69879e-03 |  9 -0.05104  2.68902e-03
 10 -0.04423  1.58392e-03 | 11 -0.03368  2.55269e-03 | 12 -0.02185  3.68418e-03
 13 -0.01613  9.76250e-04 | 14 -0.02271  2.08281e-03 | 15 -0.03029  2.28802e-03
 16 -0.02715  3.00960e-03 | 17 -0.00150  4.03310e-03 | 18  0.03007 -3.08622e-04
 19 -0.00590 -2.68157e-03 | 20 -0.01007 -1.83597e-03 | 21  0.01246 -8.47324e-03
 22  0.00184 -1.46655e-02 | 23  0.05024 -4.85457e-03 | 24  0.05932 -5.64717e-03
 25 -0.02048 -9.84253e-03 | 26  0.01359 -8.61852e-03 | 27 -0.00014 -4.65154e-03
 28  0.05627 -2.68032e-03 | 29  0.01827  1.13666e-03 | 30 -0.00494 -4.05805e-03
 31  0.00429 -4.79942e-03 | 32 -0.02466  4.09307e-03 | 33  0.04315  2.83278e-03
 34 -0.00274 -1.94524e-03 | 35  0.02698 -6.30519e-03 | 36 -0.01458 -2.39700e-03
 37  0.02212 -7.32744e-03 | 38 -0.02213 -7.89377e-04 | 39  0.04247 -6.53279e-03
 40  0.02026  2.13586e-04 | 41 -0.00742  3.17475e-03 | 42 -0.02143  8.33850e-03
 43 -0.00581  1.08464e-02 | 44  0.03672  5.17115e-03 | 45  0.02944  3.57933e-03
 46 -0.02812  4.88880e-03 | 47  0.01194 -2.17938e-04 | 48  0.01405 -4.16210e-03
 49  0.03461  4.00741e-03 | 50  0.06033  3.18340e-03 | 51 -0.04044 -1.31943e-03
 52 -0.06122  5.45243e-03 | 53  0.02329 -1.50426e-03 | 54  0.01307  1.44380e-03
 55  0.00321  8.57899e-03 | 56  0.06014  7.59500e-03 | 57  0.05944  1.78963e-03
 58  0.07534 -2.79658e-03 | 59  0.04797 -7.10478e-04 | 60  0.02599  7.47483e-03
 61  0.08924  5.67399e-03 | 62  0.03784  1.22903e-02 | 63 -0.03617  8.59804e-03
 64 -0.07658  7.06662e-03 | 65 -0.11507  4.19795e-03 | 66 -0.07092  8.12146e-03
 67 -0.04900  4.50698e-03 | 68 -0.77750 -1.72397e-06 | 69 -0.09718 -2.62920e-03
 70 -0.63087 -3.43510e-04 | 71 -0.78594  7.80706e-04 | 72  0.29702 -1.25136e-02
 73  0.03560  8.50308e-05 | 74 -0.04191  1.36316e-02 | 75  0.26115  4.75984e-03
 76  0.07320 -2.94796e-04 | 77  0.02499  1.07584e-02 | 78  0.11253 -2.95759e-02
 79 -3.89418 -9.01542e-05 | 80 -0.02565  2.71154e-02 | 81  0.06127 -1.02975e-02
 82 -0.17008 -2.45742e-04 | 83 -0.05004  8.83280e-03 | 84 -0.05466 -2.70418e-04
 85 -2.12085 -6.03643e-04 | 86  0.08040  3.98874e-04 | 87 -0.03544  3.86407e-01
 88 -0.02107  3.06064e+00 | 89 -1.67607  9.54550e-05 |
89 variables; iteration 200; function evaluation 262; phase 5
Function value 3.3879319e+03; maximum gradient component mag -2.6691e-03
Var    Value     Gradient |Var    Value     Gradient |Var    Value     Gradient
  1 -0.58314 -2.66908e-03 |  2 -0.68790 -1.21145e-03 |  3 -0.60451 -8.89600e-04
  4 -0.65871 -1.12189e-03 |  5 -0.16075  1.84448e-03 |  6 -0.05057 -5.62170e-06
  7 -0.05340  5.06959e-06 |  8 -0.05391  1.42935e-06 |  9 -0.05104 -2.69234e-06
 10 -0.04422 -3.16131e-06 | 11 -0.03368  6.01546e-06 | 12 -0.02186  1.18486e-05
 13 -0.01613 -1.65331e-05 | 14 -0.02271  4.41052e-06 | 15 -0.03029  1.84421e-05
 16 -0.02715  4.90030e-05 | 17 -0.00151  2.12681e-05 | 18  0.03007  7.95111e-05
 19 -0.00589 -5.34576e-06 | 20 -0.01008  3.29233e-05 | 21  0.01245  7.35040e-05
 22  0.00188  6.90380e-05 | 23  0.05023 -6.62509e-05 | 24  0.05932 -2.46756e-04
 25 -0.02046 -8.99910e-05 | 26  0.01358 -5.70936e-05 | 27 -0.00014 -3.32802e-05
 28  0.05627  1.48121e-04 | 29  0.01826  5.28993e-05 | 30 -0.00494  1.43902e-04
 31  0.00429  4.13190e-05 | 32 -0.02466  3.13712e-05 | 33  0.04315  1.79161e-05
 34 -0.00274  9.40275e-06 | 35  0.02698  1.30834e-05 | 36 -0.01458 -1.35911e-06
 37  0.02212  1.44916e-05 | 38 -0.02213  3.65913e-06 | 39  0.04247  4.04248e-05
 40  0.02026  1.36527e-05 | 41 -0.00742 -1.92923e-05 | 42 -0.02143 -4.80225e-05
 43 -0.00581 -3.53979e-05 | 44  0.03672 -1.70144e-05 | 45  0.02944 -3.17632e-05
 46 -0.02812 -4.93317e-05 | 47  0.01194 -4.84691e-05 | 48  0.01405 -5.66006e-05
 49  0.03461 -3.33993e-05 | 50  0.06033 -6.84511e-06 | 51 -0.04044 -3.64706e-05
 52 -0.06122 -1.55157e-05 | 53  0.02330 -4.33741e-05 | 54  0.01307 -3.69099e-05
 55  0.00321 -2.53401e-05 | 56  0.06014 -1.93672e-05 | 57  0.05945 -4.63079e-05
 58  0.07535 -2.00934e-05 | 59  0.04797  4.32591e-05 | 60  0.02598 -9.61341e-06
 61  0.08924  3.55890e-06 | 62  0.03783  5.09157e-05 | 63 -0.03617 -5.54260e-05
 64 -0.07658 -1.68100e-05 | 65 -0.11507 -2.21597e-05 | 66 -0.07093 -2.88712e-05
 67 -0.04900 -2.33634e-05 | 68 -0.77723 -1.72170e-06 | 69 -0.09705 -2.19275e-05
 70 -0.63087  3.23870e-06 | 71 -0.78594  1.33732e-05 | 72  0.29702  1.21161e-04
 73  0.03550 -7.78357e-08 | 74 -0.04191 -1.20393e-04 | 75  0.26113  1.00991e-04
 76  0.08229 -6.91443e-07 | 77  0.02498 -1.99366e-04 | 78  0.11253  6.46293e-05
 79 -3.89380 -9.50675e-07 | 80 -0.02565 -2.11154e-04 | 81  0.06127  8.04428e-05
 82 -0.16969 -4.69359e-07 | 83 -0.05004 -5.63475e-05 | 84 -0.00057 -2.83385e-06
 85 -1.99999  2.51009e-08 | 86 -0.00032 -1.57639e-06 | 87 -0.03544 -4.11341e-05
 88 -0.02107 -2.97829e-04 | 89 -1.67928 -5.39906e-06 |
89 variables; iteration 220; function evaluation 282; phase 5
Function value 3.3879319e+03; maximum gradient component mag 5.1306e-03
Var    Value     Gradient |Var    Value     Gradient |Var    Value     Gradient
  1 -0.58314 -6.10407e-04 |  2 -0.68790 -1.02114e-03 |  3 -0.60451 -1.29478e-04
  4 -0.65871 -5.85069e-04 |  5 -0.16075  5.13061e-03 |  6 -0.05057 -2.57546e-06
  7 -0.05340 -9.89521e-06 |  8 -0.05391 -1.96675e-06 |  9 -0.05104 -3.15468e-06
 10 -0.04422 -9.55291e-06 | 11 -0.03368 -2.32529e-05 | 12 -0.02186 -3.36077e-05
 13 -0.01613 -4.99756e-05 | 14 -0.02271 -4.44638e-05 | 15 -0.03029 -2.06152e-05
 16 -0.02715  1.91798e-05 | 17 -0.00151  1.66259e-05 | 18  0.03007  3.55378e-05
 19 -0.00589  3.93771e-05 | 20 -0.01008  3.15515e-05 | 21  0.01245  1.85793e-04
 22  0.00188  1.66744e-04 | 23  0.05023  6.85559e-05 | 24  0.05932  1.48749e-04
 25 -0.02046  1.28995e-04 | 26  0.01358  1.56619e-04 | 27 -0.00014  1.09526e-04
 28  0.05627  1.47248e-04 | 29  0.01826  5.58839e-05 | 30 -0.00494  2.03554e-04
 31  0.00429  1.38910e-04 | 32 -0.02466  3.92643e-05 | 33  0.04315  1.78354e-05
 34 -0.00274 -4.89807e-05 | 35  0.02698 -4.34385e-05 | 36 -0.01458 -6.02774e-05
 37  0.02212 -1.50617e-05 | 38 -0.02213  9.48930e-06 | 39  0.04247  1.72206e-05
 40  0.02026 -1.25930e-05 | 41 -0.00742 -3.36198e-05 | 42 -0.02143  2.25084e-05
 43 -0.00581 -3.85772e-05 | 44  0.03672 -4.08749e-05 | 45  0.02944 -2.52537e-05
 46 -0.02812  1.11132e-04 | 47  0.01194  7.65360e-05 | 48  0.01405 -3.03488e-06
 49  0.03461 -5.20459e-05 | 50  0.06033 -1.18642e-04 | 51 -0.04044 -2.14819e-05
 52 -0.06122 -1.21963e-04 | 53  0.02330 -3.78513e-05 | 54  0.01307 -3.94936e-05
 55  0.00321 -8.49163e-05 | 56  0.06014 -3.23128e-05 | 57  0.05945 -5.18822e-05
 58  0.07535 -8.32896e-05 | 59  0.04797  1.58753e-06 | 60  0.02598 -6.59791e-05
 61  0.08924 -1.50916e-05 | 62  0.03783 -3.48101e-05 | 63 -0.03617 -5.75229e-05
 64 -0.07658 -7.12334e-05 | 65 -0.11507  1.21143e-06 | 66 -0.07093 -6.56374e-05
 67 -0.04900 -5.06331e-05 | 68 -0.77611 -1.71236e-06 | 69 -0.09705 -4.19396e-05
 70 -0.63087 -1.79733e-04 | 71 -0.78594  6.82316e-05 | 72  0.29702  1.17093e-04
 73  0.03550 -9.38395e-07 | 74 -0.04191 -1.09837e-04 | 75  0.26113  5.82804e-06
 76  0.08232  4.30226e-07 | 77  0.02498  1.76303e-05 | 78  0.11253  4.57215e-04
 79 -3.89380 -1.30120e-06 | 80 -0.02565 -2.92581e-04 | 81  0.06127  2.30922e-06
 82 -0.16969  1.73863e-06 | 83 -0.05004 -1.33256e-06 | 84 -0.00017 -8.49758e-07
 85 -1.99997  1.64500e-07 | 86 -0.00012 -6.00087e-07 | 87 -0.03544 -2.84154e-04
 88 -0.02107 -9.49339e-04 | 89 -1.67927  1.89078e-06 |

 - final statistics:
89 variables; iteration 235; function evaluation 297
Function value 3.3879e+03; maximum gradient component mag 3.7249e-05
Exit code = 1;  converg criter 1.0000e-04
Var    Value     Gradient |Var    Value     Gradient |Var    Value     Gradient
  1 -0.58314  1.32957e-05 |  2 -0.68790  2.95299e-06 |  3 -0.60451  2.78028e-05
  4 -0.65871  1.45112e-05 |  5 -0.16075  3.72492e-05 |  6 -0.05057 -1.35154e-07
  7 -0.05340 -3.53254e-07 |  8 -0.05391 -2.27724e-07 |  9 -0.05104 -1.62737e-07
 10 -0.04422 -2.45672e-07 | 11 -0.03368 -5.31580e-07 | 12 -0.02186 -7.51189e-07
 13 -0.01613 -5.52083e-07 | 14 -0.02271 -7.50441e-07 | 15 -0.03029 -6.84277e-07
 16 -0.02715 -6.03928e-07 | 17 -0.00151 -3.23671e-07 | 18  0.03007 -7.35254e-07
 19 -0.00589  2.12125e-07 | 20 -0.01008 -7.32641e-08 | 21  0.01245  1.58526e-06
 22  0.00187  1.76979e-06 | 23  0.05023  1.12535e-06 | 24  0.05932  2.41252e-06
 25 -0.02046  1.79837e-06 | 26  0.01358  1.71540e-06 | 27 -0.00014  1.45072e-07
 28  0.05627 -8.86174e-07 | 29  0.01826 -6.77932e-07 | 30 -0.00494  3.32714e-07
 31  0.00429  9.46042e-07 | 32 -0.02466  3.08736e-07 | 33  0.04315  6.59674e-07
 34 -0.00274 -2.06422e-07 | 35  0.02698  3.31465e-07 | 36 -0.01458  2.59935e-08
 37  0.02212  1.97860e-07 | 38 -0.02213  4.16917e-07 | 39  0.04247  1.86884e-07
 40  0.02026 -1.20932e-07 | 41 -0.00742 -2.56399e-07 | 42 -0.02143  6.04098e-07
 43 -0.00581 -1.42078e-07 | 44  0.03672 -2.10705e-07 | 45  0.02944  1.26672e-07
 46 -0.02812  1.85038e-06 | 47  0.01194  1.64396e-06 | 48  0.01405  5.72147e-07
 49  0.03461 -3.83871e-07 | 50  0.06033 -1.05748e-06 | 51 -0.04044  2.37227e-07
 52 -0.06122 -1.37906e-06 | 53  0.02330 -3.09653e-07 | 54  0.01307 -1.63505e-07
 55  0.00321 -7.10773e-07 | 56  0.06014 -3.48385e-07 | 57  0.05945 -2.80714e-07
 58  0.07535 -6.12355e-07 | 59  0.04797 -1.46948e-07 | 60  0.02598 -2.73218e-07
 61  0.08924  9.19549e-08 | 62  0.03783 -7.52675e-07 | 63 -0.03617 -1.75040e-07
 64 -0.07658 -6.65777e-07 | 65 -0.11507  5.13938e-08 | 66 -0.07093 -5.83332e-07
 67 -0.04900 -3.00947e-07 | 68  0.01368  1.34994e-08 | 69 -0.09705 -3.83921e-07
 70 -0.63087  1.20151e-07 | 71 -0.78594  5.94889e-07 | 72  0.29702  1.48802e-06
 73  0.03550 -1.27441e-08 | 74 -0.04191 -4.41704e-07 | 75  0.26113 -2.56328e-07
 76  0.08231  5.36757e-09 | 77  0.02498  1.17903e-06 | 78  0.11253  1.70974e-06
 79 -3.89380 -8.74638e-09 | 80 -0.02565 -3.30394e-06 | 81  0.06127 -8.55594e-07
 82 -0.16969  2.20655e-08 | 83 -0.05004  8.26739e-07 | 84 -0.00000 -8.05194e-09
 85 -2.00000 -9.76094e-10 | 86 -0.00000 -6.72332e-09 | 87 -0.03544 -2.43868e-06
 88 -0.02107 -9.66104e-06 | 89 -1.67927  2.07468e-09 |
size of file gradfil1.tmp = 0
size of file gradfil2.tmp = 0
size of file varssave.tmp = 0
size of file cmpdiff.tmp = 0
