
Initial statistics: 4 variables; iteration 0; function evaluation 0; phase 1
Function value 3.0149761e+03; maximum gradient component mag 3.3001e+03
Var    Value     Gradient |Var    Value     Gradient |Var    Value     Gradient
  1 -0.15512  3.30009e+03 |  2 -0.11033 -5.50010e-04 |  3  0.04400  2.17490e-04
  4  0.37463  2.09655e-03 |

 - final statistics:
4 variables; iteration 4; function evaluation 6
Function value 3.0130e+03; maximum gradient component mag 2.2252e-01
Exit code = 1;  converg criter 1.0000e+01
Var    Value     Gradient |Var    Value     Gradient |Var    Value     Gradient
  1 -0.15628  2.22520e-01 |  2 -0.10880 -5.42213e-04 |  3  0.04340  2.14483e-04
  4  0.36880  2.05519e-03 |

Initial statistics: 65 variables; iteration 0; function evaluation 0; phase 2
Function value 3.0129531e+03; maximum gradient component mag 2.6161e+02
Var    Value     Gradient |Var    Value     Gradient |Var    Value     Gradient
  1 -0.15628  2.22520e-01 |  2  0.00000  4.28388e+01 |  3  0.00000  4.72341e+01
  4  0.00000  5.14929e+01 |  5  0.00000  5.51855e+01 |  6  0.00000  5.82090e+01
  7  0.00000  6.08157e+01 |  8  0.00000  6.37007e+01 |  9  0.00000  6.82534e+01
 10  0.00000  7.49463e+01 | 11  0.00000  8.06741e+01 | 12  0.00000  8.08117e+01
 13  0.00000  7.31249e+01 | 14  0.00000  6.70907e+01 | 15  0.00000  7.17356e+01
 16  0.00000  6.59859e+01 | 17  0.00000  3.77585e+01 | 18  0.00000 -1.29722e+01
 19  0.00000 -8.28607e+01 | 20  0.00000 -9.53392e+01 | 21  0.00000 -1.82977e+01
 22  0.00000  6.45939e+00 | 23  0.00000 -6.25614e+01 | 24  0.00000 -1.75041e+02
 25  0.00000 -1.01187e+02 | 26  0.00000  4.20639e+01 | 27  0.00000  9.68048e+01
 28  0.00000  6.94039e+01 | 29  0.00000 -1.02838e+02 | 30  0.00000 -8.17528e+01
 31  0.00000 -8.52867e+01 | 32  0.00000  1.97475e+01 | 33  0.00000 -4.04496e+01
 34  0.00000 -8.35987e+00 | 35  0.00000 -1.95286e+02 | 36  0.00000 -1.06638e+02
 37  0.00000  9.16923e+01 | 38  0.00000  1.86473e+02 | 39  0.00000  6.25662e+01
 40  0.00000 -1.60556e+02 | 41  0.00000 -1.19395e+02 | 42  0.00000  8.48282e+01
 43  0.00000  1.57109e+01 | 44  0.00000 -1.08280e+02 | 45  0.00000 -2.59610e+02
 46  0.00000 -2.48289e+02 | 47  0.00000  1.44837e+02 | 48  0.00000  2.61607e+02
 49  0.00000  4.25990e+01 | 50  0.00000 -6.21110e+00 | 51  0.00000 -1.69415e+01
 52  0.00000 -1.04913e+02 | 53  0.00000 -7.28838e+01 | 54  0.00000  1.08548e+01
 55  0.00000  2.75368e+01 | 56  0.00000  4.22370e+01 | 57  0.00000  2.96915e+01
 58  0.00000  2.20511e+01 | 59  0.00000  8.92650e+00 | 60 -0.20069 -1.02456e-03
 61 -0.10880 -5.42213e-04 | 62 -0.01997 -9.85647e-05 | 63 -0.16730 -8.45141e-04
 64  0.04340  2.14483e-04 | 65  0.36880  2.05519e-03 |

Intermediate statistics: 65 variables; iteration 20; function evaluation 26; phase 2
Function value 2.9707324e+03; maximum gradient component mag 2.0304e+03
Var    Value     Gradient |Var    Value     Gradient |Var    Value     Gradient
  1 -0.15682  2.03040e+03 |  2 -0.04823  1.47974e+00 |  3 -0.04588  4.54308e+00
  4 -0.04169  8.16664e+00 |  5 -0.03571  1.22194e+01 |  6 -0.02848  1.66355e+01
  7 -0.02093  2.14971e+01 |  8 -0.01419  2.72294e+01 |  9 -0.00959  3.47929e+01
 10 -0.00795  4.43830e+01 | 11 -0.00655  5.46859e+01 | 12 -0.00111  6.46269e+01
 13  0.01235  7.47846e+01 | 14  0.02199  8.11089e+01 | 15  0.01009  7.37137e+01
 16  0.00065  5.26995e+01 | 17  0.01594  2.17728e+01 | 18 -0.05892 -3.24531e+01
 19  0.01236 -5.70387e+01 | 20  0.06317 -5.27151e+01 | 21 -0.08443 -2.80996e+01
 22  0.03144  1.82567e+01 | 23 -0.04305 -7.02360e+00 | 24  0.06777  1.75616e+01
 25 -0.03335 -3.39673e+01 | 26  0.00789  7.69602e+01 | 27  0.01880  1.56537e+02
 28 -0.02939  4.15703e+01 | 29  0.03448 -4.24410e+01 | 30 -0.02890 -7.87438e+01
 31  0.02381 -4.11422e+01 | 32 -0.01581 -3.76452e+00 | 33  0.01881 -1.20505e+01
 34 -0.02208 -2.95888e+01 | 35  0.03454 -1.14510e+02 | 36 -0.00474 -1.02025e+02
 37  0.00428  4.90037e+01 | 38  0.00792  1.41720e+02 | 39 -0.00050  3.48433e+01
 40  0.02726 -9.54037e+01 | 41  0.01988 -6.48874e+01 | 42  0.00474  7.86149e+01
 43  0.02658  6.57887e+01 | 44  0.02681 -5.52229e+01 | 45  0.01567 -1.77397e+02
 46  0.05931 -1.32757e+02 | 47  0.01071  1.05122e+02 | 48  0.01862  1.71433e+02
 49  0.02941 -6.73418e+00 | 50  0.04087 -3.70233e+01 | 51  0.01171 -4.58546e+01
 52  0.08004 -4.72149e+01 | 53  0.07284 -3.08315e+01 | 54  0.02122 -1.38281e+01
 55  0.01490 -7.04306e+00 | 56 -0.08571 -1.97793e+01 | 57 -0.07400 -2.08857e+01
 58 -0.08342 -2.33183e+01 | 59 -0.03716 -1.89458e+01 | 60 -0.20064 -1.02429e-03
 61 -0.10878 -5.42081e-04 | 62 -0.01996 -9.85412e-05 | 63 -0.16726 -8.44926e-04
 64  0.04338  2.14432e-04 | 65  0.36870  2.05449e-03 |
65 variables; iteration 40; function evaluation 52; phase 2
Function value 2.9414977e+03; maximum gradient component mag -1.1465e+02
Var    Value     Gradient |Var    Value     Gradient |Var    Value     Gradient
  1 -0.15814 -1.14653e+02 |  2 -0.07238 -9.71207e-01 |  3 -0.07713 -1.41281e+00
  4 -0.07178  8.63092e-02 |  5 -0.05711  3.25279e+00 |  6 -0.04035  6.25530e+00
  7 -0.02840  7.41454e+00 |  8 -0.02272  7.02007e+00 |  9 -0.02327  6.50853e+00
 10 -0.02364  8.12935e+00 | 11 -0.02563  9.36632e+00 | 12 -0.03056  7.25631e+00
 13 -0.00825  7.39857e+00 | 14  0.02011  9.85739e+00 | 15 -0.00234  1.23815e+01
 16 -0.00607  1.33124e+01 | 17 -0.00415  9.92560e+00 | 18  0.01957  1.39300e+01
 19  0.02429  5.04268e+00 | 20  0.06844  1.37971e+01 | 21 -0.03561 -6.31576e-02
 22  0.01499 -1.51820e+01 | 23 -0.02534 -2.29414e+01 | 24  0.06052  9.51943e+00
 25  0.01638  1.87633e+01 | 26 -0.00890  4.96332e+00 | 27  0.00189 -2.13545e+00
 28 -0.02901 -8.45104e+00 | 29  0.03920 -1.95573e+01 | 30 -0.00633 -1.30709e+01
 31  0.02391 -1.89713e+01 | 32 -0.01881 -2.00102e+01 | 33  0.01823 -2.79463e+01
 34 -0.02348 -1.35557e+01 | 35  0.03933 -2.54906e+01 | 36  0.01973 -1.62290e+01
 37 -0.01248 -1.17971e+01 | 38 -0.01447  1.75754e+00 | 39 -0.01243 -2.38686e+01
 40  0.03851 -2.84794e+01 | 41  0.02765 -2.09556e+01 | 42 -0.02021  6.88360e+00
 43  0.01856  4.54550e+00 | 44  0.01663 -5.18399e+00 | 45  0.04989  1.17913e+01
 46  0.06912 -8.83121e+00 | 47 -0.02429  7.31769e+00 | 48 -0.03111  2.24203e+01
 49  0.03730 -5.80101e+00 | 50  0.03978  1.26661e+01 | 51  0.02934  1.48526e+01
 52  0.07758 -5.09967e+00 | 53  0.07765  2.33785e+00 | 54  0.01792  6.14765e+00
 55  0.01327  1.17450e+01 | 56 -0.06685  2.97131e+00 | 57 -0.03784  5.21807e+00
 58 -0.04166  2.56448e+00 | 59  0.02193  7.94499e+00 | 60 -0.19927 -1.01677e-03
 61 -0.10805 -5.38375e-04 | 62 -0.01983 -9.78863e-05 | 63 -0.16612 -8.38914e-04
 64  0.04310  2.13002e-04 | 65  0.36593  2.03508e-03 |
65 variables; iteration 60; function evaluation 81; phase 2
Function value 2.9398717e+03; maximum gradient component mag -1.5538e+02
Var    Value     Gradient |Var    Value     Gradient |Var    Value     Gradient
  1 -0.15913 -1.55383e+02 |  2 -0.05355  1.16782e+00 |  3 -0.05824  6.78759e-01
  4 -0.06104  8.58911e-02 |  5 -0.05447  8.12413e-01 |  6 -0.04964  2.87369e-01
  7 -0.03998  5.35724e-03 |  8 -0.01919  1.45276e+00 |  9 -0.02006  4.43351e-02
 10 -0.03102 -8.90610e-01 | 11 -0.03352 -7.43984e-02 | 12 -0.02912  2.36963e-02
 13 -0.00637 -9.28916e-01 | 14  0.02796 -1.40187e+00 | 15 -0.01245 -1.63954e+00
 16 -0.01015 -8.19989e-01 | 17  0.00410 -2.15635e+00 | 18  0.00562  2.71073e-01
 19  0.04166 -6.68223e-01 | 20  0.06225  1.84680e+00 | 21 -0.03164 -1.43060e+00
 22  0.01486  5.95959e-01 | 23 -0.00523 -1.26836e+00 | 24  0.05556 -1.06906e+00
 25  0.01543 -2.36870e+00 | 26 -0.00639 -2.40717e+00 | 27  0.00281 -2.69298e+00
 28 -0.02629 -2.14532e+00 | 29  0.04239 -2.37120e+00 | 30 -0.00358 -1.03307e+00
 31  0.02651 -1.83213e+00 | 32 -0.01465 -1.14732e+00 | 33  0.02281 -2.02399e+00
 34 -0.02128 -1.18557e+00 | 35  0.04422 -1.46297e+00 | 36  0.02175 -1.04279e+00
 37 -0.00541 -5.85574e-01 | 38 -0.01916 -3.61072e-01 | 39 -0.00255  4.04419e-01
 40  0.04021  1.38455e-01 | 41  0.03340  3.44713e-01 | 42 -0.02350  8.79150e-01
 43  0.01824  9.86446e-01 | 44  0.02190  9.09666e-01 | 45  0.04458  9.23719e-01
 46  0.07304  7.35586e-01 | 47 -0.02491  1.60068e+00 | 48 -0.04424  1.32682e+00
 49  0.04382  1.24711e+00 | 50  0.03466  1.46002e+00 | 51  0.02228  2.13259e+00
 52  0.08198  1.14970e+00 | 53  0.07569  1.32476e+00 | 54  0.01359  1.26169e+00
 55 -0.00583  1.67759e+00 | 56 -0.06960  1.36276e+00 | 57 -0.05011  1.65271e+00
 58 -0.04385  1.70400e+00 | 59 -0.01416  1.42597e+00 | 60 -0.19522 -9.94780e-04
 61 -0.10590 -5.27505e-04 | 62 -0.01944 -9.59630e-05 | 63 -0.16279 -8.21305e-04
 64  0.04225  2.08802e-04 | 65  0.35786  1.97898e-03 |

 - final statistics:
65 variables; iteration 66; function evaluation 92
Function value 2.9398e+03; maximum gradient component mag -3.3690e+00
Exit code = 1;  converg criter 1.0000e+01
Var    Value     Gradient |Var    Value     Gradient |Var    Value     Gradient
  1 -0.15888 -3.36904e+00 |  2 -0.05418  2.86996e-01 |  3 -0.05911 -2.35929e-01
  4 -0.05934 -2.23181e-01 |  5 -0.05457  1.57309e-01 |  6 -0.04846 -5.23084e-02
  7 -0.03948 -4.01187e-01 |  8 -0.02737 -3.28672e-01 |  9 -0.01839  3.04350e-01
 10 -0.02867 -3.26370e-01 | 11 -0.03223  4.75401e-01 | 12 -0.03095  9.08816e-02
 13 -0.00680 -1.26987e-01 | 14  0.02706  4.28310e-01 | 15 -0.01002  1.39198e-01
 16 -0.01445  1.57712e-01 | 17  0.00889  7.52887e-01 | 18 -0.00002  1.20079e+00
 19  0.04527  1.81752e+00 | 20  0.05803  3.08061e+00 | 21 -0.02627  2.72072e-01
 22  0.01161  1.24008e+00 | 23 -0.00317  1.42012e-01 | 24  0.05386 -1.37117e+00
 25  0.01559 -1.86927e+00 | 26 -0.00698 -1.46855e+00 | 27  0.00253 -7.76890e-01
 28 -0.02621 -5.39936e-01 | 29  0.04194 -3.72371e-01 | 30 -0.00374 -2.16833e-01
 31  0.02621 -5.01219e-01 | 32 -0.01463 -1.84595e-02 | 33  0.02264 -6.01406e-01
 34 -0.02124 -6.20514e-01 | 35  0.04415 -3.05512e-01 | 36  0.02168 -3.70548e-01
 37 -0.00518  9.55472e-02 | 38 -0.01912 -4.93664e-01 | 39 -0.00257 -2.44659e-01
 40  0.04028 -2.66978e-01 | 41  0.03344 -1.25122e-01 | 42 -0.02331 -1.71829e-03
 43  0.01817 -3.81034e-01 | 44  0.02221 -3.28090e-01 | 45  0.04449 -7.53368e-01
 46  0.07364  4.13946e-01 | 47 -0.02489 -5.39331e-02 | 48 -0.04376 -1.25137e-01
 49  0.04454  1.83971e-01 | 50  0.03512 -5.19419e-01 | 51  0.02261  9.37337e-02
 52  0.08299  3.13729e-02 | 53  0.07629 -1.30771e-01 | 54  0.01472  1.01751e-01
 55 -0.00525  2.80390e-01 | 56 -0.06834  1.67616e-01 | 57 -0.05014  1.35154e-01
 58 -0.04431  1.04328e-01 | 59 -0.01463 -9.96645e-02 | 60 -0.19176 -9.76029e-04
 61 -0.10407 -5.18202e-04 | 62 -0.01911 -9.43146e-05 | 63 -0.15993 -8.06265e-04
 64  0.04152  2.05203e-04 | 65  0.35098  1.93187e-03 |

Initial statistics: 73 variables; iteration 0; function evaluation 0; phase 3
Function value 2.9800364e+03; maximum gradient component mag -1.6654e+03
Var    Value     Gradient |Var    Value     Gradient |Var    Value     Gradient
  1 -0.58263 -4.16196e+02 |  2 -0.68929 -1.66539e+03 |  3 -0.60438 -3.00034e+01
  4 -0.65985 -9.37272e+01 |  5 -0.15888 -3.36904e+00 |  6 -0.05417  3.22875e-01
  7 -0.05911 -2.00075e-01 |  8 -0.05934 -1.87328e-01 |  9 -0.05457  1.93186e-01
 10 -0.04846 -1.64031e-02 | 11 -0.03948 -3.65246e-01 | 12 -0.02737 -2.92695e-01
 13 -0.01839  3.40344e-01 | 14 -0.02867 -2.90397e-01 | 15 -0.03223  5.11364e-01
 16 -0.03095  1.26849e-01 | 17 -0.00680 -9.09796e-02 | 18  0.02706  4.64287e-01
 19 -0.01002  1.75203e-01 | 20 -0.01444  1.93712e-01 | 21  0.00889  7.88893e-01
 22 -0.00002  1.23680e+00 | 23  0.04527  1.85344e+00 | 24  0.05803  3.11647e+00
 25 -0.02627  3.08051e-01 | 26  0.01161  1.27608e+00 | 27 -0.00317  1.78021e-01
 28  0.05386 -1.33529e+00 | 29  0.01559 -1.83327e+00 | 30 -0.00697 -1.43255e+00
 31  0.00254 -7.40881e-01 | 32 -0.02621 -5.03957e-01 | 33  0.04194 -3.36440e-01
 34 -0.00373 -1.80824e-01 | 35  0.02621 -4.65240e-01 | 36 -0.01463  1.75407e-02
 37  0.02265 -5.65419e-01 | 38 -0.02124 -5.84525e-01 | 39  0.04415 -2.69589e-01
 40  0.02168 -3.34559e-01 | 41 -0.00518  1.31556e-01 | 42 -0.01912 -4.57670e-01
 43 -0.00256 -2.08650e-01 | 44  0.04029 -2.31040e-01 | 45  0.03344 -8.91618e-02
 46 -0.02331  3.42672e-02 | 47  0.01818 -3.45039e-01 | 48  0.02221 -2.92102e-01
 49  0.04450 -7.17446e-01 | 50  0.07364  4.49715e-01 | 51 -0.02489 -1.79510e-02
 52 -0.04376 -8.92127e-02 | 53  0.04454  2.19893e-01 | 54  0.03512 -4.83464e-01
 55  0.02261  1.29721e-01 | 56  0.08300  6.70769e-02 | 57  0.07629 -9.50198e-02
 58  0.01473  1.37751e-01 | 59 -0.00525  3.16399e-01 | 60 -0.06834  2.03418e-01
 61 -0.05013  1.71052e-01 | 62 -0.04431  1.40250e-01 | 63 -0.01463 -6.36644e-02
 64 -0.80334 -1.96885e-06 | 65 -0.18223 -1.84937e-07 | 66 -0.64637  1.31167e+01
 67 -0.78642  9.00595e-01 | 68 -0.19176 -9.76029e-04 | 69 -0.10407 -5.18202e-04
 70 -0.01911 -9.43146e-05 | 71 -0.15993 -8.06265e-04 | 72  0.04152  2.05203e-04
 73  0.35098  1.93187e-03 |

Intermediate statistics: 73 variables; iteration 20; function evaluation 25; phase 3
Function value 2.9791332e+03; maximum gradient component mag -1.7730e+03
Var    Value     Gradient |Var    Value     Gradient |Var    Value     Gradient
  1 -0.58312 -2.94273e+02 |  2 -0.68839 -9.65344e+02 |  3 -0.60463 -1.77298e+03
  4 -0.65980 -7.44742e+02 |  5 -0.15815 -2.39924e+02 |  6 -0.05937  6.23951e-01
  7 -0.06038  9.03181e-01 |  8 -0.06071  8.02585e-01 |  9 -0.05887  4.22331e-01
 10 -0.05120  4.25902e-01 | 11 -0.03905  5.23441e-01 | 12 -0.02713  2.90598e-01
 13 -0.02406 -3.15997e-01 | 14 -0.02644  3.95062e-01 | 15 -0.03725 -1.88516e-01
 16 -0.03228 -5.61641e-02 | 17 -0.00534 -6.10786e-01 | 18  0.02224 -2.12598e+00
 19 -0.01089 -1.13038e+00 | 20 -0.01440 -1.04170e+00 | 21  0.00681 -1.86214e+00
 22 -0.00430 -1.58186e+00 | 23  0.04775 -2.64441e+00 | 24  0.05250 -3.92963e+00
 25 -0.02222 -7.78296e-01 | 26  0.00843 -3.12718e+00 | 27 -0.00337 -4.34303e+00
 28  0.05189 -1.11357e+01 | 29  0.01486 -6.94372e+00 | 30 -0.00778 -3.96230e+00
 31  0.00175 -3.56153e+00 | 32 -0.02715 -2.88612e+00 | 33  0.04122 -5.66685e+00
 34 -0.00416 -2.29036e+00 | 35  0.02571 -3.70045e+00 | 36 -0.01514 -1.21725e+00
 37  0.02252 -1.45816e+00 | 38 -0.02121  4.66619e-02 | 39  0.04437 -4.34245e-01
 40  0.02203 -4.41579e-01 | 41 -0.00524 -2.94763e-01 | 42 -0.01846  4.45783e-01
 43 -0.00205  1.68879e+00 | 44  0.04117  2.07179e+00 | 45  0.03417  1.16502e+00
 46 -0.02288  1.01897e+00 | 47  0.01926  5.67663e-01 | 48  0.02335  1.14571e+00
 49  0.04603 -4.36123e-01 | 50  0.07499  2.96077e-01 | 51 -0.02216  3.84860e+00
 52 -0.04121  4.09385e+00 | 53  0.04725  4.74485e+00 | 54  0.03826  3.10258e+00
 55  0.02443  2.11433e+00 | 56  0.08659  3.29685e+00 | 57  0.07891  2.50452e+00
 58  0.01795  2.90239e+00 | 59 -0.00105  3.51369e+00 | 60 -0.06494  2.93071e+00
 61 -0.04694  2.82456e+00 | 62 -0.04283  2.43050e+00 | 63 -0.01438  2.10586e+00
 64 -0.80334 -1.96885e-06 | 65 -0.18223 -1.84937e-07 | 66 -0.65890  2.61668e+00
 67 -0.79019 -9.65757e-01 | 68 -0.19174 -9.75885e-04 | 69 -0.10406 -5.18130e-04
 70 -0.01910 -9.43018e-05 | 71 -0.15991 -8.06149e-04 | 72  0.04152  2.05175e-04
 73  0.35093  1.93151e-03 |
73 variables; iteration 40; function evaluation 50; phase 3
Function value 2.9783410e+03; maximum gradient component mag -9.3649e+01
Var    Value     Gradient |Var    Value     Gradient |Var    Value     Gradient
  1 -0.58369 -6.64494e+01 |  2 -0.68718 -9.36488e+01 |  3 -0.60445 -8.68992e+01
  4 -0.65958 -3.68307e+01 |  5 -0.15818 -4.84610e+01 |  6 -0.05885 -1.37561e-01
  7 -0.06044  8.33067e-02 |  8 -0.06073  7.96348e-02 |  9 -0.05832 -5.48953e-02
 10 -0.05054  1.62204e-01 | 11 -0.03937  3.47311e-01 | 12 -0.02791  3.82398e-01
 13 -0.01963  9.56160e-01 | 14 -0.02920  4.13071e-01 | 15 -0.03468  7.38402e-01
 16 -0.03125  6.58116e-01 | 17 -0.01082 -2.47093e-01 | 18  0.02713  9.05015e-01
 19 -0.01214  2.72043e-01 | 20 -0.01379  4.36891e-01 | 21  0.00452 -4.20418e-01
 22  0.00155  3.54428e-01 | 23  0.04257 -1.60826e+00 | 24  0.05604 -8.85937e-01
 25 -0.02455 -1.19392e-01 | 26  0.00953 -1.02430e+00 | 27 -0.00393 -1.61820e+00
 28  0.05280 -2.53021e+00 | 29  0.01530 -9.59193e-01 | 30 -0.00783 -3.56010e-02
 31  0.00233  9.94991e-01 | 32 -0.02701 -9.73555e-01 | 33  0.04117 -3.90996e+00
 34 -0.00420 -7.97782e-01 | 35  0.02665  1.09492e+00 | 36 -0.01566 -1.89811e+00
 37  0.02232 -2.66099e+00 | 38 -0.02163 -2.15204e+00 | 39  0.04354 -2.76747e+00
 40  0.02296  3.52692e+00 | 41 -0.00417  2.57231e+00 | 42 -0.01902 -3.18229e+00
 43 -0.00333 -4.81995e+00 | 44  0.04116  1.08289e+00 | 45  0.03465  4.16225e+00
 46 -0.02373 -8.57270e-02 | 47  0.01903 -6.03657e-01 | 48  0.02304  1.16737e+00
 49  0.04665  3.10404e+00 | 50  0.07555  1.59375e+00 | 51 -0.02356 -1.19254e+00
 52 -0.04212 -9.85225e-02 | 53  0.04728  2.76603e+00 | 54  0.03834  1.41894e+00
 55  0.02441  4.28228e-02 | 56  0.08546 -3.86613e-01 | 57  0.07971  1.28588e+00
 58  0.01601 -1.51594e-01 | 59 -0.00241  7.65471e-01 | 60 -0.06434  1.24608e+00
 61 -0.04664  1.04975e+00 | 62 -0.04309  6.56275e-01 | 63 -0.01453  4.65065e-01
 64 -0.80334 -1.96883e-06 | 65 -0.18223 -1.84937e-07 | 66 -0.66301 -4.24609e-01
 67 -0.79080 -9.75199e-02 | 68 -0.19079 -9.70787e-04 | 69 -0.10356 -5.15593e-04
 70 -0.01901 -9.38520e-05 | 71 -0.15913 -8.02055e-04 | 72  0.04132  2.04193e-04
 73  0.34906  1.91885e-03 |
73 variables; iteration 60; function evaluation 80; phase 3
Function value 2.9783118e+03; maximum gradient component mag -9.1045e+00
Var    Value     Gradient |Var    Value     Gradient |Var    Value     Gradient
  1 -0.58373  1.02849e+00 |  2 -0.68709  7.06798e-01 |  3 -0.60444 -1.43877e+00
  4 -0.65956 -2.71502e-01 |  5 -0.15824 -9.10445e+00 |  6 -0.05679  3.79062e-02
  7 -0.05948  2.99696e-02 |  8 -0.05983  2.46744e-02 |  9 -0.05680  2.15606e-02
 10 -0.04992  8.03212e-03 | 11 -0.03952 -3.09883e-02 | 12 -0.02795 -7.16877e-02
 13 -0.02189 -7.73048e-03 | 14 -0.02841 -2.30366e-02 | 15 -0.03586 -3.78287e-02
 16 -0.03230  2.03754e-03 | 17 -0.00693 -7.48088e-02 | 18  0.02419 -1.12789e-01
 19 -0.01093 -8.73711e-02 | 20 -0.01504 -9.13174e-02 | 21  0.00729 -9.18279e-02
 22 -0.00247 -8.68340e-02 | 23  0.04554 -2.42299e-01 | 24  0.05498 -3.14643e-01
 25 -0.02430 -1.18192e-01 | 26  0.00978 -7.94227e-02 | 27 -0.00354 -6.83422e-02
 28  0.05306 -1.31115e-01 | 29  0.01538 -6.29631e-02 | 30 -0.00759 -1.32414e-01
 31  0.00194 -7.93315e-04 | 32 -0.02671 -4.32137e-02 | 33  0.04168 -1.39927e-01
 34 -0.00392  1.49522e-01 | 35  0.02623 -1.61721e-01 | 36 -0.01491  8.45014e-02
 37  0.02248 -3.38689e-02 | 38 -0.02129  3.12759e-04 | 39  0.04424  4.48093e-02
 40  0.02227 -5.81919e-02 | 41 -0.00488  5.94653e-02 | 42 -0.01811  9.84933e-02
 43 -0.00230  3.86300e-02 | 44  0.04087  8.37740e-02 | 45  0.03384  1.56037e-02
 46 -0.02325  5.79840e-02 | 47  0.01902  6.65007e-02 | 48  0.02289  9.34102e-02
 49  0.04608  4.75307e-02 | 50  0.07519  1.24865e-01 | 51 -0.02288  5.30042e-02
 52 -0.04202  1.02485e-01 | 53  0.04648  1.46103e-01 | 54  0.03804  8.34778e-02
 55  0.02435  8.15439e-02 | 56  0.08574  1.27682e-01 | 57  0.07865  1.53200e-01
 58  0.01724  8.71854e-02 | 59 -0.00322  6.95785e-02 | 60 -0.06692  1.02121e-01
 61 -0.04883  7.25188e-02 | 62 -0.04387  6.98895e-02 | 63 -0.01444  7.62932e-02
 64 -0.80333 -1.96878e-06 | 65 -0.18223 -1.84937e-07 | 66 -0.66288 -1.87642e-02
 67 -0.79095  2.29466e-02 | 68 -0.18863 -9.59070e-04 | 69 -0.10240 -5.09754e-04
 70 -0.01880 -9.28155e-05 | 71 -0.15734 -7.92638e-04 | 72  0.04086  2.01931e-04
 73  0.34478  1.88994e-03 |

 - final statistics:
73 variables; iteration 64; function evaluation 86
Function value 2.9783e+03; maximum gradient component mag -9.4017e-01
Exit code = 1;  converg criter 1.0000e+00
Var    Value     Gradient |Var    Value     Gradient |Var    Value     Gradient
  1 -0.58373  1.51573e-01 |  2 -0.68709  1.37761e-01 |  3 -0.60444 -1.43427e-01
  4 -0.65956 -2.59403e-02 |  5 -0.15823 -9.40165e-01 |  6 -0.05678  8.74080e-03
  7 -0.05950 -2.39501e-03 |  8 -0.05985 -4.31057e-03 |  9 -0.05684 -9.66502e-04
 10 -0.04994  6.87936e-04 | 11 -0.03939  5.72349e-03 | 12 -0.02770  5.73468e-04
 13 -0.02204 -2.65291e-03 | 14 -0.02844 -5.08579e-03 | 15 -0.03579 -5.90658e-03
 16 -0.03244  3.55753e-04 | 17 -0.00685 -4.18668e-03 | 18  0.02414 -1.15284e-02
 19 -0.01092 -1.15454e-02 | 20 -0.01499 -1.06824e-02 | 21  0.00724 -7.11738e-03
 22 -0.00252 -1.01273e-02 | 23  0.04554 -2.86911e-02 | 24  0.05499 -2.54496e-02
 25 -0.02428 -1.47361e-02 | 26  0.00973 -8.06155e-03 | 27 -0.00353 -9.42563e-03
 28  0.05306 -1.47551e-02 | 29  0.01533 -7.95443e-03 | 30 -0.00753 -1.11402e-02
 31  0.00188 -6.85491e-03 | 32 -0.02672 -2.63271e-03 | 33  0.04171 -1.20267e-02
 34 -0.00403  6.02068e-03 | 35  0.02628 -1.33789e-02 | 36 -0.01497  3.67723e-03
 37  0.02249 -2.24233e-03 | 38 -0.02129  2.60258e-03 | 39  0.04421  2.19628e-03
 40  0.02229 -5.66545e-03 | 41 -0.00490  2.90126e-03 | 42 -0.01814  9.86694e-03
 43 -0.00229  7.84128e-03 | 44  0.04084  5.05351e-03 | 45  0.03385  1.57599e-03
 46 -0.02327  5.71035e-03 | 47  0.01902  7.49016e-03 | 48  0.02287  7.76179e-03
 49  0.04610  5.47117e-03 | 50  0.07517  9.55696e-03 | 51 -0.02285  8.64967e-03
 52 -0.04204  1.12926e-02 | 53  0.04647  1.29854e-02 | 54  0.03804  8.86892e-03
 55  0.02436  1.03348e-02 | 56  0.08574  1.36179e-02 | 57  0.07862  1.35460e-02
 58  0.01725  9.97348e-03 | 59 -0.00319  8.70692e-03 | 60 -0.06701  5.17375e-03
 61 -0.04876  1.19996e-02 | 62 -0.04379  1.07048e-02 | 63 -0.01431  2.20487e-02
 64 -0.80333 -1.96875e-06 | 65 -0.18223 -1.84936e-07 | 66 -0.66288 -1.66228e-03
 67 -0.79099  1.09705e-03 | 68 -0.18710 -9.50856e-04 | 69 -0.10159 -5.05653e-04
 70 -0.01865 -9.20871e-05 | 71 -0.15608 -7.86031e-04 | 72  0.04054  2.00341e-04
 73  0.34178  1.86982e-03 |

 - final statistics:
73 variables; iteration 0; function evaluation 0
Function value 2.9783e+03; maximum gradient component mag -9.4017e-01
Exit code = 0;  converg criter 1.0000e+00
Var    Value     Gradient |Var    Value     Gradient |Var    Value     Gradient
  1 -0.58373  1.51573e-01 |  2 -0.68709  1.37761e-01 |  3 -0.60444 -1.43427e-01
  4 -0.65956 -2.59403e-02 |  5 -0.15823 -9.40165e-01 |  6 -0.05678  8.69906e-03
  7 -0.05950 -2.43674e-03 |  8 -0.05985 -4.35229e-03 |  9 -0.05684 -1.00824e-03
 10 -0.04994  6.46160e-04 | 11 -0.03939  5.68166e-03 | 12 -0.02770  5.31602e-04
 13 -0.02204 -2.69479e-03 | 14 -0.02844 -5.12765e-03 | 15 -0.03579 -5.94842e-03
 16 -0.03244  3.13902e-04 | 17 -0.00685 -4.22858e-03 | 18  0.02414 -1.15703e-02
 19 -0.01092 -1.15873e-02 | 20 -0.01499 -1.07243e-02 | 21  0.00724 -7.15928e-03
 22 -0.00252 -1.01692e-02 | 23  0.04554 -2.87329e-02 | 24  0.05499 -2.54914e-02
 25 -0.02428 -1.47780e-02 | 26  0.00973 -8.10345e-03 | 27 -0.00353 -9.46753e-03
 28  0.05306 -1.47968e-02 | 29  0.01533 -7.99632e-03 | 30 -0.00753 -1.11821e-02
 31  0.00188 -6.89682e-03 | 32 -0.02672 -2.67457e-03 | 33  0.04171 -1.20685e-02
 34 -0.00403  5.97877e-03 | 35  0.02628 -1.34208e-02 | 36 -0.01497  3.63534e-03
 37  0.02249 -2.28421e-03 | 38 -0.02129  2.56069e-03 | 39  0.04421  2.15447e-03
 40  0.02229 -5.70733e-03 | 41 -0.00490  2.85935e-03 | 42 -0.01814  9.82505e-03
 43 -0.00229  7.79937e-03 | 44  0.04084  5.01169e-03 | 45  0.03385  1.53414e-03
 46 -0.02327  5.66847e-03 | 47  0.01902  7.44827e-03 | 48  0.02287  7.71991e-03
 49  0.04610  5.42937e-03 | 50  0.07517  9.51535e-03 | 51 -0.02285  8.60779e-03
 52 -0.04204  1.12508e-02 | 53  0.04647  1.29436e-02 | 54  0.03804  8.82709e-03
 55  0.02436  1.02929e-02 | 56  0.08574  1.35764e-02 | 57  0.07862  1.35044e-02
 58  0.01725  9.93159e-03 | 59 -0.00319  8.66502e-03 | 60 -0.06701  5.13208e-03
 61 -0.04876  1.19578e-02 | 62 -0.04379  1.06630e-02 | 63 -0.01431  2.20068e-02
 64 -0.80333 -1.96875e-06 | 65 -0.18223 -1.84936e-07 | 66 -0.66288 -1.66228e-03
 67 -0.79099  1.09705e-03 | 68 -0.18710 -9.50856e-04 | 69 -0.10159 -5.05653e-04
 70 -0.01865 -9.20871e-05 | 71 -0.15608 -7.86031e-04 | 72  0.04054  2.00341e-04
 73  0.34178  1.86982e-03 |

Initial statistics: 85 variables; iteration 0; function evaluation 0; phase 5
Function value 2.9783117e+03; maximum gradient component mag -3.3483e+02
Var    Value     Gradient |Var    Value     Gradient |Var    Value     Gradient
  1 -0.58373  1.51573e-01 |  2 -0.68709  1.37761e-01 |  3 -0.60444 -1.43427e-01
  4 -0.65956 -2.59403e-02 |  5 -0.15823 -9.40165e-01 |  6 -0.05678  8.69906e-03
  7 -0.05950 -2.43674e-03 |  8 -0.05985 -4.35229e-03 |  9 -0.05684 -1.00824e-03
 10 -0.04994  6.46160e-04 | 11 -0.03939  5.68166e-03 | 12 -0.02770  5.31602e-04
 13 -0.02204 -2.69479e-03 | 14 -0.02844 -5.12765e-03 | 15 -0.03579 -5.94842e-03
 16 -0.03244  3.13902e-04 | 17 -0.00685 -4.22858e-03 | 18  0.02414 -1.15703e-02
 19 -0.01092 -1.15873e-02 | 20 -0.01499 -1.07243e-02 | 21  0.00724 -7.15928e-03
 22 -0.00252 -1.01692e-02 | 23  0.04554 -2.87329e-02 | 24  0.05499 -2.54914e-02
 25 -0.02428 -1.47780e-02 | 26  0.00973 -8.10345e-03 | 27 -0.00353 -9.46753e-03
 28  0.05306 -1.47968e-02 | 29  0.01533 -7.99632e-03 | 30 -0.00753 -1.11821e-02
 31  0.00188 -6.89682e-03 | 32 -0.02672 -2.67457e-03 | 33  0.04171 -1.20685e-02
 34 -0.00403  5.97877e-03 | 35  0.02628 -1.34208e-02 | 36 -0.01497  3.63534e-03
 37  0.02249 -2.28421e-03 | 38 -0.02129  2.56069e-03 | 39  0.04421  2.15447e-03
 40  0.02229 -5.70733e-03 | 41 -0.00490  2.85935e-03 | 42 -0.01814  9.82505e-03
 43 -0.00229  7.79937e-03 | 44  0.04084  5.01169e-03 | 45  0.03385  1.53414e-03
 46 -0.02327  5.66847e-03 | 47  0.01902  7.44827e-03 | 48  0.02287  7.71991e-03
 49  0.04610  5.42937e-03 | 50  0.07517  9.51535e-03 | 51 -0.02285  8.60779e-03
 52 -0.04204  1.12508e-02 | 53  0.04647  1.29436e-02 | 54  0.03804  8.82709e-03
 55  0.02436  1.02929e-02 | 56  0.08574  1.35764e-02 | 57  0.07862  1.35044e-02
 58  0.01725  9.93159e-03 | 59 -0.00319  8.66502e-03 | 60 -0.06701  5.13208e-03
 61 -0.04876  1.19578e-02 | 62 -0.04379  1.06630e-02 | 63 -0.01431  2.20068e-02
 64 -0.80333 -1.96875e-06 | 65 -0.18223 -1.84936e-07 | 66 -0.66288 -1.66228e-03
 67 -0.79099  1.09705e-03 | 68  0.29554 -3.24611e+00 | 69  0.03437 -1.95634e-03
 70 -0.04285  1.52675e+00 | 71  0.25980  2.35941e-01 | 72 -0.03018 -7.55453e-04
 73  0.02400 -1.63841e+00 | 74  0.10938  1.17591e+02 | 75 -0.10852 -4.56850e-01
 76 -0.02761 -3.34831e+02 | 77  0.05983 -2.34953e+01 | 78 -0.15813 -1.09379e-03
 79 -0.05162  2.63349e+01 | 80 -0.18710 -9.50856e-04 | 81 -0.10159 -5.05653e-04
 82 -0.01865 -9.20871e-05 | 83 -0.15608 -7.86031e-04 | 84  0.04054  2.00341e-04
 85  0.34178  1.86982e-03 |

Intermediate statistics: 85 variables; iteration 20; function evaluation 27; phase 5
Function value 2.9778832e+03; maximum gradient component mag 2.6404e+02
Var    Value     Gradient |Var    Value     Gradient |Var    Value     Gradient
  1 -0.58363  2.64042e+02 |  2 -0.68716  5.80047e+01 |  3 -0.60447  2.05782e+02
  4 -0.65938  1.06478e+02 |  5 -0.15848  2.10042e+02 |  6 -0.05603 -1.15360e+00
  7 -0.05868 -1.07899e+00 |  8 -0.05903 -9.82545e-01 |  9 -0.05601 -8.50940e-01
 10 -0.04911 -6.66489e-01 | 11 -0.03856 -4.14830e-01 | 12 -0.02681 -1.13550e-01
 13 -0.02114  1.18739e-01 | 14 -0.02759  1.35124e-01 | 15 -0.03500  1.20396e-01
 16 -0.03174  2.96251e-01 | 17 -0.00617  1.00650e+00 | 18  0.02491  2.15304e+00
 19 -0.01022  1.39073e+00 | 20 -0.01425  1.58852e+00 | 21  0.00808  2.66268e+00
 22 -0.00179  2.57754e+00 | 23  0.04631  4.96886e+00 | 24  0.05563  5.67808e+00
 25 -0.02376  2.17429e+00 | 26  0.01038  3.79443e+00 | 27 -0.00285  3.54114e+00
 28  0.05378  6.66739e+00 | 29  0.01587  3.65876e+00 | 30 -0.00706  1.90507e+00
 31  0.00230  1.14827e+00 | 32 -0.02642 -6.95665e-01 | 33  0.04179 -1.37894e+00
 34 -0.00376 -1.51250e+00 | 35  0.02662 -3.81971e-01 | 36 -0.01448  3.98324e-01
 37  0.02304  2.45689e+00 | 38 -0.02090  1.02349e+00 | 39  0.04472  3.01323e+00
 40  0.02257  5.60451e-01 | 41 -0.00481 -1.23755e+00 | 42 -0.01809 -1.74104e+00
 43 -0.00224 -1.51018e+00 | 44  0.04087 -7.91380e-01 | 45  0.03381 -8.72920e-01
 46 -0.02344 -1.76588e+00 | 47  0.01868 -2.00860e+00 | 48  0.02260 -1.80764e+00
 49  0.04575 -1.75522e+00 | 50  0.07461 -2.09912e+00 | 51 -0.02333 -2.04040e+00
 52 -0.04279 -2.41870e+00 | 53  0.04512 -3.54485e+00 | 54  0.03690 -2.52163e+00
 55  0.02303 -2.62427e+00 | 56  0.08307 -4.67504e+00 | 57  0.07523 -4.62837e+00
 58  0.01355 -3.55183e+00 | 59 -0.00689 -3.15731e+00 | 60 -0.06872 -2.43630e+00
 61 -0.04950 -2.25950e+00 | 62 -0.04408 -2.17060e+00 | 63 -0.01413 -2.14568e+00
 64 -0.80333 -1.96875e-06 | 65 -0.18223 -1.84936e-07 | 66 -0.66168  6.16782e-01
 67 -0.79132  1.41617e-01 | 68  0.29704  1.32014e+01 | 69  0.03438 -9.95218e-04
 70 -0.04234 -2.19189e+01 | 71  0.26060  4.24679e+00 | 72 -0.03017  4.06206e-04
 73  0.02395 -1.21199e+01 | 74  0.11293  8.38863e+01 | 75 -0.10494 -4.23286e-01
 76 -0.02443 -2.15846e+02 | 77  0.05999 -3.09999e+01 | 78 -0.15826 -1.01516e-03
 79 -0.05009  3.77138e+01 | 80 -0.18709 -9.50808e-04 | 81 -0.10159 -5.05628e-04
 82 -0.01865 -9.20828e-05 | 83 -0.15607 -7.85992e-04 | 84  0.04054  2.00332e-04
 85  0.34176  1.86970e-03 |
85 variables; iteration 40; function evaluation 48; phase 5
Function value 2.9775954e+03; maximum gradient component mag 6.4405e+01
Var    Value     Gradient |Var    Value     Gradient |Var    Value     Gradient
  1 -0.58370  6.44047e+01 |  2 -0.68707  6.34748e+00 |  3 -0.60447  3.48086e+01
  4 -0.65942  2.64331e+01 |  5 -0.15864  4.33032e+01 |  6 -0.05431  4.54178e-01
  7 -0.05616  7.38839e-01 |  8 -0.05601  9.60736e-01 |  9 -0.05291  1.09066e+00
 10 -0.04630  1.11995e+00 | 11 -0.03641  1.03597e+00 | 12 -0.02569  8.04226e-01
 13 -0.02130  3.96964e-01 | 14 -0.02869 -6.35207e-02 | 15 -0.03603 -2.42440e-01
 16 -0.03228 -9.86431e-02 | 17 -0.00630  3.85908e-01 | 18  0.02564  1.27524e+00
 19 -0.00970  1.23322e+00 | 20 -0.01374  1.32908e+00 | 21  0.00843  1.42401e+00
 22 -0.00205  7.91173e-01 | 23  0.04578  1.18934e+00 | 24  0.05602  1.97265e+00
 25 -0.02296  6.25527e-01 | 26  0.00922 -8.29234e-01 | 27 -0.00296  3.65831e-02
 28  0.05406  1.52186e+00 | 29  0.01534 -1.35069e+00 | 30 -0.00770 -2.37496e+00
 31  0.00232 -3.92774e-01 | 32 -0.02575  1.34883e+00 | 33  0.04217  5.50244e-01
 34 -0.00365 -1.97805e+00 | 35  0.02612 -4.48282e+00 | 36 -0.01445 -2.80683e-01
 37  0.02314  2.57589e+00 | 38 -0.02125  6.90497e-01 | 39  0.04447  1.61990e+00
 40  0.02246  3.99621e-01 | 41 -0.00521 -9.47093e-01 | 42 -0.01812 -4.18870e-01
 43 -0.00234 -3.73699e-01 | 44  0.04042 -1.20124e+00 | 45  0.03363 -6.70237e-01
 46 -0.02406 -1.04978e+00 | 47  0.01844  2.54130e-01 | 48  0.02282  3.82309e-01
 49  0.04430 -4.15517e+00 | 50  0.07408 -3.24746e+00 | 51 -0.02393 -1.68840e+00
 52 -0.04526 -3.27009e+00 | 53  0.04473  4.19964e-01 | 54  0.03739  2.74999e+00
 55  0.01986 -1.09573e+00 | 56  0.08508  3.00284e+00 | 57  0.07056 -4.01809e+00
 58  0.01814  2.05414e+00 | 59 -0.00836 -7.90812e-01 | 60 -0.07249 -1.40650e+00
 61 -0.05018 -5.34866e-01 | 62 -0.04239  3.28710e-02 | 63 -0.01554 -6.44355e-01
 64 -0.80333 -1.96873e-06 | 65 -0.18223 -1.84936e-07 | 66 -0.65826  2.57996e+00
 67 -0.78506  2.99973e+00 | 68  0.29725  5.92925e+00 | 69  0.03551 -2.87198e-04
 70 -0.04201 -6.85494e+00 | 71  0.26009  1.22031e+00 | 72 -0.02986 -3.74715e-04
 73  0.02404 -4.33452e+00 | 74  0.11570  1.93168e+01 | 75  0.12626  6.25210e-04
 76 -0.02191 -5.98526e+01 | 77  0.06426 -8.41507e+00 | 78 -0.16789  9.14058e-03
 79 -0.04910  1.56570e+01 | 80 -0.18645 -9.47365e-04 | 81 -0.10125 -5.03908e-04
 82 -0.01859 -9.17771e-05 | 83 -0.15554 -7.83222e-04 | 84  0.04041  1.99664e-04
 85  0.34050  1.86131e-03 |
85 variables; iteration 60; function evaluation 75; phase 5
Function value 2.9774982e+03; maximum gradient component mag -5.5395e+00
Var    Value     Gradient |Var    Value     Gradient |Var    Value     Gradient
  1 -0.58373 -4.09115e+00 |  2 -0.68702 -1.11055e+00 |  3 -0.60445 -4.37891e+00
  4 -0.65946 -1.16816e+00 |  5 -0.15855 -5.53945e+00 |  6 -0.05607 -1.43684e-03
  7 -0.05889 -4.53162e-02 |  8 -0.05917 -4.25317e-02 |  9 -0.05612 -5.54657e-02
 10 -0.04930 -1.12038e-01 | 11 -0.03902 -2.22020e-01 | 12 -0.02755 -3.31709e-01
 13 -0.02197 -3.74678e-01 | 14 -0.02821 -2.81265e-01 | 15 -0.03525 -8.59449e-02
 16 -0.03111  2.43701e-01 | 17 -0.00585  3.45331e-01 | 18  0.02562  4.64695e-01
 19 -0.01081  9.74710e-02 | 20 -0.01444  9.70584e-02 | 21  0.00831  1.52859e-01
 22 -0.00189  9.86061e-03 | 23  0.04609 -1.55752e-01 | 24  0.05553  9.18842e-02
 25 -0.02363  4.60652e-01 | 26  0.01083  5.07147e-01 | 27 -0.00367 -5.78897e-01
 28  0.05384 -1.48077e-01 | 29  0.01595  1.34692e-02 | 30 -0.00722 -2.70426e-01
 31  0.00269  2.60819e-01 | 32 -0.02634 -1.52314e-01 | 33  0.04239 -5.08343e-02
 34 -0.00341  2.01282e-02 | 35  0.02706  2.01444e-01 | 36 -0.01449 -3.44810e-01
 37  0.02296 -2.81308e-01 | 38 -0.02108 -2.04565e-01 | 39  0.04463  5.04015e-01
 40  0.02249 -2.11863e-02 | 41 -0.00448  5.88359e-02 | 42 -0.01807 -4.02536e-01
 43 -0.00196 -1.62688e-03 | 44  0.04099  5.13303e-02 | 45  0.03405  2.72322e-01
 46 -0.02337 -1.09869e-01 | 47  0.01909  3.24625e-01 | 48  0.02282  1.58866e-01
 49  0.04600 -9.56420e-02 | 50  0.07494 -3.69729e-01 | 51 -0.02339 -9.97299e-02
 52 -0.04239  3.88490e-01 | 53  0.04546  1.22911e-02 | 54  0.03693  4.58284e-02
 55  0.02268 -2.07913e-01 | 56  0.08335 -1.35090e-01 | 57  0.07552  3.28304e-01
 58  0.01383  2.22021e-01 | 59 -0.00602  2.11165e-01 | 60 -0.06954 -2.27002e-01
 61 -0.04895  1.46272e-01 | 62 -0.04540 -2.44483e-01 | 63 -0.01472 -5.90839e-02
 64 -0.80333 -1.96870e-06 | 65 -0.18223 -1.84936e-07 | 66 -0.66212  9.89689e-03
 67 -0.79101  2.25323e-01 | 68  0.29651 -7.80038e-02 | 69  0.03628 -7.37352e-06
 70 -0.04232  1.91564e-01 | 71  0.26019 -1.21963e-01 | 72 -0.02929 -2.68473e-04
 73  0.02429  1.11531e-01 | 74  0.11698 -1.08132e+00 | 75  0.03085 -7.66127e-02
 76 -0.02071  1.63469e+00 | 77  0.06229  2.15376e-01 | 78 -0.17501  1.68968e-03
 79 -0.05181  4.67899e-03 | 80 -0.18495 -9.39285e-04 | 81 -0.10045 -4.99864e-04
 82 -0.01845 -9.10583e-05 | 83 -0.15430 -7.76716e-04 | 84  0.04009  1.98096e-04
 85  0.33755  1.84170e-03 |
85 variables; iteration 80; function evaluation 108; phase 5
Function value 2.9774953e+03; maximum gradient component mag 1.4325e-01
Var    Value     Gradient |Var    Value     Gradient |Var    Value     Gradient
  1 -0.58373  6.78725e-02 |  2 -0.68702  6.82701e-03 |  3 -0.60445  8.13316e-02
  4 -0.65946  2.32698e-02 |  5 -0.15849  1.43250e-01 |  6 -0.05610  8.88748e-03
  7 -0.05891 -2.08642e-02 |  8 -0.05926 -1.60963e-02 |  9 -0.05624 -7.43980e-03
 10 -0.04932  1.50762e-03 | 11 -0.03888 -1.30872e-02 | 12 -0.02694  2.84726e-02
 13 -0.02145 -4.01871e-03 | 14 -0.02784 -1.87820e-03 | 15 -0.03523 -6.41418e-03
 16 -0.03175  2.83646e-02 | 17 -0.00634 -9.28609e-03 | 18  0.02479 -7.23337e-03
 19 -0.01036 -5.16795e-03 | 20 -0.01448 -8.24832e-03 | 21  0.00788  1.35157e-02
 22 -0.00205  6.31959e-04 | 23  0.04609  3.96657e-03 | 24  0.05543 -8.59379e-04
 25 -0.02389 -3.95850e-03 | 26  0.01020 -1.12488e-02 | 27 -0.00305  7.07323e-03
 28  0.05353  6.51737e-03 | 29  0.01580 -2.27164e-03 | 30 -0.00708  3.29460e-03
 31  0.00237 -1.55273e-03 | 32 -0.02624  3.08745e-03 | 33  0.04226  4.27179e-03
 34 -0.00343 -3.46561e-03 | 35  0.02691  7.52284e-04 | 36 -0.01443  5.15074e-03
 37  0.02288  1.40025e-02 | 38 -0.02100  3.83292e-03 | 39  0.04444 -1.45108e-02
 40  0.02255 -3.64579e-03 | 41 -0.00466  2.87192e-04 | 42 -0.01790  1.44756e-02
 43 -0.00209  5.82373e-03 | 44  0.04101 -1.62571e-03 | 45  0.03392 -7.99058e-03
 46 -0.02324 -5.06119e-03 | 47  0.01896 -7.16682e-03 | 48  0.02281 -7.43296e-03
 49  0.04601  1.20003e-02 | 50  0.07497  1.27958e-02 | 51 -0.02325  1.08099e-02
 52 -0.04264 -5.85667e-04 | 53  0.04559 -2.26753e-04 | 54  0.03689 -3.52963e-03
 55  0.02286  6.84372e-03 | 56  0.08349 -1.49754e-03 | 57  0.07540 -2.11951e-03
 58  0.01376  1.23972e-02 | 59 -0.00640 -2.91170e-02 | 60 -0.06845  2.45189e-03
 61 -0.04950 -1.97576e-02 | 62 -0.04403  8.07478e-03 | 63 -0.01409  4.63196e-03
 64 -0.80331 -1.96857e-06 | 65 -0.18223 -1.84935e-07 | 66 -0.66231 -9.83493e-03
 67 -0.79147 -1.26590e-02 | 68  0.29648 -4.43394e-03 | 69  0.03627 -2.77140e-07
 70 -0.04233 -1.09713e-02 | 71  0.26041  3.16554e-02 | 72 -0.02806 -6.84684e-05
 73  0.02436  9.55331e-03 | 74  0.11698  2.76887e-02 | 75  0.06295 -6.51229e-03
 76 -0.02071 -3.88746e-02 | 77  0.06214 -1.06707e-02 | 78 -0.17827 -8.81135e-05
 79 -0.05192 -1.64365e-04 | 80 -0.17924 -9.08652e-04 | 81 -0.09741 -4.84482e-04
 82 -0.01789 -8.83203e-05 | 83 -0.14957 -7.52014e-04 | 84  0.03888  1.92122e-04
 85  0.32638  1.76835e-03 |
85 variables; iteration 100; function evaluation 133; phase 5
Function value 2.9774947e+03; maximum gradient component mag -1.0925e-01
Var    Value     Gradient |Var    Value     Gradient |Var    Value     Gradient
  1 -0.58373  1.07089e-01 |  2 -0.68702  2.66267e-02 |  3 -0.60445  5.72378e-02
  4 -0.65946  5.49729e-02 |  5 -0.15849 -3.82225e-03 |  6 -0.05620 -1.25132e-02
  7 -0.05882  2.21617e-03 |  8 -0.05919  2.13746e-04 |  9 -0.05622 -3.58927e-03
 10 -0.04937 -9.13490e-03 | 11 -0.03876  8.29972e-03 | 12 -0.02717 -1.85577e-02
 13 -0.02139  9.82339e-04 | 14 -0.02779  2.32172e-03 | 15 -0.03514  6.38833e-03
 16 -0.03194 -1.43557e-02 | 17 -0.00626  5.49052e-03 | 18  0.02480  3.36722e-03
 19 -0.01035  1.94530e-03 | 20 -0.01443 -9.24600e-04 | 21  0.00781 -3.95095e-03
 22 -0.00200  2.28253e-03 | 23  0.04607 -2.59260e-03 | 24  0.05544  5.83365e-04
 25 -0.02390  5.73930e-03 | 26  0.01023  1.68716e-02 | 27 -0.00307 -1.73031e-03
 28  0.05354  8.48019e-03 | 29  0.01581  5.95973e-03 | 30 -0.00708  4.68908e-04
 31  0.00238  2.27370e-03 | 32 -0.02624 -6.87262e-03 | 33  0.04226 -2.45503e-03
 34 -0.00343  4.06458e-04 | 35  0.02691  9.00743e-03 | 36 -0.01443 -8.44897e-04
 37  0.02288 -2.17404e-03 | 38 -0.02101 -5.15347e-03 | 39  0.04444  1.75982e-03
 40  0.02254 -2.95739e-03 | 41 -0.00466  6.90143e-04 | 42 -0.01791 -6.28682e-03
 43 -0.00209  9.98477e-04 | 44  0.04100  5.44795e-04 | 45  0.03392  2.52650e-05
 46 -0.02324 -2.33816e-03 | 47  0.01896 -4.90869e-04 | 48  0.02281 -5.04132e-03
 49  0.04600  5.21885e-03 | 50  0.07496  5.12487e-03 | 51 -0.02326 -1.70700e-03
 52 -0.04264  8.42691e-03 | 53  0.04557 -4.66527e-03 | 54  0.03688 -1.24548e-02
 55  0.02285 -1.10986e-03 | 56  0.08347 -1.95484e-02 | 57  0.07541  5.72735e-03
 58  0.01370 -1.43043e-02 | 59 -0.00631  1.46565e-02 | 60 -0.06845  8.70805e-03
 61 -0.04934  2.03886e-02 | 62 -0.04410 -3.97274e-03 | 63 -0.01415 -4.87117e-03
 64 -0.80266 -1.96162e-06 | 65 -0.18217 -1.84869e-07 | 66 -0.66229 -3.71001e-04
 67 -0.79145 -4.44639e-03 | 68  0.29649  8.71664e-04 | 69  0.03627 -1.57917e-06
 70 -0.04233 -1.20201e-02 | 71  0.26032 -1.30847e-02 | 72 -0.03377 -5.00858e-04
 73  0.02433 -9.84045e-03 | 74  0.11698  4.36744e-02 | 75  0.10066 -9.72234e-04
 76 -0.02071 -1.09249e-01 | 77  0.06214 -2.39071e-02 | 78 -0.18155 -1.21448e-03
 79 -0.05191  1.37901e-02 | 80 -0.00454 -2.24292e-05 | 81 -0.00229 -1.12857e-05
 82 -0.00041 -2.01622e-06 | 83 -0.00366 -1.80801e-05 | 84  0.00089  4.39788e-06
 85  0.01137  5.60953e-05 |

 - final statistics:
85 variables; iteration 111; function evaluation 144
Function value 2.9775e+03; maximum gradient component mag -5.0246e-05
Exit code = 1;  converg criter 1.0000e-04
Var    Value     Gradient |Var    Value     Gradient |Var    Value     Gradient
  1 -0.58373  4.90639e-05 |  2 -0.68702  1.03103e-05 |  3 -0.60445  3.15238e-05
  4 -0.65946  2.42257e-05 |  5 -0.15849  1.84607e-05 |  6 -0.05615 -7.70133e-06
  7 -0.05883  1.97037e-06 |  8 -0.05920  2.14159e-08 |  9 -0.05622 -3.69456e-06
 10 -0.04934 -7.53704e-06 | 11 -0.03881  9.26251e-06 | 12 -0.02708 -1.46333e-05
 13 -0.02141 -5.39578e-07 | 14 -0.02781  1.51727e-06 | 15 -0.03518  5.93753e-06
 16 -0.03188 -9.35263e-06 | 17 -0.00628  3.03975e-06 | 18  0.02479  3.23653e-06
 19 -0.01036  8.21942e-08 | 20 -0.01443 -2.13234e-06 | 21  0.00783  3.93669e-07
 22 -0.00202  2.11881e-06 | 23  0.04608 -1.50065e-06 | 24  0.05543  1.44233e-06
 25 -0.02389  1.28300e-06 | 26  0.01021  8.44440e-06 | 27 -0.00306 -2.40711e-06
 28  0.05354  7.41901e-06 | 29  0.01581  4.78187e-06 | 30 -0.00708  5.91963e-07
 31  0.00238  2.11566e-06 | 32 -0.02624 -3.12290e-06 | 33  0.04226  2.88934e-07
 34 -0.00343 -6.68972e-07 | 35  0.02691  5.23833e-06 | 36 -0.01443  6.88672e-07
 37  0.02288  2.90494e-06 | 38 -0.02100 -2.73340e-06 | 39  0.04444 -1.86324e-06
 40  0.02255 -3.55411e-06 | 41 -0.00466  1.50050e-06 | 42 -0.01790 -9.41357e-07
 43 -0.00209  2.71483e-06 | 44  0.04100 -1.11208e-07 | 45  0.03392 -1.93167e-06
 46 -0.02324 -2.79419e-06 | 47  0.01896 -1.47319e-06 | 48  0.02281 -4.82047e-06
 49  0.04600  4.69102e-06 | 50  0.07496  5.26735e-06 | 51 -0.02326 -8.04254e-07
 52 -0.04265  4.69081e-06 | 53  0.04558 -3.32995e-06 | 54  0.03688 -7.69965e-06
 55  0.02285  4.90871e-07 | 56  0.08348 -1.25627e-05 | 57  0.07540  3.63584e-06
 58  0.01373 -7.18352e-06 | 59 -0.00634  6.40829e-06 | 60 -0.06848  4.59267e-06
 61 -0.04942  9.76636e-06 | 62 -0.04408 -2.96273e-06 | 63 -0.01413 -2.43572e-06
 64 -0.80258 -1.96077e-06 | 65 -0.18216 -1.84861e-07 | 66 -0.66229 -9.60331e-07
 67 -0.79144 -3.25383e-06 | 68  0.29649 -1.23091e-06 | 69  0.03627 -1.16243e-09
 70 -0.04233 -6.92555e-06 | 71  0.26034 -8.63475e-06 | 72 -0.02760 -1.38253e-06
 73  0.02434 -3.80269e-06 | 74  0.11698  2.30159e-05 | 75  0.10566  1.48390e-06
 76 -0.02071 -5.02455e-05 | 77  0.06215 -1.36170e-05 | 78 -0.17808 -1.37015e-06
 79 -0.05191  6.32843e-06 | 80  0.00085  4.20360e-06 | 81  0.00061  2.99276e-06
 82  0.00012  5.93557e-07 | 83  0.00081  4.00991e-06 | 84 -0.00026 -1.27722e-06
 85  0.00095  4.66457e-06 |
size of file gradfil1.tmp = 0
size of file gradfil2.tmp = 0
size of file varssave.tmp = 0
size of file cmpdiff.tmp = 0
