
Initial statistics: 4 variables; iteration 0; function evaluation 0; phase 1
Function value 1.8166738e+06; maximum gradient component mag -2.4271e+07
Var    Value     Gradient |Var    Value     Gradient |Var    Value     Gradient
  1 -0.19398 -2.42712e+07 |  2  0.17184  8.69252e-04 |  3  0.59033  4.18881e-03
  4  0.50650  3.24626e-03 |

 - final statistics:
4 variables; iteration 1; function evaluation 9
Function value 6.4471e+03; maximum gradient component mag 8.9518e+00
Exit code = 1;  converg criter 1.0000e+01
Var    Value     Gradient |Var    Value     Gradient |Var    Value     Gradient
  1 -0.10242  8.95181e+00 |  2  0.17184  8.69198e-04 |  3  0.59033  4.18876e-03
  4  0.50650  3.19730e-03 |

Initial statistics: 69 variables; iteration 0; function evaluation 0; phase 2
Function value 6.4470712e+03; maximum gradient component mag -1.6510e+03
Var    Value     Gradient |Var    Value     Gradient |Var    Value     Gradient
  1 -0.10242  8.95181e+00 |  2  0.00000  2.18764e+02 |  3  0.00000  2.38710e+02
  4  0.00000  2.60225e+02 |  5  0.00000  2.83071e+02 |  6  0.00000  3.07393e+02
  7  0.00000  3.33698e+02 |  8  0.00000  3.62759e+02 |  9  0.00000  3.95850e+02
 10  0.00000  4.33524e+02 | 11  0.00000  4.73434e+02 | 12  0.00000  5.11534e+02
 13  0.00000  5.46083e+02 | 14  0.00000  5.84043e+02 | 15  0.00000  6.39229e+02
 16  0.00000  6.87199e+02 | 17  0.00000  7.12845e+02 | 18  0.00000  7.20375e+02
 19  0.00000  7.11138e+02 | 20  0.00000  7.53968e+02 | 21  0.00000  8.91744e+02
 22  0.00000  9.62141e+02 | 23  0.00000  9.41119e+02 | 24  0.00000  8.53439e+02
 25  0.00000  9.21241e+02 | 26  0.00000  1.06793e+03 | 27  0.00000  1.08938e+03
 28  0.00000  9.99263e+02 | 29  0.00000  6.88678e+02 | 30  0.00000  5.68291e+02
 31  0.00000  4.11506e+02 | 32  0.00000  4.34399e+02 | 33  0.00000  3.01766e+02
 34  0.00000  2.82124e+02 | 35  0.00000 -6.45015e+01 | 36  0.00000 -2.12561e+02
 37  0.00000 -2.01805e+02 | 38  0.00000 -2.62561e+02 | 39  0.00000 -4.60698e+02
 40  0.00000 -7.23540e+02 | 41  0.00000 -6.95231e+02 | 42  0.00000 -4.89872e+02
 43  0.00000 -6.48551e+02 | 44  0.00000 -9.00133e+02 | 45  0.00000 -1.18563e+03
 46  0.00000 -1.30149e+03 | 47  0.00000 -9.41350e+02 | 48  0.00000 -8.00462e+02
 49  0.00000 -1.06602e+03 | 50  0.00000 -1.23109e+03 | 51  0.00000 -1.33685e+03
 52  0.00000 -1.57185e+03 | 53  0.00000 -1.65095e+03 | 54  0.00000 -1.56938e+03
 55  0.00000 -1.23554e+03 | 56  0.00000 -8.70647e+02 | 57  0.00000 -6.90706e+02
 58  0.00000 -2.04588e+02 | 59  0.00000  2.46629e+02 | 60  0.00000  3.83121e+02
 61  0.00000  5.74831e+02 | 62  0.00000 -5.51352e+02 | 63  0.00000  7.59198e+01
 64  0.01355  1.42017e+02 | 65  0.17184  8.69198e-04 | 66 -0.03301 -2.12315e+02
 67 -0.21635  2.07092e+01 | 68  0.59033  4.18876e-03 | 69  0.50650  3.19730e-03

Intermediate statistics: 69 variables; iteration 20; function evaluation 34; phase 2
Function value 5.5194905e+03; maximum gradient component mag -1.2737e+03
Var    Value     Gradient |Var    Value     Gradient |Var    Value     Gradient
  1 -0.10785 -1.27369e+03 |  2 -0.13975  4.97911e+00 |  3 -0.13768  5.57187e+00
  4 -0.12907  7.42767e+00 |  5 -0.11222  1.11112e+01 |  6 -0.08662  1.73234e+01
  7 -0.05461  2.67553e+01 |  8 -0.02345  3.92491e+01 |  9 -0.00477  5.16940e+01
 10 -0.00804  5.71841e+01 | 11 -0.02081  5.55534e+01 | 12 -0.02346  5.29241e+01
 13 -0.00493  5.26015e+01 | 14  0.02303  5.05193e+01 | 15 -0.02096  3.54556e+01
 16 -0.03227  3.09589e+01 | 17  0.00066  3.96339e+01 | 18 -0.00283  5.31043e+01
 19  0.05998  9.74395e+01 | 20  0.08347  8.78045e+01 | 21 -0.10376  3.04885e+00
 22  0.03674 -2.50379e+01 | 23 -0.05525 -2.86947e+01 | 24  0.06862 -5.09328e+00
 25  0.02838 -3.85115e+01 | 26 -0.06563 -6.76389e+01 | 27  0.03458 -6.41415e+01
 28 -0.17791 -6.02567e+01 | 29  0.11379  3.42156e+01 | 30 -0.26064 -5.97856e+01
 31  0.09327 -8.74004e+01 | 32 -0.01863 -8.13972e+01 | 33  0.05665 -1.14822e+02
 34 -0.01715 -8.64027e+01 | 35  0.07657 -1.16891e+02 | 36  0.05668 -1.52914e+02
 37  0.04895 -1.09934e+02 | 38  0.02655 -8.82976e+01 | 39  0.05965 -9.76434e+01
 40  0.06843 -2.00279e+02 | 41  0.06146 -1.46738e+02 | 42  0.03015 -1.33531e+01
 43  0.02467 -7.84107e+01 | 44  0.06606 -4.83613e+01 | 45  0.07176  1.12372e+01
 46  0.15821  2.54595e+02 | 47  0.02576 -6.16988e+01 | 48 -0.99265 -1.03142e+00
 49  0.12987  2.94322e+02 | 50  0.11958  1.71175e+02 | 51 -0.22871 -4.28222e+01
 52  0.18836  3.72716e+01 | 53 -0.00362 -9.28353e+01 | 54  0.17078 -4.40690e+01
 55  0.09503  5.13758e+00 | 56  0.10262  7.64751e+01 | 57  0.13304  6.78500e+01
 58  0.09141  1.10299e+02 | 59  0.02092  8.43220e+01 | 60 -0.02605  5.49957e+01
 61 -0.24625  1.80776e+01 | 62  0.17351 -2.61445e+01 | 63  0.02750  3.32689e+01
 64 -0.29554 -2.53892e+00 | 65  0.17183  8.69186e-04 | 66  0.36508  1.37775e-01
 67 -0.43102  6.31813e-01 | 68  0.59027  4.18791e-03 | 69  0.50645  3.19443e-03
69 variables; iteration 40; function evaluation 55; phase 2
Function value 5.5037864e+03; maximum gradient component mag -1.3361e+03
Var    Value     Gradient |Var    Value     Gradient |Var    Value     Gradient
  1 -0.10325 -1.33613e+03 |  2 -0.11547  3.88879e+01 |  3 -0.10588  4.18530e+01
  4 -0.09076  4.61771e+01 |  5 -0.07171  5.14903e+01 |  6 -0.05244  5.68530e+01
  7 -0.03786  6.09953e+01 |  8 -0.03023  6.35476e+01 |  9 -0.02596  6.61409e+01
 10 -0.02736  6.81191e+01 | 11 -0.03623  6.66733e+01 | 12 -0.03805  6.46369e+01
 13 -0.02026  6.53692e+01 | 14  0.01290  6.99878e+01 | 15 -0.01129  6.97197e+01
 16 -0.02433  6.70027e+01 | 17 -0.00011  6.73757e+01 | 18 -0.00332  6.11735e+01
 19  0.04339  4.77089e+01 | 20  0.05890  4.98062e+00 | 21 -0.09577  1.25695e+01
 22  0.03728 -1.61472e+01 | 23 -0.06078 -1.14277e+01 | 24  0.06095 -3.28945e+01
 25  0.01197 -3.40308e+01 | 26 -0.04091 -3.29732e+01 | 27  0.02413 -5.40734e+01
 28 -0.18350 -4.55605e+01 | 29  0.10318 -5.15107e+01 | 30 -0.23951 -4.45770e+01
 31  0.08438 -7.84896e+01 | 32  0.00007 -2.92288e+01 | 33  0.03783 -1.16806e+02
 34 -0.00163 -5.38063e+01 | 35  0.05802 -1.25553e+02 | 36  0.06341 -1.29165e+02
 37  0.03415 -8.77916e+01 | 38  0.02725 -5.71673e+01 | 39  0.05479 -6.57084e+01
 40  0.05833 -1.69592e+02 | 41  0.06486 -1.14229e+02 | 42 -0.00310  2.55432e+00
 43  0.05290  3.99491e+01 | 44  0.04762  1.95562e+01 | 45  0.07465  9.79979e+01
 46  0.15199  4.24112e+02 | 47  0.05043  1.02357e+02 | 48 -1.12386  1.12731e+01
 49  0.12718  4.24507e+02 | 50  0.10609  2.97390e+02 | 51 -0.04684  2.19172e+01
 52  0.16940  1.01614e+02 | 53 -0.00644 -6.24117e+01 | 54  0.17853 -7.71734e+00
 55  0.04123 -2.77007e+01 | 56  0.11311  8.61074e+01 | 57  0.10959  1.42627e+01
 58  0.07577  8.24976e+01 | 59  0.01516  1.11671e+02 | 60 -0.03595  8.24971e+01
 61 -0.23270  5.81550e+01 | 62  0.15865 -4.46812e+01 | 63  0.03228  7.89560e+01
 64 -0.42575 -2.02317e+00 | 65  0.17171  8.68549e-04 | 66  0.16392  4.42936e-01
 67 -1.51438 -6.70973e-01 | 68  0.58969  4.17996e-03 | 69  0.50601  3.18901e-03
69 variables; iteration 60; function evaluation 80; phase 2
Function value 5.4555940e+03; maximum gradient component mag -6.5809e+02
Var    Value     Gradient |Var    Value     Gradient |Var    Value     Gradient
  1 -0.08448 -6.58090e+02 |  2 -0.04289  2.69130e+01 |  3 -0.09765  1.27047e+01
  4 -0.13359  4.24608e+00 |  5 -0.13939  2.69793e+00 |  6 -0.10393  1.02521e+01
  7 -0.04401  2.45534e+01 |  8 -0.01211  3.14578e+01 |  9 -0.02057  2.57840e+01
 10 -0.09453  6.01945e+00 | 11 -0.06841  6.66091e+00 | 12 -0.08648 -8.15676e-01
 13 -0.05685 -1.70040e+00 | 14  0.00648  2.54455e-01 | 15 -0.03007  9.86912e+00
 16 -0.03328  1.50045e+01 | 17  0.00722  1.82348e+01 | 18 -0.06714  1.04130e+01
 19  0.06408  5.88877e+01 | 20  0.04621  6.78152e+01 | 21 -0.01373  5.64112e+01
 22  0.01437  2.63844e+01 | 23 -0.02019 -3.06999e+01 | 24  0.03122 -7.10293e+01
 25  0.03196 -1.95156e+01 | 26 -0.03274 -2.41816e+01 | 27 -0.00336 -2.24762e+00
 28 -0.03482  4.69114e+01 | 29  0.07520  5.47352e+01 | 30 -0.08100 -1.14429e+02
 31  0.05446 -2.10280e+02 | 32 -0.01269 -1.55070e+02 | 33  0.01925 -2.11880e+02
 34  0.01365 -6.57032e+01 | 35  0.03866 -1.65845e+02 | 36  0.06845 -1.12126e+02
 37  0.04534 -6.87048e+01 | 38  0.01758 -8.70425e+01 | 39  0.03758 -6.41420e+01
 40  0.08608  3.16120e+01 | 41  0.09784  1.38320e+02 | 42 -0.03751 -1.17603e+01
 43  0.06556  6.47715e+01 | 44  0.04684  2.34274e+01 | 45  0.08696  8.85256e+01
 46  0.13590  2.03704e+02 | 47  0.04398 -5.65871e+01 | 48 -0.98703 -1.90516e+00
 49  0.08701  1.01690e+01 | 50  0.09643  1.16509e+02 | 51  0.00327  7.64522e+00
 52  0.15286  1.55388e+02 | 53  0.08715  5.90752e+01 | 54  0.19103  1.24444e+02
 55 -0.01308 -9.44623e+01 | 56  0.09264 -3.04332e+01 | 57  0.14167  7.61264e+01
 58  0.05695  9.06812e+00 | 59  0.00015  1.63620e+01 | 60 -0.06379  1.20413e+00
 61 -0.25043  1.07120e+01 | 62  0.19091  7.68134e+01 | 63 -0.00073 -2.71422e+01
 64 -0.39080  4.04293e+00 | 65  0.16993  8.59097e-04 | 66 -0.35268 -7.00411e-01
 67 -1.78706 -2.25330e+01 | 68  0.58114  4.06506e-03 | 69  0.49949  3.11923e-03
Maximum number of function evaluations exceeded

 - final statistics:
69 variables; iteration 73; function evaluation 100
Function value 5.4239e+03; maximum gradient component mag -4.1642e+02
Exit code = 3;  converg criter 1.0000e+01
Var    Value     Gradient |Var    Value     Gradient |Var    Value     Gradient
  1 -0.07268 -4.16420e+02 |  2 -0.09963  1.56987e+01 |  3 -0.15424  3.58770e+00
  4 -0.07429  2.31030e+01 |  5 -0.08593  1.91483e+01 |  6  0.00494  4.25301e+01
  7 -0.15144  9.94270e-01 |  8 -0.06944  1.46780e+01 |  9 -0.10384  5.92400e+00
 10 -0.01254  2.05737e+01 | 11 -0.09868  4.67698e+00 | 12 -0.08403  4.14423e+00
 13 -0.04153  4.34204e+00 | 14  0.01486  1.25620e-01 | 15 -0.08276  1.60427e+00
 16 -0.02523  1.73312e+01 | 17 -0.02090  2.42771e+01 | 18  0.02478  4.29551e+01
 19  0.01134  2.57128e+01 | 20  0.06270  2.14306e+01 | 21 -0.05903  1.46023e+01
 22  0.02387  2.10715e+01 | 23 -0.02902  2.56409e+00 | 24  0.05480  1.38369e+01
 25  0.01229  6.36620e+00 | 26 -0.01775  2.81379e+00 | 27  0.00387 -2.28219e+01
 28 -0.08522 -5.66174e+01 | 29  0.06057 -3.90082e+01 | 30 -0.02845 -8.33397e+01
 31  0.04612 -1.38066e+02 | 32 -0.00735 -1.06434e+02 | 33  0.03114 -1.30834e+02
 34  0.00465 -3.08214e+01 | 35  0.05190 -8.80659e+01 | 36  0.06844 -5.28980e+01
 37  0.04203 -1.93759e+01 | 38  0.03645 -1.19474e+01 | 39  0.03902 -8.51336e+00
 40  0.09494  3.08367e+01 | 41  0.07045 -6.17425e+00 | 42 -0.00621 -1.92327e+01
 43  0.04419 -2.73519e+00 | 44  0.06320  3.49897e+01 | 45  0.08531  4.09304e+01
 46  0.11388  8.02591e+01 | 47  0.07649  4.07297e+01 | 48 -1.06834  9.45513e+00
 49  0.08927  4.79711e+01 | 50  0.09454  1.24259e+02 | 51  0.02293  2.53471e+01
 52  0.13703  1.29264e+02 | 53  0.12438  1.43035e+02 | 54  0.16867  1.48012e+02
 55  0.06317 -4.44588e+01 | 56  0.08774  1.03656e+01 | 57  0.13503  5.30626e+01
 58  0.07317  3.64301e+01 | 59 -0.01482 -7.85154e+00 | 60 -0.07422 -1.48829e+01
 61 -0.26178  3.05491e+00 | 62  0.18656  5.25004e+01 | 63  0.01494  7.67948e+00
 64 -0.43595 -1.23382e+00 | 65  0.16720  8.44610e-04 | 66 -0.69104 -1.49056e-03
 67 -1.56222 -6.38655e-01 | 68  0.56820  3.89863e-03 | 69  0.48955  3.02927e-03

Initial statistics: 77 variables; iteration 0; function evaluation 0; phase 3
Function value 5.4238090e+03; maximum gradient component mag 6.8952e+04
Var    Value     Gradient |Var    Value     Gradient |Var    Value     Gradient
  1 -0.58910  6.89522e+04 |  2 -0.64634  4.35778e+04 |  3 -0.60608  2.67984e+04
  4 -0.62943  1.69803e+04 |  5 -0.07268 -4.16420e+02 |  6 -0.09997  9.18001e+00
  7 -0.15458 -2.81781e+00 |  8 -0.07463  1.65483e+01 |  9 -0.08626  1.26088e+01
 10  0.00461  3.59318e+01 | 11 -0.15178 -5.41780e+00 | 12 -0.06978  8.11811e+00
 13 -0.10418 -5.86950e-01 | 14 -0.01287  1.39763e+01 | 15 -0.09901 -1.84235e+00
 16 -0.08436 -2.39680e+00 | 17 -0.04186 -2.24244e+00 | 18  0.01453 -6.47125e+00
 19 -0.08309 -4.93831e+00 | 20 -0.02557  1.07375e+01 | 21 -0.02123  1.76817e+01
 22  0.02445  3.63622e+01 | 23  0.01101  1.91154e+01 | 24  0.06236  1.48647e+01
 25 -0.05936  8.03167e+00 | 26  0.02354  1.44778e+01 | 27 -0.02935 -4.02755e+00
 28  0.05447  7.26309e+00 | 29  0.01196 -2.31172e-01 | 30 -0.01808 -3.78219e+00
 31  0.00354 -2.94204e+01 | 32 -0.08555 -6.31525e+01 | 33  0.06024 -4.55792e+01
 34 -0.02878 -8.99296e+01 | 35  0.04578 -1.44653e+02 | 36 -0.00768 -1.13031e+02
 37  0.03081 -1.37428e+02 | 38  0.00432 -3.74199e+01 | 39  0.05157 -9.46466e+01
 40  0.06810 -5.94618e+01 | 41  0.04170 -2.59610e+01 | 42  0.03612 -1.85358e+01
 43  0.03869 -1.51000e+01 | 44  0.09461  2.43133e+01 | 45  0.07012 -1.27332e+01
 46 -0.00654 -2.58309e+01 | 47  0.04386 -9.31823e+00 | 48  0.06286  2.84251e+01
 49  0.08498  3.43934e+01 | 50  0.11354  7.37728e+01 | 51  0.07615  3.41808e+01
 52 -0.93483 -9.69261e+00 | 53  0.08893  4.14404e+01 | 54  0.09421  1.17743e+02
 55  0.02259  1.87531e+01 | 56  0.13669  1.22832e+02 | 57  0.12404  1.36576e+02
 58  0.16833  1.41664e+02 | 59  0.06284 -5.10276e+01 | 60  0.08740  3.82990e+00
 61  0.13469  4.66172e+01 | 62  0.07284  2.98769e+01 | 63 -0.01515 -1.44482e+01
 64 -0.07456 -2.14354e+01 | 65 -0.26214 -2.99290e+00 | 66  0.18621  4.61907e+01
 67  0.01461  1.08271e+00 | 68 -1.00000 -8.66316e-08 | 69 -1.00000 -8.66319e-08
 70 -1.00000 -8.66329e-08 | 71 -1.00000 -8.66316e-08 | 72 -0.43595 -1.23382e+00
 73  0.16720  8.44610e-04 | 74 -0.69104 -1.49056e-03 | 75 -0.43778  6.38655e-01
 76  0.56820  3.89863e-03 | 77  0.48955  3.02927e-03 |

Intermediate statistics: 77 variables; iteration 20; function evaluation 36; phase 3
Function value 4.4394313e+03; maximum gradient component mag 1.8274e+04
Var    Value     Gradient |Var    Value     Gradient |Var    Value     Gradient
  1 -0.57489  8.46678e+03 |  2 -0.69417 -7.27901e+01 |  3 -0.59480  1.82742e+04
  4 -0.66718  4.86437e+03 |  5 -0.10055  6.98739e+02 |  6 -0.10287  3.77735e+01
  7 -0.07953  4.52512e+01 |  8 -0.12109  3.33837e+01 |  9 -0.10761  3.64659e+01
 10 -0.15364  2.39963e+01 | 11 -0.05678  4.85816e+01 | 12 -0.06734  4.48559e+01
 13 -0.05291  5.03300e+01 | 14 -0.07721  4.61013e+01 | 15 -0.06744  5.24917e+01
 16 -0.06585  5.34491e+01 | 17 -0.04851  5.48378e+01 | 18 -0.01845  5.84866e+01
 19 -0.04086  5.09709e+01 | 20 -0.05326  3.67935e+01 | 21 -0.02054  1.83128e+01
 22 -0.13047  7.82575e+00 | 23  0.04972  6.21071e+00 | 24 -0.00874  1.44754e+01
 25 -0.02766  3.46535e+01 | 26 -0.02604  4.72876e+01 | 27 -0.00829  9.76632e+01
 28  0.04690  1.77246e+02 | 29  0.01651  1.55796e+02 | 30 -0.01168  1.13933e+02
 31 -0.00905  1.05216e+02 | 32  0.00270  1.49518e+02 | 33  0.02676  8.83887e+01
 34  0.03225  1.42605e+02 | 35  0.03102  7.03265e+01 | 36  0.00872  8.09925e+01
 37  0.04095  7.34427e+01 | 38 -0.02630  2.73920e+01 | 39  0.08924  7.27922e+01
 40 -0.03177 -9.46769e+01 | 41  0.05873 -1.05181e+02 | 42 -0.16945 -6.08985e+01
 43  0.08040 -9.09974e+01 | 44 -0.06180 -1.73997e+02 | 45  0.07181 -8.81174e+01
 46 -0.02415  3.96503e+00 | 47  0.03897 -3.34234e+01 | 48  0.00888 -5.11474e+01
 49  0.09308  9.91495e-01 | 50  0.05461 -6.99302e+01 | 51  0.06601 -3.88513e+00
 52 -0.79383 -2.02362e+01 | 53  0.12457 -4.06659e+00 | 54 -0.07544 -5.29008e+01
 55  0.11314  5.46368e+01 | 56  0.10455 -2.73937e+01 | 57  0.12479 -1.09438e+02
 58  0.12273 -9.45452e+01 | 59  0.15721  8.46987e+01 | 60  0.10630  1.04463e+02
 61  0.19695  2.09609e+02 | 62  0.14511  1.84279e+02 | 63  0.13126  2.25206e+02
 64  0.11734  1.98665e+02 | 65 -0.14302  4.75277e+01 | 66  0.25333  3.22635e+02
 67  0.12106  1.14313e+02 | 68 -1.04659 -3.75613e-01 | 69 -1.23790  1.99239e+02
 70 -1.14505  1.82112e+02 | 71 -1.15302  2.85545e+01 | 72 -0.41540 -1.16940e+02
 73  0.16719  8.44575e-04 | 74 -0.69542  2.49185e+00 | 75 -0.49202  4.87234e+00
 76  0.56815  3.89814e-03 | 77  0.48952  3.04455e-03 |
77 variables; iteration 40; function evaluation 56; phase 3
Function value 4.3913098e+03; maximum gradient component mag 8.3832e+03
Var    Value     Gradient |Var    Value     Gradient |Var    Value     Gradient
  1 -0.57722  8.38321e+03 |  2 -0.69005  2.91996e+03 |  3 -0.59512  7.71588e+03
  4 -0.66959 -6.51999e+02 |  5 -0.10295  7.62953e+02 |  6 -0.10475  7.52077e+01
  7 -0.06364  8.80632e+01 |  8 -0.13261  6.76034e+01 |  9 -0.11568  7.10708e+01
 10 -0.16710  5.70373e+01 | 11 -0.05445  8.28671e+01 | 12 -0.08172  7.38049e+01
 13 -0.06163  7.81585e+01 | 14 -0.09541  7.17829e+01 | 15 -0.06331  8.18186e+01
 16 -0.05938  8.07800e+01 | 17 -0.05385  7.33028e+01 | 18 -0.03619  6.75098e+01
 19 -0.04989  6.97552e+01 | 20 -0.06126  6.98864e+01 | 21 -0.00151  8.10853e+01
 22 -0.15940  5.93644e+01 | 23  0.08399  1.78977e+02 | 24  0.00083  9.87440e+01
 25 -0.06654  6.56369e+01 | 26  0.00115  8.66148e+01 | 27 -0.02245  1.14757e+02
 28  0.06104  1.95045e+02 | 29 -0.00022  1.17295e+02 | 30 -0.01480  1.22972e+02
 31  0.01206  1.94886e+02 | 32 -0.00652  1.73336e+02 | 33  0.03441  1.16957e+02
 34  0.02279  1.44984e+02 | 35  0.04110  1.17791e+02 | 36  0.00431  8.38129e+01
 37  0.03279  3.60941e+01 | 38 -0.02150  5.00002e+01 | 39  0.08925  9.92762e+01
 40 -0.03099 -2.52507e+01 | 41  0.08778  2.52780e+01 | 42 -0.28586 -5.70069e+00
 43  0.06696 -3.15908e+01 | 44  0.01706 -7.56499e+01 | 45  0.06083 -1.56711e+01
 46 -0.01776  2.68653e+01 | 47  0.03683 -1.14643e+01 | 48  0.02561 -1.68449e+01
 49  0.07988 -4.84662e+00 | 50  0.07420 -1.02773e+01 | 51  0.06357  6.19042e+01
 52 -0.38347  4.28366e+00 | 53  0.13136  1.88359e+01 | 54 -0.12493 -1.35066e+01
 55  0.11822  9.20003e+01 | 56  0.10602  5.82980e+01 | 57  0.15105  2.46282e+01
 58  0.11059 -5.46930e+00 | 59  0.17686  1.92777e+02 | 60  0.08904  1.28943e+02
 61  0.20335  2.38029e+02 | 62  0.13026  1.59691e+02 | 63  0.10666  1.81551e+02
 64  0.11492  2.26371e+02 | 65 -0.11269  1.03143e+02 | 66  0.23357  3.17058e+02
 67  0.11745  1.52015e+02 | 68 -1.95346 -1.27359e+00 | 69 -1.24043  2.20222e+02
 70 -1.14692  1.72026e+02 | 71 -1.13907  3.66827e+01 | 72 -0.41547 -1.39809e+02
 73  0.16686  8.42825e-04 | 74 -0.55268  4.24483e+00 | 75 -1.66307  6.02093e+00
 76  0.56663  3.87911e-03 | 77  0.48833  3.03612e-03 |
77 variables; iteration 60; function evaluation 80; phase 3
Function value 4.3200555e+03; maximum gradient component mag -8.8329e+03
Var    Value     Gradient |Var    Value     Gradient |Var    Value     Gradient
  1 -0.57982  1.91305e+03 |  2 -0.68682  1.90365e+03 |  3 -0.60062 -8.83287e+03
  4 -0.66117 -3.36793e+03 |  5 -0.10810  8.99875e+02 |  6 -0.08976  7.81683e+01
  7 -0.09016  7.95132e+01 |  8 -0.09202  7.99269e+01 |  9 -0.08347  8.34234e+01
 10 -0.08252  8.38064e+01 | 11 -0.06961  8.84730e+01 | 12 -0.06113  9.21437e+01
 13 -0.03700  1.04140e+02 | 14 -0.06524  9.50753e+01 | 15 -0.06869  9.54607e+01
 16 -0.06918  9.35782e+01 | 17 -0.04384  9.70243e+01 | 18 -0.04098  9.07191e+01
 19 -0.02013  9.66221e+01 | 20 -0.05483  7.02746e+01 | 21 -0.05181  4.82803e+01
 22 -0.10974  4.38768e+01 | 23  0.05065  5.76309e+01 | 24 -0.01843  5.77552e+01
 25 -0.01878  6.51175e+01 | 26 -0.04457  4.52345e+01 | 27 -0.03003  7.89395e+01
 28  0.05612  1.72869e+02 | 29 -0.01814  9.82132e+01 | 30 -0.01038  1.21463e+02
 31 -0.01269  1.43805e+02 | 32 -0.00256  1.84170e+02 | 33  0.02320  9.66120e+01
 34  0.01003  1.08931e+02 | 35  0.03102  1.00834e+02 | 36 -0.00103  1.10104e+02
 37  0.03390  9.76651e+01 | 38 -0.03520  4.96572e+01 | 39  0.07739  1.06886e+02
 40 -0.01959 -2.49299e+01 | 41  0.06259 -7.46674e+01 | 42 -0.29271 -1.88255e+01
 43  0.06059 -3.13230e+01 | 44  0.01347 -7.95133e+01 | 45  0.03733 -2.29574e+01
 46  0.01099  9.56449e+01 | 47  0.01652  2.84000e+00 | 48  0.01777 -2.08264e+01
 49  0.07674 -2.21855e+01 | 50  0.04842 -6.96939e+01 | 51  0.05181  8.42309e+01
 52 -0.18831  1.59649e+01 | 53  0.11226  1.64552e+02 | 54 -0.02652  2.66028e+01
 55  0.11356  1.57077e+02 | 56  0.05728  5.06183e+00 | 57  0.14887  1.13843e+01
 58  0.09247 -1.76088e+01 | 59  0.15167  1.39859e+02 | 60  0.08208  1.00533e+02
 61  0.16292  1.09328e+02 | 62  0.11583  1.53528e+02 | 63  0.09719  2.16197e+02
 64  0.09151  2.29141e+02 | 65 -0.09049  1.15639e+02 | 66  0.17062  2.32428e+02
 67  0.10035  1.53768e+02 | 68 -1.10809 -8.35996e-01 | 69 -1.26340  2.35915e+02
 70 -1.16304  8.95335e+01 | 71 -1.13631  3.29179e+01 | 72 -0.41625 -1.84050e+01
 73  0.16594  8.37956e-04 | 74 -0.09944  1.14290e+01 | 75 -1.78912  5.80545e+00
 76  0.56239  3.82671e-03 | 77  0.48501  3.00347e-03 |
Maximum number of function evaluations exceeded

 - final statistics:
77 variables; iteration 74; function evaluation 100
Function value 4.2588e+03; maximum gradient component mag -1.1613e+04
Exit code = 3;  converg criter 1.0000e+00
Var    Value     Gradient |Var    Value     Gradient |Var    Value     Gradient
  1 -0.58225 -5.72619e+03 |  2 -0.68414 -3.94851e+02 |  3 -0.60109 -1.16129e+04
  4 -0.66125 -4.50416e+03 |  5 -0.12579  4.66182e+02 |  6 -0.11670  1.80250e+01
  7 -0.04667  3.93074e+01 |  8 -0.12105  1.78889e+01 |  9 -0.10300  2.24066e+01
 10 -0.06770  3.14922e+01 | 11 -0.04705  3.61304e+01 | 12 -0.05666  3.20921e+01
 13 -0.08525  2.49159e+01 | 14 -0.06331  3.47606e+01 | 15 -0.03061  5.09138e+01
 16 -0.03857  4.75844e+01 | 17 -0.09655  2.41701e+01 | 18  0.01530  6.01989e+01
 19 -0.07770  3.48147e+01 | 20 -0.01283  6.10191e+01 | 21  0.02622  4.78365e+01
 22 -0.15501 -6.39230e+00 | 23  0.03233 -2.78080e+01 | 24  0.01968 -1.15818e+01
 25 -0.01992  1.63130e+01 | 26 -0.04077  2.11200e+01 | 27  0.02588  9.42686e+01
 28  0.02155  7.55956e+01 | 29  0.04076  1.30951e+02 | 30 -0.02716  4.62124e+01
 31 -0.01119  4.82782e+01 | 32  0.01307  1.27236e+02 | 33  0.01449  1.99909e+01
 34  0.03609  9.84031e+01 | 35  0.02001  7.20416e+00 | 36  0.00631  5.81182e+01
 37  0.03967  8.68080e+01 | 38 -0.01546  3.72180e+01 | 39  0.06700  4.26546e+01
 40  0.01425 -3.19628e+01 | 41  0.05337 -1.24371e+02 | 42 -0.27598 -6.63449e+01
 43  0.07109 -9.01879e+01 | 44 -0.01350 -1.68899e+02 | 45  0.04894 -1.13536e+02
 46 -0.00866 -9.95007e+00 | 47  0.01778 -5.95314e+01 | 48  0.03105 -5.21413e+01
 49  0.06293 -5.63423e+01 | 50  0.07485 -7.35886e+01 | 51  0.01232  4.46905e+01
 52 -0.03820  5.31743e+01 | 53  0.09446  1.32752e+02 | 54 -0.00195 -2.48305e+01
 55  0.06178  6.86841e+01 | 56  0.13328  1.10349e+02 | 57  0.06900 -2.82626e+01
 58  0.14583  3.39242e+01 | 59  0.10371  5.14749e+01 | 60  0.07253  2.08695e+01
 61  0.13985  2.34638e+01 | 62  0.08584  6.07694e+01 | 63  0.05943  1.10524e+02
 64  0.03665  1.06396e+02 | 65 -0.20046  5.53406e+00 | 66  0.08206  1.40749e+02
 67 -0.00931  5.26313e+01 | 68 -1.06776 -5.40447e-01 | 69 -1.34150  1.42399e+02
 70 -1.16060  1.70193e+02 | 71 -1.10125  4.71941e+01 | 72 -0.42530 -1.48281e+01
 73  0.16376  8.26435e-04 | 74 -0.08203  1.14135e+01 | 75 -1.62302 -2.44507e+00
 76  0.55241  3.70670e-03 | 77  0.47720  2.92676e-03 |

Initial statistics: 77 variables; iteration 0; function evaluation 0; phase 4
Function value 4.2577722e+03; maximum gradient component mag -1.1613e+04
Var    Value     Gradient |Var    Value     Gradient |Var    Value     Gradient
  1 -0.58225 -5.72619e+03 |  2 -0.68414 -3.94851e+02 |  3 -0.60109 -1.16129e+04
  4 -0.66125 -4.50416e+03 |  5 -0.12579  4.66182e+02 |  6 -0.11799 -6.83632e+00
  7 -0.04794  1.40856e+01 |  8 -0.12234 -6.94019e+00 |  9 -0.10429 -2.54991e+00
 10 -0.06898  6.34604e+00 | 11 -0.04832  1.09102e+01 | 12 -0.05793  6.90334e+00
 13 -0.08653 -1.45306e-01 | 14 -0.06459  9.59599e+00 | 15 -0.03188  2.56529e+01
 16 -0.03985  2.23405e+01 | 17 -0.09784 -8.26920e-01 | 18  0.01403  3.49202e+01
 19 -0.07898  9.71281e+00 | 20 -0.01410  3.57351e+01 | 21  0.02495  2.25722e+01
 22 -0.15632 -3.09180e+01 | 23  0.03106 -5.30682e+01 | 24  0.01841 -3.68596e+01
 25 -0.02119 -8.96165e+00 | 26 -0.04204 -4.11526e+00 | 27  0.02461  6.90073e+01
 28  0.02027  5.03258e+01 | 29  0.03949  1.05729e+02 | 30 -0.02844  2.09460e+01
 31 -0.01246  2.29936e+01 | 32  0.01180  1.01958e+02 | 33  0.01322 -5.29040e+00
 34  0.03482  7.31643e+01 | 35  0.01874 -1.80720e+01 | 36  0.00504  3.28325e+01
 37  0.03840  6.15771e+01 | 38 -0.01673  1.19373e+01 | 39  0.06573  1.75106e+01
 40  0.01298 -5.72465e+01 | 41  0.05210 -1.49594e+02 | 42 -0.27738 -8.92022e+01
 43  0.06981 -1.15344e+02 | 44 -0.01477 -1.94172e+02 | 45  0.04767 -1.38770e+02
 46 -0.00993 -3.52343e+01 | 47  0.01651 -8.48137e+01 | 48  0.02978 -7.74062e+01
 49  0.06165 -8.15225e+01 | 50  0.07357 -9.87249e+01 | 51  0.01105  1.94084e+01
 52 -0.03947  2.79288e+01 | 53  0.09317  1.07774e+02 | 54 -0.00322 -5.01176e+01
 55  0.06051  4.35239e+01 | 56  0.13198  8.56506e+01 | 57  0.06773 -5.34133e+01
 58  0.14453  9.30160e+00 | 59  0.10242  2.65309e+01 | 60  0.07125 -4.25510e+00
 61  0.13855 -1.21662e+00 | 62  0.08456  3.57211e+01 | 63  0.05815  8.53628e+01
 64  0.03538  8.11593e+01 | 65 -0.20180 -1.84975e+01 | 66  0.08078  1.15701e+02
 67 -0.01058  2.73456e+01 | 68 -0.93224  5.40447e-01 | 69 -0.65850 -1.42399e+02
 70 -0.83940 -1.70193e+02 | 71 -0.89875 -4.71941e+01 | 72 -0.42530 -1.48281e+01
 73  0.16376  8.26435e-04 | 74 -0.08203  1.14135e+01 | 75 -0.37698  2.44507e+00
 76  0.55241  3.70670e-03 | 77  0.47720  2.92676e-03 |

Intermediate statistics: 77 variables; iteration 20; function evaluation 24; phase 4
Function value 4.1957299e+03; maximum gradient component mag -9.7794e+03
Var    Value     Gradient |Var    Value     Gradient |Var    Value     Gradient
  1 -0.58088 -6.79316e+03 |  2 -0.68670 -3.00538e+03 |  3 -0.60112 -9.77944e+03
  4 -0.66022 -3.63398e+03 |  5 -0.13833  1.44377e+03 |  6 -0.05576  1.85827e+01
  7 -0.04374  2.42335e+01 |  8 -0.05923  2.04190e+01 |  9 -0.05505  2.25268e+01
 10 -0.04101  2.76512e+01 | 11 -0.02522  3.35706e+01 | 12 -0.02308  3.51082e+01
 13 -0.03363  3.36641e+01 | 14 -0.02900  4.12082e+01 | 15 -0.01133  5.67780e+01
 16 -0.01463  5.87444e+01 | 17 -0.03970  4.49868e+01 | 18  0.04529  1.01045e+02
 19 -0.03727  5.50983e+01 | 20  0.00574  8.37297e+01 | 21  0.03541  8.09931e+01
 22 -0.02708  1.64276e+01 | 23  0.01187 -1.23997e+01 | 24  0.04605  2.63477e-01
 25 -0.00844  3.95872e+01 | 26 -0.00105  6.17996e+01 | 27  0.02819  9.25168e+01
 28  0.03325  4.75582e+01 | 29  0.04053  6.73764e+01 | 30 -0.02380  7.14991e+00
 31 -0.00905  2.15367e+01 | 32  0.01999  1.12211e+02 | 33  0.00397 -1.20287e+01
 34  0.04266  1.13320e+02 | 35  0.01428  4.09739e+00 | 36  0.00311  5.10262e+01
 37  0.03331  7.01580e+01 | 38 -0.02537  7.92154e+00 | 39  0.05431  2.90766e+00
 40  0.01515 -5.68064e+01 | 41 -0.00466 -1.19697e+01 | 42 -0.00540  8.95569e+01
 43  0.04415  1.53631e+02 | 44  0.00112 -1.31959e+02 | 45  0.01760 -1.24635e+02
 46  0.00222  1.04111e+01 | 47 -0.01181 -8.50719e+01 | 48  0.00959 -7.98636e+01
 49  0.04866 -4.70074e+01 | 50  0.05046 -8.22257e+01 | 51 -0.01852  2.01444e+01
 52 -0.03968  3.74241e+01 | 53  0.02408 -3.28189e+01 | 54  0.00792 -6.70397e+01
 55 -0.00785 -3.15955e+01 | 56  0.09470  1.71072e+01 | 57  0.03967 -8.43909e+01
 58  0.08443 -6.67039e+01 | 59  0.07247  3.78331e+01 | 60  0.02700  1.03019e+00
 61  0.08167 -3.00422e+01 | 62  0.04011  5.69125e+01 | 63  0.01994  1.30607e+02
 64 -0.03048  7.51850e+01 | 65 -0.13501  2.45398e+01 | 66 -0.07794  3.74064e+01
 67 -0.14618 -8.87902e+00 | 68 -0.93949  4.84648e-01 | 69 -0.48011 -5.38776e+01
 70 -0.72116  4.35402e-01 | 71 -0.87634 -1.94614e+01 | 72 -0.31951  1.33828e+01
 73  0.16374  8.26368e-04 | 74 -0.16236 -8.07799e+00 | 75 -0.46731  7.23746e+00
 76  0.55236  3.70608e-03 | 77  0.47716  2.92079e-03 |
77 variables; iteration 40; function evaluation 44; phase 4
Function value 4.1709995e+03; maximum gradient component mag -5.0292e+03
Var    Value     Gradient |Var    Value     Gradient |Var    Value     Gradient
  1 -0.58027 -3.64710e+03 |  2 -0.68714 -1.68402e+03 |  3 -0.60040 -5.02921e+03
  4 -0.66058 -1.96001e+03 |  5 -0.13024  9.47059e+02 |  6 -0.06680  8.55405e+00
  7 -0.05328  1.41792e+01 |  8 -0.06515  1.13306e+01 |  9 -0.06037  1.27729e+01
 10 -0.04884  1.52223e+01 | 11 -0.04007  1.55369e+01 | 12 -0.04226  1.17923e+01
 13 -0.05517  6.17843e+00 | 14 -0.06088  4.90823e+00 | 15 -0.07537  3.04149e+00
 16 -0.06262  9.51827e+00 | 17 -0.04510  1.92182e+01 | 18  0.02925  6.08696e+01
 19 -0.02288  4.42808e+01 | 20 -0.00445  4.66290e+01 | 21 -0.00670  1.80393e+01
 22 -0.09299 -1.38314e+01 | 23  0.05298 -2.01848e+00 | 24  0.01618  8.50097e+00
 25 -0.01320  3.38443e+01 | 26 -0.00439  3.85549e+01 | 27 -0.00178  2.80307e+01
 28  0.03362  5.89334e+00 | 29  0.02290  1.04380e+01 | 30 -0.03334 -2.23644e+01
 31 -0.01154  1.11375e+01 | 32  0.00966  1.01659e+02 | 33  0.01611 -7.93321e+00
 34  0.02278  4.40634e+01 | 35  0.02818  9.38399e+00 | 36  0.00090  3.23765e+01
 37  0.03465  6.49247e+01 | 38  0.00046  5.27671e+01 | 39  0.04707  5.01182e+00
 40  0.04956  4.66943e+01 | 41  0.00860  1.63402e+01 | 42 -0.00906  2.57681e+01
 43  0.03833  9.84175e+01 | 44  0.04241 -3.49306e+01 | 45  0.02944 -7.97570e+01
 46 -0.00283 -2.93528e+01 | 47  0.00180 -8.60295e+01 | 48  0.03535 -6.01883e+01
 49  0.04217 -6.93691e+01 | 50  0.07796 -3.89179e+01 | 51 -0.00699  3.00775e+01
 52 -0.02721  2.57030e+01 | 53  0.03871 -5.94244e+01 | 54  0.01086 -7.79753e+01
 55  0.04330  7.04875e-01 | 56  0.09183 -7.62898e+00 | 57  0.07886 -4.34337e+01
 58  0.11727 -1.98773e+01 | 59  0.06257  1.51439e+01 | 60  0.09598  1.01574e+02
 61  0.08337 -2.92854e+01 | 62  0.08304  8.39810e+01 | 63  0.01321  4.80774e+01
 64 -0.02912  2.10265e+01 | 65 -0.17561 -1.69945e+01 | 66 -0.13440 -1.15728e+01
 67 -0.08088  8.90564e+00 | 68 -1.12814 -9.71377e-01 | 69 -0.45609 -4.73513e+01
 70 -0.77217  4.61200e+01 | 71 -0.80030  1.69868e+01 | 72 -0.47553  1.13409e+00
 73  0.16332  8.24169e-04 | 74 -0.89998 -1.99214e-02 | 75 -0.99583 -3.97186e-01
 76  0.55047  3.68377e-03 | 77  0.47566  2.90462e-03 |
77 variables; iteration 60; function evaluation 67; phase 4
Function value 4.1506230e+03; maximum gradient component mag -8.3378e+02
Var    Value     Gradient |Var    Value     Gradient |Var    Value     Gradient
  1 -0.57981 -8.33784e+02 |  2 -0.68750 -4.74240e+02 |  3 -0.59989 -7.86823e+02
  4 -0.66067 -3.20146e+02 |  5 -0.13489  2.72229e+02 |  6 -0.04948  4.28173e+00
  7 -0.09845 -7.33656e+00 |  8 -0.04390  6.76388e+00 |  9 -0.06009  1.45040e+00
 10 -0.06902 -2.52001e+00 | 11 -0.06979 -4.80167e+00 | 12 -0.05769 -3.93619e+00
 13 -0.04613 -1.76493e+00 | 14 -0.02116  5.68916e+00 | 15 -0.04334  1.12898e+00
 16 -0.06005 -4.92893e+00 | 17 -0.07524 -1.08756e+01 | 18  0.02160  1.09255e+01
 19 -0.02840  1.14279e+01 | 20  0.00643  2.55644e+01 | 21 -0.04495  2.70863e+00
 22  0.00983  1.50675e+01 | 23  0.03344  5.69139e+00 | 24  0.03163  1.91950e-01
 25 -0.02323  1.32604e+01 | 26  0.01311  1.93886e+01 | 27 -0.01999 -1.32744e+01
 28  0.04293 -1.42583e+01 | 29  0.02562  1.74481e+01 | 30 -0.02191 -1.41194e+01
 31 -0.00892 -1.80462e+01 | 32 -0.01154  2.24299e+01 | 33  0.03056 -7.81380e+00
 34  0.01987  2.25759e+01 | 35  0.01886 -3.69278e+01 | 36  0.01090  3.09209e+01
 37  0.02080 -1.88389e+01 | 38 -0.00844  5.60219e+00 | 39  0.05490  1.44759e+01
 40  0.04481  1.12909e+01 | 41  0.00675 -3.38679e+01 | 42 -0.01864 -3.70677e+01
 43  0.03081  3.90888e+01 | 44  0.04882 -4.36088e+00 | 45  0.04288 -2.26419e+01
 46 -0.01550 -1.68658e+01 | 47  0.02380 -1.41105e+01 | 48  0.04220  1.03203e+01
 49  0.04755 -1.86615e+01 | 50  0.08812  7.93778e+00 | 51 -0.01550  5.99430e+00
 52 -0.03591 -2.71277e+00 | 53  0.03511 -2.71662e+01 | 54  0.04880  2.09661e+01
 55  0.03144  1.22178e+01 | 56  0.07924 -1.31719e+01 | 57  0.09530  1.07043e+01
 58  0.10471 -1.52211e+00 | 59  0.06877 -4.96165e+00 | 60  0.05126  4.57841e+00
 61  0.09966 -1.31662e+01 | 62  0.04608 -3.11444e+00 | 63 -0.01236 -1.03481e+01
 64 -0.05152 -2.85737e+00 | 65 -0.15645 -1.41132e+01 | 66 -0.12484  5.66652e+00
 67 -0.08731  5.31968e+00 | 68 -0.85586  1.07302e+00 | 69 -0.32718 -1.42951e+01
 70 -0.78195  2.71989e+00 | 71 -0.85642 -1.19909e+01 | 72 -0.37902  1.42521e+01
 73  0.16265  8.20645e-04 | 74 -0.30346 -3.54490e+00 | 75 -0.75145 -7.72286e-03
 76  0.54748  3.64898e-03 | 77  0.47331  2.88228e-03 |
77 variables; iteration 80; function evaluation 100; phase 4
Function value 4.1441978e+03; maximum gradient component mag 8.3967e+01
Var    Value     Gradient |Var    Value     Gradient |Var    Value     Gradient
  1 -0.57975  8.39632e+01 |  2 -0.68748  4.87476e+01 |  3 -0.59981  8.39673e+01
  4 -0.66069  4.75855e+01 |  5 -0.13662 -3.31836e+01 |  6 -0.06841  1.99397e-02
  7 -0.06915  4.50556e-01 |  8 -0.08024 -2.14184e+00 |  9 -0.06052  1.82116e+00
 10 -0.05752  8.85078e-01 | 11 -0.05560 -8.92524e-01 | 12 -0.04382 -5.97678e-01
 13 -0.03717 -1.95605e-01 | 14 -0.04755 -1.02725e+00 | 15 -0.04833  1.90542e-01
 16 -0.04684 -4.63450e-01 | 17 -0.02868 -1.81717e+00 | 18  0.00574 -8.85490e-01
 19 -0.02187  4.89970e-01 | 20 -0.03656 -1.49414e+00 | 21  0.00063  1.01449e+00
 22 -0.00760  1.02954e+00 | 23  0.02972  8.27635e-01 | 24  0.04995  5.88916e+00
 25 -0.03474  1.38244e+00 | 26  0.00275  1.26548e-01 | 27 -0.00583  1.64539e+00
 28  0.04945  1.75567e-01 | 29  0.01281 -1.79865e+00 | 30 -0.01090  2.13824e+00
 31  0.00015  8.38614e-02 | 32 -0.03017 -5.36149e+00 | 33  0.04447 -3.38074e+00
 34  0.00202 -1.94661e+00 | 35  0.03753 -1.38782e+00 | 36 -0.00546 -3.16414e+00
 37  0.03098 -1.40971e+00 | 38 -0.01269 -1.59408e+00 | 39  0.05617 -1.30382e+00
 40  0.04010 -2.12726e+00 | 41  0.01247 -1.69940e+00 | 42  0.00105  4.37630e-01
 43  0.01220 -3.94519e+00 | 44  0.05504 -3.11184e+00 | 45  0.04502  1.91638e+00
 46 -0.01280  1.79415e+00 | 47  0.02911  5.74707e-01 | 48  0.03386  2.01640e-02
 49  0.05697  2.06286e+00 | 50  0.08499  2.67130e-01 | 51 -0.01712 -1.29259e+00
 52 -0.04068  5.36960e-01 | 53  0.04744  5.50213e+00 | 54  0.03792 -1.25977e+00
 55  0.02463 -1.29635e+00 | 56  0.08825  2.77595e+00 | 57  0.08583 -2.55356e+00
 58  0.10660  3.03541e+00 | 59  0.07042  1.72875e+00 | 60  0.04314 -1.01710e+00
 61  0.10359  3.97620e+00 | 62  0.04086 -1.34917e+00 | 63 -0.00848  6.50086e-01
 64 -0.05501  1.02702e+00 | 65 -0.13269  6.21473e-02 | 66 -0.15337  1.73068e+00
 67 -0.11384  3.37476e-01 | 68 -1.00676 -5.49959e-02 | 69 -0.16430 -2.30211e+00
 70 -0.78219 -2.35395e+00 | 71 -0.83796 -2.50688e-01 | 72 -0.38223 -2.03434e-02
 73  0.15840  7.98317e-04 | 74 -0.20205 -8.70477e-01 | 75 -0.72444 -6.84618e-03
 76  0.52878  3.43927e-03 | 77  0.45848  2.75060e-03 |
Maximum number of function evaluations exceeded

 - final statistics:
77 variables; iteration 81; function evaluation 100
Function value 4.1442e+03; maximum gradient component mag 8.3967e+01
Exit code = 3;  converg criter 1.0000e+00
Var    Value     Gradient |Var    Value     Gradient |Var    Value     Gradient
  1 -0.57975  8.39632e+01 |  2 -0.68748  4.87476e+01 |  3 -0.59981  8.39673e+01
  4 -0.66069  4.75855e+01 |  5 -0.13662 -3.31836e+01 |  6 -0.06841  1.99397e-02
  7 -0.06915  4.50556e-01 |  8 -0.08024 -2.14184e+00 |  9 -0.06052  1.82116e+00
 10 -0.05752  8.85078e-01 | 11 -0.05560 -8.92524e-01 | 12 -0.04382 -5.97678e-01
 13 -0.03717 -1.95605e-01 | 14 -0.04755 -1.02725e+00 | 15 -0.04833  1.90542e-01
 16 -0.04684 -4.63450e-01 | 17 -0.02868 -1.81717e+00 | 18  0.00574 -8.85490e-01
 19 -0.02187  4.89970e-01 | 20 -0.03656 -1.49414e+00 | 21  0.00063  1.01449e+00
 22 -0.00760  1.02954e+00 | 23  0.02972  8.27635e-01 | 24  0.04995  5.88916e+00
 25 -0.03474  1.38244e+00 | 26  0.00275  1.26548e-01 | 27 -0.00583  1.64539e+00
 28  0.04945  1.75567e-01 | 29  0.01281 -1.79865e+00 | 30 -0.01090  2.13824e+00
 31  0.00015  8.38614e-02 | 32 -0.03017 -5.36149e+00 | 33  0.04447 -3.38074e+00
 34  0.00202 -1.94661e+00 | 35  0.03753 -1.38782e+00 | 36 -0.00546 -3.16414e+00
 37  0.03098 -1.40971e+00 | 38 -0.01269 -1.59408e+00 | 39  0.05617 -1.30382e+00
 40  0.04010 -2.12726e+00 | 41  0.01247 -1.69940e+00 | 42  0.00105  4.37630e-01
 43  0.01220 -3.94519e+00 | 44  0.05504 -3.11184e+00 | 45  0.04502  1.91638e+00
 46 -0.01280  1.79415e+00 | 47  0.02911  5.74707e-01 | 48  0.03386  2.01640e-02
 49  0.05697  2.06286e+00 | 50  0.08499  2.67130e-01 | 51 -0.01712 -1.29259e+00
 52 -0.04068  5.36960e-01 | 53  0.04744  5.50213e+00 | 54  0.03792 -1.25977e+00
 55  0.02463 -1.29635e+00 | 56  0.08825  2.77595e+00 | 57  0.08583 -2.55356e+00
 58  0.10660  3.03541e+00 | 59  0.07042  1.72875e+00 | 60  0.04314 -1.01710e+00
 61  0.10359  3.97620e+00 | 62  0.04086 -1.34917e+00 | 63 -0.00848  6.50086e-01
 64 -0.05501  1.02702e+00 | 65 -0.13269  6.21473e-02 | 66 -0.15337  1.73068e+00
 67 -0.11384  3.37476e-01 | 68 -1.00676 -5.49959e-02 | 69 -0.16430 -2.30211e+00
 70 -0.78219 -2.35395e+00 | 71 -0.83796 -2.50688e-01 | 72 -0.38223 -2.03434e-02
 73  0.15840  7.98317e-04 | 74 -0.20205 -8.70477e-01 | 75 -0.72444 -6.84618e-03
 76  0.52878  3.43927e-03 | 77  0.45848  2.75060e-03 |

Initial statistics: 89 variables; iteration 0; function evaluation 0; phase 5
Function value 4.1441978e+03; maximum gradient component mag 6.7487e+03
Var    Value     Gradient |Var    Value     Gradient |Var    Value     Gradient
  1 -0.57975  8.39632e+01 |  2 -0.68748  4.87476e+01 |  3 -0.59981  8.39673e+01
  4 -0.66069  4.75855e+01 |  5 -0.13662 -3.31836e+01 |  6 -0.06841  8.00120e-02
  7 -0.06914  5.10621e-01 |  8 -0.08024 -2.08190e+00 |  9 -0.06051  1.88131e+00
 10 -0.05752  9.45253e-01 | 11 -0.05559 -8.32334e-01 | 12 -0.04382 -5.37401e-01
 13 -0.03717 -1.35288e-01 | 14 -0.04755 -9.66997e-01 | 15 -0.04833  2.50789e-01
 16 -0.04684 -4.03193e-01 | 17 -0.02868 -1.75681e+00 | 18  0.00574 -8.25071e-01
 19 -0.02186  5.50355e-01 | 20 -0.03656 -1.43382e+00 | 21  0.00063  1.07491e+00
 22 -0.00759  1.08996e+00 | 23  0.02973  8.87990e-01 | 24  0.04996  5.94939e+00
 25 -0.03474  1.44277e+00 | 26  0.00275  1.86968e-01 | 27 -0.00583  1.70581e+00
 28  0.04945  2.35806e-01 | 29  0.01281 -1.73824e+00 | 30 -0.01090  2.19865e+00
 31  0.00015  1.44282e-01 | 32 -0.03017 -5.30113e+00 | 33  0.04448 -3.32046e+00
 34  0.00202 -1.88619e+00 | 35  0.03754 -1.32750e+00 | 36 -0.00546 -3.10372e+00
 37  0.03098 -1.34936e+00 | 38 -0.01269 -1.53367e+00 | 39  0.05617 -1.24363e+00
 40  0.04010 -2.06696e+00 | 41  0.01248 -1.63899e+00 | 42  0.00105  4.98051e-01
 43  0.01220 -3.88478e+00 | 44  0.05504 -3.05165e+00 | 45  0.04502  1.97665e+00
 46 -0.01280  1.85456e+00 | 47  0.02911  6.35065e-01 | 48  0.03386  8.04993e-02
 49  0.05697  2.12303e+00 | 50  0.08499  3.27013e-01 | 51 -0.01711 -1.23219e+00
 52 -0.04068  5.97258e-01 | 53  0.04744  5.56238e+00 | 54  0.03792 -1.19945e+00
 55  0.02464 -1.23597e+00 | 56  0.08826  2.83579e+00 | 57  0.08584 -2.49369e+00
 58  0.10661  3.09498e+00 | 59  0.07043  1.78880e+00 | 60  0.04314 -9.56822e-01
 61  0.10360  4.03582e+00 | 62  0.04087 -1.28887e+00 | 63 -0.00848  7.10501e-01
 64 -0.05501  1.08722e+00 | 65 -0.13269  1.21260e-01 | 66 -0.15337  1.78936e+00
 67 -0.11384  3.96934e-01 | 68 -0.99324  5.49959e-02 | 69 -0.16430 -2.30211e+00
 70 -0.78219 -2.35395e+00 | 71 -0.83796 -2.50688e-01 | 72  0.15039 -1.67676e+03
 73  0.12819  6.48053e-04 | 74 -0.03301  1.94793e+03 | 75  0.04066 -4.20746e+02
 76  0.10660 -2.20151e-05 | 77  0.00000  5.78161e+02 | 78  0.01355 -4.85672e+03
 79 -0.19843 -1.66932e+00 | 80  0.00000  6.74873e+03 | 81  0.01355 -2.35267e+02
 82 -0.12819 -1.24444e-01 | 83 -0.03301  2.94565e+02 | 84 -0.38223 -2.03434e-02
 85  0.15840  7.98317e-04 | 86 -0.20205 -8.70477e-01 | 87 -0.72444 -6.84618e-03
 88  0.52878  3.43927e-03 | 89  0.45848  2.75060e-03 |

Intermediate statistics: 89 variables; iteration 20; function evaluation 40; phase 5
Function value 3.6416824e+03; maximum gradient component mag -6.6339e+03
Var    Value     Gradient |Var    Value     Gradient |Var    Value     Gradient
  1 -0.58158  5.04214e+03 |  2 -0.68821  3.32950e+03 |  3 -0.60512 -6.63389e+03
  4 -0.65678 -7.18190e+02 |  5 -0.14133 -4.08892e+03 |  6 -0.11151  1.08686e+01
  7 -0.11589  8.78800e+00 |  8 -0.10446  7.41844e+00 |  9 -0.12176  2.53216e+00
 10 -0.11187 -1.40991e+00 | 11 -0.09130 -7.28532e+00 | 12 -0.08618 -1.37069e+01
 13 -0.08816 -1.77948e+01 | 14 -0.07714 -2.08278e+01 | 15 -0.09272 -1.80409e+01
 16 -0.07535 -2.10324e+01 | 17 -0.01905 -4.15241e+01 | 18 -0.04822 -3.35757e+01
 19 -0.04618 -2.42704e+01 | 20  0.02270 -4.42389e+01 | 21 -0.10275 -1.76932e+01
 22 -0.01879 -3.63058e+01 | 23  0.03650 -6.75713e+01 | 24 -0.00217 -4.24614e+01
 25  0.01444 -3.10676e+01 | 26 -0.08816 -2.64141e+01 | 27  0.03070 -7.54199e+01
 28 -0.02203 -1.21325e+02 | 29  0.01904 -1.21915e+02 | 30 -0.04505 -7.40525e+01
 31 -0.02212 -9.58636e+01 | 32 -0.03446 -7.76430e+01 | 33  0.00108 -1.73439e+02
 34 -0.00360 -1.02104e+02 | 35 -0.00376 -1.43622e+02 | 36 -0.02841 -7.64172e+01
 37  0.00773 -8.25200e+01 | 38 -0.03464 -4.23889e+01 | 39  0.03541 -7.60358e+01
 40  0.01581 -4.71970e+01 | 41 -0.00597 -9.37854e+00 | 42 -0.01809  1.27918e+01
 43 -0.00066  2.45034e+01 | 44  0.04223  2.61339e+01 | 45  0.03606  2.50854e+01
 46 -0.02454  1.95376e+01 | 47  0.02064  1.17541e+01 | 48  0.02327  5.11852e+00
 49  0.04788 -1.77366e+00 | 50  0.07637 -3.85630e+00 | 51 -0.01669  3.14325e+01
 52 -0.03081  4.21537e+01 | 53  0.05222  2.83027e+01 | 54  0.04866  3.59948e+01
 55  0.05049  6.37423e+01 | 56  0.11402  9.29388e+01 | 57  0.12836  1.07458e+02
 58  0.14655  9.04745e+01 | 59  0.11420  7.47866e+01 | 60  0.11391  9.82622e+01
 61  0.17317  8.21597e+01 | 62  0.12557  6.19277e+01 | 63  0.10287  9.82762e+01
 64  0.09673  1.36936e+02 | 65  0.02498  1.01008e+02 | 66 -0.03161  6.78588e+01
 67 -0.01250  5.34354e+01 | 68 -0.99368  5.13735e-02 | 69 -0.14824 -4.03134e-01
 70 -0.75720 -1.41535e+02 | 71 -0.79891  5.27772e+00 | 72  0.22104 -3.23714e+02
 73  0.12818  6.43121e-04 | 74 -0.08523  6.98856e+01 | 75  0.13492 -3.46557e+02
 76  0.10659  5.17443e-04 | 77  0.01617  6.05183e+02 | 78  0.08720 -2.51789e+03
 79 -0.20726 -3.35370e-01 | 80 -0.01772  3.82684e+03 | 81  0.04250 -2.07968e+02
 82 -0.12919 -1.32928e-01 | 83 -0.04295  2.53176e+02 | 84 -0.41533 -7.93044e+00
 85  0.15840  7.98220e-04 | 86 -0.18243  2.53881e+00 | 87 -0.72438 -6.81406e-03
 88  0.52875  3.43902e-03 | 89  0.45846  2.76033e-03 |
89 variables; iteration 40; function evaluation 64; phase 5
Function value 3.5540073e+03; maximum gradient component mag 2.2431e+03
Var    Value     Gradient |Var    Value     Gradient |Var    Value     Gradient
  1 -0.58188  2.24314e+03 |  2 -0.68907  7.97774e+02 |  3 -0.60429  6.15240e+02
  4 -0.65840  6.91435e+02 |  5 -0.15121  9.77776e+02 |  6 -0.03978  4.17493e+00
  7 -0.04230  4.95407e+00 |  8 -0.08526 -7.66901e+00 |  9 -0.02809  1.02503e+01
 10 -0.03970  4.41987e+00 | 11 -0.08091 -9.93039e+00 | 12 -0.06617 -7.79786e+00
 13 -0.03569  9.78339e-01 | 14 -0.07038 -4.98902e+00 | 15 -0.02924  1.53186e+01
 16 -0.03242  1.85828e+01 | 17  0.01062  3.55520e+01 | 18  0.00694  2.61549e+01
 19 -0.08272 -4.96136e+00 | 20  0.03486  3.82449e+01 | 21 -0.07893 -1.36859e+01
 22  0.01564 -6.52239e+00 | 23  0.00968 -3.75658e+01 | 24  0.02539 -4.36540e+01
 25 -0.01331 -3.09964e+00 | 26 -0.02972  2.49048e+01 | 27  0.03560  1.31073e+02
 28  0.01834  5.38367e+01 | 29  0.03267  2.86584e+01 | 30 -0.06182 -5.15057e+01
 31  0.00670 -4.35563e+01 | 32 -0.05660 -6.07957e+01 | 33  0.03038 -7.60440e+01
 34 -0.01183 -1.97058e+01 | 35  0.02653  3.01458e+01 | 36 -0.01546  1.35714e+01
 37  0.01616 -2.88837e+01 | 38 -0.03325 -4.31415e+01 | 39  0.04249 -2.90309e+01
 40  0.02039 -2.27946e+01 | 41 -0.00463 -2.58177e+01 | 42 -0.02494 -3.19365e+01
 43 -0.00387  3.66875e+00 | 44  0.05415  7.64079e+01 | 45  0.02932 -7.91334e+00
 46 -0.02974 -3.68836e+01 | 47  0.01433 -2.91872e+01 | 48  0.02803  5.61253e+00
 49  0.04324  6.47962e-01 | 50  0.07383  9.36149e+00 | 51 -0.02254  8.03473e+00
 52 -0.04019  8.99396e+00 | 53  0.04547  1.09607e+01 | 54  0.03440 -7.51811e+00
 55  0.02276 -9.75219e+00 | 56  0.09604 -3.42747e-01 | 57  0.08974 -5.84064e+01
 58  0.09543 -7.52300e+01 | 59  0.09836  4.33279e+01 | 60  0.08538  5.59521e+01
 61  0.12270 -4.25824e+01 | 62  0.09508 -9.00720e+00 | 63  0.06608  1.60912e+01
 64 -0.00268 -1.88685e+01 | 65 -0.09922 -2.02784e+01 | 66 -0.15331 -1.66114e+01
 67 -0.12519 -1.68271e+01 | 68 -1.01521 -1.23635e-01 | 69  0.31090  2.81736e+00
 70 -0.73661 -1.14838e+02 | 71 -0.78764  7.01071e+00 | 72  0.25485 -9.66459e+01
 73  0.12789  6.41872e-04 | 74 -0.06507 -5.86570e+01 | 75  0.21615 -1.11003e+02
 76  0.10580  5.23954e-04 | 77  0.02269  2.32559e+02 | 78  0.10724 -5.26979e+02
 79 -0.69482 -6.05137e-03 | 80 -0.02099  9.48029e+02 | 81  0.05306 -8.54576e+01
 82 -0.18617 -2.67771e-02 | 83 -0.04471  1.14569e+02 | 84 -0.48628 -1.45265e+01
 85  0.15803  7.96305e-04 | 86 -0.08428  1.21219e+01 | 87 -0.72125 -6.73926e-03
 88  0.52718  3.42198e-03 | 89  0.45720  2.74741e-03 |
89 variables; iteration 60; function evaluation 87; phase 5
Function value 3.5388801e+03; maximum gradient component mag 2.1871e+03
Var    Value     Gradient |Var    Value     Gradient |Var    Value     Gradient
  1 -0.58244  2.18714e+03 |  2 -0.68858  1.13032e+03 |  3 -0.60442  8.99376e+02
  4 -0.65863  6.67772e+02 |  5 -0.15396 -1.92416e+02 |  6 -0.05536  5.76981e-01
  7 -0.06084 -4.44899e-01 |  8 -0.11878 -1.30664e+01 |  9 -0.05452 -1.09721e+00
 10 -0.06004 -4.72369e+00 | 11 -0.07805 -1.07121e+01 | 12 -0.05057 -8.84285e+00
 13 -0.03657 -7.79279e+00 | 14 -0.04203 -6.60865e+00 | 15 -0.04496 -4.29846e+00
 16 -0.06407 -7.14451e+00 | 17  0.03337  2.00073e+00 | 18 -0.02845 -1.32425e+01
 19 -0.05821 -1.25463e+01 | 20  0.03817  5.10245e+00 | 21 -0.07399 -1.29940e+01
 22  0.01673  3.39113e+00 | 23  0.04661 -1.13803e+01 | 24  0.02314 -2.91674e+01
 25 -0.01473 -4.11530e+00 | 26 -0.01181  3.01550e+01 | 27  0.03442  9.93668e+01
 28  0.02593  1.82629e+01 | 29  0.02462 -1.47091e+01 | 30 -0.04321 -3.32479e+01
 31  0.01503  1.53823e+01 | 32 -0.04369 -2.27781e+01 | 33  0.03163 -5.49676e+01
 34 -0.00676 -1.65523e+01 | 35  0.02242 -3.69855e+00 | 36 -0.01596 -3.70106e+00
 37  0.01513 -4.15843e+01 | 38 -0.03258 -3.52194e+01 | 39  0.04567 -1.89575e+01
 40  0.01178 -3.48889e+01 | 41 -0.00287 -8.75653e+00 | 42 -0.01859 -8.75764e+00
 43 -0.01370 -1.22933e+01 | 44  0.05158  5.17503e+01 | 45  0.02826 -9.20276e+00
 46 -0.02895 -2.80194e+01 | 47  0.01235 -2.29789e+01 | 48  0.02747  2.22191e+01
 49  0.04698  2.45638e+01 | 50  0.06874  9.19009e+00 | 51 -0.01967  2.73339e+01
 52 -0.03409  3.47401e+01 | 53  0.04159  1.56268e+01 | 54  0.03245 -2.29864e+00
 55  0.02269  6.81427e-01 | 56  0.09181  1.70235e+01 | 57  0.09221 -5.05430e+00
 58  0.10411 -1.80793e+01 | 59  0.08836  2.58625e+01 | 60  0.07162  1.53984e+01
 61  0.12239 -4.22158e+01 | 62  0.10023  2.13160e+01 | 63  0.06395  2.78704e+01
 64  0.00229 -1.70979e+00 | 65 -0.09225 -5.04435e-01 | 66 -0.16789 -1.68571e+01
 67 -0.08829  5.79725e+00 | 68 -0.97689  1.87644e-01 | 69 -0.22090 -6.63083e+00
 70 -0.72185 -1.04752e+02 | 71 -0.79320  2.59991e+00 | 72  0.26389 -1.11358e+02
 73  0.12760  6.39543e-04 | 74 -0.05999 -5.84882e+00 | 75  0.23677 -5.34737e+01
 76  0.10549  5.22167e-04 | 77  0.02316  1.17734e+02 | 78  0.11068  7.31429e+01
 79 -0.86556 -1.46514e-02 | 80 -0.02593 -6.58828e+01 | 81  0.05471 -6.64779e+01
 82 -0.21007 -1.90518e-02 | 83 -0.04777  8.42227e+01 | 84 -0.55556 -1.21839e+01
 85  0.15767  7.94405e-04 | 86 -0.56576  9.97531e-01 | 87 -0.71820 -6.64819e-03
 88  0.52563  3.40531e-03 | 89  0.45595  2.73739e-03 |
89 variables; iteration 80; function evaluation 114; phase 5
Function value 3.5272904e+03; maximum gradient component mag -9.9686e+02
Var    Value     Gradient |Var    Value     Gradient |Var    Value     Gradient
  1 -0.58296 -4.05848e+02 |  2 -0.68845 -1.91598e+02 |  3 -0.60434 -2.25588e+02
  4 -0.65939 -1.31448e+02 |  5 -0.15783 -9.96858e+02 |  6 -0.03586  1.24904e+01
  7 -0.04266  1.14542e+01 |  8 -0.06861  5.79638e+00 |  9 -0.06354  5.85347e+00
 10 -0.05513  5.62516e+00 | 11 -0.01332  1.01210e+01 | 12 -0.05156  1.49937e+00
 13 -0.05326  4.58158e-01 | 14  0.00879  1.08544e+01 | 15 -0.04547  4.22987e+00
 16 -0.04888  2.59477e+00 | 17  0.01716  4.12289e+00 | 18  0.01265 -4.55728e+00
 19 -0.05505 -6.24776e+00 | 20  0.03843 -2.81686e+00 | 21 -0.05837 -1.25445e+01
 22  0.00531 -9.79583e+00 | 23  0.05977 -2.43092e+01 | 24  0.02619 -3.18702e+01
 25 -0.00208 -1.59658e+01 | 26 -0.01097 -1.80479e+01 | 27  0.00783 -1.63251e+00
 28  0.04740 -1.57433e+01 | 29  0.01427 -1.58005e+01 | 30 -0.01222 -1.12473e+01
 31  0.00337 -5.27403e+00 | 32 -0.03170 -6.23304e+00 | 33  0.04218 -1.24599e+01
 34 -0.00818 -1.25688e+01 | 35  0.02497 -1.80147e+01 | 36 -0.01805 -1.27056e+01
 37  0.02010 -1.70690e+01 | 38 -0.02252 -5.47538e+00 | 39  0.04094 -1.78413e+01
 40  0.01985 -2.28687e+00 | 41 -0.00217  9.85469e+00 | 42 -0.02499 -2.64760e+00
 43 -0.00155 -2.35805e-01 | 44  0.03555 -1.19242e+01 | 45  0.03395  6.05225e+00
 46 -0.02550  9.43895e+00 | 47  0.01643  9.33715e+00 | 48  0.01826  6.60274e+00
 49  0.03935  7.41461e+00 | 50  0.06895  9.54313e+00 | 51 -0.03841  1.19868e+00
 52 -0.05125  8.48705e+00 | 53  0.03424  1.58531e+01 | 54  0.02824  2.38616e+01
 55  0.01790  1.80853e+01 | 56  0.07450  9.67155e+00 | 57  0.08062  1.87978e+01
 58  0.10064  3.22279e+01 | 59  0.06810  1.80381e+01 | 60  0.03946  5.54422e-01
 61  0.12162  2.77356e+01 | 62  0.07395  2.59913e+01 | 63  0.03883  1.80345e+01
 64 -0.01641  4.51158e+00 | 65 -0.11782  3.27749e+00 | 66 -0.16044  2.94987e+00
 67 -0.14228  1.96322e+00 | 68 -0.79552  1.39987e+00 | 69 -0.15969 -2.66258e+00
 70 -0.67826 -4.37852e+01 | 71 -0.77593  5.72992e+00 | 72  0.29112 -3.74734e+01
 73  0.12610  6.31586e-04 | 74 -0.04433  4.45751e+01 | 75  0.26465  1.07968e+01
 76  0.10418  5.15316e-04 | 77  0.02428 -2.52944e+01 | 78  0.11173 -9.29681e+01
 79 -0.89574 -1.90026e-02 | 80 -0.02541  1.59575e+02 | 81  0.06394  1.76011e+01
 82 -0.28345 -2.62770e-03 | 83 -0.04986 -1.49794e+01 | 84 -0.55554  4.88657e+00
 85  0.15581  7.84658e-04 | 86 -0.61680 -3.61753e-01 | 87 -0.70284 -6.24221e-03
 88  0.51769  3.32122e-03 | 89  0.44956  2.68271e-03 |
89 variables; iteration 100; function evaluation 145; phase 5
Function value 3.5236282e+03; maximum gradient component mag 8.0181e+01
Var    Value     Gradient |Var    Value     Gradient |Var    Value     Gradient
  1 -0.58291 -1.90975e+01 |  2 -0.68849 -1.22972e+01 |  3 -0.60446  1.82613e+01
  4 -0.65910  2.25279e+00 |  5 -0.15947  8.01806e+01 |  6 -0.05472 -4.51600e-01
  7 -0.05742 -4.49860e-01 |  8 -0.05798 -4.79520e-01 |  9 -0.05543 -5.49668e-01
 10 -0.04808 -3.90100e-01 | 11 -0.03737 -2.58955e-01 | 12 -0.02456  8.51916e-02
 13 -0.01842  3.15618e-01 | 14 -0.02524  3.48019e-01 | 15 -0.03344  2.82157e-01
 16 -0.02989  5.22518e-01 | 17 -0.00281  1.20024e+00 | 18  0.02667  1.52496e+00
 19 -0.01053  7.79981e-01 | 20 -0.00515  2.12639e+00 | 21  0.00341 -7.10987e-01
 22  0.00001  7.52572e-01 | 23  0.04915  3.78495e+00 | 24  0.05684  5.11685e+00
 25 -0.02160  1.96279e+00 | 26  0.01093 -2.20337e-01 | 27 -0.00314 -2.15981e+00
 28  0.05446 -1.34261e+00 | 29  0.01622  4.64627e-01 | 30 -0.00591  1.27248e+00
 31  0.00226 -2.64748e-02 | 32 -0.02565  6.05774e-01 | 33  0.04197  1.20462e+00
 34 -0.00379  3.54109e-01 | 35  0.02609  5.03218e-01 | 36 -0.01519  3.95362e-01
 37  0.02198  9.07478e-01 | 38 -0.02225 -4.11542e-01 | 39  0.04262 -1.16593e+00
 40  0.02044 -9.83999e-01 | 41 -0.00677 -2.97592e-01 | 42 -0.02072 -1.00864e-01
 43 -0.00441  5.23189e-01 | 44  0.03796 -2.23812e-01 | 45  0.03099 -3.25288e-01
 46 -0.02657 -5.75451e-01 | 47  0.01403 -4.32991e-01 | 48  0.01621 -8.35905e-01
 49  0.03730 -6.07519e-01 | 50  0.06370 -1.22304e-01 | 51 -0.03691 -4.76283e-01
 52 -0.05671 -4.45237e-01 | 53  0.02887 -5.63819e-01 | 54  0.01880 -9.00144e-01
 55  0.00913 -6.47081e-01 | 56  0.06788 -9.55194e-01 | 57  0.07051 -8.30718e-01
 58  0.08750 -7.38418e-01 | 59  0.05341 -7.09892e-01 | 60  0.03479 -9.31917e-01
 61  0.10361 -7.01065e-01 | 62  0.05832 -9.45123e-01 | 63  0.02201 -1.16049e+00
 64 -0.02301 -1.02218e+00 | 65 -0.11317 -3.56286e-01 | 66 -0.15503 -4.44450e-01
 67 -0.12811 -1.76759e-01 | 68 -1.00118 -9.22581e-03 | 69 -0.09804 -2.09472e-01
 70 -0.64522 -1.43680e+00 | 71 -0.78639  3.72532e-01 | 72  0.29706  5.84180e+00
 73  0.10038  5.11833e-04 | 74 -0.04199 -6.65644e+00 | 75  0.25972 -5.86421e-01
 76  0.08440  6.59722e-05 | 77  0.02442  1.37119e+00 | 78  0.11200 -1.76455e-01
 79 -0.49200 -3.26861e-03 | 80 -0.02582 -3.20108e+00 | 81  0.06064  8.39239e-01
 82 -0.16134  3.62208e-03 | 83 -0.05075 -6.03260e-01 | 84 -0.56024 -1.05515e+00
 85  0.12398  6.20674e-04 | 86 -0.68298  4.36147e-02 | 87 -0.56819 -5.91009e-02
 88  0.39033  2.21034e-03 | 89  0.34467  1.89005e-03 |
89 variables; iteration 120; function evaluation 185; phase 5
Function value 3.5235475e+03; maximum gradient component mag 2.6564e+01
Var    Value     Gradient |Var    Value     Gradient |Var    Value     Gradient
  1 -0.58291  1.59264e+01 |  2 -0.68848  6.24587e+00 |  3 -0.60447  2.65641e+01
  4 -0.65909  5.20432e+00 |  5 -0.15957  2.06422e+01 |  6 -0.05388 -6.97906e-02
  7 -0.05660 -7.24626e-02 |  8 -0.05740 -1.64476e-01 |  9 -0.05372 -6.23378e-03
 10 -0.04708 -6.57680e-02 | 11 -0.03686 -1.37125e-01 | 12 -0.02475 -7.38453e-02
 13 -0.01866  3.62707e-03 | 14 -0.02552 -4.06765e-02 | 15 -0.03286  7.73362e-03
 16 -0.02990 -1.29020e-02 | 17 -0.00375  1.16817e-01 | 18  0.02721  1.03328e-01
 19 -0.00845  1.02022e-02 | 20 -0.01222  9.32754e-03 | 21  0.00937 -1.68933e-01
 22  0.00024 -1.96374e-02 | 23  0.04741 -1.91364e-01 | 24  0.05720  1.76096e-01
 25 -0.02251  1.49875e-01 | 26  0.01139  2.76431e-01 | 27 -0.00198  3.39656e-01
 28  0.05452  7.44579e-01 | 29  0.01665  7.20026e-01 | 30 -0.00642  5.52370e-01
 31  0.00298  6.26352e-01 | 32 -0.02592  2.21576e-01 | 33  0.04207  3.91956e-01
 34 -0.00367  2.74710e-01 | 35  0.02619  2.19698e-01 | 36 -0.01514 -1.61859e-02
 37  0.02189 -9.60941e-02 | 38 -0.02212 -2.99374e-02 | 39  0.04275  1.75201e-02
 40  0.02061  4.19509e-02 | 41 -0.00687 -9.41185e-02 | 42 -0.02063 -7.25909e-02
 43 -0.00466 -7.82970e-03 | 44  0.03805 -3.55395e-02 | 45  0.03096  4.80853e-03
 46 -0.02649 -4.67502e-02 | 47  0.01397  3.72685e-02 | 48  0.01627 -6.32942e-02
 49  0.03729  4.54107e-02 | 50  0.06362  1.54430e-01 | 51 -0.03694 -1.41549e-01
 52 -0.05697 -2.99958e-01 | 53  0.02875 -1.29996e-01 | 54  0.01878 -4.13441e-02
 55  0.00891  1.12783e-02 | 56  0.06776 -1.11956e-01 | 57  0.07021 -2.80109e-01
 58  0.08727 -1.33726e-01 | 59  0.05307 -1.97423e-01 | 60  0.03449 -5.30517e-01
 61  0.10311 -7.92217e-01 | 62  0.05792 -4.35806e-01 | 63  0.02176 -1.83868e-01
 64 -0.02330 -2.60757e-01 | 65 -0.11374 -3.89530e-02 | 66 -0.15590 -1.47440e-02
 67 -0.12971 -1.27051e-01 | 68 -0.99366  5.15737e-02 | 69 -0.08799  5.49891e-02
 70 -0.64410 -4.73166e-01 | 71 -0.78697  2.51034e-02 | 72  0.29636 -8.58143e-02
 73  0.02471 -8.60602e-03 | 74 -0.04227  4.05484e-01 | 75  0.26019  2.70559e-01
 76  0.08274  5.58284e-06 | 77  0.02450 -4.10109e-01 | 78  0.11227  5.93566e+00
 79  0.09001 -2.92429e-03 | 80 -0.02567 -4.21026e+00 | 81  0.06054  1.98930e-01
 82 -0.16395  5.22441e-04 | 83 -0.05082 -2.02921e-01 | 84 -0.55954 -9.32853e-02
 85 -0.03646  3.08304e-02 | 86 -0.67157 -8.82910e-04 | 87 -0.56624  1.10254e-01
 88  0.14668 -2.73854e-02 | 89  0.13002 -2.32308e-04 |
89 variables; iteration 140; function evaluation 214; phase 5
Function value 3.5235460e+03; maximum gradient component mag -1.7033e-01
Var    Value     Gradient |Var    Value     Gradient |Var    Value     Gradient
  1 -0.58291 -1.70330e-01 |  2 -0.68848 -7.73980e-02 |  3 -0.60448 -5.45166e-02
  4 -0.65909 -2.04115e-02 |  5 -0.15958 -7.60013e-02 |  6 -0.05410 -5.04251e-03
  7 -0.05678 -3.93312e-03 |  8 -0.05712 -5.76358e-04 |  9 -0.05412 -2.52029e-03
 10 -0.04718 -3.16144e-03 | 11 -0.03651  6.54882e-04 | 12 -0.02460 -2.78712e-04
 13 -0.01884 -3.12810e-03 | 14 -0.02537 -2.04206e-04 | 15 -0.03293 -3.95462e-03
 16 -0.02975 -5.95429e-03 | 17 -0.00401 -2.97642e-03 | 18  0.02740 -6.13496e-03
 19 -0.00838  8.35691e-04 | 20 -0.01249  1.03763e-03 | 21  0.01003  2.73048e-03
 22 -0.00046  5.38871e-03 | 23  0.04804  1.83323e-02 | 24  0.05701  1.03874e-02
 25 -0.02250 -1.46172e-03 | 26  0.01149 -8.80694e-03 | 27 -0.00204 -1.24073e-02
 28  0.05459  2.28661e-03 | 29  0.01656 -9.71930e-03 | 30 -0.00637 -5.82290e-03
 31  0.00292 -5.42437e-03 | 32 -0.02588 -4.20025e-03 | 33  0.04211 -1.38432e-03
 34 -0.00368  5.14468e-03 | 35  0.02622  4.20594e-03 | 36 -0.01512  2.05201e-03
 37  0.02194  5.36145e-03 | 38 -0.02212  9.34695e-03 | 39  0.04280  5.50921e-03
 40  0.02060  2.71717e-03 | 41 -0.00682  8.75474e-03 | 42 -0.02061  9.40258e-04
 43 -0.00466  2.81615e-03 | 44  0.03809  6.85101e-03 | 45  0.03097  6.49578e-03
 46 -0.02647 -2.75685e-03 | 47  0.01396 -7.41125e-03 | 48  0.01630  6.91799e-03
 49  0.03728  1.02701e-02 | 50  0.06360 -7.87912e-04 | 51 -0.03695  4.83464e-04
 52 -0.05688  6.97670e-03 | 53  0.02873  5.54289e-03 | 54  0.01879 -5.43336e-03
 55  0.00886 -6.84439e-03 | 56  0.06777  1.84077e-03 | 57  0.07027  4.77874e-03
 58  0.08727 -8.77865e-04 | 59  0.05304 -7.93664e-03 | 60  0.03458 -1.57503e-03
 61  0.10316  4.92454e-03 | 62  0.05796 -3.98886e-03 | 63  0.02172 -6.70680e-03
 64 -0.02321  5.16436e-03 | 65 -0.11402 -2.16419e-03 | 66 -0.15620 -1.95545e-03
 67 -0.12985 -2.44568e-03 | 68 -1.00037 -1.97586e-03 | 69 -0.08980  2.00152e-03
 70 -0.64375 -2.27014e-02 | 71 -0.78693  3.07923e-04 | 72  0.29631 -5.01855e-02
 73  0.03530  4.48572e-05 | 74 -0.04230  5.24877e-02 | 75  0.25997 -1.22601e-02
 76  0.08263  2.12208e-07 | 77  0.02443  1.55524e-02 | 78  0.11205  8.73298e-02
 79  0.17727  8.98360e-04 | 80 -0.02578  1.86967e-02 | 81  0.06052 -6.52569e-04
 82 -0.16439  3.89619e-06 | 83 -0.05083 -2.22751e-03 | 84 -0.55864  5.28001e-02
 85 -0.03721  4.21015e-04 | 86 -0.65506 -8.42319e-03 | 87 -0.56722  1.60958e-03
 88  0.16277 -3.93467e-07 | 89 -0.02380 -1.17526e-04 |
89 variables; iteration 160; function evaluation 240; phase 5
Function value 3.5235457e+03; maximum gradient component mag -2.5454e-01
Var    Value     Gradient |Var    Value     Gradient |Var    Value     Gradient
  1 -0.58291 -1.19497e-02 |  2 -0.68848 -1.15780e-01 |  3 -0.60448  9.09437e-02
  4 -0.65909 -8.83984e-02 |  5 -0.15958 -8.47095e-02 |  6 -0.05407  1.13148e-03
  7 -0.05676 -3.48840e-04 |  8 -0.05713 -2.52233e-03 |  9 -0.05412 -2.85136e-03
 10 -0.04718 -2.20071e-03 | 11 -0.03652 -3.09561e-04 | 12 -0.02460  1.33991e-03
 13 -0.01882  1.64449e-03 | 14 -0.02537  4.37655e-03 | 15 -0.03294  5.99269e-04
 16 -0.02974  2.30351e-03 | 17 -0.00398  1.08695e-02 | 18  0.02739 -2.95621e-03
 19 -0.00838 -3.27120e-03 | 20 -0.01252 -1.34219e-02 | 21  0.01003 -1.34912e-02
 22 -0.00042 -7.47744e-03 | 23  0.04799 -2.57838e-02 | 24  0.05703 -1.55383e-02
 25 -0.02251 -1.02941e-02 | 26  0.01149  2.25202e-03 | 27 -0.00201  1.65751e-02
 28  0.05458  7.53448e-03 | 29  0.01657  1.57797e-02 | 30 -0.00637  1.11984e-02
 31  0.00292  5.60043e-03 | 32 -0.02587  4.75757e-03 | 33  0.04211  7.07073e-03
 34 -0.00368  4.30553e-03 | 35  0.02622  2.71458e-03 | 36 -0.01512  8.16750e-03
 37  0.02194  1.17189e-02 | 38 -0.02212  3.98322e-03 | 39  0.04280  7.63503e-03
 40  0.02060  3.85674e-03 | 41 -0.00683  3.64603e-03 | 42 -0.02061  5.23519e-03
 43 -0.00466  3.22280e-04 | 44  0.03808  1.33538e-03 | 45  0.03097  6.93580e-03
 46 -0.02647  4.60651e-03 | 47  0.01396  1.10221e-03 | 48  0.01630  2.04451e-03
 49  0.03728  3.23508e-03 | 50  0.06360  5.67509e-04 | 51 -0.03695  1.12622e-03
 52 -0.05688  3.62903e-03 | 53  0.02873  4.69376e-03 | 54  0.01878 -3.47190e-03
 55  0.00886 -1.11688e-03 | 56  0.06777 -3.68408e-03 | 57  0.07027 -2.93076e-03
 58  0.08726 -3.88630e-03 | 59  0.05304 -5.85270e-03 | 60  0.03457 -9.30887e-03
 61  0.10315 -9.58109e-03 | 62  0.05795 -3.43827e-03 | 63  0.02171 -5.12892e-03
 64 -0.02323 -7.90028e-03 | 65 -0.11403 -1.10348e-03 | 66 -0.15619 -2.30608e-03
 67 -0.12984  3.48577e-03 | 68 -0.99959  2.31208e-03 | 69 -0.09017 -7.93030e-03
 70 -0.64373 -8.66032e-03 | 71 -0.78694 -2.59115e-03 | 72  0.29632 -5.32363e-04
 73  0.03504 -1.70510e-04 | 74 -0.04230  1.08411e-02 | 75  0.25998 -3.65000e-03
 76  0.08274  4.15994e-06 | 77  0.02443  4.53715e-04 | 78  0.11205  7.95937e-02
 79  0.10322 -6.91714e-04 | 80 -0.02578 -5.66287e-02 | 81  0.06053  7.51053e-03
 82 -0.16437  2.98923e-05 | 83 -0.05083 -7.23675e-03 | 84 -0.55023 -2.54542e-01
 85 -0.03793 -4.92715e-05 | 86 -0.54727  2.28925e-02 | 87 -0.56723  6.17544e-04
 88  0.30369  1.62346e-03 | 89 -0.20449 -1.04535e-03 |
89 variables; iteration 180; function evaluation 271; phase 5
Function value 3.5235452e+03; maximum gradient component mag -1.2226e-01
Var    Value     Gradient |Var    Value     Gradient |Var    Value     Gradient
  1 -0.58291  9.80468e-02 |  2 -0.68848  9.02085e-02 |  3 -0.60448  5.24150e-02
  4 -0.65909  4.24426e-02 |  5 -0.15958  1.10161e-01 |  6 -0.05408 -4.08426e-04
  7 -0.05676  3.43445e-04 |  8 -0.05713 -1.22684e-04 |  9 -0.05411  1.48538e-03
 10 -0.04717  8.52663e-04 | 11 -0.03652 -4.24262e-04 | 12 -0.02461 -1.34218e-03
 13 -0.01883 -1.20094e-03 | 14 -0.02539 -3.66415e-03 | 15 -0.03293 -1.17221e-03
 16 -0.02973 -1.76162e-03 | 17 -0.00406 -1.05606e-02 | 18  0.02742 -1.08862e-03
 19 -0.00841 -1.35083e-03 | 20 -0.01248  7.01140e-03 | 21  0.01003  7.56580e-03
 22 -0.00046  8.73716e-03 | 23  0.04804  1.85785e-02 | 24  0.05699  1.04340e-02
 25 -0.02248  7.94049e-03 | 26  0.01148 -3.04936e-03 | 27 -0.00204 -1.38360e-02
 28  0.05458 -2.65942e-03 | 29  0.01656 -2.85898e-03 | 30 -0.00638 -1.93270e-03
 31  0.00292 -2.25511e-03 | 32 -0.02588 -3.62060e-03 | 33  0.04210 -2.94839e-03
 34 -0.00369 -1.00792e-03 | 35  0.02622 -5.04986e-04 | 36 -0.01512 -3.54155e-03
 37  0.02194 -7.34088e-03 | 38 -0.02212 -9.68761e-04 | 39  0.04279 -1.74273e-03
 40  0.02060 -1.60353e-03 | 41 -0.00683 -2.45622e-03 | 42 -0.02061 -4.06887e-03
 43 -0.00466 -4.69687e-04 | 44  0.03808  5.22472e-04 | 45  0.03096 -2.69058e-03
 46 -0.02648 -1.59952e-03 | 47  0.01396  1.43974e-03 | 48  0.01630 -3.13804e-05
 49  0.03728 -1.30339e-03 | 50  0.06360 -5.89754e-04 | 51 -0.03695 -5.46483e-04
 52 -0.05688 -2.13271e-03 | 53  0.02873 -2.58010e-03 | 54  0.01879  2.52923e-03
 55  0.00886  2.30267e-03 | 56  0.06778  4.53149e-03 | 57  0.07028 -2.23643e-03
 58  0.08727 -3.74698e-05 | 59  0.05305  6.61239e-03 | 60  0.03459  3.61502e-03
 61  0.10317  5.68976e-04 | 62  0.05796 -3.97816e-03 | 63  0.02173  2.16409e-03
 64 -0.02321 -8.11474e-04 | 65 -0.11401 -2.44350e-03 | 66 -0.15619  7.60965e-04
 67 -0.12984 -1.70659e-03 | 68 -0.99940  4.21307e-03 | 69 -0.08966  5.98751e-03
 70 -0.64374  3.02143e-03 | 71 -0.78693  1.10178e-03 | 72  0.29632 -1.31766e-02
 73  0.03522 -1.96277e-05 | 74 -0.04230  2.33741e-03 | 75  0.25999  2.67986e-03
 76  0.08219 -1.57963e-05 | 77  0.02443  1.32309e-03 | 78  0.11204 -5.14598e-02
 79  0.18384  9.33456e-04 | 80 -0.02579  1.78014e-02 | 81  0.06052 -4.27565e-03
 82 -0.16439  6.09225e-06 | 83 -0.05083  3.58629e-03 | 84 -0.53799 -1.22262e-01
 85 -0.03901  6.23352e-05 | 86 -0.45928  1.75684e-02 | 87 -0.56724 -4.07527e-04
 88  0.15102 -8.06635e-04 | 89  0.06184  3.04273e-04 |
89 variables; iteration 200; function evaluation 294; phase 5
Function value 3.5235450e+03; maximum gradient component mag 1.3273e-01
Var    Value     Gradient |Var    Value     Gradient |Var    Value     Gradient
  1 -0.58291 -3.97285e-02 |  2 -0.68848 -4.15203e-02 |  3 -0.60448  3.81592e-02
  4 -0.65909 -2.29205e-02 |  5 -0.15958  1.32726e-01 |  6 -0.05408 -2.48338e-04
  7 -0.05676 -2.46150e-04 |  8 -0.05713 -6.87377e-04 |  9 -0.05412 -2.00052e-04
 10 -0.04717 -1.13934e-04 | 11 -0.03652  1.30809e-03 | 12 -0.02461  1.33113e-03
 13 -0.01883  7.09966e-04 | 14 -0.02538  1.47863e-03 | 15 -0.03293 -3.18668e-04
 16 -0.02975 -7.80845e-04 | 17 -0.00401  3.32903e-03 | 18  0.02740  3.07809e-04
 19 -0.00839  8.48631e-04 | 20 -0.01250 -1.61584e-03 | 21  0.01003 -5.48194e-04
 22 -0.00046  2.52103e-04 | 23  0.04803  7.71154e-03 | 24  0.05700  4.64194e-03
 25 -0.02250  1.36300e-03 | 26  0.01149  2.54975e-03 | 27 -0.00203  1.59274e-04
 28  0.05458  5.32557e-03 | 29  0.01657  7.21958e-03 | 30 -0.00638  3.65958e-03
 31  0.00292  8.40258e-04 | 32 -0.02588 -5.49225e-04 | 33  0.04211  1.87052e-03
 34 -0.00369 -1.20367e-04 | 35  0.02622 -2.21306e-03 | 36 -0.01512 -3.38189e-04
 37  0.02194  2.30644e-03 | 38 -0.02212  4.15071e-04 | 39  0.04279  3.57543e-04
 40  0.02060 -7.57731e-04 | 41 -0.00683 -7.40833e-05 | 42 -0.02061 -3.63872e-04
 43 -0.00466  4.24180e-05 | 44  0.03808 -1.50102e-03 | 45  0.03096  4.81202e-04
 46 -0.02648  1.40954e-04 | 47  0.01396  2.89020e-04 | 48  0.01630 -3.58984e-04
 49  0.03728 -1.78075e-03 | 50  0.06360 -1.06129e-03 | 51 -0.03695 -1.26021e-03
 52 -0.05688 -1.28699e-03 | 53  0.02873 -1.65418e-03 | 54  0.01879 -2.93010e-03
 55  0.00886 -1.02532e-03 | 56  0.06777 -8.27560e-04 | 57  0.07027 -1.65445e-03
 58  0.08727 -2.56341e-03 | 59  0.05305 -9.38457e-04 | 60  0.03458 -6.46690e-04
 61  0.10316 -6.06929e-04 | 62  0.05796 -3.20504e-03 | 63  0.02172 -2.11127e-03
 64 -0.02321 -1.83626e-03 | 65 -0.11402 -3.24325e-03 | 66 -0.15619 -5.62412e-04
 67 -0.12984 -3.17113e-04 | 68 -0.99750  2.02000e-02 | 69 -0.08978  2.67825e-03
 70 -0.64374 -7.50368e-03 | 71 -0.78694 -1.71079e-04 | 72  0.29632 -2.11160e-03
 73  0.03518 -5.37571e-05 | 74 -0.04230 -8.51923e-04 | 75  0.25998 -4.40388e-04
 76  0.08866  2.41190e-04 | 77  0.02443  8.82658e-04 | 78  0.11204  2.24129e-03
 79  0.10438 -4.45409e-04 | 80 -0.02578 -3.75562e-02 | 81  0.06053  2.46779e-03
 82 -0.16439  1.47276e-05 | 83 -0.05083 -2.61465e-03 | 84 -0.53061 -8.27743e-02
 85 -0.03968  9.60188e-05 | 86 -0.42212  1.30290e-02 | 87 -0.56724  1.32821e-04
 88  0.15224  1.34937e-02 | 89  0.00902 -9.79606e-05 |
89 variables; iteration 220; function evaluation 316; phase 5
Function value 3.5235431e+03; maximum gradient component mag -8.7697e-02
Var    Value     Gradient |Var    Value     Gradient |Var    Value     Gradient
  1 -0.58291  6.54856e-02 |  2 -0.68848  2.77931e-02 |  3 -0.60448  2.78749e-02
  4 -0.65909  6.39457e-03 |  5 -0.15958 -8.76965e-02 |  6 -0.05408 -2.56946e-04
  7 -0.05676 -3.72859e-04 |  8 -0.05712 -1.53103e-04 |  9 -0.05412 -8.86710e-04
 10 -0.04717 -7.64794e-04 | 11 -0.03652 -1.57320e-03 | 12 -0.02461 -1.68558e-03
 13 -0.01883 -1.20321e-03 | 14 -0.02538 -2.11215e-03 | 15 -0.03293 -5.85300e-04
 16 -0.02973  5.55189e-04 | 17 -0.00404 -5.30575e-03 | 18  0.02742 -1.97339e-03
 19 -0.00840 -2.07183e-03 | 20 -0.01249  1.12044e-03 | 21  0.01003  6.65835e-04
 22 -0.00043  3.27678e-03 | 23  0.04802 -4.19166e-03 | 24  0.05702 -2.71604e-03
 25 -0.02249 -8.59850e-04 | 26  0.01149 -3.62122e-03 | 27 -0.00203 -3.79576e-03
 28  0.05458 -4.17398e-03 | 29  0.01657 -4.22430e-03 | 30 -0.00637 -1.13882e-04
 31  0.00292  9.28791e-04 | 32 -0.02588  7.64034e-04 | 33  0.04211  5.33357e-04
 34 -0.00369  2.42400e-03 | 35  0.02622  3.57847e-03 | 36 -0.01512  1.47267e-03
 37  0.02194 -1.18113e-03 | 38 -0.02212  7.06840e-04 | 39  0.04279  1.24128e-03
 40  0.02060  1.81597e-03 | 41 -0.00683  9.05726e-04 | 42 -0.02061  1.56353e-04
 43 -0.00466 -2.61087e-05 | 44  0.03808  3.09717e-03 | 45  0.03096  1.11911e-03
 46 -0.02648  3.98585e-04 | 47  0.01396  5.58170e-04 | 48  0.01630  1.98732e-03
 49  0.03728  2.83772e-03 | 50  0.06360  1.07905e-03 | 51 -0.03695  1.33679e-03
 52 -0.05688  1.81887e-03 | 53  0.02873  2.41001e-03 | 54  0.01879  1.97665e-03
 55  0.00886  1.08241e-03 | 56  0.06777  1.62778e-03 | 57  0.07027 -2.68792e-04
 58  0.08727  5.91465e-04 | 59  0.05304  6.03234e-04 | 60  0.03458 -2.17919e-03
 61  0.10315 -4.51579e-03 | 62  0.05795 -1.32009e-03 | 63  0.02171  2.31583e-04
 64 -0.02322 -1.25795e-03 | 65 -0.11402  1.87630e-03 | 66 -0.15619  1.76422e-04
 67 -0.12983  1.20054e-05 | 68 -1.00108 -8.39727e-03 | 69 -0.08996 -2.06772e-03
 70 -0.64373  1.27841e-03 | 71 -0.78694 -1.65662e-04 | 72  0.29632 -1.49365e-02
 73  0.03523 -1.20739e-05 | 74 -0.04230  1.52757e-02 | 75  0.25999 -2.11239e-03
 76 -0.03447 -2.97315e-04 | 77  0.02443  3.39629e-03 | 78  0.11205  2.99870e-02
 79  0.10740  2.61194e-04 | 80 -0.02578  1.73175e-02 | 81  0.06053 -1.89919e-03
 82 -0.16440 -1.36823e-06 | 83 -0.05083  1.20192e-03 | 84 -0.50129 -6.54664e-04
 85 -0.04258  7.18394e-05 | 86 -0.32395 -4.24138e-04 | 87 -0.56723 -1.45282e-04
 88  0.15002 -2.13150e-02 | 89  0.04505  3.69139e-05 |
Warning: the following parameters had issues
  Q_parm[3] is within 0.1% of lower bound: 0.00000e+00 < 1.51931e-07 < 5.00000e+00


 - final statistics:
89 variables; iteration 238; function evaluation 334
Function value 3.5235e+03; maximum gradient component mag -9.1648e-05
Exit code = 1;  converg criter 1.0000e-04
Var    Value     Gradient |Var    Value     Gradient |Var    Value     Gradient
  1 -0.58291 -7.79281e-05 |  2 -0.68848 -7.20017e-05 |  3 -0.60448 -4.80825e-05
  4 -0.65909 -3.83404e-05 |  5 -0.15958 -9.16475e-05 |  6 -0.05408 -2.10045e-07
  7 -0.05676 -2.81644e-07 |  8 -0.05713  2.17177e-07 |  9 -0.05412 -1.25410e-06
 10 -0.04717 -7.16277e-07 | 11 -0.03652 -6.33276e-07 | 12 -0.02461 -7.21324e-07
 13 -0.01883 -9.12346e-07 | 14 -0.02538 -1.56882e-06 | 15 -0.03293 -6.29625e-07
 16 -0.02974  3.89127e-07 | 17 -0.00402 -4.85383e-06 | 18  0.02741 -1.87452e-06
 19 -0.00839 -1.69279e-06 | 20 -0.01250  5.48352e-07 | 21  0.01003  5.92788e-07
 22 -0.00045  5.17948e-06 | 23  0.04802  9.85332e-08 | 24  0.05701 -3.53007e-07
 25 -0.02250  9.13866e-07 | 26  0.01149 -3.13424e-06 | 27 -0.00203 -6.76599e-06
 28  0.05458 -5.91030e-06 | 29  0.01657 -3.21903e-06 | 30 -0.00637  6.13729e-09
 31  0.00292 -5.40612e-07 | 32 -0.02588 -1.04405e-06 | 33  0.04211  5.69678e-07
 34 -0.00369  3.24711e-06 | 35  0.02622  2.44535e-06 | 36 -0.01512  1.52342e-06
 37  0.02194 -5.24679e-07 | 38 -0.02212  1.74445e-06 | 39  0.04279  2.26190e-06
 40  0.02060  2.53576e-06 | 41 -0.00683  1.51375e-06 | 42 -0.02061 -8.99043e-08
 43 -0.00466 -1.54349e-07 | 44  0.03808  2.83494e-06 | 45  0.03096  1.09741e-06
 46 -0.02648  1.44481e-06 | 47  0.01396  2.44180e-06 | 48  0.01630  2.27256e-06
 49  0.03728  1.79594e-06 | 50  0.06360  1.75261e-06 | 51 -0.03695  2.07965e-06
 52 -0.05688  2.20068e-06 | 53  0.02873  2.46754e-06 | 54  0.01879  2.74138e-06
 55  0.00886  1.91047e-06 | 56  0.06777  2.13528e-06 | 57  0.07027 -1.17451e-06
 58  0.08727 -5.05178e-07 | 59  0.05304  7.46464e-07 | 60  0.03458 -2.84674e-06
 61  0.10316 -7.34735e-06 | 62  0.05796 -3.10845e-06 | 63  0.02172 -2.81716e-07
 64 -0.02322 -1.36374e-06 | 65 -0.11402  1.18108e-06 | 66 -0.15619 -1.87532e-09
 67 -0.12983  3.13134e-07 | 68 -0.99978  4.50097e-06 | 69 -0.08989 -1.63698e-06
 70 -0.64373 -2.40753e-06 | 71 -0.78694 -6.34030e-07 | 72  0.29632 -2.06177e-05
 73  0.03524 -2.49954e-08 | 74 -0.04230  1.64473e-05 | 75  0.25999 -5.86196e-06
 76 -0.03425 -6.18267e-08 | 77  0.02443  9.47406e-06 | 78  0.11205  2.57710e-05
 79  0.10629  3.28951e-07 | 80 -0.02578  2.09632e-05 | 81  0.06053  2.97448e-07
 82 -0.16440  5.16665e-09 | 83 -0.05083 -1.44461e-06 | 84 -0.50127 -2.81135e-05
 85 -0.04258  1.37088e-07 | 86 -0.32390  1.04504e-05 | 87 -0.56724  2.60430e-07
 88  0.15114  3.20668e-07 | 89  0.00005  7.00599e-08 |
size of file gradfil1.tmp = 0
size of file gradfil2.tmp = 0
size of file varssave.tmp = 0
size of file cmpdiff.tmp = 0
