
Initial statistics: 4 variables; iteration 0; function evaluation 0; phase 1
Function value 1.7811111e+06; maximum gradient component mag -2.5328e+07
Var    Value     Gradient |Var    Value     Gradient |Var    Value     Gradient
  1 -0.19398 -2.53281e+07 |  2  0.17184  8.69251e-04 |  3  0.59033  4.18877e-03
  4  0.50650  3.20640e-03 |

 - final statistics:
4 variables; iteration 5; function evaluation 16
Function value 4.7463e+03; maximum gradient component mag -4.9779e+00
Exit code = 1;  converg criter 1.0000e+01
Var    Value     Gradient |Var    Value     Gradient |Var    Value     Gradient
  1 -0.08980 -4.97789e+00 |  2 -4.44071 -2.60486e-03 |  3 -22.14293 -7.17427e-04
  4 -17.05018  3.96517e-02 |

Initial statistics: 64 variables; iteration 0; function evaluation 0; phase 2
Function value 4.7462884e+03; maximum gradient component mag -1.1640e+03
Var    Value     Gradient |Var    Value     Gradient |Var    Value     Gradient
  1 -0.08980 -4.97789e+00 |  2  0.00000  1.50076e+02 |  3  0.00000  1.64793e+02
  4  0.00000  1.80517e+02 |  5  0.00000  1.96970e+02 |  6  0.00000  2.14215e+02
  7  0.00000  2.32681e+02 |  8  0.00000  2.53097e+02 |  9  0.00000  2.76569e+02
 10  0.00000  3.03558e+02 | 11  0.00000  3.31638e+02 | 12  0.00000  3.56697e+02
 13  0.00000  3.76882e+02 | 14  0.00000  3.99030e+02 | 15  0.00000  4.36852e+02
 16  0.00000  4.65770e+02 | 17  0.00000  4.70645e+02 | 18  0.00000  4.55731e+02
 19  0.00000  4.22737e+02 | 20  0.00000  4.41051e+02 | 21  0.00000  5.53826e+02
 22  0.00000  6.00328e+02 | 23  0.00000  5.59703e+02 | 24  0.00000  4.58434e+02
 25  0.00000  5.18616e+02 | 26  0.00000  6.60352e+02 | 27  0.00000  6.82399e+02
 28  0.00000  5.98075e+02 | 29  0.00000  2.96127e+02 | 30  0.00000  1.84904e+02
 31  0.00000  3.76498e+01 | 32  0.00000  7.09505e+01 | 33  0.00000 -4.67749e+01
 34  0.00000 -4.56911e+01 | 35  0.00000 -3.64905e+02 | 36  0.00000 -4.80453e+02
 37  0.00000 -4.34737e+02 | 38  0.00000 -4.60258e+02 | 39  0.00000 -6.25263e+02
 40  0.00000 -8.56499e+02 | 41  0.00000 -7.96740e+02 | 42  0.00000 -5.58208e+02
 43  0.00000 -6.78559e+02 | 44  0.00000 -8.84054e+02 | 45  0.00000 -1.11439e+03
 46  0.00000 -1.16400e+03 | 47  0.00000 -7.19877e+02 | 48  0.00000 -4.58267e+02
 49  0.00000 -5.56076e+02 | 50  0.00000 -5.12940e+02 | 51  0.00000 -3.66963e+02
 52  0.00000 -2.80340e+02 | 53  0.00000 -1.06593e+02 | 54  0.00000  3.56694e+01
 55  0.00000  4.62009e+01 | 56  0.00000  3.03073e+01 | 57  0.00000  2.22874e+01
 58  0.00000  2.62480e+01 | 59  0.01355  6.68584e-05 | 60 -0.44071 -2.60486e-03
 61 -0.03301 -1.63042e-04 | 62 -0.21635 -1.11073e-03 | 63  0.14293  7.17427e-04
 64 -0.94982 -3.96517e-02 |

Intermediate statistics: 64 variables; iteration 20; function evaluation 30; phase 2
Function value 4.3787861e+03; maximum gradient component mag 5.3430e+02
Var    Value     Gradient |Var    Value     Gradient |Var    Value     Gradient
  1 -0.05355 -1.09777e+02 |  2 -0.17216  2.87102e+01 |  3 -0.18274  2.55976e+01
  4 -0.18846  2.28289e+01 |  5 -0.18578  2.07488e+01 |  6 -0.17060  1.95412e+01
  7 -0.13761  1.88015e+01 |  8 -0.08253  1.57776e+01 |  9 -0.03000  7.58139e+00
 10 -0.05794  1.29383e+01 | 11 -0.11002  1.84496e+01 | 12 -0.11066  2.36390e+01
 13 -0.04076  3.83539e+01 | 14  0.12507  6.34781e+01 | 15 -0.07257  4.76480e+01
 16 -0.03251  5.62565e+01 | 17  0.04920  7.92736e+01 | 18  0.04464  9.99401e+01
 19  0.09014  1.39472e+02 | 20  0.10834  1.68479e+02 | 21  0.02609  1.24125e+02
 22  0.05268  1.12244e+02 | 23  0.04571  8.47057e+01 | 24  0.08735  3.37963e+01
 25  0.04816  1.33272e+01 | 26  0.02691  4.32463e+01 | 27  0.04158  5.76641e+01
 28 -0.00798  3.64906e+01 | 29  0.08618  2.57966e+01 | 30  0.02982  9.71428e+00
 31  0.09014  1.82416e+01 | 32  0.04077  1.66087e+01 | 33  0.08120 -1.71629e+01
 34  0.02469 -1.26648e+01 | 35  0.09290 -4.80996e+01 | 36  0.10907 -2.71441e+00
 37  0.07860  2.17561e+01 | 38  0.07637  4.13446e+01 | 39  0.08933  6.89560e+01
 40  0.13099  1.26976e+02 | 41  0.15637 -3.68392e+00 | 42 -0.36276 -2.21906e+01
 43  0.12483  1.92728e+00 | 44  0.09679  8.95982e+01 | 45  0.14973  2.55926e+02
 46  0.22062  5.34304e+02 | 47  0.09483  5.14799e+01 | 48 -0.59964 -1.94629e+01
 49  0.16126  1.71149e+02 | 50  0.11349  1.34218e+02 | 51  0.05018  6.32610e+01
 52  0.13107  1.22687e+02 | 53  0.01526  3.89198e+01 | 54 -0.24335  8.63799e+00
 55 -0.15087  3.32622e+01 | 56 -0.00794  5.21388e+01 | 57  0.02412  5.80330e+01
 58 -0.02160  5.66678e+01 | 59  0.01354  6.68521e-05 | 60 -0.44066 -2.60445e-03
 61 -0.03301 -1.63027e-04 | 62 -0.21633 -1.11062e-03 | 63  0.14291  7.17356e-04
 64 -0.94907 -3.90715e-02 |
64 variables; iteration 40; function evaluation 53; phase 2
Function value 4.3162912e+03; maximum gradient component mag 2.7676e+02
Var    Value     Gradient |Var    Value     Gradient |Var    Value     Gradient
  1 -0.04824 -3.16445e+01 |  2 -0.05031  1.90670e+01 |  3 -0.05316  1.84004e+01
  4 -0.06011  1.51662e+01 |  5 -0.07298  8.93969e+00 |  6 -0.09062  1.03306e+00
  7 -0.12779 -9.43117e+00 |  8 -0.17945 -1.92119e+01 |  9 -0.02720  2.58175e+00
 10 -0.08192 -9.73455e-01 | 11 -0.09003  4.53815e+00 | 12 -0.02932  3.10527e+01
 13  0.01859  5.69312e+01 | 14 -0.00067  4.26185e+01 | 15  0.01743  4.53514e+01
 16 -0.06764  4.59789e+00 | 17 -0.02501 -6.59311e+00 | 18  0.00548 -9.60462e+00
 19  0.00792 -1.14714e+00 | 20  0.08894  4.91074e+01 | 21 -0.06290  2.16379e+01
 22  0.03207  6.66570e+01 | 23  0.00337  5.67756e+01 | 24  0.05668  9.18285e+01
 25  0.04330  9.41233e+01 | 26 -0.01442  1.37421e+01 | 27 -0.00823 -7.38631e+00
 28 -0.00446  6.33655e+01 | 29  0.04709  4.81563e+01 | 30  0.02413  3.25325e+01
 31  0.04975 -1.86389e+01 | 32  0.01982 -1.89854e+01 | 33  0.04191 -7.32746e+01
 34  0.00931 -2.09397e+01 | 35  0.06499 -4.76695e+01 | 36  0.08825 -3.52990e+01
 37  0.02522 -8.06356e+01 | 38  0.05081 -4.24061e+01 | 39  0.05771 -1.06249e+01
 40  0.10064  2.45460e+01 | 41  0.11345 -4.30318e+01 | 42 -0.12932 -1.04866e+02
 43  0.08923 -8.68597e+01 | 44  0.04725 -5.13867e+01 | 45  0.12977  1.34487e+02
 46  0.16703  2.76763e+02 | 47  0.10176  4.48468e+01 | 48 -0.58555 -4.93527e+01
 49  0.10299 -7.37608e+01 | 50  0.07018 -2.78387e+01 | 51  0.02203 -2.95763e+01
 52  0.07968 -5.35643e+00 | 53 -0.01909 -2.04756e+01 | 54 -0.06504  1.41073e+01
 55 -0.06333  1.16563e+01 | 56  0.03455  1.90235e+01 | 57  0.04494  1.49707e+01
 58 -0.00669  1.04129e+01 | 59  0.01349  6.65803e-05 | 60 -0.43851 -2.58664e-03
 61 -0.03287 -1.62363e-04 | 62 -0.21541 -1.10554e-03 | 63  0.14232  7.14290e-04
 64 -0.91736 -2.40400e-02 |
64 variables; iteration 60; function evaluation 80; phase 2
Function value 4.2830654e+03; maximum gradient component mag -1.5762e+02
Var    Value     Gradient |Var    Value     Gradient |Var    Value     Gradient
  1 -0.05749  3.85699e+01 |  2 -0.04304  2.85647e+01 |  3 -0.06288  2.35167e+01
  4 -0.08112  1.85668e+01 |  5 -0.08263  1.89609e+01 |  6 -0.04986  3.20469e+01
  7 -0.02931  4.06285e+01 |  8 -0.06843  2.33781e+01 |  9 -0.04051  3.42753e+01
 10 -0.07216  2.22572e+01 | 11 -0.04863  3.15959e+01 | 12 -0.03784  3.18810e+01
 13 -0.06180  1.50078e+01 | 14 -0.02349  2.13652e+01 | 15 -0.04424  2.70023e+01
 16  0.00542  5.81523e+01 | 17 -0.02927  3.17542e+01 | 18 -0.02921  2.27840e+01
 19  0.04155  2.92879e+01 | 20  0.01346  2.83309e+01 | 21  0.00822  8.60985e+01
 22 -0.00670  8.25012e+01 | 23  0.00838  9.89877e+01 | 24  0.04014  9.87178e+01
 25  0.01782  9.65849e+01 | 26 -0.00537  1.06678e+02 | 27 -0.00154  9.42168e+01
 28 -0.03481  5.08279e+01 | 29  0.03883  6.80741e+01 | 30  0.01143  7.27829e+01
 31  0.05153  8.66448e+01 | 32  0.00255  2.57939e+01 | 33  0.04656  3.63998e+01
 34 -0.00535  1.56819e+01 | 35  0.06542  1.57265e+01 | 36  0.06293 -1.30697e+01
 37  0.05186 -8.31601e+00 | 38  0.02166 -5.25900e+01 | 39  0.05626 -7.11428e+01
 40  0.06956 -1.39721e+02 | 41  0.08949 -9.56963e+01 | 42 -0.03226 -8.02998e+01
 43  0.07493 -5.40385e+01 | 44  0.04396 -1.15751e+02 | 45  0.10059 -1.53580e+02
 46  0.11299 -1.57617e+02 | 47  0.09675 -5.06458e+01 | 48 -0.27573 -6.29854e+01
 49  0.10111 -1.09210e+02 | 50  0.02580 -1.00544e+02 | 51  0.04392 -5.06699e+01
 52  0.04184 -5.46189e+01 | 53  0.02092 -5.03497e-01 | 54 -0.09568  7.99759e-01
 55 -0.03512  1.70781e+01 | 56 -0.04460 -2.40641e-01 | 57  0.01369  5.41728e+00
 58 -0.03514  2.66463e+00 | 59  0.01325  6.54120e-05 | 60 -0.42934 -2.51156e-03
 61 -0.03229 -1.59507e-04 | 62 -0.21148 -1.08380e-03 | 63  0.13978  7.01127e-04
 64 -0.83717 -1.20110e-02 |

 - final statistics:
64 variables; iteration 75; function evaluation 98
Function value 4.2520e+03; maximum gradient component mag -9.1925e+00
Exit code = 1;  converg criter 1.0000e+01
Var    Value     Gradient |Var    Value     Gradient |Var    Value     Gradient
  1 -0.02849 -9.19251e+00 |  2 -0.09720 -5.33852e-01 |  3 -0.09722 -4.96461e-02
  4 -0.09809 -4.20058e-01 |  5 -0.09602 -8.32020e-01 |  6 -0.08881 -7.62057e-01
  7 -0.07570  1.20665e-01 |  8 -0.07056 -8.93007e-01 |  9 -0.06162 -3.95810e-02
 10 -0.06580 -2.90510e-01 | 11 -0.07026 -4.55399e-01 | 12 -0.06113  1.52068e-01
 13 -0.04348 -1.39783e+00 | 14 -0.00647 -2.10532e+00 | 15 -0.03773 -1.10192e+00
 16 -0.04486 -7.27266e-01 | 17 -0.01674 -5.78139e-01 | 18 -0.01214  8.55059e-01
 19  0.02371  5.19360e-01 | 20  0.05478  3.84165e+00 | 21 -0.04883 -5.82673e-02
 22  0.00839  2.21535e+00 | 23 -0.01026 -5.19532e-01 | 24  0.04432 -2.79366e+00
 25  0.01385 -2.78064e+00 | 26 -0.01811 -1.42384e+00 | 27 -0.00686 -1.25203e+00
 28 -0.03818 -1.49045e+00 | 29  0.03895 -2.76590e+00 | 30  0.00348 -2.87605e+00
 31  0.04532 -3.06493e+00 | 32  0.00548 -2.11432e+00 | 33  0.04373 -2.32885e+00
 34 -0.00488 -2.52584e+00 | 35  0.06301 -3.31398e+00 | 36  0.06818 -3.87002e+00
 37  0.04404 -9.21469e-01 | 38  0.03825 -1.45914e+00 | 39  0.05024 -8.25848e-01
 40  0.09227  9.70707e-02 | 41  0.07998  2.65160e+00 | 42  0.01084 -1.27524e+00
 43  0.05709  2.77109e+00 | 44  0.07079  1.01937e+00 | 45  0.09782 -5.36002e-01
 46  0.13937  6.44007e+00 | 47  0.03874  1.34675e+00 | 48 -0.00504  1.59073e+00
 49  0.07611  5.06907e+00 | 50  0.06975  2.77750e+00 | 51  0.03359  3.60447e-01
 52  0.06351  5.37728e-01 | 53  0.00584 -4.58927e-01 | 54 -0.09088 -2.18367e-01
 55 -0.07881 -1.32620e-02 | 56 -0.01528 -1.59083e-01 | 57  0.00455 -3.15312e-01
 58 -0.02578 -2.29374e-01 | 59  0.01206  5.95115e-05 | 60 -0.38440 -2.16694e-03
 61 -0.02938 -1.45091e-04 | 62 -0.19176 -9.76003e-04 | 63  0.12700  6.35156e-04
 64 -0.65942 -5.30091e-03 |

Initial statistics: 72 variables; iteration 0; function evaluation 0; phase 3
Function value 4.2519724e+03; maximum gradient component mag 5.3916e+04
Var    Value     Gradient |Var    Value     Gradient |Var    Value     Gradient
  1 -0.58910  5.39165e+04 |  2 -0.64634  3.45662e+04 |  3 -0.60608  2.10601e+04
  4 -0.62943  1.37633e+04 |  5 -0.02849 -9.19251e+00 |  6 -0.09719 -2.34396e-01
  7 -0.09720  2.49811e-01 |  8 -0.09807 -1.20665e-01 |  9 -0.09601 -5.32479e-01
 10 -0.08880 -4.62019e-01 | 11 -0.07568  4.21510e-01 | 12 -0.07055 -5.91885e-01
 13 -0.06160  2.61984e-01 | 14 -0.06579  1.08554e-02 | 15 -0.07025 -1.54260e-01
 16 -0.06112  4.53656e-01 | 17 -0.04347 -1.09556e+00 | 18 -0.00646 -1.80235e+00
 19 -0.03771 -7.99473e-01 | 20 -0.04484 -4.25036e-01 | 21 -0.01672 -2.75262e-01
 22 -0.01213  1.15799e+00 | 23  0.02372  8.22131e-01 | 24  0.05480  4.14350e+00
 25 -0.04882  2.43825e-01 | 26  0.00841  2.51831e+00 | 27 -0.01025 -2.16588e-01
 28  0.04433 -2.49141e+00 | 29  0.01386 -2.47772e+00 | 30 -0.01809 -1.12098e+00
 31 -0.00685 -9.49060e-01 | 32 -0.03817 -1.18801e+00 | 33  0.03896 -2.46348e+00
 34  0.00349 -2.57307e+00 | 35  0.04533 -2.76271e+00 | 36  0.00550 -1.81135e+00
 37  0.04374 -2.02658e+00 | 38 -0.00486 -2.22287e+00 | 39  0.06302 -3.01247e+00
 40  0.06820 -3.56876e+00 | 41  0.04405 -6.19210e-01 | 42  0.03826 -1.15670e+00
 43  0.05026 -5.23808e-01 | 44  0.09228  3.96875e-01 | 45  0.07999  2.95219e+00
 46  0.01085 -9.72299e-01 | 47  0.05711  3.07285e+00 | 48  0.07080  1.32048e+00
 49  0.09783 -2.36588e-01 | 50  0.13938  6.73579e+00 | 51  0.03876  1.64917e+00
 52 -0.00502  1.89370e+00 | 53  0.07612  5.36987e+00 | 54  0.06976  3.07866e+00
 55  0.03360  6.63008e-01 | 56  0.06352  8.39202e-01 | 57  0.00586 -1.55957e-01
 58 -0.09086  8.15338e-02 | 59 -0.07879  2.87403e-01 | 60 -0.01527  1.43812e-01
 61  0.00456 -1.23375e-02 | 62 -0.02577  7.33598e-02 | 63 -1.00000 -8.66316e-08
 64 -1.00000 -8.66316e-08 | 65 -1.00000 -8.66327e-08 | 66 -1.00000 -8.66317e-08
 67  0.01206  5.95115e-05 | 68 -0.38440 -2.16694e-03 | 69 -0.02938 -1.45091e-04
 70 -0.19176 -9.76003e-04 | 71  0.12700  6.35156e-04 | 72 -0.65942 -5.30091e-03

Intermediate statistics: 72 variables; iteration 20; function evaluation 37; phase 3
Function value 3.4879805e+03; maximum gradient component mag 1.5284e+04
Var    Value     Gradient |Var    Value     Gradient |Var    Value     Gradient
  1 -0.57940  1.47720e+04 |  2 -0.68447  7.83956e+03 |  3 -0.59701  1.52845e+04
  4 -0.66285  4.70947e+03 |  5 -0.12673 -5.53768e+01 |  6 -0.04076  4.24123e+01
  7 -0.04655  4.28040e+01 |  8 -0.04431  4.53120e+01 |  9 -0.03879  4.84128e+01
 10 -0.03290  5.10510e+01 | 11 -0.02889  5.23890e+01 | 12 -0.01454  5.68952e+01
 13 -0.01911  5.43013e+01 | 14 -0.03121  4.86578e+01 | 15 -0.04395  3.99682e+01
 16 -0.05381  2.67372e+01 | 17 -0.01447  8.57610e+00 | 18 -0.06008 -9.72377e+00
 19 -0.05759 -1.30567e+01 | 20 -0.02337 -1.92286e+01 | 21 -0.03457 -1.59272e+01
 22 -0.07667 -4.67268e-01 | 23  0.11091 -9.78386e+01 | 24 -0.31477 -2.55839e+01
 25  0.02073 -4.06815e+01 | 26 -0.00351  4.66269e+01 | 27  0.01374  1.02842e+02
 28  0.05744  1.13398e+02 | 29  0.01786  5.90053e+01 | 30 -0.00322  5.39747e+01
 31  0.00641  8.73947e+01 | 32  0.01308  1.58665e+02 | 33  0.05614  1.46537e+02
 34  0.03692  1.32638e+02 | 35  0.05469  9.75643e+01 | 36  0.02695  8.52116e+01
 37  0.04445  4.07022e+01 | 38  0.02980  4.29385e+01 | 39  0.04165 -1.24636e+02
 40  0.06524 -2.94493e+01 | 41  0.04424  4.11201e+01 | 42  0.02135  2.93408e+01
 43  0.03396  3.20789e+01 | 44  0.08674  5.79602e+01 | 45  0.05951  3.03778e+01
 46  0.02444  8.40569e+01 | 47  0.06473  8.79311e+01 | 48  0.05257  1.62012e+01
 49  0.07893  2.38331e+01 | 50  0.13664 -8.24702e+00 | 51 -0.11126 -4.87228e+01
 52  0.00272  1.91252e+01 | 53  0.08388  3.89075e+01 | 54 -0.04171 -7.11358e+01
 55  0.00540 -5.07338e+01 | 56 -0.02053 -4.93395e+01 | 57 -0.00313  2.53809e+01
 58 -0.01787  6.66751e+01 | 59  0.01406  5.96121e+01 | 60 -0.02209  3.41348e+01
 61 -0.03059  2.83224e+01 | 62 -0.00320  3.42694e+01 | 63 -0.89365 -3.72615e-06
 64 -0.89365 -3.72615e-06 | 65 -0.86702 -2.59973e+02 | 66 -0.80934  2.20956e+00
 67  0.01206  5.95062e-05 | 68 -0.38436 -2.16666e-03 | 69 -0.02938 -1.45079e-04
 70 -0.19174 -9.75909e-04 | 71  0.12698  6.35097e-04 | 72 -0.65932 -5.29912e-03
72 variables; iteration 40; function evaluation 58; phase 3
Function value 3.4620127e+03; maximum gradient component mag 1.2131e+04
Var    Value     Gradient |Var    Value     Gradient |Var    Value     Gradient
  1 -0.57843  8.63732e+03 |  2 -0.68833  2.58035e+03 |  3 -0.59900  1.21307e+04
  4 -0.65927  4.91974e+03 |  5 -0.13517 -4.14634e+02 |  6 -0.05643  3.57867e+01
  7 -0.06199  3.54936e+01 |  8 -0.05635  3.76859e+01 |  9 -0.04897  3.96913e+01
 10 -0.04469  3.99915e+01 | 11 -0.04728  3.77361e+01 | 12 -0.02292  4.20247e+01
 13 -0.03108  3.84629e+01 | 14 -0.03904  3.62020e+01 | 15 -0.05469  3.18058e+01
 16 -0.10941  1.80404e+01 | 17  0.05808  2.68717e+01 | 18 -0.12257  2.26132e+00
 19 -0.09974  4.61799e+00 | 20  0.05603  7.01136e+00 | 21 -0.11357  3.74523e+00
 22 -0.05366  1.49125e+01 | 23  0.11969 -3.51317e+01 | 24 -0.25866 -1.96469e+01
 25  0.02959 -3.75147e+01 | 26 -0.02159  2.84236e+01 | 27  0.02712  1.19970e+02
 28  0.06761  1.46057e+02 | 29  0.01926  4.61776e+01 | 30 -0.01011  2.32114e+01
 31  0.01522  8.64338e+01 | 32  0.01522  1.63415e+02 | 33  0.06317  1.67455e+02
 34  0.03642  1.24414e+02 | 35  0.05562  8.43960e+01 | 36  0.02564  8.55355e+01
 37  0.05551  9.22052e+01 | 38  0.03010  5.69355e+01 | 39  0.04412 -1.12355e+02
 40  0.06849 -2.94861e+01 | 41  0.03597  3.74193e+00 | 42  0.01310 -4.10615e+00
 43  0.03896  3.73863e+00 | 44  0.07318 -3.87897e+01 | 45  0.05307 -3.37517e+01
 46  0.02529  6.57805e+01 | 47  0.06234  5.65377e+01 | 48  0.04218 -2.72546e+01
 49  0.08365 -2.92097e+01 | 50  0.11220 -6.16182e+01 | 51 -0.01604 -2.75060e+01
 52 -0.01330  2.36497e+01 | 53  0.07855  4.52590e+01 | 54 -0.00083 -3.11665e+01
 55  0.01802 -5.78707e+00 | 56 -0.00316 -2.37544e+01 | 57 -0.00143  3.01410e+01
 58 -0.02469  6.28376e+01 | 59  0.00455  5.72449e+01 | 60 -0.01627  3.70650e+01
 61  0.04153  4.27542e+01 | 62 -0.07371  2.25988e+01 | 63 -0.06117 -6.05633e-08
 64 -0.06117 -6.05633e-08 | 65 -0.87175 -3.59659e+02 | 66 -0.85215 -2.64690e+01
 67  0.01204  5.94272e-05 | 68 -0.38378 -2.16241e-03 | 69 -0.02934 -1.44885e-04
 70 -0.19148 -9.74488e-04 | 71  0.12681  6.34220e-04 | 72 -0.65790 -5.27218e-03
72 variables; iteration 60; function evaluation 82; phase 3
Function value 3.4264814e+03; maximum gradient component mag 1.9407e+03
Var    Value     Gradient |Var    Value     Gradient |Var    Value     Gradient
  1 -0.58002  1.94067e+03 |  2 -0.68721 -2.33259e+01 |  3 -0.60034  1.45978e+02
  4 -0.66079  3.72922e+01 |  5 -0.13371 -5.78569e+01 |  6 -0.08712  1.07023e+01
  7 -0.09305  9.76417e+00 |  8 -0.09315  9.72655e+00 |  9 -0.07922  1.22732e+01
 10 -0.05299  1.71259e+01 | 11 -0.06692  1.32302e+01 | 12 -0.03987  1.87646e+01
 13 -0.03804  2.02827e+01 | 14  0.00042  3.18603e+01 | 15 -0.04906  1.88686e+01
 16 -0.09651  4.85364e+00 | 17  0.01104  9.11093e+00 | 18 -0.07896 -5.95386e+00
 19 -0.01008  1.42637e+00 | 20  0.02655 -8.04155e+00 | 21 -0.14173 -1.80871e+01
 22 -0.04079 -9.03924e+00 | 23  0.11150 -5.96632e+01 | 24 -0.19975 -3.19584e+01
 25  0.03173 -5.16863e+01 | 26 -0.02756 -7.96433e+00 | 27  0.01943  3.27251e+01
 28  0.05198  3.05038e+01 | 29  0.02218  3.13021e+01 | 30  0.00696  4.95587e+01
 31  0.00566  5.61576e+01 | 32  0.00655  1.06831e+02 | 33  0.06206  1.21491e+02
 34  0.02503  8.60311e+01 | 35  0.06072  9.46711e+01 | 36  0.01551  5.12438e+01
 37  0.05242  5.66617e+01 | 38  0.01994  4.46195e+01 | 39  0.06394 -3.89059e+01
 40  0.06304  3.70418e+00 | 41  0.04207  2.42128e+01 | 42  0.01172 -2.87532e+00
 43  0.03943  1.04384e+01 | 44  0.07922  9.79458e-01 | 45  0.06004  3.15811e-01
 46  0.02915  6.10468e+01 | 47  0.05435  3.53917e+01 | 48  0.06055  1.94222e+01
 49  0.08914  3.17477e+01 | 50  0.12012  8.50642e+00 | 51 -0.01079 -1.29012e+01
 52 -0.00218  2.26649e+01 | 53  0.06630  8.70992e+00 | 54  0.02396 -2.79203e+01
 55  0.00018 -2.72151e+01 | 56  0.00971 -3.04906e+01 | 57  0.00793  2.33817e+01
 58 -0.06267  2.57428e+01 | 59  0.03237  5.00274e+01 | 60 -0.04300  1.51462e+01
 61 -0.01490  1.65314e+01 | 62 -0.01293  1.77058e+01 | 63 -0.34792 -3.82210e-07
 64 -0.34792 -3.82210e-07 | 65 -0.85663 -1.51155e+02 | 66 -0.88880 -5.65644e+01
 67  0.01197  5.90825e-05 | 68 -0.38124 -2.14400e-03 | 69 -0.02917 -1.44044e-04
 70 -0.19033 -9.68298e-04 | 71  0.12607  6.30393e-04 | 72 -0.65172 -5.15774e-03
Maximum number of function evaluations exceeded

 - final statistics:
72 variables; iteration 71; function evaluation 100
Function value 3.4110e+03; maximum gradient component mag -9.3833e+02
Exit code = 3;  converg criter 1.0000e+00
Var    Value     Gradient |Var    Value     Gradient |Var    Value     Gradient
  1 -0.58140 -8.79379e+02 |  2 -0.68521 -1.46650e+02 |  3 -0.60045 -9.38328e+02
  4 -0.66087 -3.77358e+02 |  5 -0.13400  1.00935e+01 |  6 -0.07860 -1.56996e+00
  7 -0.07054  8.31017e-01 |  8 -0.07359  1.72607e-01 |  9 -0.08895 -3.89532e+00
 10 -0.04940  3.68278e+00 | 11 -0.04608  2.28226e+00 | 12 -0.04122  1.11240e+00
 13 -0.02132  3.77433e+00 | 14 -0.07587 -5.98621e+00 | 15 -0.04588  8.63291e-01
 16 -0.04884 -7.07395e-01 | 17 -0.00605  8.59133e-01 | 18 -0.01444 -5.30486e+00
 19 -0.06787 -5.37202e+00 | 20  0.03023  2.23395e+01 | 21 -0.00779  5.40166e+00
 22 -0.13635 -1.78122e+01 | 23  0.11700 -1.33912e+01 | 24 -0.16208 -3.75341e+01
 25  0.03880 -2.59829e+01 | 26 -0.02502 -2.08074e+01 | 27  0.00634 -1.73401e+01
 28  0.04972 -2.66127e+01 | 29  0.02094 -1.29771e+01 | 30 -0.00737 -7.80584e-01
 31  0.01162  1.45764e+01 | 32 -0.02035  7.65125e+00 | 33  0.05477  1.38838e+01
 34  0.01562  1.04449e+01 | 35  0.04712 -1.73942e+00 | 36  0.01086  5.47068e+00
 37  0.04329 -3.37715e+00 | 38  0.00377  6.93260e+00 | 39  0.07563  1.58833e+01
 40  0.05527 -1.20433e+00 | 41  0.03361  4.88441e+00 | 42  0.02068  7.21884e-01
 43  0.02999 -5.59004e+00 | 44  0.08065  1.59088e+01 | 45  0.06818  1.02075e+01
 46  0.00687  2.57855e+00 | 47  0.05877  2.26607e+01 | 48  0.06265  2.77192e+01
 49  0.08934  3.66950e+01 | 50  0.11788  3.30813e+01 | 51  0.01248  7.20072e+00
 52 -0.01934 -1.70619e+00 | 53  0.06539  9.94406e+00 | 54  0.04169  1.08425e+01
 55  0.01014  4.21194e+00 | 56  0.04385  1.13381e+01 | 57 -0.00857 -6.59838e-01
 58 -0.06791  4.30843e+00 | 59 -0.08734 -6.23412e+00 | 60 -0.03004 -4.54540e-02
 61  0.00690  4.49316e+00 | 62 -0.02602 -3.53703e-02 | 63 -0.51859 -6.66131e-07
 64 -0.51859 -6.66131e-07 | 65 -0.82137 -1.10809e+01 | 66 -0.87023 -3.13879e+01
 67  0.01166  5.75582e-05 | 68 -0.37006 -2.06412e-03 | 69 -0.02842 -1.40321e-04
 70 -0.18528 -9.41035e-04 | 71  0.12277  6.13502e-04 | 72 -0.62517 -4.70442e-03

Initial statistics: 72 variables; iteration 0; function evaluation 0; phase 4
Function value 3.4109534e+03; maximum gradient component mag -9.3833e+02
Var    Value     Gradient |Var    Value     Gradient |Var    Value     Gradient
  1 -0.58140 -8.79379e+02 |  2 -0.68521 -1.46650e+02 |  3 -0.60045 -9.38328e+02
  4 -0.66087 -3.77358e+02 |  5 -0.13400  1.00935e+01 |  6 -0.07869 -3.41119e+00
  7 -0.07063 -1.01299e+00 |  8 -0.07368 -1.67039e+00 |  9 -0.08903 -5.73254e+00
 10 -0.04948  1.83294e+00 | 11 -0.04616  4.31705e-01 | 12 -0.04131 -7.39106e-01
 13 -0.02141  1.91995e+00 | 14 -0.07596 -7.82832e+00 | 15 -0.04597 -9.87287e-01
 16 -0.04893 -2.55731e+00 | 17 -0.00613 -9.96186e-01 | 18 -0.01453 -7.15977e+00
 19 -0.06796 -7.21678e+00 | 20  0.03015  2.04864e+01 | 21 -0.00787  3.54638e+00
 22 -0.13643 -1.96246e+01 | 23  0.11691 -1.52157e+01 | 24 -0.16217 -3.93283e+01
 25  0.03871 -2.78351e+01 | 26 -0.02511 -2.26612e+01 | 27  0.00625 -1.91954e+01
 28  0.04964 -2.84628e+01 | 29  0.02086 -1.48316e+01 | 30 -0.00745 -2.63586e+00
 31  0.01154  1.27213e+01 | 32 -0.02043  5.79677e+00 | 33  0.05468  1.20354e+01
 34  0.01554  8.59005e+00 | 35  0.04703 -3.58979e+00 | 36  0.01077  3.61556e+00
 37  0.04320 -5.22832e+00 | 38  0.00369  5.07723e+00 | 39  0.07554  1.40412e+01
 40  0.05518 -3.05278e+00 | 41  0.03352  3.03162e+00 | 42  0.02060 -1.13255e+00
 43  0.02991 -7.44344e+00 | 44  0.08056  1.40686e+01 | 45  0.06809  8.36289e+00
 46  0.00678  7.23251e-01 | 47  0.05868  2.08135e+01 | 48  0.06257  2.58731e+01
 49  0.08925  3.48585e+01 | 50  0.11779  3.12585e+01 | 51  0.01240  5.34568e+00
 52 -0.01943 -3.56072e+00 | 53  0.06530  8.09854e+00 | 54  0.04161  8.99116e+00
 55  0.01005  2.35678e+00 | 56  0.04376  9.48715e+00 | 57 -0.00865 -2.51507e+00
 58 -0.06800  2.46353e+00 | 59 -0.08742 -8.07194e+00 | 60 -0.03013 -1.89878e+00
 61  0.00682  2.63787e+00 | 62 -0.02610 -1.88921e+00 | 63 -0.51859 -6.66131e-07
 64 -0.51859 -6.66131e-07 | 65 -0.82137 -1.10809e+01 | 66 -0.87023 -3.13879e+01
 67  0.01166  5.75582e-05 | 68 -0.37006 -2.06412e-03 | 69 -0.02842 -1.40321e-04
 70 -0.18528 -9.41035e-04 | 71  0.12277  6.13502e-04 | 72 -0.62517 -4.70442e-03

Intermediate statistics: 72 variables; iteration 20; function evaluation 28; phase 4
Function value 3.4045299e+03; maximum gradient component mag -1.0603e+03
Var    Value     Gradient |Var    Value     Gradient |Var    Value     Gradient
  1 -0.58122 -1.06027e+03 |  2 -0.68536 -4.67097e+02 |  3 -0.60046 -3.88290e+02
  4 -0.66032 -6.06982e+01 |  5 -0.13275  3.36410e+02 |  6 -0.07109 -3.52032e+00
  7 -0.07131 -2.72778e+00 |  8 -0.07231 -2.67612e+00 |  9 -0.07372 -3.47724e+00
 10 -0.05894 -8.48902e-01 | 11 -0.05111 -7.12588e-01 | 12 -0.04265 -5.12764e-01
 13 -0.03372  8.46658e-01 | 14 -0.05320 -2.76309e+00 | 15 -0.05085 -1.03963e+00
 16 -0.04966 -1.75193e+00 | 17 -0.02167  1.01232e-02 | 18 -0.00204  1.05338e+00
 19 -0.04158  1.09849e+00 | 20  0.00105  1.95069e+01 | 21 -0.00096  1.72070e+01
 22 -0.06557  2.98067e+00 | 23  0.08994  6.61763e+01 | 24 -0.01429  3.77586e+00
 25  0.00802  2.21116e+01 | 26 -0.00782  1.03357e+01 | 27  0.00446  1.52289e+01
 28  0.05193  5.61564e+00 | 29  0.01664 -2.05202e+01 | 30 -0.01453 -3.63783e+01
 31  0.00067 -4.40603e+01 | 32 -0.02778 -3.20006e+01 | 33  0.04784 -2.38219e+01
 34  0.01281  6.64926e+00 | 35  0.04646  1.79615e+01 | 36  0.00831  1.06201e+01
 37  0.03845 -1.44038e+01 | 38 -0.00255 -1.15473e+01 | 39  0.06881 -5.43450e+00
 40  0.05103  1.43536e+00 | 41  0.03285  2.64257e+01 | 42  0.01944  1.99955e+01
 43  0.02538 -5.21059e+00 | 44  0.07265 -1.37823e+01 | 45  0.05832 -3.04334e+01
 46 -0.00089 -2.20242e+01 | 47  0.04997 -1.08126e+01 | 48  0.05228 -2.00479e+01
 49  0.07455 -3.61732e+01 | 50  0.10473 -4.33505e+01 | 51  0.00289 -1.59882e+01
 52 -0.02515 -4.27102e+00 | 53  0.06309  2.85465e+01 | 54  0.03591  1.36172e+01
 55  0.00293 -3.50940e+00 | 56  0.03272 -2.50963e+00 | 57 -0.01612 -9.75169e+00
 58 -0.08413 -6.79834e+00 | 59 -0.06948 -7.83446e+00 | 60 -0.02999 -6.49818e+00
 61 -0.00935 -5.31257e+00 | 62 -0.01916 -5.93901e+00 | 63 -0.51859 -6.66131e-07
 64 -0.51859 -6.66131e-07 | 65 -0.81525 -3.48262e+01 | 66 -0.85665 -1.89199e+01
 67  0.01166  5.75554e-05 | 68 -0.37004 -2.06397e-03 | 69 -0.02841 -1.40314e-04
 70 -0.18527 -9.40984e-04 | 71  0.12277  6.13471e-04 | 72 -0.62513 -4.70367e-03
72 variables; iteration 40; function evaluation 52; phase 4
Function value 3.4018815e+03; maximum gradient component mag -3.9751e+02
Var    Value     Gradient |Var    Value     Gradient |Var    Value     Gradient
  1 -0.58104 -3.97510e+02 |  2 -0.68565 -2.92465e+02 |  3 -0.60031 -3.04992e+02
  4 -0.66079 -1.98118e+02 |  5 -0.13605  2.30205e+02 |  6 -0.06768  2.89771e-01
  7 -0.07175 -1.57488e-02 |  8 -0.07052  4.25836e-01 |  9 -0.06295  1.64667e+00
 10 -0.05882  1.10631e+00 | 11 -0.04854  1.26223e+00 | 12 -0.03978  8.45005e-01
 13 -0.04110 -5.72666e-01 | 14 -0.04262  1.00654e-01 | 15 -0.05562 -1.30603e+00
 16 -0.04466  6.56240e-01 | 17 -0.02077  1.67531e+00 | 18  0.00801  3.64327e+00
 19 -0.02826  3.47893e+00 | 20 -0.01132  9.46574e+00 | 21 -0.00587  8.52989e+00
 22 -0.02494  1.15772e+01 | 23  0.07258  4.39550e+01 | 24  0.01696  1.56749e+01
 25  0.00424  2.33529e+01 | 26 -0.00564  6.08735e+00 | 27  0.00532  7.57045e+00
 28  0.05370 -2.45396e-01 | 29  0.01740 -5.88071e+00 | 30 -0.00497  2.07162e+00
 31  0.00672  5.74315e+00 | 32 -0.02140  7.99524e-01 | 33  0.05023 -3.53903e+00
 34  0.01011  6.88259e-01 | 35  0.04577  4.11895e+00 | 36  0.00408  2.17070e+00
 37  0.03963  5.85028e-01 | 38 -0.00250  1.37283e+00 | 39  0.06572 -3.58829e-01
 40  0.05141  7.71716e-01 | 41  0.02240 -2.89815e+00 | 42  0.01269 -2.70701e-01
 43  0.02452 -2.22317e+00 | 44  0.06912 -2.64690e+00 | 45  0.05679 -1.08298e+01
 46 -0.00204 -4.74129e+00 | 47  0.04904  7.95994e+00 | 48  0.04736 -1.11477e+01
 49  0.07189 -1.64849e+01 | 50  0.10417 -3.32864e+00 | 51 -0.00026  2.28361e+00
 52 -0.02526  3.13683e+00 | 53  0.04870 -3.23803e+00 | 54  0.02443 -1.98842e+00
 55  0.00078  1.58999e+00 | 56  0.02073 -4.65981e+00 | 57 -0.01927 -3.35731e+00
 58 -0.08965 -2.04489e+00 | 59 -0.06855 -1.72839e+00 | 60 -0.03932 -2.78559e+00
 61 -0.00379  8.84116e-01 | 62 -0.02242 -1.53128e+00 | 63 -0.51859 -6.66130e-07
 64 -0.51859 -6.66130e-07 | 65 -0.79282 -3.26165e+00 | 66 -0.83275  6.32301e-01
 67  0.01159  5.72140e-05 | 68 -0.36756 -2.04650e-03 | 69 -0.02825 -1.39480e-04
 70 -0.18414 -9.34908e-04 | 71  0.12203  6.09695e-04 | 72 -0.61948 -4.61449e-03
72 variables; iteration 60; function evaluation 78; phase 4
Function value 3.4011746e+03; maximum gradient component mag -2.4464e+01
Var    Value     Gradient |Var    Value     Gradient |Var    Value     Gradient
  1 -0.58106 -1.93957e+01 |  2 -0.68560 -2.16325e+01 |  3 -0.60034 -2.44639e+01
  4 -0.66068 -1.74298e+01 |  5 -0.13700  1.42639e+01 |  6 -0.06541  1.19253e-01
  7 -0.07036 -4.57782e-01 |  8 -0.07000 -3.26916e-01 |  9 -0.06200  8.46734e-01
 10 -0.06109 -4.72667e-01 | 11 -0.05203 -5.25736e-01 | 12 -0.03896  2.37484e-01
 13 -0.03656  1.00140e-01 | 14 -0.04172  5.76061e-01 | 15 -0.04465  1.52337e+00
 16 -0.04466  5.65069e-01 | 17 -0.02305 -2.29764e-01 | 18  0.00872 -1.92241e-01
 19 -0.02306 -2.94066e-01 | 20 -0.02721 -9.54544e-01 | 21  0.00236 -2.72835e-01
 22 -0.02043  3.20844e-02 | 23  0.05659  9.19574e+00 | 24  0.03300  7.78026e-01
 25 -0.01327  6.38930e+00 | 26  0.00425  1.56929e+00 | 27 -0.00148 -3.55733e-01
 28  0.05414 -3.86964e-01 | 29  0.02015  1.33121e+00 | 30 -0.00690  2.56849e-01
 31  0.00542 -3.15528e-01 | 32 -0.02175  4.25907e-01 | 33  0.05104  1.01926e+00
 34  0.00908 -3.48332e-01 | 35  0.04494 -7.01818e-01 | 36  0.00276 -1.01027e+00
 37  0.03946  7.42699e-01 | 38 -0.00405 -3.77045e-01 | 39  0.06533 -7.92391e-01
 40  0.04984 -6.67637e-01 | 41  0.02294 -1.12060e+00 | 42  0.01032 -1.41002e+00
 43  0.02500 -2.84448e-01 | 44  0.06682 -2.46309e+00 | 45  0.05739  5.14009e-01
 46  0.00030  8.76511e-01 | 47  0.04262 -3.22962e+00 | 48  0.04958 -4.75326e-01
 49  0.07291 -6.38105e-02 | 50  0.10187 -1.86639e+00 | 51 -0.00191 -6.31274e-01
 52 -0.02942 -1.02964e+00 | 53  0.04739 -2.82223e+00 | 54  0.02289 -1.59059e+00
 55 -0.00363 -4.12884e-01 | 56  0.02128 -5.15948e-02 | 57 -0.01863  6.54184e-01
 58 -0.08754  5.42771e-01 | 59 -0.05973  2.13233e+00 | 60 -0.02683  7.31900e-01
 61 -0.01483 -4.12273e-01 | 62 -0.01683 -9.59290e-02 | 63 -0.51859 -6.66125e-07
 64 -0.51859 -6.66125e-07 | 65 -0.78998 -1.82477e-01 | 66 -0.83306  7.32381e-01
 67  0.01140  5.62788e-05 | 68 -0.36080 -1.99927e-03 | 69 -0.02778 -1.37197e-04
 70 -0.18104 -9.18308e-04 | 71  0.12001  5.99365e-04 | 72 -0.60432 -4.38625e-03
Maximum number of function evaluations exceeded

 - final statistics:
72 variables; iteration 74; function evaluation 100
Function value 3.4010e+03; maximum gradient component mag -1.3762e+00
Exit code = 3;  converg criter 1.0000e+00
Var    Value     Gradient |Var    Value     Gradient |Var    Value     Gradient
  1 -0.58106 -1.37620e+00 |  2 -0.68559 -1.02242e+00 |  3 -0.60035 -1.23923e-01
  4 -0.66067  2.94173e-02 |  5 -0.13660  8.81399e-01 |  6 -0.06626 -3.36271e-03
  7 -0.06894 -3.56787e-02 |  8 -0.06910 -1.80749e-02 |  9 -0.06700 -2.27153e-01
 10 -0.05940  1.69886e-02 | 11 -0.04926  1.48709e-01 | 12 -0.04042 -7.44748e-02
 13 -0.03595  1.13671e-02 | 14 -0.04261 -3.98840e-02 | 15 -0.04952 -8.80860e-02
 16 -0.04641 -2.42569e-01 | 17 -0.02115 -4.66034e-02 | 18  0.00792 -1.54165e-01
 19 -0.02440 -1.45738e-01 | 20 -0.02732 -2.58492e-01 | 21  0.00057  2.90281e-02
 22 -0.00745  1.89506e-01 | 23  0.03859  5.35536e-01 | 24  0.04880  9.35901e-01
 25 -0.02967  2.19060e-01 | 26  0.00841  2.62124e-01 | 27 -0.00299 -1.45577e-01
 28  0.05430 -1.66782e-01 | 29  0.01922 -8.52947e-02 | 30 -0.00689 -1.16205e-01
 31  0.00539 -1.80227e-01 | 32 -0.02190 -5.79014e-02 | 33  0.05088 -8.01483e-03
 34  0.00944 -1.50467e-02 | 35  0.04510 -4.77495e-02 | 36  0.00341 -3.69964e-02
 37  0.03957  1.24302e-02 | 38 -0.00344 -3.40063e-02 | 39  0.06590 -6.04192e-02
 40  0.05042 -6.57616e-03 | 41  0.02364  1.41031e-02 | 42  0.01144 -3.49638e-02
 43  0.02522 -2.69165e-02 | 44  0.06808 -1.14891e-01 | 45  0.05798  3.52537e-02
 46  0.00021 -1.71408e-02 | 47  0.04444 -2.19787e-01 | 48  0.05008 -4.58721e-02
 49  0.07370 -6.47683e-03 | 50  0.10313 -1.10494e-01 | 51 -0.00109 -8.47321e-02
 52 -0.02822 -7.43579e-02 | 53  0.04904 -6.92439e-02 | 54  0.02438 -3.51172e-02
 55 -0.00249 -4.66664e-02 | 56  0.02257  2.43465e-02 | 57 -0.01804  3.85330e-02
 58 -0.08762 -5.02335e-02 | 59 -0.06571  6.54083e-02 | 60 -0.02943 -5.05699e-02
 61 -0.01245 -4.40509e-02 | 62 -0.01656 -9.06423e-03 | 63 -0.51858 -6.66113e-07
 64 -0.51858 -6.66113e-07 | 65 -0.79304 -7.95226e-02 | 66 -0.83342  5.31282e-02
 67  0.01091  5.38616e-05 | 68 -0.34348 -1.88120e-03 | 69 -0.02659 -1.31295e-04
 70 -0.17306 -8.75703e-04 | 71  0.11480  5.72745e-04 | 72 -0.56690 -3.88246e-03

Initial statistics: 84 variables; iteration 0; function evaluation 0; phase 5
Function value 3.4010332e+03; maximum gradient component mag 4.4274e+03
Var    Value     Gradient |Var    Value     Gradient |Var    Value     Gradient
  1 -0.58106 -1.37620e+00 |  2 -0.68559 -1.02242e+00 |  3 -0.60035 -1.23923e-01
  4 -0.66067  2.94173e-02 |  5 -0.13660  8.81399e-01 |  6 -0.06626  1.06016e-02
  7 -0.06894 -2.17207e-02 |  8 -0.06910 -4.11724e-03 |  9 -0.06700 -2.13190e-01
 10 -0.05940  3.09678e-02 | 11 -0.04926  1.62707e-01 | 12 -0.04042 -6.04627e-02
 13 -0.03595  2.53851e-02 | 14 -0.04260 -2.58751e-02 | 15 -0.04952 -7.40882e-02
 16 -0.04641 -2.28566e-01 | 17 -0.02115 -3.25708e-02 | 18  0.00792 -1.40126e-01
 19 -0.02440 -1.31708e-01 | 20 -0.02732 -2.44465e-01 | 21  0.00058  4.30684e-02
 22 -0.00745  2.03546e-01 | 23  0.03859  5.49551e-01 | 24  0.04880  9.49900e-01
 25 -0.02967  2.33085e-01 | 26  0.00841  2.76163e-01 | 27 -0.00299 -1.31537e-01
 28  0.05430 -1.52793e-01 | 29  0.01922 -7.12608e-02 | 30 -0.00689 -1.02166e-01
 31  0.00539 -1.66187e-01 | 32 -0.02190 -4.38694e-02 | 33  0.05088  5.98065e-03
 34  0.00944 -1.00799e-03 | 35  0.04510 -3.37444e-02 | 36  0.00341 -2.29563e-02
 37  0.03957  2.64434e-02 | 38 -0.00344 -1.99662e-02 | 39  0.06590 -4.64540e-02
 40  0.05042  7.42013e-03 | 41  0.02364  2.81337e-02 | 42  0.01144 -2.09257e-02
 43  0.02522 -1.28872e-02 | 44  0.06808 -1.00931e-01 | 45  0.05798  4.92358e-02
 46  0.00022 -3.10050e-03 | 47  0.04444 -2.05781e-01 | 48  0.05008 -3.18752e-02
 49  0.07370  7.46948e-03 | 50  0.10313 -9.66372e-02 | 51 -0.00109 -7.06918e-02
 52 -0.02822 -6.03314e-02 | 53  0.04904 -5.52452e-02 | 54  0.02438 -2.10872e-02
 55 -0.00249 -3.26262e-02 | 56  0.02257  3.83780e-02 | 57 -0.01804  5.25677e-02
 58 -0.08762 -3.63260e-02 | 59 -0.06571  7.93738e-02 | 60 -0.02943 -3.65446e-02
 61 -0.01245 -3.00133e-02 | 62 -0.01656  4.97132e-03 | 63 -0.51858 -6.66113e-07
 64 -0.51858 -6.66113e-07 | 65 -0.79304 -7.95226e-02 | 66 -0.83342  5.31282e-02
 67  0.15039 -1.70259e+03 | 68  0.12819  6.46849e-04 | 69 -0.03301  1.97935e+03
 70  0.04066 -4.26740e+02 | 71  0.10660  3.45958e-05 | 72  0.00000  5.87503e+02
 73  0.01355 -3.21223e+03 | 74 -0.19843 -1.09728e+00 | 75  0.00000  4.42742e+03
 76  0.01355 -1.66125e+02 | 77 -0.12819 -7.70707e-02 | 78 -0.03301  2.03489e+02
 79  0.01091  5.38616e-05 | 80 -0.34348 -1.88120e-03 | 81 -0.02659 -1.31295e-04
 82 -0.17306 -8.75703e-04 | 83  0.11480  5.72745e-04 | 84 -0.56690 -3.88246e-03

Intermediate statistics: 84 variables; iteration 20; function evaluation 29; phase 5
Function value 3.0071840e+03; maximum gradient component mag -1.2673e+04
Var    Value     Gradient |Var    Value     Gradient |Var    Value     Gradient
  1 -0.58261  5.76036e+03 |  2 -0.68601  3.60510e+03 |  3 -0.60594 -1.26727e+04
  4 -0.65812 -3.83205e+03 |  5 -0.14572  5.08629e+02 |  6 -0.08406 -1.91616e+00
  7 -0.08673 -1.92465e+00 |  8 -0.08701 -1.88954e+00 |  9 -0.08386 -1.73833e+00
 10 -0.07705 -1.46089e+00 | 11 -0.06662 -9.18122e-01 | 12 -0.05505 -1.36524e-01
 13 -0.04900  6.20502e-01 | 14 -0.05391  9.11553e-01 | 15 -0.05992  8.71435e-01
 16 -0.05583  8.59532e-01 | 17 -0.03055  1.38853e+00 | 18 -0.00144  1.74250e+00
 19 -0.03344  9.22295e-02 | 20 -0.03738  5.87644e-01 | 21 -0.01497  3.97358e+00
 22 -0.02021  7.20152e+00 | 23  0.02911  1.64961e+01 | 24  0.04008  1.79299e+01
 25 -0.03856  6.37319e+00 | 26 -0.00260  1.03345e+01 | 27 -0.01310  1.54779e+01
 28  0.04746  3.55006e+01 | 29  0.00975  1.32413e+01 | 30 -0.01661 -1.31208e+01
 31 -0.00702 -3.83396e+01 | 32 -0.03495 -4.20459e+01 | 33  0.03848 -7.04067e+01
 34 -0.00407 -3.67992e+01 | 35  0.03443 -1.94539e+01 | 36 -0.00953 -2.14267e+01
 37  0.02681 -5.10856e+01 | 38 -0.01737 -3.25212e+01 | 39  0.06110  9.89384e+00
 40  0.04654  4.25075e+01 | 41  0.01909  3.70315e+01 | 42  0.00616  2.63777e+01
 43  0.02154  2.60522e+01 | 44  0.06691  3.24160e+01 | 45  0.05743  1.81426e+01
 46 -0.00274  6.26913e+00 | 47  0.04647  2.38642e+01 | 48  0.05447  4.09704e+01
 49  0.07834  4.17637e+01 | 50  0.10890  3.87602e+01 | 51  0.00679  6.52404e+00
 52 -0.01473 -1.79984e+01 | 53  0.05115 -7.97896e+01 | 54  0.04245 -4.40165e+01
 55  0.03898 -3.36248e-01 | 56  0.08978  2.43003e+01 | 57  0.08156  3.33120e+01
 58  0.02588  2.23054e+01 | 59  0.00335  6.78748e+00 | 60 -0.01971 -1.23303e+00
 61 -0.02594 -4.19496e+00 | 62 -0.02496 -4.00118e+00 | 63 -0.51858 -6.66113e-07
 64 -0.51858 -6.66113e-07 | 65 -0.78427 -7.25710e+01 | 66 -0.80318  1.22286e+01
 67  0.23539 -7.80303e+01 | 68  0.12818  6.43619e-04 | 69 -0.08188 -1.88589e+02
 70  0.14591 -2.51977e+02 | 71  0.10659  5.46315e-04 | 72  0.00470  3.82450e+02
 73  0.06318 -1.73011e+03 | 74 -0.20239 -4.07164e-01 | 75 -0.02816  2.04974e+03
 76  0.04218 -1.55644e+02 | 77 -0.12927 -5.42889e-02 | 78 -0.03867  1.94851e+02
 79  0.01091  5.38593e-05 | 80 -0.34346 -1.88109e-03 | 81 -0.02659 -1.31290e-04
 82 -0.17305 -8.75663e-04 | 83  0.11479  5.72720e-04 | 84 -0.56687 -3.88204e-03
84 variables; iteration 40; function evaluation 51; phase 5
Function value 2.9397162e+03; maximum gradient component mag 2.6944e+03
Var    Value     Gradient |Var    Value     Gradient |Var    Value     Gradient
  1 -0.58339  2.69443e+03 |  2 -0.68715  1.40823e+03 |  3 -0.60481 -1.81238e+03
  4 -0.65959 -5.21803e+02 |  5 -0.15431 -3.48243e+02 |  6 -0.04864  3.94134e+00
  7 -0.06032  1.66803e+00 |  8 -0.06860 -4.68788e-01 |  9 -0.07349 -2.60328e+00
 10 -0.06894 -3.55442e+00 | 11 -0.05839 -3.88768e+00 | 12 -0.04611 -3.65917e+00
 13 -0.03188 -1.40613e+00 | 14 -0.02785  1.78163e+00 | 15 -0.03013  2.92777e+00
 16 -0.02246 -2.27798e-01 | 17  0.00028 -1.28680e+01 | 18 -0.07461 -2.40952e+01
 19  0.01280 -1.89210e+01 | 20 -0.01489 -1.69812e+01 | 21 -0.01269 -2.45616e+01
 22 -0.02510 -2.59623e+01 | 23  0.04757 -4.24410e+01 | 24  0.03017 -3.16326e+01
 25 -0.01790  6.85960e+00 | 26  0.01159  3.46672e+01 | 27  0.00173  1.87138e+01
 28  0.03320 -2.09048e+01 | 29  0.02153  4.37941e+00 | 30 -0.01417 -6.65187e+00
 31 -0.00905 -2.48409e+01 | 32 -0.02942  7.29081e+00 | 33  0.04689  5.82945e+01
 34 -0.00177  1.65855e+01 | 35  0.01593 -4.34383e+01 | 36 -0.01440 -1.99323e+01
 37  0.01672 -1.56264e+01 | 38 -0.01065  4.12680e+01 | 39  0.05388  5.68205e+01
 40  0.02063 -1.34388e+01 | 41 -0.00500 -2.59788e+01 | 42 -0.01539 -9.28053e+00
 43  0.00823  1.60047e+01 | 44  0.04784  9.21200e+00 | 45  0.03997 -2.22731e+00
 46 -0.01683  1.11900e+01 | 47  0.03250  6.08570e+01 | 48  0.04766  9.38020e+01
 49  0.06014  3.24040e+01 | 50  0.07833 -2.05302e+01 | 51  0.00964  2.59162e+01
 52 -0.03658 -7.62042e+00 | 53  0.04552 -3.85727e+01 | 54  0.05215 -2.62057e+00
 55  0.01916 -2.20508e+01 | 56  0.06515 -3.12025e+01 | 57  0.05227 -3.67078e+00
 58  0.02605  2.58779e+01 | 59 -0.09931 -8.79103e+00 | 60 -0.03019  6.32151e+00
 61  0.04126  1.87122e+01 | 62  0.02715  1.07125e+01 | 63 -0.51858 -6.66112e-07
 64 -0.51858 -6.66112e-07 | 65 -0.70552 -2.15296e+01 | 66 -0.78614  7.23683e+00
 67  0.27156 -4.70389e+01 | 68  0.12771  6.39777e-04 | 69 -0.05772 -6.36030e+01
 70  0.22892 -4.39976e+01 | 71  0.10584  5.23935e-04 | 72  0.01649  6.86650e+01
 73  0.10034  2.11854e+02 | 74 -0.54133 -3.65246e-03 | 75 -0.03308 -5.79826e+02
 76  0.04432 -1.40188e+01 | 77 -0.22448 -1.37490e-02 | 78 -0.06548 -1.37140e+01
 79  0.01087  5.36648e-05 | 80 -0.34208 -1.87187e-03 | 81 -0.02649 -1.30815e-04
 82 -0.17241 -8.72256e-04 | 83  0.11438  5.70583e-04 | 84 -0.56403 -3.84681e-03
84 variables; iteration 60; function evaluation 75; phase 5
Function value 2.9292417e+03; maximum gradient component mag -5.6949e+02
Var    Value     Gradient |Var    Value     Gradient |Var    Value     Gradient
  1 -0.58370  1.60369e+02 |  2 -0.68709  3.01230e+01 |  3 -0.60429  2.56970e+02
  4 -0.66008  6.66414e+01 |  5 -0.15699 -5.69488e+02 |  6 -0.06954  2.34384e-01
  7 -0.07079  3.10424e-01 |  8 -0.06820  6.97041e-01 |  9 -0.06072  1.34937e+00
 10 -0.05020  1.67500e+00 | 11 -0.03944  1.12452e+00 | 12 -0.02985 -4.10781e-02
 13 -0.02330 -8.87007e-01 | 14 -0.02800 -1.56222e+00 | 15 -0.03690 -3.02722e+00
 16 -0.05440 -7.48549e+00 | 17 -0.00112 -8.55919e+00 | 18  0.00593 -1.27973e+01
 19 -0.00247 -5.95169e+00 | 20 -0.02348 -4.20004e+00 | 21  0.00715 -1.33111e+00
 22  0.00219  6.05788e-01 | 23  0.04612 -1.03656e+01 | 24  0.04313 -2.09817e+01
 25 -0.01355 -9.70767e+00 | 26 -0.00408 -1.48133e+01 | 27  0.00494 -2.01758e+00
 28  0.04595 -4.93658e+00 | 29  0.02356  2.94980e+00 | 30 -0.01928 -1.66701e+01
 31  0.00342 -1.17659e+01 | 32 -0.02738 -2.99224e+00 | 33  0.04161 -5.46293e+00
 34 -0.00134  2.41372e+00 | 35  0.02692 -3.10881e+00 | 36 -0.01293 -1.00972e-01
 37  0.02426 -3.74499e+00 | 38 -0.01879 -1.64677e+00 | 39  0.04583 -3.55432e+00
 40  0.03071  1.06046e+01 | 41 -0.00612 -4.05736e+00 | 42 -0.00995  8.47233e+00
 43  0.00461  6.56046e+00 | 44  0.04287 -3.92582e+00 | 45  0.04719  1.31797e+01
 46 -0.03165 -1.30906e+01 | 47  0.03510  1.79780e+01 | 48  0.02793  2.98676e+00
 49  0.05687  8.21453e-01 | 50  0.08649 -1.69329e+00 | 51 -0.01356  5.89744e+00
 52 -0.02039  2.16845e+01 | 53  0.05249  1.38540e+01 | 54  0.05244  2.50198e+01
 55  0.02295  1.69306e+00 | 56  0.08073  9.50896e+00 | 57  0.05319  6.89309e+00
 58 -0.04340  2.74486e+00 | 59 -0.04826  3.83160e+00 | 60 -0.04329  4.33408e+00
 61 -0.03018  4.45981e+00 | 62 -0.01193  5.87006e+00 | 63 -0.51858 -6.66109e-07
 64 -0.51858 -6.66109e-07 | 65 -0.68418 -3.51923e+00 | 66 -0.76567  1.46252e+01
 67  0.29131 -1.94507e+01 | 68  0.12667  6.34396e-04 | 69 -0.04488  1.25263e+01
 70  0.24986  3.71995e+00 | 71  0.10482  5.18915e-04 | 72  0.01913 -2.62025e+01
 73  0.11300 -1.11126e+02 | 74 -0.70914 -6.39701e-03 | 75 -0.02093  1.37525e+02
 76  0.06275  6.73082e+00 | 77 -0.23674 -2.42558e-03 | 78 -0.05097 -5.30384e+00
 79  0.01079  5.32347e-05 | 80 -0.33905 -1.85162e-03 | 81 -0.02628 -1.29765e-04
 82 -0.17100 -8.64734e-04 | 83  0.11345  5.65863e-04 | 84 -0.55780 -3.77088e-03
84 variables; iteration 80; function evaluation 109; phase 5
Function value 2.9278053e+03; maximum gradient component mag 3.2895e+01
Var    Value     Gradient |Var    Value     Gradient |Var    Value     Gradient
  1 -0.58382  3.28952e+01 |  2 -0.68693  1.89005e+01 |  3 -0.60448  6.95539e-01
  4 -0.65976 -1.07261e+00 |  5 -0.15731 -1.83860e+01 |  6 -0.05769  4.77494e-01
  7 -0.06284 -1.09588e-01 |  8 -0.06169  2.14173e-01 |  9 -0.05798  3.47281e-01
 10 -0.05194  1.26090e-01 | 11 -0.04170  4.17237e-02 | 12 -0.03137 -2.23626e-01
 13 -0.02422  8.12343e-02 | 14 -0.02841  5.25691e-01 | 15 -0.03867 -4.47954e-02
 16 -0.03465  9.96240e-02 | 17 -0.00929  1.63335e-01 | 18  0.02350  5.02801e-01
 19 -0.01317  5.81973e-02 | 20 -0.01784 -2.13012e-01 | 21  0.00623 -1.37640e-03
 22 -0.00433 -1.99136e-01 | 23  0.04374 -4.19971e-01 | 24  0.05384 -5.60400e-01
 25 -0.02625 -6.74630e-01 | 26  0.00864 -8.51142e-01 | 27 -0.00461 -4.46389e-01
 28  0.05254 -3.40043e-01 | 29  0.01450 -7.87164e-01 | 30 -0.00789 -4.66723e-01
 31  0.00179 -2.68970e-01 | 32 -0.02682 -4.60872e-01 | 33  0.04225 -7.19879e-01
 34 -0.00340 -4.46482e-01 | 35  0.02750 -7.59936e-02 | 36 -0.01372 -1.36661e-01
 37  0.02406 -4.08260e-01 | 38 -0.01948 -1.85691e-01 | 39  0.04655 -5.05865e-01
 40  0.02491 -2.11579e-01 | 41 -0.00161  2.77249e-01 | 42 -0.01462 -2.10551e-01
 43  0.00165 -1.14160e-01 | 44  0.04545  1.73514e-01 | 45  0.03846 -1.41911e-01
 46 -0.01788  7.65122e-01 | 47  0.02488  4.98414e-02 | 48  0.02959  5.72204e-02
 49  0.05397  4.34258e-01 | 50  0.08453  5.45072e-01 | 51 -0.01336  2.97486e-01
 52 -0.03339  1.85758e-01 | 53  0.05280  1.08167e+00 | 54  0.03901  5.80664e-01
 55  0.02772  3.93854e-01 | 56  0.07350  1.41140e-01 | 57  0.04888  5.57187e-01
 58 -0.03839  4.14100e-01 | 59 -0.04600  1.72210e-01 | 60 -0.04296 -2.50138e-02
 61 -0.02735  2.70881e-01 | 62 -0.01669 -4.27720e-02 | 63 -0.51858 -6.66104e-07
 64 -0.51858 -6.66104e-07 | 65 -0.67734 -1.03591e+00 | 66 -0.79561 -3.04388e-01
 67  0.29587 -7.87559e-01 | 68  0.12431  6.22505e-04 | 69 -0.04268  1.13672e+00
 70  0.26043  2.31456e-01 | 71  0.10283  5.09013e-04 | 72  0.02417  8.57690e-01
 73  0.11663 -3.46792e+00 | 74 -0.76104 -7.97487e-03 | 75 -0.01976  2.70540e+00
 76  0.06099  3.10694e-01 | 77 -0.21965 -3.92875e-03 | 78 -0.05168 -6.21623e-02
 79  0.01059  5.22566e-05 | 80 -0.33217 -1.80619e-03 | 81 -0.02580 -1.27377e-04
 82 -0.16778 -8.47679e-04 | 83  0.11134  5.55140e-04 | 84 -0.54389 -3.60766e-03
  ic > imax  in fminim is answer attained ?
Var    Value     Gradient |Var    Value     Gradient |Var    Value     Gradient
  1 -0.58382 -1.29054e+00 |  2 -0.68693 -8.74090e-01 |  3 -0.60448  1.18034e+00
  4 -0.65975 -2.07646e-01 |  5 -0.15733  5.27443e+00 |  6 -0.05890  1.77912e-02
  7 -0.06146 -1.41257e-02 |  8 -0.06204  8.40637e-03 |  9 -0.05866  1.81438e-02
 10 -0.05145 -1.15178e-03 | 11 -0.04233  1.70143e-02 | 12 -0.02974  1.49408e-03
 13 -0.02381  3.26962e-02 | 14 -0.03128  8.24022e-02 | 15 -0.03685  2.38842e-02
 16 -0.03435  7.67353e-02 | 17 -0.00868  1.68074e-01 | 18  0.02203  1.80446e-01
 19 -0.01219  2.18136e-01 | 20 -0.01710  1.27975e-01 | 21  0.00558  1.45174e-01
 22 -0.00394  8.84853e-02 | 23  0.04367  1.25355e-01 | 24  0.05368  5.47461e-02
 25 -0.02593 -4.56329e-02 | 26  0.00875 -2.42079e-02 | 27 -0.00433 -6.74820e-02
 28  0.05233  3.19620e-02 | 29  0.01472 -2.72483e-02 | 30 -0.00783  2.83962e-03
 31  0.00178 -9.45733e-03 | 32 -0.02666 -1.99171e-02 | 33  0.04218  1.89291e-02
 34 -0.00333 -4.89522e-02 | 35  0.02747  1.98012e-02 | 36 -0.01379 -2.10508e-02
 37  0.02409  1.18619e-02 | 38 -0.01959 -4.75099e-02 | 39  0.04655 -6.38445e-02
 40  0.02489 -2.09022e-02 | 41 -0.00184 -1.30268e-02 | 42 -0.01455 -6.84381e-02
 43  0.00160 -7.22358e-02 | 44  0.04525 -2.48790e-02 | 45  0.03856 -4.84884e-02
 46 -0.01831 -3.53446e-03 | 47  0.02480 -6.09566e-02 | 48  0.02956 -9.59641e-02
 49  0.05376 -7.70846e-02 | 50  0.08439 -3.12354e-02 | 51 -0.01365 -1.01379e-01
 52 -0.03340 -4.32932e-02 | 53  0.05241  1.45500e-03 | 54  0.03874 -2.34211e-02
 55  0.02738 -2.20863e-02 | 56  0.07344 -6.90828e-02 | 57  0.04838 -3.04617e-02
 58 -0.03910 -3.91732e-02 | 59 -0.04604 -4.44457e-02 | 60 -0.04190 -6.95755e-02
 61 -0.02781 -3.38286e-02 | 62 -0.01491 -5.67292e-02 | 63 -0.51846 -6.66053e-07
 64 -0.51846 -6.66053e-07 | 65 -0.67696 -4.87953e-02 | 66 -0.79515 -2.22007e-02
 67  0.29607  1.02739e-01 | 68  0.02064  5.18853e-04 | 69 -0.04262 -2.20638e-01
 70  0.26032 -5.70587e-02 | 71  0.02196  9.55778e-05 | 72  0.02408 -2.43421e-02
 73  0.11683 -3.95666e-01 | 74  0.31802 -3.50758e-03 | 75 -0.01968  2.05505e-01
 76  0.06083  1.17127e-01 | 77 -0.16656  1.15343e-02 | 78 -0.05175 -1.48819e-01
 79  0.00189  4.31767e-05 | 80 -0.03562 -1.41402e-03 | 81 -0.00459 -1.05220e-04
 82 -0.02706 -6.91918e-04 | 83  0.01902  4.56294e-04 | 84  0.02587 -2.45126e-03
Function minimizer not making progress ... is minimum attained?
Minimprove criterion = 0.0000e+00

 - final statistics:
84 variables; iteration 89; function evaluation 148
Function value 2.9278e+03; maximum gradient component mag 5.2744e+00
Exit code = 1;  converg criter 1.0000e-04
Var    Value     Gradient |Var    Value     Gradient |Var    Value     Gradient
  1 -0.58382 -1.29054e+00 |  2 -0.68693 -8.74090e-01 |  3 -0.60448  1.18034e+00
  4 -0.65975 -2.07646e-01 |  5 -0.15733  5.27443e+00 |  6 -0.05890  1.77912e-02
  7 -0.06146 -1.41257e-02 |  8 -0.06204  8.40637e-03 |  9 -0.05866  1.81438e-02
 10 -0.05145 -1.15178e-03 | 11 -0.04233  1.70143e-02 | 12 -0.02974  1.49408e-03
 13 -0.02381  3.26962e-02 | 14 -0.03128  8.24022e-02 | 15 -0.03685  2.38842e-02
 16 -0.03435  7.67353e-02 | 17 -0.00868  1.68074e-01 | 18  0.02203  1.80446e-01
 19 -0.01219  2.18136e-01 | 20 -0.01710  1.27975e-01 | 21  0.00558  1.45174e-01
 22 -0.00394  8.84853e-02 | 23  0.04367  1.25355e-01 | 24  0.05368  5.47461e-02
 25 -0.02593 -4.56329e-02 | 26  0.00875 -2.42079e-02 | 27 -0.00433 -6.74820e-02
 28  0.05233  3.19620e-02 | 29  0.01472 -2.72483e-02 | 30 -0.00783  2.83962e-03
 31  0.00178 -9.45733e-03 | 32 -0.02666 -1.99171e-02 | 33  0.04218  1.89291e-02
 34 -0.00333 -4.89522e-02 | 35  0.02747  1.98012e-02 | 36 -0.01379 -2.10508e-02
 37  0.02409  1.18619e-02 | 38 -0.01959 -4.75099e-02 | 39  0.04655 -6.38445e-02
 40  0.02489 -2.09022e-02 | 41 -0.00184 -1.30268e-02 | 42 -0.01455 -6.84381e-02
 43  0.00160 -7.22358e-02 | 44  0.04525 -2.48790e-02 | 45  0.03856 -4.84884e-02
 46 -0.01831 -3.53446e-03 | 47  0.02480 -6.09566e-02 | 48  0.02956 -9.59641e-02
 49  0.05376 -7.70846e-02 | 50  0.08439 -3.12354e-02 | 51 -0.01365 -1.01379e-01
 52 -0.03340 -4.32932e-02 | 53  0.05241  1.45500e-03 | 54  0.03874 -2.34211e-02
 55  0.02738 -2.20863e-02 | 56  0.07344 -6.90828e-02 | 57  0.04838 -3.04617e-02
 58 -0.03910 -3.91732e-02 | 59 -0.04604 -4.44457e-02 | 60 -0.04190 -6.95755e-02
 61 -0.02781 -3.38286e-02 | 62 -0.01491 -5.67292e-02 | 63 -0.51846 -6.66053e-07
 64 -0.51846 -6.66053e-07 | 65 -0.67696 -4.87953e-02 | 66 -0.79515 -2.22007e-02
 67  0.29607  1.02739e-01 | 68  0.02064  5.18853e-04 | 69 -0.04262 -2.20638e-01
 70  0.26032 -5.70587e-02 | 71  0.02196  9.55778e-05 | 72  0.02408 -2.43421e-02
 73  0.11683 -3.95666e-01 | 74  0.31802 -3.50758e-03 | 75 -0.01968  2.05505e-01
 76  0.06083  1.17127e-01 | 77 -0.16656  1.15343e-02 | 78 -0.05175 -1.48819e-01
 79  0.00189  4.31767e-05 | 80 -0.03562 -1.41402e-03 | 81 -0.00459 -1.05220e-04
 82 -0.02706 -6.91918e-04 | 83  0.01902  4.56294e-04 | 84  0.02587 -2.45126e-03
size of file gradfil1.tmp = 0
size of file gradfil2.tmp = 0
size of file varssave.tmp = 0
size of file cmpdiff.tmp = 0
