
Initial statistics: 4 variables; iteration 0; function evaluation 0; phase 1
Function value 3.2576500e+03; maximum gradient component mag 3.4370e+03
Var    Value     Gradient |Var    Value     Gradient |Var    Value     Gradient
  1 -0.15535  3.43699e+03 |  2 -0.11095 -5.53131e-04 |  3  0.15012  7.74886e-04
  4  0.00002  8.27647e-08 |

 - final statistics:
4 variables; iteration 3; function evaluation 5
Function value 3.2559e+03; maximum gradient component mag 8.9968e+00
Exit code = 1;  converg criter 1.0000e+01
Var    Value     Gradient |Var    Value     Gradient |Var    Value     Gradient
  1 -0.15631  8.99676e+00 |  2 -0.10992 -5.47898e-04 |  3  0.14868  7.76765e-04
  4  0.00002  9.27284e-08 |

Initial statistics: 68 variables; iteration 0; function evaluation 0; phase 2
Function value 3.2559286e+03; maximum gradient component mag 3.2922e+02
Var    Value     Gradient |Var    Value     Gradient |Var    Value     Gradient
  1 -0.15631  8.99676e+00 |  2  0.00000  4.48733e+01 |  3  0.00000  4.93848e+01
  4  0.00000  5.37707e+01 |  5  0.00000  5.76011e+01 |  6  0.00000  6.07757e+01
  7  0.00000  6.35489e+01 |  8  0.00000  6.66149e+01 |  9  0.00000  7.13708e+01
 10  0.00000  7.82913e+01 | 11  0.00000  8.42718e+01 | 12  0.00000  8.46867e+01
 13  0.00000  7.73029e+01 | 14  0.00000  7.16004e+01 | 15  0.00000  7.66013e+01
 16  0.00000  7.12304e+01 | 17  0.00000  4.33974e+01 | 18  0.00000 -6.93902e+00
 19  0.00000 -7.64576e+01 | 20  0.00000 -8.86138e+01 | 21  0.00000 -1.13370e+01
 22  0.00000  1.35415e+01 | 23  0.00000 -5.55066e+01 | 24  0.00000 -1.68128e+02
 25  0.00000 -9.45453e+01 | 26  0.00000  4.83346e+01 | 27  0.00000  1.02581e+02
 28  0.00000  7.45585e+01 | 29  0.00000 -9.82186e+01 | 30  0.00000 -7.74269e+01
 31  0.00000 -8.08497e+01 | 32  0.00000  2.46989e+01 | 33  0.00000 -3.46192e+01
 34  0.00000 -1.59756e+00 | 35  0.00000 -1.87835e+02 | 36  0.00000 -9.95704e+01
 37  0.00000  9.67032e+01 | 38  0.00000  1.87414e+02 | 39  0.00000  5.74325e+01
 40  0.00000 -1.72788e+02 | 41  0.00000 -1.37372e+02 | 42  0.00000  6.39374e+01
 43  0.00000 -3.48304e+00 | 44  0.00000 -1.20401e+02 | 45  0.00000 -2.58624e+02
 46  0.00000 -2.27266e+02 | 47  0.00000  1.91358e+02 | 48  0.00000  3.29225e+02
 49  0.00000  1.15605e+02 | 50  0.00000  4.66468e+01 | 51  0.00000 -2.18618e+01
 52  0.00000 -1.99802e+02 | 53  0.00000 -2.64909e+02 | 54  0.00000 -2.21229e+02
 55  0.00000 -5.33895e+01 | 56  0.00000  9.06752e+01 | 57  0.00000  3.76196e+01
 58  0.00000  6.46813e+01 | 59  0.00000  6.91088e+01 | 60  0.00000  4.93526e+01
 61  0.00000  3.97779e+01 | 62  0.00000  4.19604e+00 | 63 -0.19980 -1.01967e-03
 64 -0.10992 -5.47898e-04 | 65 -0.01988 -9.81517e-05 | 66 -0.16675 -8.10965e+00
 67  0.14868  7.76765e-04 | 68  0.00002  9.27284e-08 |

Intermediate statistics: 68 variables; iteration 20; function evaluation 29; phase 2
Function value 3.2102333e+03; maximum gradient component mag 2.5190e+03
Var    Value     Gradient |Var    Value     Gradient |Var    Value     Gradient
  1 -0.15733  2.51904e+03 |  2 -0.04615 -5.84428e+00 |  3 -0.04568 -3.63839e+00
  4 -0.04409 -1.47567e+00 |  5 -0.04103  4.84847e-01 |  6 -0.03646  2.20443e+00
  7 -0.03089  3.74382e+00 |  8 -0.02570  5.34622e+00 |  9 -0.02311  7.71237e+00
 10 -0.02386  1.15148e+01 | 11 -0.02358  1.64603e+01 | 12 -0.01728  2.19418e+01
 13 -0.00220  2.78766e+01 | 14  0.00943  3.54922e+01 | 15  0.00269  4.49785e+01
 16  0.00046  5.20436e+01 | 17  0.00521  5.49158e+01 | 18  0.01001  5.42814e+01
 19  0.04163  5.32398e+01 | 20  0.04428  3.50051e+01 | 21 -0.02063  5.29814e+00
 22  0.00995 -1.99630e+01 | 23 -0.04591 -5.10622e+01 | 24  0.06312 -4.41550e+01
 25 -0.01631 -5.17941e+01 | 26 -0.00483  9.94681e+00 | 27  0.01236  9.49160e+01
 28 -0.01420  5.79471e+01 | 29  0.03187 -1.59020e+01 | 30 -0.01300 -2.72976e+01
 31  0.03010  6.59107e+01 | 32  0.00165  1.24983e+02 | 33  0.03639  1.37329e+02
 34 -0.02850 -1.34128e+01 | 35  0.03720 -8.18740e+01 | 36  0.00555 -7.87324e+01
 37 -0.00704  1.40963e+01 | 38  0.00950  1.04531e+02 | 39 -0.01246 -2.62069e+01
 40  0.02383 -1.50389e+02 | 41  0.01543 -1.08070e+02 | 42 -0.00728  3.74284e+01
 43  0.03564  4.75798e+01 | 44 -0.00292 -1.19669e+02 | 45  0.02492 -1.96815e+02
 46  0.05932 -1.25053e+02 | 47 -0.00373  7.97194e+01 | 48  0.01791  2.29509e+02
 49  0.06447  1.97129e+02 | 50  0.05596  4.33582e+01 | 51 -0.04619 -6.23012e+01
 52  0.15087 -9.06756e+01 | 53 -0.18639 -1.06167e+02 | 54  0.15616 -6.34118e+01
 55  0.02192 -5.65894e+01 | 56  0.01363 -2.42535e+01 | 57  0.04579 -2.74382e+01
 58 -0.02270 -1.50350e+01 | 59 -0.09220 -1.99957e+01 | 60 -0.06997 -2.22470e+01
 61 -0.10426 -2.81640e+01 | 62  0.02145 -2.02865e+01 | 63 -0.19976 -1.01949e-03
 64 -0.10990 -5.47807e-04 | 65 -0.01988 -9.81359e-05 | 66 -0.15188  1.06070e+00
 67  0.14866  7.38213e-04 | 68  0.00002  7.78838e-08 |
68 variables; iteration 40; function evaluation 51; phase 2
Function value 3.1911485e+03; maximum gradient component mag 4.3163e+03
Var    Value     Gradient |Var    Value     Gradient |Var    Value     Gradient
  1 -0.15538  4.31626e+03 |  2 -0.04926 -1.28528e+01 |  3 -0.05986 -1.51724e+01
  4 -0.07065 -1.80861e+01 |  5 -0.07758 -1.99816e+01 |  6 -0.07659 -1.89946e+01
  7 -0.06493 -1.30765e+01 |  8 -0.03694  3.17620e+00 |  9 -0.00280  3.13477e+01
 10 -0.00197  4.45226e+01 | 11  0.00013  5.84219e+01 | 12  0.00077  6.53173e+01
 13 -0.00119  6.24454e+01 | 14  0.00270  6.87102e+01 | 15  0.00863  9.10378e+01
 16  0.01622  1.07563e+02 | 17  0.02206  9.98589e+01 | 18 -0.03505  2.60418e+01
 19  0.03258  5.98332e+01 | 20  0.05256  8.88186e+01 | 21 -0.02825  3.82567e+01
 22  0.01070  5.76140e+01 | 23 -0.01822 -2.02272e+00 | 24  0.04624 -7.09467e+01
 25 -0.04353 -8.74638e+01 | 26  0.01246  5.09631e+01 | 27 -0.00298  7.87916e+01
 28 -0.02336  3.50156e+01 | 29  0.02485  2.54140e+00 | 30 -0.00011  6.73322e+00
 31  0.00877 -1.97650e+00 | 32 -0.00138  1.02409e+02 | 33  0.03081  1.39164e+02
 34 -0.02505 -7.74539e+00 | 35  0.02389 -9.96981e+01 | 36  0.01082 -4.18701e+01
 37 -0.00071  5.72405e+01 | 38  0.00003  8.79280e+01 | 39 -0.01580 -4.15366e+01
 40  0.01943 -1.38147e+02 | 41  0.02078 -6.59692e+01 | 42 -0.01082  3.77712e+01
 43  0.02132  2.09945e+01 | 44 -0.00303 -8.88967e+01 | 45  0.03686 -1.64428e+02
 46  0.02584 -1.85142e+02 | 47 -0.00237  6.88450e+01 | 48  0.00939  1.89887e+02
 49  0.02148  1.59678e+01 | 50  0.02132 -4.00823e+01 | 51  0.01839 -4.59640e+01
 52  0.07227 -9.56698e+01 | 53  0.06058 -1.34006e+02 | 54  0.07963 -1.35589e+02
 55  0.04051 -8.95699e+01 | 56 -0.01567 -3.40537e+01 | 57  0.08230  2.00688e+01
 58 -0.04425 -3.21483e+01 | 59 -0.04775 -1.91728e+01 | 60 -0.03327 -2.61412e+01
 61  0.01193 -1.40635e+01 | 62 -0.05285 -4.96737e+01 | 63 -0.19924 -1.01664e-03
 64 -0.10962 -5.46378e-04 | 65 -0.01983 -9.78873e-05 | 66 -0.04800  5.36462e+00
 67  0.14828  7.47217e-04 | 68  0.00002  7.98108e-08 |
68 variables; iteration 60; function evaluation 74; phase 2
Function value 3.1721990e+03; maximum gradient component mag 1.6505e+03
Var    Value     Gradient |Var    Value     Gradient |Var    Value     Gradient
  1 -0.15609  1.65052e+03 |  2 -0.05546 -2.84593e+00 |  3 -0.05666 -1.61986e+00
  4 -0.05526  3.77085e-02 |  5 -0.04460  4.31910e+00 |  6 -0.03819  6.64514e+00
  7 -0.04819  2.90974e+00 |  8 -0.02593  1.18019e+01 |  9 -0.01977  1.77368e+01
 10 -0.03551  1.75383e+01 | 11 -0.00449  4.13332e+01 | 12  0.01414  5.64535e+01
 13 -0.00499  3.76248e+01 | 14 -0.00761  3.06787e+01 | 15  0.00601  4.49076e+01
 16 -0.01171  3.44118e+01 | 17  0.01715  3.29969e+01 | 18 -0.00957 -3.95253e+00
 19  0.00064 -2.52552e+01 | 20  0.04992  1.62135e+01 | 21 -0.00315  5.55129e+01
 22  0.00916  6.01486e+01 | 23 -0.01367  3.28087e+00 | 24  0.04416 -6.42420e+01
 25 -0.02169 -6.34677e+01 | 26  0.00815  1.95185e+01 | 27 -0.01050  1.14510e+01
 28 -0.03090 -1.88116e+00 | 29  0.03345 -1.94411e+00 | 30 -0.00598 -1.23398e+01
 31  0.01016 -3.96155e+01 | 32 -0.01030  1.61969e+01 | 33  0.01379  1.46963e+01
 34 -0.01084  3.04080e+01 | 35  0.03084 -3.64572e+01 | 36  0.01329 -1.10371e+01
 37  0.00475  5.21691e+01 | 38 -0.01933  2.50567e+01 | 39 -0.00913 -1.34396e+01
 40  0.03371 -2.78516e+01 | 41  0.02991 -4.86310e+00 | 42 -0.02361  3.72483e+00
 43  0.00976  5.84157e+00 | 44  0.02455  1.80646e+01 | 45  0.03197 -4.83577e+01
 46  0.04798 -8.50897e+01 | 47 -0.02360  2.59244e+01 | 48 -0.01556  5.66012e+01
 49 -0.00781 -9.63751e+01 | 50  0.02266 -5.51059e+01 | 51  0.02661 -2.14538e+01
 52  0.05258 -6.62613e+01 | 53  0.09623 -3.03839e+01 | 54  0.06003 -8.48105e+01
 55  0.06069 -2.55484e+01 | 56  0.01797  3.30248e+01 | 57  0.07650  4.13200e+01
 58 -0.03397 -4.58357e+00 | 59 -0.12649 -2.00602e+01 | 60 -0.07155 -1.22622e+01
 61  0.03626  1.92721e+01 | 62 -0.02924 -2.26689e+01 | 63 -0.19711 -1.00503e-03
 64 -0.10847 -5.40552e-04 | 65 -0.01962 -9.68727e-05 | 66 -0.15472 -2.81935e+00
 67  0.14674  7.44368e-04 | 68  0.00002  9.00477e-08 |
Maximum number of function evaluations exceeded

 - final statistics:
68 variables; iteration 79; function evaluation 100
Function value 3.1551e+03; maximum gradient component mag 2.6492e+01
Exit code = 3;  converg criter 1.0000e+01
Var    Value     Gradient |Var    Value     Gradient |Var    Value     Gradient
  1 -0.15839  2.64917e+01 |  2 -0.05708 -2.83786e-01 |  3 -0.05970 -2.59765e-01
  4 -0.05871  6.70207e-02 |  5 -0.05392  5.00505e-01 |  6 -0.04961 -4.72561e-02
  7 -0.03990 -1.34712e-01 |  8 -0.03094 -5.01827e-01 |  9 -0.01782  1.10679e+00
 10 -0.02578  9.31063e-01 | 11 -0.03597  2.94827e-01 | 12 -0.02891  8.28244e-01
 13 -0.01100 -7.69806e-01 | 14  0.02570  2.05980e-01 | 15 -0.01069  5.41972e-02
 16 -0.01494  5.20192e-02 | 17  0.00679  1.61975e-01 | 18 -0.00107  4.53696e-01
 19  0.04409  2.25182e-01 | 20  0.05637  2.75506e-01 | 21 -0.02833 -1.55924e+00
 22  0.01066  4.16787e-01 | 23 -0.00430  2.47686e-01 | 24  0.05260 -4.27777e-02
 25  0.01469  4.98530e-01 | 26 -0.00747  8.18678e-01 | 27  0.00087 -2.85400e-01
 28 -0.02682  3.30163e-01 | 29  0.04050  1.46026e-02 | 30 -0.00476  2.47504e-01
 31  0.02481  5.63802e-02 | 32 -0.01571  8.42764e-01 | 33  0.02110 -5.78796e-02
 34 -0.02219  6.69654e-01 | 35  0.04251  7.56962e-02 | 36  0.02004 -4.75496e-01
 37 -0.00688  2.49059e-01 | 38 -0.02064  7.70765e-02 | 39 -0.00432 -1.31939e-01
 40  0.03854 -3.85698e-01 | 41  0.03181  2.77318e-02 | 42 -0.02515 -5.49081e-02
 43  0.01569 -4.93670e-01 | 44  0.01892 -1.86247e-01 | 45  0.04055 -5.37560e-01
 46  0.06809  3.50082e-01 | 47 -0.03074  1.14743e+00 | 48 -0.05023  4.85843e-01
 49  0.03701  9.90367e-01 | 50  0.02851 -7.92279e-02 | 51  0.02139 -3.76195e-01
 52  0.08287 -2.08907e+00 | 53  0.08546 -2.30986e+00 | 54  0.09850 -1.35684e+00
 55  0.06525 -1.29306e-01 | 56 -0.01164  6.62641e-01 | 57  0.04667  2.27666e-01
 58 -0.04541 -2.77784e-01 | 59 -0.10249 -3.39840e-01 | 60 -0.07295 -2.52924e-01
 61 -0.07729 -1.09559e-01 | 62  0.01350 -2.90217e-01 | 63 -0.17339 -8.77469e-04
 64 -0.09568 -4.75744e-04 | 65 -0.01733 -8.55307e-05 | 66 -0.15572  1.95621e-01
 67  0.13599  3.51139e-05 | 68  0.00012 -8.22949e-06 |

Initial statistics: 76 variables; iteration 0; function evaluation 0; phase 3
Function value 3.1952244e+03; maximum gradient component mag -2.0795e+03
Var    Value     Gradient |Var    Value     Gradient |Var    Value     Gradient
  1 -0.58264 -1.66486e+03 |  2 -0.68929 -2.07951e+03 |  3 -0.60439 -1.65713e+03
  4 -0.65984 -9.15068e+02 |  5 -0.15839  2.64917e+01 |  6 -0.05708 -2.79189e-01
  7 -0.05970 -2.55171e-01 |  8 -0.05871  7.16162e-02 |  9 -0.05392  5.05104e-01
 10 -0.04961 -4.26550e-02 | 11 -0.03990 -1.30106e-01 | 12 -0.03094 -4.97218e-01
 13 -0.01782  1.11141e+00 | 14 -0.02578  9.35674e-01 | 15 -0.03597  2.99435e-01
 16 -0.02891  8.32854e-01 | 17 -0.01100 -7.65191e-01 | 18  0.02570  2.10592e-01
 19 -0.01069  5.88117e-02 | 20 -0.01494  5.66331e-02 | 21  0.00679  1.66589e-01
 22 -0.00107  4.58311e-01 | 23  0.04409  2.29786e-01 | 24  0.05637  2.80104e-01
 25 -0.02833 -1.55463e+00 | 26  0.01066  4.21401e-01 | 27 -0.00430  2.52301e-01
 28  0.05260 -3.81783e-02 | 29  0.01469  5.03143e-01 | 30 -0.00747  8.23293e-01
 31  0.00087 -2.80785e-01 | 32 -0.02682  3.34774e-01 | 33  0.04050  1.92084e-02
 34 -0.00476  2.52119e-01 | 35  0.02481  6.09918e-02 | 36 -0.01571  8.47378e-01
 37  0.02110 -5.32670e-02 | 38 -0.02219  6.74267e-01 | 39  0.04251  8.03011e-02
 40  0.02004 -4.70883e-01 | 41 -0.00688  2.53674e-01 | 42 -0.02064  8.16892e-02
 43 -0.00432 -1.27324e-01 | 44  0.03854 -3.81091e-01 | 45  0.03181  3.23411e-02
 46 -0.02515 -5.02965e-02 | 47  0.01569 -4.89056e-01 | 48  0.01892 -1.81634e-01
 49  0.04055 -5.32954e-01 | 50  0.06809  3.54671e-01 | 51 -0.03074  1.15204e+00
 52 -0.05023  4.90444e-01 | 53  0.03701  9.94974e-01 | 54  0.02851 -7.46174e-02
 55  0.02139 -3.71583e-01 | 56  0.08287 -2.08450e+00 | 57  0.08546 -2.30529e+00
 58  0.09850 -1.35228e+00 | 59  0.06525 -1.24715e-01 | 60 -0.01164  6.67256e-01
 61  0.04667  2.32269e-01 | 62 -0.04541 -2.73180e-01 | 63 -0.10249 -3.35285e-01
 64 -0.07295 -2.48339e-01 | 65 -0.07729 -1.04978e-01 | 66  0.01350 -2.85603e-01
 67 -0.80324 -1.96777e-06 | 68 -0.18171 -1.88260e+00 | 69 -0.64539  1.46962e+01
 70 -0.78615  3.53790e-01 | 71 -0.17339 -8.77469e-04 | 72 -0.09568 -4.75744e-04
 73 -0.01733 -8.55307e-05 | 74 -0.15572  1.95621e-01 | 75  0.13599  3.51139e-05
 76  0.00012 -8.22949e-06 |

Intermediate statistics: 76 variables; iteration 20; function evaluation 25; phase 3
Function value 3.1941116e+03; maximum gradient component mag -2.0490e+03
Var    Value     Gradient |Var    Value     Gradient |Var    Value     Gradient
  1 -0.58308 -2.04897e+03 |  2 -0.68850 -1.76814e+03 |  3 -0.60455 -8.21592e+02
  4 -0.65914 -3.32305e+02 |  5 -0.15755  2.13754e+02 |  6 -0.05921 -1.44830e+00
  7 -0.06180 -1.40304e+00 |  8 -0.06292 -1.53437e+00 |  9 -0.06098 -1.68428e+00
 10 -0.05199 -1.03282e+00 | 11 -0.04046 -5.72807e-01 | 12 -0.02602  2.69204e-01
 13 -0.02531 -4.93805e-01 | 14 -0.03003 -1.26767e-01 | 15 -0.03562  2.69047e-01
 16 -0.03580 -2.97698e-01 | 17 -0.00589  1.16023e+00 | 18  0.02090  1.42601e+00
 19 -0.01230  1.10051e+00 | 20 -0.01589  1.56907e+00 | 21  0.00651  2.68735e+00
 22 -0.00490  2.05059e+00 | 23  0.04493  3.90825e+00 | 24  0.05222  3.66733e+00
 25 -0.02483  1.48302e+00 | 26  0.00787  2.49361e+00 | 27 -0.00493  1.64595e+00
 28  0.05121  3.87620e+00 | 29  0.01423  4.77902e+00 | 30 -0.00849  4.86496e+00
 31  0.00078  3.85526e+00 | 32 -0.02858 -1.21175e-01 | 33  0.03981  2.02267e+00
 34 -0.00487  3.71520e+00 | 35  0.02499  5.06797e+00 | 36 -0.01670 -3.39686e-01
 37  0.02075 -4.81077e-01 | 38 -0.02260  6.49427e-01 | 39  0.04271  3.31728e+00
 40  0.02040  1.00380e+00 | 41 -0.00699 -2.61547e-01 | 42 -0.02003  9.13950e-01
 43 -0.00360  1.63450e+00 | 44  0.03883 -6.73328e-01 | 45  0.03135 -3.46209e+00
 46 -0.02491 -1.07988e+00 | 47  0.01645  4.57409e-01 | 48  0.01912 -2.08293e+00
 49  0.04119 -3.77247e+00 | 50  0.06884 -4.04726e+00 | 51 -0.02908 -1.11755e+00
 52 -0.04860 -2.18961e+00 | 53  0.03783 -5.05868e+00 | 54  0.03143 -2.21153e+00
 55  0.02347 -1.05991e+00 | 56  0.08718  3.88308e-01 | 57  0.08809 -5.22649e+00
 58  0.10118 -4.78391e+00 | 59  0.07026  1.47007e-01 | 60 -0.00886 -9.81132e-01
 61  0.04880 -2.73702e+00 | 62 -0.03975 -7.72774e-01 | 63 -0.09790 -1.04020e+00
 64 -0.06857 -9.33295e-01 | 65 -0.07217 -1.45914e+00 | 66  0.00977 -1.74561e+00
 67 -0.80324 -1.96777e-06 | 68 -0.12852 -9.67905e-01 | 69 -0.66205  5.34359e-01
 70 -0.78980 -2.86591e-01 | 71 -0.17336 -8.77321e-04 | 72 -0.09566 -4.75668e-04
 73 -0.01732 -8.55174e-05 | 74 -0.16449 -4.74879e-01 | 75  0.13599 -1.70723e-04
 76  0.00012 -1.31224e-05 |
76 variables; iteration 40; function evaluation 45; phase 3
Function value 3.1938068e+03; maximum gradient component mag -1.4664e+03
Var    Value     Gradient |Var    Value     Gradient |Var    Value     Gradient
  1 -0.58315 -1.46637e+03 |  2 -0.68822 -1.26768e+03 |  3 -0.60451 -5.88131e+02
  4 -0.65911 -2.38143e+02 |  5 -0.15788  1.49851e+02 |  6 -0.05618 -2.12032e-01
  7 -0.05839 -4.73836e-02 |  8 -0.05784  2.21345e-01 |  9 -0.05441  3.59962e-01
 10 -0.05034 -2.68120e-01 | 11 -0.04149 -5.95073e-01 | 12 -0.02951 -4.77737e-01
 13 -0.02603 -7.87330e-01 | 14 -0.02981 -9.93225e-02 | 15 -0.03587  5.27922e-01
 16 -0.03225  1.12301e+00 | 17 -0.00488  2.24637e+00 | 18  0.02265  2.29625e+00
 19 -0.01153  1.08953e+00 | 20 -0.01788  3.24270e-01 | 21  0.00661  1.36148e+00
 22 -0.00308  1.77019e+00 | 23  0.04388  4.13287e+00 | 24  0.05523  5.49777e+00
 25 -0.02570  6.35701e-01 | 26  0.00751 -1.07344e+00 | 27 -0.00495  9.74465e-02
 28  0.05263  5.18233e+00 | 29  0.01437  3.38966e+00 | 30 -0.00895  1.71047e+00
 31  0.00130  3.39163e+00 | 32 -0.02741  2.20204e+00 | 33  0.04029  2.99411e+00
 34 -0.00466  1.64576e+00 | 35  0.02453 -4.28953e-01 | 36 -0.01610 -1.14835e+00
 37  0.02052 -1.47325e+00 | 38 -0.02170  2.67858e+00 | 39  0.04289  2.39458e+00
 40  0.01959 -2.85621e+00 | 41 -0.00636 -3.10209e-01 | 42 -0.01963  2.15424e-01
 43 -0.00494 -2.64886e+00 | 44  0.03906 -9.30401e-01 | 45  0.03175 -1.01653e+00
 46 -0.02573 -1.87034e-01 | 47  0.01736  4.58253e+00 | 48  0.01868  1.26523e-01
 49  0.04151 -8.42495e-01 | 50  0.06893 -3.63529e+00 | 51 -0.03062 -4.05141e+00
 52 -0.04975 -3.96515e+00 | 53  0.03796 -4.21038e+00 | 54  0.03043 -1.95922e+00
 55  0.02389  9.71999e-01 | 56  0.08633  6.20956e-01 | 57  0.08700 -4.91604e+00
 58  0.10107 -2.61658e+00 | 59  0.06867  5.18942e-01 | 60 -0.00955  1.11310e-02
 61  0.04891 -7.93962e-01 | 62 -0.04332 -1.35339e+00 | 63 -0.10657 -3.10839e+00
 64 -0.07463 -2.73609e+00 | 65 -0.06351 -8.66770e-01 | 66  0.00047 -1.56718e+00
 67 -0.80324 -1.96777e-06 | 68 -0.01092  1.98859e-01 | 69 -0.66114 -1.25569e-01
 70 -0.79043 -6.71134e-01 | 71 -0.17310 -8.75924e-04 | 72 -0.09552 -4.74949e-04
 73 -0.01730 -8.53909e-05 | 74 -0.12255  2.73636e+00 | 75  0.13602  5.94513e-04
 76  0.00013  3.25098e-07 |
76 variables; iteration 60; function evaluation 71; phase 3
Function value 3.1933736e+03; maximum gradient component mag -1.3844e+01
Var    Value     Gradient |Var    Value     Gradient |Var    Value     Gradient
  1 -0.58334 -1.27679e+01 |  2 -0.68750 -1.38437e+01 |  3 -0.60442 -6.27310e+00
  4 -0.65904 -1.94704e+00 |  5 -0.15786 -1.37396e+01 |  6 -0.05804 -9.26260e-02
  7 -0.06051 -6.75799e-02 |  8 -0.06098 -1.20391e-01 |  9 -0.05843 -2.53277e-01
 10 -0.05101 -1.74250e-01 | 11 -0.04010 -1.48495e-01 | 12 -0.02971 -4.65259e-01
 13 -0.02241 -2.18250e-01 | 14 -0.03056 -5.37666e-01 | 15 -0.03662 -2.28130e-01
 16 -0.03317 -9.50092e-02 | 17 -0.00726  8.23236e-02 | 18  0.02321  1.27029e-01
 19 -0.01141  1.99077e-01 | 20 -0.01502  2.16850e-01 | 21  0.00598 -2.17564e-01
 22 -0.00360 -3.27798e-01 | 23  0.04468 -2.45171e-01 | 24  0.05430  7.36177e-02
 25 -0.02504  2.88217e-02 | 26  0.00873 -2.15407e-01 | 27 -0.00470 -2.05939e-01
 28  0.05212 -3.03081e-02 | 29  0.01398 -5.00811e-01 | 30 -0.00860 -3.95835e-02
 31  0.00075 -9.05827e-03 | 32 -0.02798 -2.14515e-01 | 33  0.04047 -3.50360e-02
 34 -0.00517 -3.18042e-02 | 35  0.02495 -1.04149e-01 | 36 -0.01624  1.82271e-02
 37  0.02091 -9.95745e-02 | 38 -0.02257  2.63032e-01 | 39  0.04217 -3.31458e-01
 40  0.02161  1.11413e+00 | 41 -0.00829 -1.97509e+00 | 42 -0.01795  2.73965e+00
 43 -0.00578 -1.70430e+00 | 44  0.03949  1.07121e+00 | 45  0.03095 -8.36586e-01
 46 -0.02444  1.41563e+00 | 47  0.01507 -6.63238e-01 | 48  0.01976  8.16102e-01
 49  0.04064 -4.90348e-01 | 50  0.06990  7.55302e-01 | 51 -0.03145 -1.48360e+00
 52 -0.04710  2.04721e+00 | 53  0.03776 -4.32758e-01 | 54  0.03168  4.63002e-01
 55  0.02329  2.35541e-01 | 56  0.08619  3.15107e-02 | 57  0.08870  2.78084e-01
 58  0.10153  6.62681e-02 | 59  0.06827  1.87379e-01 | 60 -0.01056 -1.92225e-03
 61  0.04904  2.11262e-02 | 62 -0.04276  9.79767e-02 | 63 -0.10150 -6.69341e-02
 64 -0.07189 -2.16586e-02 | 65 -0.06858  2.18079e-01 | 66  0.00361  1.14332e-01
 67 -0.80323 -1.96773e-06 | 68 -0.04372 -7.66304e-03 | 69 -0.66263  1.71593e-01
 70 -0.78953  2.88533e-01 | 71 -0.17150 -8.67419e-04 | 72 -0.09465 -4.70570e-04
 73 -0.01714 -8.46204e-05 | 74 -0.15707  1.85046e-01 | 75  0.13596 -2.60987e-05
 76  0.00014 -9.37775e-06 |

 - final statistics:
76 variables; iteration 70; function evaluation 88
Function value 3.1934e+03; maximum gradient component mag -1.9652e-01
Exit code = 1;  converg criter 1.0000e+00
Var    Value     Gradient |Var    Value     Gradient |Var    Value     Gradient
  1 -0.58334 -1.84758e-01 |  2 -0.68749 -1.96516e-01 |  3 -0.60442 -5.26324e-02
  4 -0.65904 -1.41727e-02 |  5 -0.15783 -1.34258e-01 |  6 -0.05765  1.21009e-02
  7 -0.06034  5.00565e-03 |  8 -0.06071 -1.33354e-03 |  9 -0.05770 -1.19590e-03
 10 -0.05093 -2.18061e-02 | 11 -0.04032  3.42088e-03 | 12 -0.02868 -1.93293e-03
 13 -0.02304 -8.54277e-03 | 14 -0.02935 -1.01690e-02 | 15 -0.03665 -9.78485e-03
 16 -0.03322  1.23681e-02 | 17 -0.00777  5.36786e-05 | 18  0.02314 -2.75699e-03
 19 -0.01170 -4.29508e-03 | 20 -0.01576  1.70729e-02 | 21  0.00625 -6.29908e-03
 22 -0.00344 -1.16661e-02 | 23  0.04459  3.91555e-03 | 24  0.05404  6.90478e-04
 25 -0.02506 -1.19266e-03 | 26  0.00866 -7.64581e-04 | 27 -0.00458 -3.65655e-03
 28  0.05184  8.84231e-04 | 29  0.01423 -6.77477e-03 | 30 -0.00880  7.72044e-04
 31  0.00069 -3.46626e-04 | 32 -0.02790 -2.77481e-03 | 33  0.04038  9.66818e-04
 34 -0.00519 -7.25108e-04 | 35  0.02492 -1.81095e-03 | 36 -0.01631 -8.30514e-04
 37  0.02094 -3.85578e-03 | 38 -0.02281  1.86052e-03 | 39  0.04245 -6.30667e-03
 40  0.02069  1.83059e-02 | 41 -0.00660 -2.33394e-02 | 42 -0.02006  4.98212e-02
 43 -0.00430 -1.92925e-02 | 44  0.03867  1.66645e-02 | 45  0.03162 -1.43444e-02
 46 -0.02558  1.97833e-02 | 47  0.01574 -1.22275e-02 | 48  0.01907  9.85834e-03
 49  0.04121 -8.95460e-03 | 50  0.06922  1.16494e-02 | 51 -0.02972 -2.02233e-02
 52 -0.04904  3.38196e-02 | 53  0.03836 -5.75589e-03 | 54  0.03132  5.25020e-03
 55  0.02331  2.65731e-03 | 56  0.08624 -1.80957e-03 | 57  0.08858  1.36321e-03
 58  0.10160 -1.09090e-03 | 59  0.06817  5.66875e-04 | 60 -0.01041 -1.23537e-03
 61  0.04910 -4.98929e-04 | 62 -0.04274  7.98212e-04 | 63 -0.10093  4.59473e-03
 64 -0.07159 -3.50059e-03 | 65 -0.06928 -4.52922e-03 | 66  0.00348 -1.00091e-02
 67 -0.80323 -1.96767e-06 | 68 -0.04359 -1.13615e-03 | 69 -0.66274  3.47031e-03
 70 -0.79005  3.82398e-03 | 71 -0.16901 -8.54188e-04 | 72 -0.09330 -4.63744e-04
 73 -0.01690 -8.34184e-05 | 74 -0.15936  3.70167e-03 | 75  0.13609 -1.11463e-05
 76  0.00017 -8.91917e-06 |

 - final statistics:
76 variables; iteration 0; function evaluation 0
Function value 3.1934e+03; maximum gradient component mag -1.9652e-01
Exit code = 0;  converg criter 1.0000e+00
Var    Value     Gradient |Var    Value     Gradient |Var    Value     Gradient
  1 -0.58334 -1.84758e-01 |  2 -0.68749 -1.96516e-01 |  3 -0.60442 -5.26324e-02
  4 -0.65904 -1.41727e-02 |  5 -0.15783 -1.34258e-01 |  6 -0.05765  1.21209e-02
  7 -0.06034  5.02566e-03 |  8 -0.06071 -1.31353e-03 |  9 -0.05770 -1.17588e-03
 10 -0.05093 -2.17860e-02 | 11 -0.04032  3.44094e-03 | 12 -0.02868 -1.91285e-03
 13 -0.02304 -8.52268e-03 | 14 -0.02935 -1.01489e-02 | 15 -0.03665 -9.76478e-03
 16 -0.03322  1.23881e-02 | 17 -0.00777  7.37827e-05 | 18  0.02314 -2.73690e-03
 19 -0.01170 -4.27498e-03 | 20 -0.01576  1.70930e-02 | 21  0.00625 -6.27898e-03
 22 -0.00344 -1.16460e-02 | 23  0.04459  3.93560e-03 | 24  0.05404  7.10511e-04
 25 -0.02506 -1.17257e-03 | 26  0.00866 -7.44477e-04 | 27 -0.00458 -3.63645e-03
 28  0.05184  9.04270e-04 | 29  0.01423 -6.75467e-03 | 30 -0.00880  7.92148e-04
 31  0.00069 -3.26521e-04 | 32 -0.02790 -2.75472e-03 | 33  0.04038  9.86883e-04
 34 -0.00519 -7.05003e-04 | 35  0.02492 -1.79086e-03 | 36 -0.01631 -8.10415e-04
 37  0.02094 -3.83568e-03 | 38 -0.02281  1.88061e-03 | 39  0.04245 -6.28661e-03
 40  0.02069  1.83260e-02 | 41 -0.00660 -2.33193e-02 | 42 -0.02006  4.98413e-02
 43 -0.00430 -1.92724e-02 | 44  0.03867  1.66846e-02 | 45  0.03162 -1.43243e-02
 46 -0.02558  1.98034e-02 | 47  0.01574 -1.22074e-02 | 48  0.01907  9.87844e-03
 49  0.04121 -8.93453e-03 | 50  0.06922  1.16693e-02 | 51 -0.02972 -2.02033e-02
 52 -0.04904  3.38396e-02 | 53  0.03836 -5.73582e-03 | 54  0.03132  5.27028e-03
 55  0.02331  2.67740e-03 | 56  0.08624 -1.78965e-03 | 57  0.08858  1.38312e-03
 58  0.10160 -1.07105e-03 | 59  0.06817  5.86866e-04 | 60 -0.01041 -1.21527e-03
 61  0.04910 -4.78883e-04 | 62 -0.04274  8.18272e-04 | 63 -0.10093  4.61458e-03
 64 -0.07159 -3.48061e-03 | 65 -0.06928 -4.50923e-03 | 66  0.00348 -9.98904e-03
 67 -0.80323 -1.96767e-06 | 68 -0.04359 -1.13615e-03 | 69 -0.66274  3.47031e-03
 70 -0.79005  3.82398e-03 | 71 -0.16901 -8.54188e-04 | 72 -0.09330 -4.63744e-04
 73 -0.01690 -8.34184e-05 | 74 -0.15936  3.70167e-03 | 75  0.13609 -1.11463e-05
 76  0.00017 -8.91917e-06 |

Initial statistics: 88 variables; iteration 0; function evaluation 0; phase 5
Function value 3.1933595e+03; maximum gradient component mag -9.8628e+01
Var    Value     Gradient |Var    Value     Gradient |Var    Value     Gradient
  1 -0.58334 -1.84758e-01 |  2 -0.68749 -1.96516e-01 |  3 -0.60442 -5.26324e-02
  4 -0.65904 -1.41727e-02 |  5 -0.15783 -1.34258e-01 |  6 -0.05765  1.21209e-02
  7 -0.06034  5.02566e-03 |  8 -0.06071 -1.31353e-03 |  9 -0.05770 -1.17588e-03
 10 -0.05093 -2.17860e-02 | 11 -0.04032  3.44094e-03 | 12 -0.02868 -1.91285e-03
 13 -0.02304 -8.52268e-03 | 14 -0.02935 -1.01489e-02 | 15 -0.03665 -9.76478e-03
 16 -0.03322  1.23881e-02 | 17 -0.00777  7.37827e-05 | 18  0.02314 -2.73690e-03
 19 -0.01170 -4.27498e-03 | 20 -0.01576  1.70930e-02 | 21  0.00625 -6.27898e-03
 22 -0.00344 -1.16460e-02 | 23  0.04459  3.93560e-03 | 24  0.05404  7.10511e-04
 25 -0.02506 -1.17257e-03 | 26  0.00866 -7.44477e-04 | 27 -0.00458 -3.63645e-03
 28  0.05184  9.04270e-04 | 29  0.01423 -6.75467e-03 | 30 -0.00880  7.92148e-04
 31  0.00069 -3.26521e-04 | 32 -0.02790 -2.75472e-03 | 33  0.04038  9.86883e-04
 34 -0.00519 -7.05003e-04 | 35  0.02492 -1.79086e-03 | 36 -0.01631 -8.10415e-04
 37  0.02094 -3.83568e-03 | 38 -0.02281  1.88061e-03 | 39  0.04245 -6.28661e-03
 40  0.02069  1.83260e-02 | 41 -0.00660 -2.33193e-02 | 42 -0.02006  4.98413e-02
 43 -0.00430 -1.92724e-02 | 44  0.03867  1.66846e-02 | 45  0.03162 -1.43243e-02
 46 -0.02558  1.98034e-02 | 47  0.01574 -1.22074e-02 | 48  0.01907  9.87844e-03
 49  0.04121 -8.93453e-03 | 50  0.06922  1.16693e-02 | 51 -0.02972 -2.02033e-02
 52 -0.04904  3.38396e-02 | 53  0.03836 -5.73582e-03 | 54  0.03132  5.27028e-03
 55  0.02331  2.67740e-03 | 56  0.08624 -1.78965e-03 | 57  0.08858  1.38312e-03
 58  0.10160 -1.07105e-03 | 59  0.06817  5.86866e-04 | 60 -0.01041 -1.21527e-03
 61  0.04910 -4.78883e-04 | 62 -0.04274  8.18272e-04 | 63 -0.10093  4.61458e-03
 64 -0.07159 -3.48061e-03 | 65 -0.06928 -4.50923e-03 | 66  0.00348 -9.98904e-03
 67 -0.80323 -1.96767e-06 | 68 -0.04359 -1.13615e-03 | 69 -0.66274  3.47031e-03
 70 -0.79005  3.82398e-03 | 71  0.29559  5.70729e+00 | 72  0.03444 -9.59898e-04
 73 -0.04284 -1.50208e+01 | 74  0.25981  2.64208e+00 | 75 -0.03376  1.28487e-05
 76  0.02400 -8.86212e+00 | 77  0.10938 -2.21658e+01 | 78  0.10649  9.98369e-06
 79 -0.02759 -9.86284e+01 | 80  0.06013 -5.57405e+00 | 81 -0.15900  1.90904e-03
 82 -0.05147  3.61527e+00 | 83 -0.16901 -8.54188e-04 | 84 -0.09330 -4.63744e-04
 85 -0.01690 -8.34184e-05 | 86 -0.15936  3.70167e-03 | 87  0.13609 -1.11463e-05
 88  0.00017 -8.91917e-06 |

Intermediate statistics: 88 variables; iteration 20; function evaluation 25; phase 5
Function value 3.1930977e+03; maximum gradient component mag 2.3165e+02
Var    Value     Gradient |Var    Value     Gradient |Var    Value     Gradient
  1 -0.58335 -9.33711e+01 |  2 -0.68753 -1.07229e+02 |  3 -0.60450  2.31646e+02
  4 -0.65881  1.26264e+02 |  5 -0.15813  8.77887e+01 |  6 -0.05695 -5.31750e-01
  7 -0.05960 -4.94039e-01 |  8 -0.05993 -4.44857e-01 |  9 -0.05692 -3.78593e-01
 10 -0.05002 -2.86856e-01 | 11 -0.03950 -1.63907e-01 | 12 -0.02780 -1.85679e-02
 13 -0.02211  9.26038e-02 | 14 -0.02847  1.01854e-01 | 15 -0.03582  9.88537e-02
 16 -0.03254  1.94386e-01 | 17 -0.00702  5.57379e-01 | 18  0.02400  1.14715e+00
 19 -0.01096  7.82160e-01 | 20 -0.01510  8.80945e-01 | 21  0.00709  1.39264e+00
 22 -0.00272  1.30393e+00 | 23  0.04527  2.34815e+00 | 24  0.05461  2.51056e+00
 25 -0.02465  7.57340e-01 | 26  0.00910  1.05533e+00 | 27 -0.00417  7.05598e-01
 28  0.05223  1.50478e+00 | 29  0.01455  7.48222e-01 | 30 -0.00851  3.21617e-01
 31  0.00092  2.44082e-01 | 32 -0.02770 -1.11979e-01 | 33  0.04049  3.47820e-01
 34 -0.00502 -6.70615e-02 | 35  0.02507  1.20622e-01 | 36 -0.01614 -3.89729e-01
 37  0.02096 -5.64845e-01 | 38 -0.02283 -7.06195e-01 | 39  0.04234 -6.38126e-01
 40  0.02055 -7.04358e-01 | 41 -0.00672 -7.37336e-01 | 42 -0.02021 -6.33065e-01
 43 -0.00439 -5.29787e-01 | 44  0.03854 -1.52164e-01 | 45  0.03151 -3.18342e-01
 46 -0.02575 -8.13889e-01 | 47  0.01549 -9.49418e-01 | 48  0.01878 -1.08974e+00
 49  0.04091 -8.07495e-01 | 50  0.06892 -4.10218e-01 | 51 -0.03002 -7.03670e-01
 52 -0.04948 -7.57016e-01 | 53  0.03786 -4.87867e-01 | 54  0.03066 -7.55755e-01
 55  0.02249 -1.11099e+00 | 56  0.08520 -1.37719e+00 | 57  0.08742 -1.59889e+00
 58  0.10038 -1.47451e+00 | 59  0.06674 -1.68126e+00 | 60 -0.01192 -1.42050e+00
 61  0.04664 -1.70614e+00 | 62 -0.04510 -1.29391e+00 | 63 -0.10238 -1.01571e+00
 64 -0.07263 -9.55559e-01 | 65 -0.06978 -9.49829e-01 | 66  0.00375 -9.87452e-01
 67 -0.80323 -1.96767e-06 | 68 -0.04360  5.67549e-03 | 69 -0.66036 -1.05417e-01
 70 -0.78925  2.38142e-02 | 71  0.29724  2.47683e+01 | 72  0.03445 -4.45692e-04
 73 -0.04254 -4.41803e+01 | 74  0.26076  1.24022e+00 | 75 -0.03376  2.81362e-04
 76  0.02460 -3.47219e+00 | 77  0.11535  2.96206e+01 | 78  0.10649  1.40807e-04
 79 -0.02404 -7.47064e+01 | 80  0.06169 -5.14432e+00 | 81 -0.15907  7.47313e-03
 82 -0.05016  6.21738e+00 | 83 -0.16900 -8.54153e-04 | 84 -0.09329 -4.63726e-04
 85 -0.01690 -8.34152e-05 | 86 -0.15923 -1.81886e-02 | 87  0.13609  4.16088e-06
 88  0.00017 -8.67851e-06 |
88 variables; iteration 40; function evaluation 48; phase 5
Function value 3.1930533e+03; maximum gradient component mag 1.9374e+01
Var    Value     Gradient |Var    Value     Gradient |Var    Value     Gradient
  1 -0.58337 -1.63024e+01 |  2 -0.68746 -1.53458e+01 |  3 -0.60447  1.93736e+01
  4 -0.65892  1.25843e+01 |  5 -0.15812  5.38903e+00 |  6 -0.05830 -4.12494e-01
  7 -0.06029 -2.60161e-01 |  8 -0.06008 -1.27150e-01 |  9 -0.05668 -3.32617e-02
 10 -0.04980 -4.37217e-02 | 11 -0.03908 -3.30037e-02 | 12 -0.02772 -1.73904e-01
 13 -0.02271 -3.92893e-01 | 14 -0.02964 -5.64563e-01 | 15 -0.03701 -5.37662e-01
 16 -0.03293 -2.03007e-01 | 17 -0.00672  2.66606e-01 | 18  0.02511  7.08075e-01
 19 -0.01104  2.87078e-01 | 20 -0.01538 -2.75949e-02 | 21  0.00663 -2.43629e-01
 22 -0.00294 -7.65939e-02 | 23  0.04546  4.45948e-01 | 24  0.05479  5.11730e-01
 25 -0.02498 -1.45045e-01 | 26  0.00903 -2.41717e-02 | 27 -0.00390  6.70878e-01
 28  0.05241  1.04693e+00 | 29  0.01449 -3.02490e-01 | 30 -0.00875 -8.00719e-01
 31  0.00110 -1.81915e-01 | 32 -0.02765 -3.11481e-01 | 33  0.04031 -3.52797e-01
 34 -0.00434  1.39700e+00 | 35  0.02499  2.83472e-01 | 36 -0.01599  1.57348e-01
 37  0.02115  8.16924e-02 | 38 -0.02290 -6.74719e-01 | 39  0.04237 -4.38361e-01
 40  0.02098  6.37747e-01 | 41 -0.00688 -5.23190e-01 | 42 -0.02014 -9.75005e-02
 43 -0.00411  6.92783e-01 | 44  0.03862 -3.69338e-03 | 45  0.03135 -1.26551e+00
 46 -0.02564 -4.48961e-01 | 47  0.01558 -8.40559e-02 | 48  0.01909  1.06358e-01
 49  0.04086 -7.32279e-01 | 50  0.06909 -1.28595e-01 | 51 -0.02993  3.74928e-01
 52 -0.04905  1.07520e+00 | 53  0.03848  1.49360e+00 | 54  0.02993 -1.20765e+00
 55  0.02340  8.06091e-01 | 56  0.08543  4.29281e-01 | 57  0.08751 -6.05396e-01
 58  0.10067 -5.93745e-01 | 59  0.06663 -8.57554e-01 | 60 -0.01133  1.78805e-01
 61  0.04794  7.74761e-01 | 62 -0.04694 -9.85251e-01 | 63 -0.10254 -1.56844e-01
 64 -0.07210  6.56084e-02 | 65 -0.06823  3.43894e-01 | 66  0.00255 -3.59380e-01
 67 -0.80323 -1.96765e-06 | 68 -0.04856 -6.76239e-02 | 69 -0.66045  6.22792e-01
 70 -0.78953 -4.57740e-02 | 71  0.29659  2.72068e+00 | 72  0.03525 -2.06664e-04
 73 -0.04219 -5.01102e+00 | 74  0.25995 -1.82416e-01 | 75 -0.03378  2.59152e-05
 76  0.02448 -3.69927e-01 | 77  0.11631  6.78437e-01 | 78  0.10634  1.24334e-04
 79 -0.02305 -3.57309e+00 | 80  0.06212 -4.38353e-01 | 81 -0.16794  1.95131e-03
 82 -0.05024  8.92299e-01 | 83 -0.16823 -8.50087e-04 | 84 -0.09288 -4.61625e-04
 85 -0.01682 -8.30451e-05 | 86 -0.15930 -5.12846e-02 | 87  0.13608  1.14290e-06
 88  0.00018 -8.71317e-06 |
88 variables; iteration 60; function evaluation 71; phase 5
Function value 3.1930474e+03; maximum gradient component mag -4.9106e+00
Var    Value     Gradient |Var    Value     Gradient |Var    Value     Gradient
  1 -0.58337 -4.91061e+00 |  2 -0.68745 -4.41994e+00 |  3 -0.60446  4.44151e+00
  4 -0.65893  3.15861e+00 |  5 -0.15811  4.19460e-01 |  6 -0.05691  2.61876e-03
  7 -0.05961 -1.43065e-03 |  8 -0.05993  9.72473e-03 |  9 -0.05687  2.78830e-02
 10 -0.04993  3.94395e-02 | 11 -0.03947  1.99559e-02 | 12 -0.02789 -2.85536e-02
 13 -0.02246 -1.12287e-01 | 14 -0.02900 -1.76950e-01 | 15 -0.03638 -1.75512e-01
 16 -0.03273 -3.54792e-02 | 17 -0.00730  1.01243e-01 | 18  0.02483  3.78469e-01
 19 -0.01139  1.84275e-02 | 20 -0.01540 -1.41817e-01 | 21  0.00662 -2.64640e-01
 22 -0.00280 -5.28717e-02 | 23  0.04536  1.98189e-01 | 24  0.05450  1.29889e-01
 25 -0.02466 -8.94496e-02 | 26  0.00889 -1.24068e-01 | 27 -0.00394  3.33988e-01
 28  0.05222  3.16833e-01 | 29  0.01448 -1.93263e-01 | 30 -0.00855 -2.03204e-01
 31  0.00099 -6.87655e-02 | 32 -0.02776 -2.54014e-01 | 33  0.04047 -1.26823e-01
 34 -0.00476  5.26748e-01 | 35  0.02506  5.20363e-02 | 36 -0.01607  6.74030e-02
 37  0.02111  5.78962e-02 | 38 -0.02287 -3.76996e-01 | 39  0.04243 -1.49852e-01
 40  0.02077  2.46966e-01 | 41 -0.00672 -2.04276e-01 | 42 -0.02017 -8.76564e-02
 43 -0.00426  2.47427e-01 | 44  0.03860  1.19464e-02 | 45  0.03144 -5.24921e-01
 46 -0.02566 -1.32049e-01 | 47  0.01557 -3.94578e-02 | 48  0.01894  4.08998e-02
 49  0.04098 -2.67427e-01 | 50  0.06896 -1.39926e-01 | 51 -0.02982  3.40937e-01
 52 -0.04937  3.30968e-01 | 53  0.03802  3.69233e-01 | 54  0.03054 -2.47387e-01
 55  0.02283  2.46324e-01 | 56  0.08534  4.05871e-02 | 57  0.08761 -1.65823e-01
 58  0.10052 -2.21319e-01 | 59  0.06690 -2.37873e-01 | 60 -0.01168  3.79608e-02
 61  0.04749  4.79098e-01 | 62 -0.04539 -2.56406e-01 | 63 -0.10209  5.64343e-02
 64 -0.07214  1.30179e-01 | 65 -0.06951  1.59619e-02 | 66  0.00227 -2.17822e-01
 67 -0.80323 -1.96763e-06 | 68 -0.03688  5.08775e-02 | 69 -0.66052  4.06386e-01
 70 -0.78982 -2.31535e-01 | 71  0.29654  7.17385e-01 | 72  0.03541 -7.70268e-05
 73 -0.04215 -1.39204e+00 | 74  0.26030 -8.41224e-02 | 75 -0.03380  2.55663e-05
 76  0.02461 -1.04564e-01 | 77  0.11639 -7.14337e-02 | 78  0.10625  1.03017e-04
 79 -0.02299 -4.92603e-01 | 80  0.06207 -6.89468e-02 | 81 -0.16888  1.25788e-03
 82 -0.05032  2.90282e-01 | 83 -0.16756 -8.46518e-04 | 84 -0.09251 -4.59780e-04
 85 -0.01676 -8.27199e-05 | 86 -0.15942 -4.04120e-02 | 87  0.13608 -2.08183e-06
 88  0.00018 -8.75692e-06 |
88 variables; iteration 80; function evaluation 101; phase 5
Function value 3.1930459e+03; maximum gradient component mag -6.1440e-03
Var    Value     Gradient |Var    Value     Gradient |Var    Value     Gradient
  1 -0.58337  3.41046e-03 |  2 -0.68745  3.73835e-03 |  3 -0.60446 -6.14404e-03
  4 -0.65893 -4.49473e-03 |  5 -0.15809  5.67240e-03 |  6 -0.05695  1.45364e-03
  7 -0.05965 -1.96155e-03 |  8 -0.06000  7.40060e-05 |  9 -0.05701  1.50863e-03
 10 -0.05016  1.98592e-04 | 11 -0.03969 -2.01518e-03 | 12 -0.02800  1.90530e-04
 13 -0.02232  9.15844e-04 | 14 -0.02867 -2.02698e-03 | 15 -0.03597  1.06468e-03
 16 -0.03267  4.35755e-04 | 17 -0.00715  4.36103e-04 | 18  0.02383 -3.81367e-04
 19 -0.01108 -1.81043e-04 | 20 -0.01524  7.87214e-04 | 21  0.00692  1.01912e-03
 22 -0.00287 -4.03441e-04 | 23  0.04512 -6.79310e-04 | 24  0.05450  1.05733e-03
 25 -0.02470 -1.92095e-05 | 26  0.00905  1.06183e-04 | 27 -0.00421 -1.78999e-04
 28  0.05217 -1.02244e-04 | 29  0.01451  3.48859e-04 | 30 -0.00855 -8.52329e-05
 31  0.00090  4.46370e-04 | 32 -0.02772 -2.35941e-04 | 33  0.04052  3.43141e-04
 34 -0.00501 -5.59130e-04 | 35  0.02512  8.31425e-05 | 36 -0.01611 -8.80303e-05
 37  0.02106  4.66989e-05 | 38 -0.02276  1.55439e-04 | 39  0.04245  9.30045e-05
 40  0.02066  1.75123e-05 | 41 -0.00662 -3.08203e-04 | 42 -0.02014  5.56219e-04
 43 -0.00433 -5.56893e-04 | 44  0.03858 -1.16687e-05 | 45  0.03154  5.12285e-04
 46 -0.02569 -7.06376e-04 | 47  0.01559  7.68759e-04 | 48  0.01889 -9.37074e-04
 49  0.04103  8.09112e-04 | 50  0.06900 -4.19961e-04 | 51 -0.02996  4.01802e-04
 52 -0.04942 -4.69943e-04 | 53  0.03791 -5.11178e-04 | 54  0.03075  4.09335e-04
 55  0.02263 -7.05661e-04 | 56  0.08537  1.17071e-04 | 57  0.08764 -2.24488e-04
 58  0.10054  2.88902e-04 | 59  0.06700 -2.28245e-04 | 60 -0.01167 -9.58069e-05
 61  0.04700 -5.28811e-05 | 62 -0.04474 -1.98534e-04 | 63 -0.10231  4.08280e-05
 64 -0.07261  2.59124e-04 | 65 -0.06984 -1.18365e-04 | 66  0.00382  7.11365e-05
 67 -0.80322 -1.96755e-06 | 68 -0.04435  1.68912e-05 | 69 -0.66081  7.17557e-05
 70 -0.78941 -8.11494e-04 | 71  0.29654 -7.95893e-04 | 72  0.03551  9.92535e-08
 73 -0.04212  1.47297e-03 | 74  0.26051  5.20335e-05 | 75 -0.03392  2.17918e-05
 76  0.02468  4.21850e-05 | 77  0.11641 -9.91902e-05 | 78  0.10596  3.66488e-05
 79 -0.02297  1.14841e-03 | 80  0.06199  2.93184e-04 | 81 -0.17048  2.74438e-05
 82 -0.05040 -3.49655e-04 | 83 -0.16426 -8.29073e-04 | 84 -0.09072 -4.50745e-04
 85 -0.01644 -8.11265e-05 | 86 -0.15913 -3.35064e-05 | 87  0.13608  2.19277e-07
 88  0.00022 -8.51608e-06 |

 - final statistics:
88 variables; iteration 95; function evaluation 121
Function value 3.1930e+03; maximum gradient component mag 8.8767e-05
Exit code = 1;  converg criter 1.0000e-04
Var    Value     Gradient |Var    Value     Gradient |Var    Value     Gradient
  1 -0.58337  2.14248e-05 |  2 -0.68745  1.30466e-05 |  3 -0.60446  2.22725e-05
  4 -0.65893  6.62355e-06 |  5 -0.15809  1.50623e-05 |  6 -0.05696 -1.61019e-05
  7 -0.05964  3.31342e-05 |  8 -0.06000 -4.21949e-05 |  9 -0.05702 -2.10510e-05
 10 -0.05016  3.16570e-05 | 11 -0.03968  8.87675e-05 | 12 -0.02800 -8.21027e-05
 13 -0.02233 -1.95084e-05 | 14 -0.02866  3.52730e-05 | 15 -0.03598  4.80323e-05
 16 -0.03267 -6.88019e-05 | 17 -0.00715  9.09473e-06 | 18  0.02383  1.11758e-05
 19 -0.01108 -1.65722e-05 | 20 -0.01524  2.80492e-06 | 21  0.00691 -4.76709e-06
 22 -0.00287 -8.45227e-06 | 23  0.04513  2.01269e-05 | 24  0.05450 -1.47260e-05
 25 -0.02470  8.13062e-06 | 26  0.00904 -1.27042e-06 | 27 -0.00421  1.34553e-06
 28  0.05217 -1.33915e-06 | 29  0.01451 -1.65211e-06 | 30 -0.00854  2.62804e-06
 31  0.00090 -3.62081e-06 | 32 -0.02772  4.39067e-06 | 33  0.04052 -1.77297e-06
 34 -0.00501  2.40034e-06 | 35  0.02512 -6.63179e-07 | 36 -0.01611  5.31033e-07
 37  0.02106 -2.89651e-08 | 38 -0.02276  8.60219e-07 | 39  0.04245  1.14221e-06
 40  0.02066 -2.64554e-06 | 41 -0.00662  5.50415e-06 | 42 -0.02014 -6.24567e-06
 43 -0.00433  3.47403e-06 | 44  0.03858 -3.07332e-07 | 45  0.03154 -2.52040e-06
 46 -0.02569  9.42969e-06 | 47  0.01559 -8.44198e-06 | 48  0.01889  9.42872e-06
 49  0.04103 -6.50807e-06 | 50  0.06900  4.27261e-06 | 51 -0.02997 -5.86443e-06
 52 -0.04942  2.07372e-07 | 53  0.03791  2.08008e-06 | 54  0.03075 -4.40712e-06
 55  0.02263  6.42619e-06 | 56  0.08537 -3.56805e-06 | 57  0.08764  3.45473e-06
 58  0.10054 -2.76603e-06 | 59  0.06700  3.56477e-06 | 60 -0.01167  2.24808e-09
 61  0.04700 -4.62909e-06 | 62 -0.04473  4.01844e-06 | 63 -0.10231 -4.02590e-06
 64 -0.07262 -2.31280e-06 | 65 -0.06984  5.50858e-06 | 66  0.00382 -2.00779e-07
 67 -0.80280 -1.96311e-06 | 68 -0.04435 -4.62733e-07 | 69 -0.66081 -4.41677e-06
 70 -0.78941  8.66438e-06 | 71  0.29654 -1.12124e-06 | 72  0.03551 -9.46319e-10
 73 -0.04212  2.22383e-06 | 74  0.26051  3.35280e-07 | 75 -0.03397  1.05366e-05
 76  0.02468 -2.95432e-07 | 77  0.11641  2.08525e-06 | 78  0.10581  1.93879e-06
 79 -0.02297 -2.55416e-06 | 80  0.06199  8.35921e-06 | 81 -0.17052  2.56118e-06
 82 -0.05040 -3.60627e-06 | 83  0.00019  9.61007e-07 | 84 -0.00120 -5.90931e-06
 85 -0.00031 -1.55200e-06 | 86 -0.15913  1.04190e-08 | 87  0.13604  2.05719e-08
 88  0.00191 -3.33399e-07 |
size of file gradfil1.tmp = 0
size of file gradfil2.tmp = 0
size of file varssave.tmp = 0
size of file cmpdiff.tmp = 0
