
Initial statistics: 4 variables; iteration 0; function evaluation 0; phase 1
Function value 3.6731824e+03; maximum gradient component mag 3.3138e+03
Var    Value     Gradient |Var    Value     Gradient |Var    Value     Gradient
  1 -0.15512  3.31383e+03 |  2 -0.11033 -2.09603e-02 |  3  0.04400  1.56180e-01
  4  0.37463  1.46984e-02 |

 - final statistics:
4 variables; iteration 6; function evaluation 12
Function value 3.6721e+03; maximum gradient component mag -2.4469e+00
Exit code = 1;  converg criter 1.0000e+01
Var    Value     Gradient |Var    Value     Gradient |Var    Value     Gradient
  1 -0.15577 -2.44690e+00 |  2 -0.10256  8.64898e-03 |  3  0.04400  5.28619e-02
  4  0.32076  3.50640e-03 |

Initial statistics: 69 variables; iteration 0; function evaluation 0; phase 2
Function value 3.6720514e+03; maximum gradient component mag 3.4085e+02
Var    Value     Gradient |Var    Value     Gradient |Var    Value     Gradient
  1 -0.15577 -2.44690e+00 |  2  0.00000  4.99125e+01 |  3  0.00000  5.46919e+01
  4  0.00000  5.93725e+01 |  5  0.00000  6.35244e+01 |  6  0.00000  6.70536e+01
  7  0.00000  7.02193e+01 |  8  0.00000  7.37133e+01 |  9  0.00000  7.89437e+01
 10  0.00000  8.63831e+01 | 11  0.00000  9.29227e+01 | 12  0.00000  9.39338e+01
 13  0.00000  8.71903e+01 | 14  0.00000  8.21763e+01 | 15  0.00000  8.78837e+01
 16  0.00000  8.31947e+01 | 17  0.00000  5.59889e+01 | 18  0.00000  6.19779e+00
 19  0.00000 -6.28647e+01 | 20  0.00000 -7.47096e+01 | 21  0.00000  2.46329e+00
 22  0.00000  2.68502e+01 | 23  0.00000 -4.28317e+01 | 24  0.00000 -1.55988e+02
 25  0.00000 -8.31768e+01 | 26  0.00000  5.87076e+01 | 27  0.00000  1.11633e+02
 28  0.00000  8.18976e+01 | 29  0.00000 -9.23619e+01 | 30  0.00000 -7.32329e+01
 31  0.00000 -7.81869e+01 | 32  0.00000  2.61599e+01 | 33  0.00000 -3.35215e+01
 34  0.00000 -1.25089e+00 | 35  0.00000 -1.88370e+02 | 36  0.00000 -1.01646e+02
 37  0.00000  9.21315e+01 | 38  0.00000  1.79431e+02 | 39  0.00000  4.61736e+01
 40  0.00000 -1.86493e+02 | 41  0.00000 -1.52598e+02 | 42  0.00000  4.64341e+01
 43  0.00000 -2.29306e+01 | 44  0.00000 -1.40409e+02 | 45  0.00000 -2.76169e+02
 46  0.00000 -2.37911e+02 | 47  0.00000  1.91067e+02 | 48  0.00000  3.40846e+02
 49  0.00000  1.40264e+02 | 50  0.00000  8.16224e+01 | 51  0.00000  9.00791e+00
 52  0.00000 -2.02220e+02 | 53  0.00000 -3.29422e+02 | 54  0.00000 -3.27600e+02
 55  0.00000 -1.32854e+02 | 56  0.00000 -5.28681e+01 | 57  0.00000 -1.93516e+02
 58  0.00000 -6.05416e+01 | 59  0.00000  9.44151e+01 | 60  0.00000  1.56534e+02
 61  0.00000  1.91569e+02 | 62  0.00000  1.37664e+02 | 63  0.00000  9.54988e+01
 64 -0.20069 -1.29387e+01 | 65 -0.10256  8.64898e-03 | 66 -0.01997  2.02897e+01
 67 -0.16730 -1.65241e+01 | 68  0.04400  5.28619e-02 | 69  0.32076  3.50640e-03

Intermediate statistics: 69 variables; iteration 20; function evaluation 29; phase 2
Function value 3.6125790e+03; maximum gradient component mag 4.0755e+03
Var    Value     Gradient |Var    Value     Gradient |Var    Value     Gradient
  1 -0.16141  4.07555e+03 |  2 -0.05512 -3.02797e+01 |  3 -0.05456 -2.79812e+01
  4 -0.05091 -2.47365e+01 |  5 -0.04372 -2.03583e+01 |  6 -0.03354 -1.47626e+01
  7 -0.02198 -8.02746e+00 |  8 -0.01161 -3.79641e-01 |  9 -0.00556  8.03391e+00
 10 -0.00496  1.68087e+01 | 11 -0.00441  2.62022e+01 | 12  0.00186  3.67368e+01
 13  0.01712  4.93070e+01 | 14  0.02706  5.80469e+01 | 15  0.01496  5.39365e+01
 16  0.01095  4.61578e+01 | 17  0.00834  2.61550e+01 | 18 -0.01219 -1.29044e+00
 19  0.04275  1.78349e+01 | 20  0.05804  4.70487e+01 | 21 -0.02732  2.37629e+01
 22  0.04228  9.98191e+01 | 23 -0.02748 -5.05912e+00 | 24  0.06097 -9.24881e-02
 25 -0.01039 -1.38729e+01 | 26  0.02315  1.37461e+02 | 27  0.02075  1.61877e+02
 28 -0.02369  2.74943e+01 | 29  0.03841 -7.26493e+01 | 30 -0.03373 -1.36066e+02
 31  0.01665 -1.10140e+02 | 32 -0.00722  2.17062e+01 | 33  0.03088  8.26075e+01
 34 -0.02014 -1.88392e+01 | 35  0.02892 -1.28656e+02 | 36 -0.00385 -9.97028e+01
 37  0.01317  7.77568e+01 | 38  0.00416  9.47462e+01 | 39 -0.01845 -6.53437e+01
 40  0.02484 -1.76744e+02 | 41  0.01336 -1.02045e+02 | 42  0.00737  1.11628e+02
 43  0.03836  1.75892e+02 | 44  0.02084  1.52361e+01 | 45  0.02365 -1.25957e+02
 46  0.04290 -1.42210e+02 | 47 -0.02099  3.27460e+01 | 48 -0.00688  1.32610e+02
 49  0.01098 -9.33789e-01 | 50  0.01422 -4.55417e+01 | 51 -0.04614 -6.09916e+01
 52  0.11073 -6.87247e+01 | 53 -0.20286 -1.41180e+02 | 54  0.10545 -7.17670e+01
 55  0.02736 -2.92902e+01 | 56 -0.00666 -1.18558e+02 | 57  0.06995 -2.20242e+02
 58 -0.00206 -1.68788e+02 | 59  0.03890  3.38541e+00 | 60  0.00829  3.55629e+01
 61 -0.03771  3.05340e+01 | 62 -0.08158 -2.09505e+01 | 63 -0.18175 -6.15737e+01
 64 -0.31230 -1.26171e+01 | 65 -0.10393 -1.38481e-01 | 66 -0.04872  1.40949e+01
 67 -0.51861  5.58837e+00 | 68  0.11424 -5.15089e-03 | 69  0.32097  7.06260e-04
69 variables; iteration 40; function evaluation 51; phase 2
Function value 3.5883197e+03; maximum gradient component mag 2.5808e+03
Var    Value     Gradient |Var    Value     Gradient |Var    Value     Gradient
  1 -0.15799  2.58082e+03 |  2 -0.02406 -2.63142e+00 |  3 -0.02907 -2.64605e+00
  4 -0.03587 -4.29402e+00 |  5 -0.04506 -7.97713e+00 |  6 -0.05579 -1.30230e+01
  7 -0.06118 -1.65540e+01 |  8 -0.05106 -1.47229e+01 |  9 -0.03452 -7.97093e+00
 10 -0.02941  1.54722e-01 | 11 -0.02828  9.69215e+00 | 12 -0.01593  2.43609e+01
 13  0.01422  4.77024e+01 | 14  0.03509  6.49947e+01 | 15  0.01580  5.28125e+01
 16 -0.02327  1.87024e+01 | 17 -0.00258  1.41891e+01 | 18 -0.01998  2.13932e+00
 19  0.05774  2.85154e+01 | 20  0.04021  1.22506e+01 | 21 -0.03031 -1.70291e+00
 22  0.02003  1.93239e+01 | 23 -0.03589 -5.89585e+00 | 24  0.07328  5.51123e+01
 25 -0.02791 -2.64623e+01 | 26  0.01146  4.74762e+01 | 27  0.00239  5.14207e+01
 28 -0.03195  3.00735e+00 | 29  0.03788  1.41783e+00 | 30 -0.00905 -1.71368e+01
 31  0.01748  6.55591e+00 | 32  0.00065  9.46212e+01 | 33  0.02729  7.63295e+01
 34 -0.03529 -3.77124e+01 | 35  0.03672 -8.04160e+01 | 36 -0.00050 -6.45465e+01
 37  0.00769  5.62108e+01 | 38 -0.00766  5.73717e+01 | 39 -0.01695 -3.37371e+01
 40  0.03178 -7.37044e+01 | 41  0.02110 -3.00890e+01 | 42 -0.00436  5.79373e+01
 43  0.01290  2.84320e+01 | 44  0.01668 -2.49439e+01 | 45  0.02549 -8.61205e+01
 46  0.04990 -6.92409e+01 | 47 -0.02597  5.14520e+01 | 48 -0.01102  1.30546e+02
 49  0.00766  8.04763e+00 | 50  0.02099  5.99843e+00 | 51 -0.01733 -1.21074e+01
 52  0.10106 -1.14692e+02 | 53 -0.13233 -1.56761e+02 | 54  0.10585 -1.59881e+02
 55  0.02647 -4.33508e+01 | 56  0.03265 -5.85696e+01 | 57  0.07629 -1.34745e+02
 58  0.04907 -5.08763e+01 | 59  0.06425  8.36639e+01 | 60  0.02167  4.68338e+01
 61 -0.04407  2.04183e+01 | 62 -0.11133 -3.03617e+01 | 63 -0.07457  7.04157e+00
 64 -0.55957 -1.80113e+01 | 65 -0.09998 -2.85596e-01 | 66 -0.19181  8.38787e+00
 67 -0.54526  3.00307e+00 | 68  1.17938 -1.08515e-02 | 69  0.32208  1.74140e-03
69 variables; iteration 60; function evaluation 79; phase 2
Function value 3.5608119e+03; maximum gradient component mag 2.2846e+02
Var    Value     Gradient |Var    Value     Gradient |Var    Value     Gradient
  1 -0.15978  2.28458e+02 |  2 -0.01984  1.35277e+01 |  3 -0.02566  1.33822e+01
  4 -0.02714  1.36623e+01 |  5 -0.02345  1.42020e+01 |  6 -0.02080  1.28621e+01
  7 -0.03230  6.60269e+00 |  8 -0.09417 -9.60965e+00 |  9 -0.02653  4.34050e+00
 10 -0.00584  1.22212e+01 | 11 -0.02011  1.18053e+01 | 12 -0.03228  8.50277e+00
 13 -0.00742  1.05588e+01 | 14  0.03368  1.63160e+01 | 15 -0.02488  7.19557e+00
 16  0.00171  1.70304e+01 | 17 -0.01802  1.25283e+01 | 18  0.03554  3.52183e+01
 19  0.03322  1.85177e+01 | 20  0.05352  1.21526e+01 | 21 -0.01425  6.88883e+00
 22  0.00520 -3.70793e+00 | 23 -0.00413 -1.15893e+01 | 24  0.05386 -3.01267e+01
 25  0.00575 -2.76061e+01 | 26  0.00247 -8.89962e+00 | 27 -0.00607 -2.72491e+01
 28 -0.02787 -1.28012e+01 | 29  0.04584  1.13683e+01 | 30 -0.00827  1.29421e+01
 31  0.03573  6.49659e+01 | 32 -0.01427  3.22923e+01 | 33  0.02801  2.83187e+01
 34 -0.02967 -2.47396e+01 | 35  0.03790 -4.71420e+01 | 36  0.01828 -1.69718e+01
 37 -0.00668 -1.43546e+00 | 38 -0.02510 -9.72507e+00 | 39 -0.01072 -1.28975e+01
 40  0.03574  8.40767e+00 | 41  0.03155  1.54786e+01 | 42 -0.03206 -2.30717e+01
 43  0.00251 -8.58351e+01 | 44 -0.00222 -1.06447e+02 | 45  0.02716 -9.28869e+01
 46  0.05258 -3.99588e+01 | 47 -0.03384  5.11027e+01 | 48 -0.02459  1.14908e+02
 49  0.01317  5.36456e+01 | 50  0.02293  6.05827e+01 | 51 -0.00928  2.67120e+01
 52  0.07137  3.74588e+01 | 53  0.02808 -5.96686e+01 | 54  0.08333 -1.11732e+02
 55 -0.01539 -1.18800e+02 | 56  0.02924 -5.73780e+01 | 57  0.07529 -2.37942e+01
 58  0.04994  2.28213e+01 | 59  0.02304  2.31641e+01 | 60 -0.00024  3.64481e+01
 61 -0.08353  1.75322e+01 | 62 -0.10897  3.98366e+00 | 63 -0.10557  1.98871e+01
 64 -0.53504 -2.63817e+01 | 65  0.26938  1.41485e-03 | 66 -0.26806  6.30177e+00
 67 -0.75753 -7.47904e-03 | 68  0.88735  1.75619e-02 | 69  0.30678  1.64413e-03
Maximum number of function evaluations exceeded

 - final statistics:
69 variables; iteration 73; function evaluation 100
Function value 3.5498e+03; maximum gradient component mag -7.6212e+02
Exit code = 3;  converg criter 1.0000e+01
Var    Value     Gradient |Var    Value     Gradient |Var    Value     Gradient
  1 -0.15958 -7.62120e+02 |  2 -0.06844  3.35798e+00 |  3 -0.06008  5.56373e+00
  4 -0.06303  5.08800e+00 |  5 -0.05402  6.21457e+00 |  6 -0.05123  5.47990e+00
  7 -0.00810  1.16617e+01 |  8 -0.02048  6.26016e+00 |  9 -0.05584 -9.80751e-01
 10  0.00447  8.78424e+00 | 11 -0.04340  1.93511e+00 | 12 -0.05810 -1.15966e+00
 13  0.00877  5.26352e+00 | 14  0.04340  3.79920e+00 | 15 -0.05350 -2.73559e+00
 16  0.00782  8.74548e+00 | 17  0.00343  7.22042e+00 | 18  0.01764  8.54526e+00
 19  0.03588 -4.83625e+00 | 20  0.05512 -8.16274e+00 | 21 -0.00399 -1.33069e+00
 22 -0.01226 -1.77282e+01 | 23  0.01391 -6.42583e+00 | 24  0.04438 -1.71586e+01
 25  0.02837 -4.81581e+00 | 26 -0.02081 -2.33814e+01 | 27  0.00665 -1.77111e+01
 28 -0.02872 -9.52518e+00 | 29  0.04181 -1.33320e+01 | 30 -0.00309  7.21971e-01
 31  0.02768 -3.64878e+00 | 32 -0.02057 -1.68143e+01 | 33  0.02370 -7.28751e+00
 34 -0.02469 -4.56273e+00 | 35  0.04306  1.91176e+00 | 36  0.02380  1.64838e+00
 37 -0.01577 -2.46515e+01 | 38 -0.02416 -1.45135e+01 | 39 -0.00282  8.15342e+00
 40  0.03687  1.29068e+01 | 41  0.03376  3.16958e+00 | 42 -0.03792 -2.57653e+01
 43  0.01031 -3.35130e+01 | 44  0.01311 -1.75928e+01 | 45  0.03408 -5.27069e+00
 46  0.06314  1.01644e+01 | 47 -0.04363  9.68037e+00 | 48 -0.05174  2.54799e+01
 49  0.02829  2.63035e+01 | 50  0.01403  5.82218e+00 | 51  0.00276 -3.72162e-01
 52  0.06475 -5.05580e+00 | 53  0.06078 -2.50289e+01 | 54  0.07753 -3.41114e+01
 55  0.04708 -2.73259e+00 | 56  0.03530  2.25768e+01 | 57  0.10059  4.29153e+01
 58  0.06441  3.10568e+01 | 59  0.03399  4.82824e+00 | 60  0.00138  1.08670e+01
 61 -0.09839  1.79358e+00 | 62 -0.09787  1.25291e+01 | 63 -0.13149  9.82508e+00
 64 -0.53739 -3.93780e+00 | 65  0.00218  2.27452e-01 | 66 -0.44194  7.22724e-01
 67 -0.88556 -1.71646e-02 | 68  0.29226  1.57817e-03 | 69  0.28717  1.52269e-03

Initial statistics: 77 variables; iteration 0; function evaluation 0; phase 3
Function value 3.5899902e+03; maximum gradient component mag -2.1426e+03
Var    Value     Gradient |Var    Value     Gradient |Var    Value     Gradient
  1 -0.58263 -1.53188e+03 |  2 -0.68929 -1.23208e+03 |  3 -0.60438 -2.14258e+03
  4 -0.65985 -1.05488e+03 |  5 -0.15958 -7.76421e+02 |  6 -0.06843  3.70398e+00
  7 -0.06006  5.94384e+00 |  8 -0.06301  5.38136e+00 |  9 -0.05400  6.66458e+00
 10 -0.05121  5.78841e+00 | 11 -0.00808  1.16913e+01 | 12 -0.02047  6.50846e+00
 13 -0.05583 -6.16158e-01 | 14  0.00448  8.95355e+00 | 15 -0.04338  2.12306e+00
 16 -0.05808 -8.31237e-01 | 17  0.00879  5.29835e+00 | 18  0.04342  3.72492e+00
 19 -0.05348 -2.53755e+00 | 20  0.00783  8.55530e+00 | 21  0.00345  7.08408e+00
 22  0.01765  8.41217e+00 | 23  0.03590 -4.84697e+00 | 24  0.05513 -8.14212e+00
 25 -0.00397 -1.28780e+00 | 26 -0.01224 -1.75785e+01 | 27  0.01392 -6.22521e+00
 28  0.04439 -1.70823e+01 | 29  0.02839 -4.57208e+00 | 30 -0.02079 -2.29622e+01
 31  0.00667 -1.71585e+01 | 32 -0.02871 -9.14550e+00 | 33  0.04183 -1.30659e+01
 34 -0.00307  9.00587e-01 | 35  0.02770 -3.64961e+00 | 36 -0.02055 -1.64167e+01
 37  0.02372 -6.95668e+00 | 38 -0.02468 -4.15792e+00 | 39  0.04308  2.06737e+00
 40  0.02382  2.06844e+00 | 41 -0.01575 -2.38840e+01 | 42 -0.02415 -1.38966e+01
 43 -0.00280  8.35326e+00 | 44  0.03688  1.29751e+01 | 45  0.03378  3.42027e+00
 46 -0.03790 -2.49566e+01 | 47  0.01033 -3.24035e+01 | 48  0.01313 -1.68160e+01
 49  0.03410 -4.77046e+00 | 50  0.06315  1.03000e+01 | 51 -0.04361  9.96901e+00
 52 -0.05173  2.56646e+01 | 53  0.02830  2.65059e+01 | 54  0.01405  6.33975e+00
 55  0.00277  2.03170e-01 | 56  0.06477 -4.51137e+00 | 57  0.06079 -2.41879e+01
 58  0.07754 -3.32953e+01 | 59  0.04710 -2.69050e+00 | 60  0.03531  2.28565e+01
 61  0.10061  4.29704e+01 | 62  0.06442  3.11845e+01 | 63  0.03400  5.46571e+00
 64  0.00139  1.13039e+01 | 65 -0.09838  2.26777e+00 | 66 -0.09786  1.28777e+01
 67 -0.13148  1.02499e+01 | 68 -0.80334  1.36274e+00 | 69 -0.18223 -2.28200e+00
 70 -0.64637 -2.17396e+01 | 71 -0.78642 -1.95708e+00 | 72 -0.53739 -3.69259e+00
 73  0.00218  3.08459e-01 | 74 -0.44194  6.78971e-01 | 75 -0.88556 -1.71363e-02
 76  0.29226  1.55277e-03 | 77  0.28717  1.52238e-03 |

Intermediate statistics: 77 variables; iteration 20; function evaluation 22; phase 3
Function value 3.5884494e+03; maximum gradient component mag -1.6120e+03
Var    Value     Gradient |Var    Value     Gradient |Var    Value     Gradient
  1 -0.58277 -1.41608e+03 |  2 -0.68897 -9.47643e+02 |  3 -0.60461 -1.61197e+03
  4 -0.65922 -6.58781e+02 |  5 -0.15935  8.83997e+02 |  6 -0.05254 -1.07990e+00
  7 -0.05703 -1.29097e+00 |  8 -0.05689 -8.13053e-01 |  9 -0.05462 -5.10474e-01
 10 -0.04709  3.86620e-01 | 11 -0.03698  1.32120e+00 | 12 -0.02414  2.94149e+00
 13 -0.01892  4.02765e+00 | 14 -0.02216  5.31357e+00 | 15 -0.03298  4.82067e+00
 16 -0.03127  5.96746e+00 | 17 -0.00249  1.17299e+01 | 18  0.03440  2.09913e+01
 19 -0.01676  1.19201e+01 | 20 -0.00321  1.93987e+01 | 21  0.00810  2.18012e+01
 22  0.00853  2.28771e+01 | 23  0.04431  2.45947e+01 | 24  0.05829  2.13147e+01
 25 -0.02507  3.21525e+00 | 26  0.00797  3.64722e+00 | 27 -0.00080  9.75886e+00
 28  0.05451  2.70050e+01 | 29  0.01928  1.97280e+01 | 30 -0.00904  2.59616e+00
 31  0.00115 -2.60204e+00 | 32 -0.02645  3.80662e-01 | 33  0.04170  1.29056e+01
 34 -0.00267  1.21350e+01 | 35  0.02678  8.84578e+00 | 36 -0.01994 -9.89287e+00
 37  0.02335  6.86368e+00 | 38 -0.02468  1.22101e+00 | 39  0.04337  2.17930e+01
 40  0.02325  1.58054e+01 | 41 -0.01284 -1.70270e+01 | 42 -0.02692 -2.19353e+01
 43 -0.00420 -2.56364e+00 | 44  0.03718  3.87185e+00 | 45  0.02911 -1.19114e+01
 46 -0.03205 -2.62048e+01 | 47  0.00648 -3.64539e+01 | 48  0.01505 -1.16525e+01
 49  0.03517 -1.48907e-01 | 50  0.06029  3.27123e+00 | 51 -0.03956  3.87571e+00
 52 -0.05625  1.03299e+01 | 53  0.02871  1.60333e+01 | 54  0.01108 -9.55025e+00
 55  0.00201 -1.31143e+01 | 56  0.06304 -1.45460e+01 | 57  0.06051 -3.28134e+01
 58  0.07483 -4.68885e+01 | 59  0.04558 -1.88846e+01 | 60  0.03197  3.02797e+00
 61  0.09782  1.80118e+01 | 62  0.05976  6.58348e+00 | 63  0.03231 -1.12241e+01
 64 -0.00530 -8.82257e+00 | 65 -0.09184 -6.63166e+00 | 66 -0.10840 -6.40996e+00
 67 -0.14042 -6.77626e+00 | 68 -0.82251  1.26506e+00 | 69 -0.15081 -1.33130e+00
 70 -0.64046 -1.04460e+01 | 71 -0.78630 -4.54611e-01 | 72 -0.53649 -2.05637e+00
 73 -0.00293  4.01096e-01 | 74 -0.44239  3.86757e-01 | 75 -0.88531 -1.70957e-02
 76  0.29224  1.55262e-03 | 77  0.28715  1.52224e-03 |
77 variables; iteration 40; function evaluation 43; phase 3
Function value 3.5878905e+03; maximum gradient component mag -1.1864e+03
Var    Value     Gradient |Var    Value     Gradient |Var    Value     Gradient
  1 -0.58276 -1.06204e+03 |  2 -0.68891 -7.11676e+02 |  3 -0.60455 -1.18639e+03
  4 -0.65923 -4.87572e+02 |  5 -0.15943  7.21714e+02 |  6 -0.05414 -1.32431e+00
  7 -0.05818 -1.45285e+00 |  8 -0.05823 -1.06165e+00 |  9 -0.05520 -5.86963e-01
 10 -0.04757  3.13405e-01 | 11 -0.03483  1.90195e+00 | 12 -0.02308  3.22874e+00
 13 -0.01835  4.16792e+00 | 14 -0.01790  6.26319e+00 | 15 -0.03253  4.42938e+00
 16 -0.03400  4.05235e+00 | 17 -0.00152  9.40621e+00 | 18  0.03315  1.61011e+01
 19 -0.02323  7.43664e+00 | 20  0.00466  1.90350e+01 | 21  0.00792  1.71635e+01
 22  0.00087  1.47712e+01 | 23  0.04707  1.99253e+01 | 24  0.05857  1.87644e+01
 25 -0.02521  3.11054e+00 | 26  0.00877  3.67543e+00 | 27 -0.00027  7.56442e+00
 28  0.05385  1.58792e+01 | 29  0.01670  1.27482e+01 | 30 -0.00495  9.11243e+00
 31  0.00110 -8.82099e-02 | 32 -0.02833 -2.80190e+00 | 33  0.04289  1.21828e+01
 34 -0.00394  7.71568e+00 | 35  0.02636  4.26736e+00 | 36 -0.01902 -8.34066e+00
 37  0.02293  4.87969e+00 | 38 -0.02487  5.44707e-02 | 39  0.04374  1.91331e+01
 40  0.02172  1.03292e+01 | 41 -0.01170 -1.30177e+01 | 42 -0.02469 -1.54223e+01
 43 -0.00561 -4.44241e+00 | 44  0.03702  2.69906e+00 | 45  0.03008 -6.87421e+00
 46 -0.03339 -2.12796e+01 | 47  0.01032 -2.32482e+01 | 48  0.01278 -1.20919e+01
 49  0.03546 -2.64691e-01 | 50  0.06093  2.78982e+00 | 51 -0.04225 -1.65113e+00
 52 -0.05680  7.31216e+00 | 53  0.02861  1.46763e+01 | 54  0.01130 -9.02113e+00
 55  0.00167 -1.22272e+01 | 56  0.06327 -1.02138e+01 | 57  0.06143 -2.52919e+01
 58  0.07498 -3.75091e+01 | 59  0.04751 -1.10873e+01 | 60  0.03085  1.54594e+00
 61  0.09687  1.09717e+01 | 62  0.05998  6.46074e+00 | 63  0.03206 -1.08037e+01
 64 -0.00637 -9.09469e+00 | 65 -0.08950 -4.44021e+00 | 66 -0.10798 -3.66833e+00
 67 -0.14035 -5.29968e+00 | 68 -1.08602 -6.77732e-01 | 69 -0.08903  5.91871e-01
 70 -0.63849 -6.83633e+00 | 71 -0.78630 -4.58296e-01 | 72 -0.53700 -1.58262e+00
 73 -0.10254 -2.89882e-01 | 74 -0.44745  2.71180e-01 | 75 -0.88085 -1.63870e-02
 76  0.29183  1.55011e-03 | 77  0.28675  1.51980e-03 |
77 variables; iteration 60; function evaluation 68; phase 3
Function value 3.5872087e+03; maximum gradient component mag 4.1816e+02
Var    Value     Gradient |Var    Value     Gradient |Var    Value     Gradient
  1 -0.58274 -3.78752e+02 |  2 -0.68879 -2.54552e+02 |  3 -0.60443 -3.59442e+02
  4 -0.65924 -1.55409e+02 |  5 -0.15952  4.18159e+02 |  6 -0.05653 -1.85193e+00
  7 -0.05658 -1.11474e+00 |  8 -0.05754 -1.09924e+00 |  9 -0.05506 -9.99490e-01
 10 -0.04788 -6.23326e-01 | 11 -0.03086  1.21655e+00 | 12 -0.02245  8.23787e-01
 13 -0.02373 -3.42918e-01 | 14 -0.02475  9.13148e-01 | 15 -0.03781  1.05262e-01
 16 -0.02954  2.51149e+00 | 17  0.00393  6.77176e+00 | 18  0.03263  8.36330e+00
 19 -0.02306  1.13915e+00 | 20 -0.00634  6.31535e+00 | 21  0.01225  7.89424e+00
 22  0.00073  6.14335e+00 | 23  0.04490  8.05756e+00 | 24  0.05955  1.05736e+01
 25 -0.02397  2.82715e+00 | 26  0.01036  3.70254e+00 | 27 -0.00047  4.25889e+00
 28  0.05292  7.31311e+00 | 29  0.01853  8.99723e+00 | 30 -0.00720  3.87827e+00
 31  0.00221  1.35134e+00 | 32 -0.02620  1.36155e+00 | 33  0.04199  6.47826e+00
 34 -0.00424  3.58559e+00 | 35  0.02642  4.08031e+00 | 36 -0.01760 -4.41786e+00
 37  0.02187  2.95962e+00 | 38 -0.02259  2.45198e+00 | 39  0.04196  6.10357e+00
 40  0.02080  4.76681e+00 | 41 -0.00923 -4.61785e+00 | 42 -0.02321 -6.43949e+00
 43 -0.00546 -1.49226e+00 | 44  0.03649  1.05809e-01 | 45  0.02977 -2.37067e+00
 46 -0.03028 -7.40658e+00 | 47  0.01246 -5.99439e+00 | 48  0.01241 -6.48443e+00
 49  0.03566  1.47762e-01 | 50  0.06041  3.37155e-01 | 51 -0.04037 -1.42649e+00
 52 -0.05973  7.81090e-01 | 53  0.02674  5.79658e+00 | 54  0.01407 -3.77881e+00
 55  0.00204 -7.86044e+00 | 56  0.06340 -4.56379e+00 | 57  0.06250 -1.04521e+01
 58  0.07907 -1.35035e+01 | 59  0.04773 -4.62505e+00 | 60  0.02969 -3.03854e+00
 61  0.09735  2.61356e+00 | 62  0.05822  1.96065e-01 | 63  0.03460 -4.71386e+00
 64 -0.00530 -4.99586e+00 | 65 -0.09092 -3.79894e+00 | 66 -0.11151 -4.77900e+00
 67 -0.14372 -5.11040e+00 | 68 -1.04687 -3.77795e-01 | 69 -0.10564  8.90780e-02
 70 -0.63689 -1.55562e+00 | 71 -0.78689 -3.50932e-01 | 72 -0.53681 -7.88564e-01
 73 -0.04802 -3.59036e-01 | 74 -0.44867  1.34801e-01 | 75 -0.86982 -1.47146e-02
 76  0.29078  1.54369e-03 | 77  0.28573  1.51354e-03 |
77 variables; iteration 80; function evaluation 99; phase 3
Function value 3.5870256e+03; maximum gradient component mag 1.5345e+01
Var    Value     Gradient |Var    Value     Gradient |Var    Value     Gradient
  1 -0.58273 -7.51303e-01 |  2 -0.68872 -3.67124e-01 |  3 -0.60437  5.10225e+00
  4 -0.65923  1.49754e+00 |  5 -0.15945  1.53453e+01 |  6 -0.05564 -1.58261e-01
  7 -0.05771 -4.28212e-02 |  8 -0.05805 -5.97522e-02 |  9 -0.05501 -7.45712e-02
 10 -0.04793 -6.48741e-02 | 11 -0.03708 -4.62999e-02 | 12 -0.02487 -9.02605e-03
 13 -0.01906 -1.57762e-02 | 14 -0.02565 -1.09182e-02 | 15 -0.03325  6.37592e-04
 16 -0.03051 -5.05333e-02 | 17 -0.00398  1.55570e-01 | 18  0.02774  2.20255e-01
 19 -0.00919  5.43863e-02 | 20 -0.01230  2.08476e-01 | 21  0.00979  1.11968e-01
 22 -0.00085  1.27116e-01 | 23  0.04805  2.62062e-01 | 24  0.05674  2.14700e-01
 25 -0.02261  1.72213e-01 | 26  0.01115  8.08331e-02 | 27 -0.00234  1.60156e-01
 28  0.05426  2.91837e-01 | 29  0.01622  2.11563e-01 | 30 -0.00683  9.23613e-02
 31  0.00254  1.67335e-01 | 32 -0.02641  8.49414e-02 | 33  0.04160  2.31127e-01
 34 -0.00434  1.08969e-01 | 35  0.02554  1.41610e-01 | 36 -0.01593  1.47726e-02
 37  0.02112  7.04544e-02 | 38 -0.02305  1.48055e-02 | 39  0.04178  5.08086e-02
 40  0.01949  4.55184e-02 | 41 -0.00808 -2.82759e-02 | 42 -0.02201 -2.52088e-02
 43 -0.00617 -2.22962e-02 | 44  0.03645 -3.29561e-02 | 45  0.02924 -5.75738e-02
 46 -0.02839 -9.04445e-02 | 47  0.01184 -3.56038e-02 | 48  0.01385 -5.88727e-02
 49  0.03451 -4.13903e-02 | 50  0.06044 -6.34633e-02 | 51 -0.04031 -1.19887e-01
 52 -0.06052 -1.60570e-01 | 53  0.02491 -1.31157e-01 | 54  0.01461 -1.65996e-01
 55  0.00432 -1.18989e-01 | 56  0.06230 -8.24253e-02 | 57  0.06360 -1.43108e-01
 58  0.08087 -1.32075e-01 | 59  0.04690 -1.36419e-01 | 60  0.03068 -1.71705e-01
 61  0.09674 -1.94968e-01 | 62  0.05778 -1.85235e-01 | 63  0.03525 -1.94311e-01
 64 -0.00443 -1.32171e-01 | 65 -0.09049 -1.43939e-01 | 66 -0.10917 -9.86848e-02
 67 -0.13923 -7.71765e-02 | 68 -0.99932  4.98440e-03 | 69 -0.11056  1.26971e-02
 70 -0.63642  2.71716e-02 | 71 -0.78630  7.86041e-03 | 72 -0.53470  6.76177e-03
 73 -0.03686  4.22133e-02 | 74 -0.44061 -5.03846e-03 | 75 -0.83702 -8.30975e-04
 76  0.28238  1.49250e-03 | 77  0.27749  1.46368e-03 |
Maximum number of function evaluations exceeded

 - final statistics:
77 variables; iteration 82; function evaluation 100
Function value 3.5870e+03; maximum gradient component mag 8.2494e+00
Exit code = 3;  converg criter 1.0000e+00
Var    Value     Gradient |Var    Value     Gradient |Var    Value     Gradient
  1 -0.58273 -5.84993e-01 |  2 -0.68872 -3.20592e-01 |  3 -0.60437  2.46911e+00
  4 -0.65923  6.93780e-01 |  5 -0.15946  8.24937e+00 |  6 -0.05549 -8.71657e-02
  7 -0.05778 -2.15590e-02 |  8 -0.05807 -3.05959e-02 |  9 -0.05498 -3.81055e-02
 10 -0.04790 -3.34205e-02 | 11 -0.03709 -2.81150e-02 | 12 -0.02490 -4.12055e-03
 13 -0.01903 -4.96767e-03 | 14 -0.02565 -6.30954e-03 | 15 -0.03326  9.16473e-04
 16 -0.03034 -2.69002e-02 | 17 -0.00412  8.67310e-02 | 18  0.02770  1.23191e-01
 19 -0.00900  3.12632e-02 | 20 -0.01250  1.21979e-01 | 21  0.00991  5.79832e-02
 22 -0.00086  6.58775e-02 | 23  0.04800  1.47585e-01 | 24  0.05684  1.12721e-01
 25 -0.02277  9.49736e-02 | 26  0.01125  4.33049e-02 | 27 -0.00239  8.45754e-02
 28  0.05429  1.58117e-01 | 29  0.01620  1.14491e-01 | 30 -0.00680  4.58344e-02
 31  0.00253  8.74668e-02 | 32 -0.02640  4.43217e-02 | 33  0.04161  1.24096e-01
 34 -0.00434  6.03417e-02 | 35  0.02555  7.58396e-02 | 36 -0.01593  3.80298e-03
 37  0.02112  3.52641e-02 | 38 -0.02305  9.78475e-03 | 39  0.04178  2.83114e-02
 40  0.01949  2.73825e-02 | 41 -0.00808 -1.66666e-02 | 42 -0.02201 -1.50204e-02
 43 -0.00617 -1.02830e-02 | 44  0.03645 -1.61449e-02 | 45  0.02924 -3.51744e-02
 46 -0.02838 -5.34810e-02 | 47  0.01184 -2.24022e-02 | 48  0.01385 -3.73893e-02
 49  0.03451 -2.16290e-02 | 50  0.06044 -3.30811e-02 | 51 -0.04032 -6.60256e-02
 52 -0.06051 -8.75266e-02 | 53  0.02490 -6.84126e-02 | 54  0.01461 -9.30581e-02
 55  0.00431 -6.36151e-02 | 56  0.06229 -3.98065e-02 | 57  0.06359 -8.05182e-02
 58  0.08086 -7.63416e-02 | 59  0.04688 -7.38359e-02 | 60  0.03067 -9.18029e-02
 61  0.09672 -9.81205e-02 | 62  0.05776 -9.55263e-02 | 63  0.03524 -1.11351e-01
 64 -0.00446 -6.77546e-02 | 65 -0.09051 -7.56586e-02 | 66 -0.10921 -4.77268e-02
 67 -0.13931 -3.85812e-02 | 68 -0.99948  3.46240e-03 | 69 -0.11069  8.04817e-03
 70 -0.63640  1.75263e-02 | 71 -0.78630  6.86971e-03 | 72 -0.53365 -4.96371e-02
 73 -0.03732  2.27733e-02 | 74 -0.43515  5.88904e-03 | 75 -0.83667 -2.96696e-04
 76  0.28051  1.48123e-03 | 77  0.27566  1.45270e-03 |

Initial statistics: 77 variables; iteration 0; function evaluation 0; phase 4
Function value 3.5870255e+03; maximum gradient component mag 8.2494e+00
Var    Value     Gradient |Var    Value     Gradient |Var    Value     Gradient
  1 -0.58273 -5.84993e-01 |  2 -0.68872 -3.20592e-01 |  3 -0.60437  2.46911e+00
  4 -0.65923  6.93780e-01 |  5 -0.15946  8.24937e+00 |  6 -0.05549 -8.65660e-02
  7 -0.05778 -2.09595e-02 |  8 -0.05807 -2.99964e-02 |  9 -0.05498 -3.75057e-02
 10 -0.04790 -3.28202e-02 | 11 -0.03709 -2.75140e-02 | 12 -0.02490 -3.51902e-03
 13 -0.01903 -4.36595e-03 | 14 -0.02565 -5.70804e-03 | 15 -0.03326  1.51764e-03
 16 -0.03034 -2.62989e-02 | 17 -0.00412  8.73330e-02 | 18  0.02770  1.23793e-01
 19 -0.00900  3.18652e-02 | 20 -0.01250  1.22581e-01 | 21  0.00991  5.85851e-02
 22 -0.00086  6.64795e-02 | 23  0.04800  1.48185e-01 | 24  0.05684  1.13321e-01
 25 -0.02277  9.55752e-02 | 26  0.01125  4.39068e-02 | 27 -0.00239  8.51774e-02
 28  0.05429  1.58717e-01 | 29  0.01620  1.15092e-01 | 30 -0.00680  4.64363e-02
 31  0.00253  8.80688e-02 | 32 -0.02640  4.49232e-02 | 33  0.04161  1.24696e-01
 34 -0.00434  6.09436e-02 | 35  0.02555  7.64411e-02 | 36 -0.01593  4.40478e-03
 37  0.02112  3.58658e-02 | 38 -0.02305  1.03863e-02 | 39  0.04178  2.89121e-02
 40  0.01949  2.79842e-02 | 41 -0.00808 -1.60647e-02 | 42 -0.02201 -1.44188e-02
 43 -0.00617 -9.68108e-03 | 44  0.03645 -1.55439e-02 | 45  0.02924 -3.45730e-02
 46 -0.02838 -5.28796e-02 | 47  0.01184 -2.18003e-02 | 48  0.01385 -3.67875e-02
 49  0.03451 -2.10279e-02 | 50  0.06044 -3.24818e-02 | 51 -0.04032 -6.54248e-02
 52 -0.06051 -8.69273e-02 | 53  0.02490 -6.78111e-02 | 54  0.01461 -9.24563e-02
 55  0.00431 -6.30131e-02 | 56  0.06229 -3.92074e-02 | 57  0.06359 -7.99192e-02
 58  0.08086 -7.57444e-02 | 59  0.04688 -7.32356e-02 | 60  0.03067 -9.12016e-02
 61  0.09672 -9.75255e-02 | 62  0.05776 -9.49268e-02 | 63  0.03524 -1.10750e-01
 64 -0.00446 -6.71526e-02 | 65 -0.09051 -7.50627e-02 | 66 -0.10921 -4.71336e-02
 67 -0.13931 -3.79935e-02 | 68 -0.99948  3.46240e-03 | 69 -0.11069  8.04817e-03
 70 -0.63640  1.75263e-02 | 71 -0.78630  6.86971e-03 | 72 -0.53365 -4.96371e-02
 73 -0.03732  2.27733e-02 | 74 -0.43515  5.88904e-03 | 75 -0.83667 -2.96696e-04
 76  0.28051  1.48123e-03 | 77  0.27566  1.45270e-03 |

 - final statistics:
77 variables; iteration 2; function evaluation 4
Function value 3.5870e+03; maximum gradient component mag -9.9270e-01
Exit code = 1;  converg criter 1.0000e+00
Var    Value     Gradient |Var    Value     Gradient |Var    Value     Gradient
  1 -0.58273 -6.33688e-01 |  2 -0.68872 -3.42195e-01 |  3 -0.60437 -9.92702e-01
  4 -0.65923 -3.79129e-01 |  5 -0.15946 -4.81879e-01 |  6 -0.05549 -3.63407e-02
  7 -0.05778  2.70952e-02 |  8 -0.05807  1.52894e-02 |  9 -0.05498  3.89411e-03
 10 -0.04790  2.97921e-03 | 11 -0.03709  4.32965e-04 | 12 -0.02490  1.46876e-02
 13 -0.01903  5.95677e-03 | 14 -0.02565  3.31433e-03 | 15 -0.03326  9.92116e-03
 16 -0.03034 -2.46984e-02 | 17 -0.00412  6.39788e-02 | 18  0.02770  6.14383e-02
 19 -0.00900 -1.82762e-03 | 20 -0.01250  8.46668e-02 | 21  0.00991 -1.10925e-02
 22 -0.00086  1.20639e-03 | 23  0.04800  3.82464e-03 | 24  0.05684 -5.78477e-02
 25 -0.02277  3.69014e-02 | 26  0.01125 -6.18046e-02 | 27 -0.00239 -3.38751e-03
 28  0.05429 -2.77177e-02 | 29  0.01620 -4.19198e-03 | 30 -0.00680 -4.11246e-02
 31  0.00253 -1.12684e-02 | 32 -0.02640 -1.21792e-02 | 33  0.04161 -1.92590e-02
 34 -0.00434 -6.59716e-03 | 35  0.02555 -1.82885e-02 | 36 -0.01593 -3.25607e-02
 37  0.02112 -3.12951e-02 | 38 -0.02305 -3.91592e-03 | 39  0.04178 -3.46698e-02
 40  0.01949  1.67008e-04 | 41 -0.00808 -1.24033e-02 | 42 -0.02201  5.86767e-03
 43 -0.00617  9.18664e-03 | 44  0.03645 -1.89492e-02 | 45  0.02924 -3.38580e-02
 46 -0.02838 -2.12571e-02 | 47  0.01184 -2.98755e-03 | 48  0.01385 -1.13120e-02
 49  0.03451  5.37994e-03 | 50  0.06044 -6.46230e-03 | 51 -0.04032 -4.19106e-03
 52 -0.06051 -1.84626e-02 | 53  0.02490 -7.20321e-03 | 54  0.01461 -2.83038e-02
 55  0.00431  5.32894e-03 | 56  0.06229  2.71223e-02 | 57  0.06359 -5.26459e-03
 58  0.08086  1.03612e-02 | 59  0.04688  2.47595e-02 | 60  0.03067  1.52383e-02
 61  0.09672  3.30574e-02 | 62  0.05776  2.24497e-02 | 63  0.03524 -4.28764e-03
 64 -0.00446  2.80523e-02 | 65 -0.09051  1.06584e-02 | 66 -0.10921  3.64192e-02
 67 -0.13931  4.34237e-02 | 68 -0.99948  3.46239e-03 | 69 -0.11069  8.04090e-03
 70 -0.63640 -1.08680e-02 | 71 -0.78630 -1.03965e-03 | 72 -0.53365 -5.00924e-02
 73 -0.03732  2.27583e-02 | 74 -0.43515  5.98103e-03 | 75 -0.83667 -2.96296e-04
 76  0.28051  1.48123e-03 | 77  0.27566  1.45270e-03 |

Initial statistics: 89 variables; iteration 0; function evaluation 0; phase 5
Function value 3.5870254e+03; maximum gradient component mag -8.3418e+01
Var    Value     Gradient |Var    Value     Gradient |Var    Value     Gradient
  1 -0.58273 -6.33688e-01 |  2 -0.68872 -3.42195e-01 |  3 -0.60437 -9.92702e-01
  4 -0.65923 -3.79129e-01 |  5 -0.15946 -4.81879e-01 |  6 -0.05549 -3.63399e-02
  7 -0.05778  2.70961e-02 |  8 -0.05807  1.52902e-02 |  9 -0.05498  3.89496e-03
 10 -0.04790  2.98006e-03 | 11 -0.03709  4.33818e-04 | 12 -0.02490  1.46884e-02
 13 -0.01903  5.95763e-03 | 14 -0.02565  3.31518e-03 | 15 -0.03326  9.92201e-03
 16 -0.03034 -2.46976e-02 | 17 -0.00412  6.39797e-02 | 18  0.02770  6.14391e-02
 19 -0.00900 -1.82677e-03 | 20 -0.01250  8.46676e-02 | 21  0.00991 -1.10916e-02
 22 -0.00086  1.20724e-03 | 23  0.04800  3.82549e-03 | 24  0.05684 -5.78469e-02
 25 -0.02277  3.69022e-02 | 26  0.01125 -6.18038e-02 | 27 -0.00239 -3.38666e-03
 28  0.05429 -2.77169e-02 | 29  0.01620 -4.19113e-03 | 30 -0.00680 -4.11237e-02
 31  0.00253 -1.12676e-02 | 32 -0.02640 -1.21783e-02 | 33  0.04161 -1.92582e-02
 34 -0.00434 -6.59631e-03 | 35  0.02555 -1.82877e-02 | 36 -0.01593 -3.25599e-02
 37  0.02112 -3.12942e-02 | 38 -0.02305 -3.91507e-03 | 39  0.04178 -3.46689e-02
 40  0.01949  1.67862e-04 | 41 -0.00808 -1.24025e-02 | 42 -0.02201  5.86852e-03
 43 -0.00617  9.18750e-03 | 44  0.03645 -1.89484e-02 | 45  0.02924 -3.38571e-02
 46 -0.02838 -2.12563e-02 | 47  0.01184 -2.98669e-03 | 48  0.01385 -1.13112e-02
 49  0.03451  5.38079e-03 | 50  0.06044 -6.46145e-03 | 51 -0.04032 -4.19020e-03
 52 -0.06051 -1.84617e-02 | 53  0.02490 -7.20235e-03 | 54  0.01461 -2.83029e-02
 55  0.00431  5.32979e-03 | 56  0.06229  2.71231e-02 | 57  0.06359 -5.26374e-03
 58  0.08086  1.03620e-02 | 59  0.04688  2.47603e-02 | 60  0.03067  1.52392e-02
 61  0.09672  3.30582e-02 | 62  0.05776  2.24506e-02 | 63  0.03524 -4.28679e-03
 64 -0.00446  2.80532e-02 | 65 -0.09051  1.06593e-02 | 66 -0.10921  3.64200e-02
 67 -0.13931  4.34246e-02 | 68 -0.99948  3.46239e-03 | 69 -0.11069  8.04090e-03
 70 -0.63640 -1.08680e-02 | 71 -0.78630 -1.03965e-03 | 72  0.29554  6.34368e+00
 73  0.03437 -4.57595e-04 | 74 -0.04285 -1.54496e+01 | 75  0.25980  3.47282e+00
 76 -0.03018  1.00765e-03 | 77  0.02400 -1.03504e+01 | 78  0.10938 -8.34183e+01
 79 -0.10852 -2.17182e-01 | 80 -0.02761  4.96062e+01 | 81  0.05983  2.48142e+00
 82 -0.15813  4.31750e-03 | 83 -0.05162 -4.58224e+00 | 84 -0.53365 -5.00924e-02
 85 -0.03732  2.27583e-02 | 86 -0.43515  5.98103e-03 | 87 -0.83667 -2.96296e-04
 88  0.28051  1.48123e-03 | 89  0.27566  1.45270e-03 |

Intermediate statistics: 89 variables; iteration 20; function evaluation 25; phase 5
Function value 3.5869398e+03; maximum gradient component mag -1.3044e+02
Var    Value     Gradient |Var    Value     Gradient |Var    Value     Gradient
  1 -0.58273 -1.28322e+02 |  2 -0.68879 -1.30444e+02 |  3 -0.60431  1.04640e+01
  4 -0.65940 -7.98074e+01 |  5 -0.15966 -9.34208e+01 |  6 -0.05481  6.41515e-01
  7 -0.05742  6.23294e-01 |  8 -0.05765  6.11093e-01 |  9 -0.05450  5.92207e-01
 10 -0.04740  5.61358e-01 | 11 -0.03655  5.15946e-01 | 12 -0.02441  4.57060e-01
 13 -0.01850  4.08847e-01 | 14 -0.02515  4.01199e-01 | 15 -0.03282  4.00106e-01
 16 -0.02969  3.67965e-01 | 17 -0.00386  2.42442e-01 | 18  0.02813  6.67845e-02
 19 -0.00835  2.48554e-01 | 20 -0.01238  2.50020e-01 | 21  0.01057  7.22727e-02
 22 -0.00047  9.66791e-03 | 23  0.04827 -6.30054e-01 | 24  0.05727 -1.08598e+00
 25 -0.02284 -4.53380e-01 | 26  0.01157 -1.11127e+00 | 27 -0.00232 -1.08183e+00
 28  0.05451 -2.18655e+00 | 29  0.01632 -1.45025e+00 | 30 -0.00664 -1.27693e+00
 31  0.00258 -1.65158e+00 | 32 -0.02636 -1.12898e+00 | 33  0.04162 -2.16256e+00
 34 -0.00429 -8.67239e-01 | 35  0.02563 -9.40276e-01 | 36 -0.01585 -5.47799e-01
 37  0.02113 -1.35250e+00 | 38 -0.02307 -7.19075e-01 | 39  0.04172 -1.78569e+00
 40  0.01935 -1.31806e+00 | 41 -0.00823 -8.60088e-01 | 42 -0.02216 -5.50014e-01
 43 -0.00627 -4.43127e-01 | 44  0.03641 -5.55164e-01 | 45  0.02922 -4.39248e-01
 46 -0.02841 -2.00374e-01 | 47  0.01172 -8.80039e-01 | 48  0.01372 -7.72202e-01
 49  0.03438 -5.42624e-01 | 50  0.06037  1.18287e-02 | 51 -0.04040  6.86361e-01
 52 -0.06058  7.38960e-01 | 53  0.02478  6.71580e-01 | 54  0.01437  5.03072e-01
 55  0.00396  2.23482e-01 | 56  0.06176 -3.36871e-01 | 57  0.06301 -2.19849e-01
 58  0.08020  9.74785e-02 | 59  0.04624  8.81577e-01 | 60  0.03006  1.31773e+00
 61  0.09612  2.20463e+00 | 62  0.05719  1.88136e+00 | 63  0.03466  1.30522e+00
 64 -0.00528  8.09465e-01 | 65 -0.09141  7.30750e-01 | 66 -0.11016  7.06784e-01
 67 -0.14019  7.48372e-01 | 68 -0.99951  3.18061e-03 | 69 -0.11072 -6.46626e-03
 70 -0.63477 -4.23488e-01 | 71 -0.78530  5.06439e-02 | 72  0.29662  9.57347e+00
 73  0.03437 -2.94876e-04 | 74 -0.04230 -1.55143e+01 | 75  0.26006  1.68912e+00
 76 -0.03018  9.71881e-04 | 77  0.02435 -4.35852e+00 | 78  0.11188 -3.94869e+01
 79 -0.10769 -1.40340e-01 | 80 -0.02635  3.31752e+01 | 81  0.06073  3.75788e+00
 82 -0.15817  7.23109e-03 | 83 -0.05107 -4.60187e+00 | 84 -0.53356 -2.44462e-03
 85 -0.03750  1.37823e-02 | 86 -0.43513 -3.86368e-03 | 87 -0.83667 -1.60801e-04
 88  0.28050  1.48117e-03 | 89  0.27565  1.45263e-03 |
89 variables; iteration 40; function evaluation 48; phase 5
Function value 3.5869109e+03; maximum gradient component mag -3.6441e+01
Var    Value     Gradient |Var    Value     Gradient |Var    Value     Gradient
  1 -0.58276 -3.35294e+01 |  2 -0.68873 -3.64409e+01 |  3 -0.60439  7.15299e+00
  4 -0.65922 -2.26924e+01 |  5 -0.15962 -2.20547e+01 |  6 -0.05554  3.10091e-02
  7 -0.05742  1.85934e-01 |  8 -0.05757  2.13121e-01 |  9 -0.05439  2.26717e-01
 10 -0.04725  2.36886e-01 | 11 -0.03649  2.19085e-01 | 12 -0.02423  2.29527e-01
 13 -0.01859  1.57428e-01 | 14 -0.02536  1.14645e-01 | 15 -0.03289  1.36252e-01
 16 -0.03038  4.76146e-02 | 17 -0.00324  3.33020e-01 | 18  0.02830  2.99835e-01
 19 -0.00935  1.05043e-01 | 20 -0.01135  4.66970e-01 | 21  0.01002  2.36781e-01
 22 -0.00059  3.18976e-01 | 23  0.04868  4.06241e-01 | 24  0.05695 -1.04730e-01
 25 -0.02254 -2.64116e-01 | 26  0.01132 -1.06189e+00 | 27 -0.00241 -1.09653e+00
 28  0.05439 -1.28916e+00 | 29  0.01639 -3.73410e-01 | 30 -0.00670 -4.26423e-01
 31  0.00249 -6.40770e-01 | 32 -0.02634 -1.31323e-02 | 33  0.04174  4.00749e-01
 34 -0.00439 -8.69583e-02 | 35  0.02553 -2.39128e-01 | 36 -0.01575  2.54326e-01
 37  0.02109 -4.85106e-01 | 38 -0.02313 -5.75908e-01 | 39  0.04165 -8.76887e-01
 40  0.01948  2.62693e-01 | 41 -0.00804  6.22280e-01 | 42 -0.02207  1.21911e-01
 43 -0.00635 -9.11747e-01 | 44  0.03614 -1.94811e+00 | 45  0.02916 -5.67689e-01
 46 -0.02831  4.44806e-01 | 47  0.01184  4.66913e-01 | 48  0.01372 -2.50962e-01
 49  0.03433 -8.54639e-01 | 50  0.06026 -1.23388e+00 | 51 -0.04049 -2.86252e-01
 52 -0.06059  1.42034e-01 | 53  0.02483  7.18771e-01 | 54  0.01450  9.75848e-01
 55  0.00417  1.01244e+00 | 56  0.06202  9.46800e-01 | 57  0.06302 -2.76066e-01
 58  0.08023 -7.28272e-01 | 59  0.04633 -4.04434e-02 | 60  0.03020  5.89936e-01
 61  0.09633  1.16725e+00 | 62  0.05713  6.49236e-02 | 63  0.03462 -2.93629e-01
 64 -0.00546 -3.47274e-01 | 65 -0.09082  4.91199e-01 | 66 -0.10940  6.22224e-01
 67 -0.14072 -7.17899e-02 | 68 -1.00145 -1.15555e-02 | 69 -0.10933  3.88253e-02
 70 -0.63499 -3.48416e-01 | 71 -0.78583 -2.41064e-01 | 72  0.29644  3.04160e+00
 73  0.03471 -1.17665e-04 | 74 -0.04224 -4.71884e+00 | 75  0.25973  4.49766e-01
 76 -0.03075  7.37876e-04 | 77  0.02438 -1.53671e+00 | 78  0.11276 -1.28852e+01
 79 -0.04458  3.36334e-02 | 80 -0.02593  9.86977e+00 | 81  0.06080  1.28586e+00
 82 -0.16214  2.51836e-03 | 83 -0.05076 -1.19500e+00 | 84 -0.53293 -1.37931e-02
 85 -0.04233 -1.60850e-01 | 86 -0.43200 -5.07918e-03 | 87 -0.83650  6.11212e-05
 88  0.27943  1.47470e-03 | 89  0.27459  1.44632e-03 |
89 variables; iteration 60; function evaluation 70; phase 5
Function value 3.5869038e+03; maximum gradient component mag -9.4347e+00
Var    Value     Gradient |Var    Value     Gradient |Var    Value     Gradient
  1 -0.58276 -9.43465e+00 |  2 -0.68871 -9.19419e+00 |  3 -0.60441  6.93521e-02
  4 -0.65917 -5.74368e+00 |  5 -0.15961 -5.39672e+00 |  6 -0.05637 -2.90224e-01
  7 -0.05766 -1.33365e-03 |  8 -0.05761  7.49434e-02 |  9 -0.05428  1.29737e-01
 10 -0.04703  1.75289e-01 | 11 -0.03618  1.79340e-01 | 12 -0.02426  1.25135e-01
 13 -0.01856  5.74743e-02 | 14 -0.02570 -6.00866e-02 | 15 -0.03346 -7.76268e-02
 16 -0.02924  1.68872e-01 | 17 -0.00364  1.61644e-01 | 18  0.02773  1.05974e-01
 19 -0.00746  2.59729e-01 | 20 -0.01409 -1.43704e-01 | 21  0.01155  4.12347e-01
 22 -0.00068  2.14429e-01 | 23  0.04811  1.42211e-01 | 24  0.05725  1.18585e-01
 25 -0.02241 -3.00539e-02 | 26  0.01114 -8.66359e-01 | 27 -0.00223 -8.67025e-01
 28  0.05427 -9.94747e-01 | 29  0.01649  1.41609e-01 | 30 -0.00671  1.33940e-01
 31  0.00251  6.18366e-02 | 32 -0.02619  3.37309e-01 | 33  0.04153 -1.51973e-01
 34 -0.00438 -3.12453e-01 | 35  0.02547 -1.99555e-01 | 36 -0.01570  5.39134e-01
 37  0.02108 -2.08109e-01 | 38 -0.02313 -4.40893e-01 | 39  0.04164 -4.57182e-01
 40  0.01956  6.80846e-01 | 41 -0.00806  5.57867e-01 | 42 -0.02216 -5.28126e-02
 43 -0.00627 -3.79266e-01 | 44  0.03629 -6.48658e-01 | 45  0.02919  4.16746e-02
 46 -0.02827  3.65755e-01 | 47  0.01170 -1.73260e-02 | 48  0.01378 -7.96313e-03
 49  0.03445 -9.75251e-02 | 50  0.06026 -6.17161e-01 | 51 -0.04035 -9.50986e-02
 52 -0.06060 -8.28066e-02 | 53  0.02467 -9.29504e-02 | 54  0.01455  6.58622e-01
 55  0.00416  6.87033e-01 | 56  0.06192  3.43176e-01 | 57  0.06305 -3.32636e-01
 58  0.08032 -2.80759e-01 | 59  0.04641 -1.49739e-02 | 60  0.03011  2.13079e-02
 61  0.09634  5.60859e-01 | 62  0.05730 -8.52007e-02 | 63  0.03443 -6.81465e-01
 64 -0.00462  6.41964e-01 | 65 -0.09144 -6.22046e-02 | 66 -0.11024 -2.10499e-01
 67 -0.13947  2.73693e-01 | 68 -0.99820  1.44314e-02 | 69 -0.11341 -8.30965e-02
 70 -0.63500 -1.60977e-01 | 71 -0.78572 -1.46647e-01 | 72  0.29638  8.57990e-01
 73  0.03485 -5.99057e-05 | 74 -0.04222 -1.13746e+00 | 75  0.26006  2.20543e-01
 76 -0.03114  6.77025e-04 | 77  0.02454 -3.94772e-01 | 78  0.11318 -3.61075e+00
 79 -0.07282  4.76861e-02 | 80 -0.02573  2.97775e+00 | 81  0.06070  3.78425e-01
 82 -0.16328  9.35416e-04 | 83 -0.05075 -2.28571e-01 | 84 -0.53240 -7.36979e-03
 85 -0.03687  5.28189e-02 | 86 -0.42946 -2.28205e-03 | 87 -0.83649  5.36254e-05
 88  0.27865  1.46999e-03 | 89  0.27383  1.44173e-03 |
89 variables; iteration 80; function evaluation 97; phase 5
Function value 3.5869017e+03; maximum gradient component mag 3.4574e+00
Var    Value     Gradient |Var    Value     Gradient |Var    Value     Gradient
  1 -0.58277  2.78426e+00 |  2 -0.68870  3.45741e+00 |  3 -0.60443 -1.82220e+00
  4 -0.65914  1.99484e+00 |  5 -0.15961  7.13812e-01 |  6 -0.05514 -7.71611e-02
  7 -0.05731  1.31404e-02 |  8 -0.05770 -1.78673e-02 |  9 -0.05464 -3.52254e-02
 10 -0.04753 -3.21290e-02 | 11 -0.03664 -2.13627e-02 | 12 -0.02447 -1.53695e-02
 13 -0.01855 -1.44759e-02 | 14 -0.02533 -3.70890e-02 | 15 -0.03303 -3.93693e-02
 16 -0.02954  3.39236e-02 | 17 -0.00388 -2.54363e-03 | 18  0.02786 -3.19936e-02
 19 -0.00801  6.31896e-02 | 20 -0.01297 -7.53560e-02 | 21  0.01083  8.90160e-02
 22 -0.00065  1.77196e-03 | 23  0.04828 -3.23816e-02 | 24  0.05714 -4.52455e-02
 25 -0.02259  5.66311e-02 | 26  0.01151 -8.29944e-02 | 27 -0.00234 -1.65692e-01
 28  0.05449 -1.15271e-01 | 29  0.01623  8.30602e-03 | 30 -0.00661  1.87178e-01
 31  0.00254  1.17601e-01 | 32 -0.02636  4.55906e-02 | 33  0.04155 -1.26011e-01
 34 -0.00440 -1.51045e-01 | 35  0.02553 -4.22627e-02 | 36 -0.01587  1.03289e-01
 37  0.02110 -3.51064e-02 | 38 -0.02307  1.19826e-02 | 39  0.04173  4.27748e-02
 40  0.01942  9.18726e-02 | 41 -0.00816  4.52538e-02 | 42 -0.02209  3.62069e-02
 43 -0.00624  5.20037e-02 | 44  0.03639  1.33166e-01 | 45  0.02922  1.51617e-01
 46 -0.02844 -1.68222e-02 | 47  0.01177  1.13613e-03 | 48  0.01376  1.96745e-02
 49  0.03445  1.49817e-01 | 50  0.06038  8.16017e-02 | 51 -0.04043 -6.06643e-02
 52 -0.06056 -1.11768e-02 | 53  0.02477 -1.02678e-02 | 54  0.01440  1.06834e-02
 55  0.00407  7.01859e-02 | 56  0.06188  1.57494e-02 | 57  0.06312 -5.73714e-02
 58  0.08036  5.89482e-02 | 59  0.04639  5.48047e-02 | 60  0.03022  2.12602e-02
 61  0.09625 -1.61709e-02 | 62  0.05736  1.57144e-02 | 63  0.03466 -2.20359e-01
 64 -0.00485  2.67050e-01 | 65 -0.09142 -1.61846e-01 | 66 -0.11015 -1.71440e-01
 67 -0.13986  6.78508e-02 | 68 -0.99640  2.92015e-02 | 69 -0.11131 -2.20146e-02
 70 -0.63489  3.89695e-02 | 71 -0.78546  1.40905e-02 | 72  0.29631 -2.87587e-01
 73  0.03496 -6.09790e-06 | 74 -0.04224  4.89332e-01 | 75  0.26007  3.00823e-02
 76 -0.03203  6.10319e-04 | 77  0.02458  1.70791e-01 | 78  0.11338  1.08494e+00
 79 -0.07229  5.76890e-02 | 80 -0.02564 -6.65327e-01 | 81  0.06058 -1.26596e-01
 82 -0.16383 -9.05200e-05 | 83 -0.05082  1.25622e-01 | 84 -0.53105  2.69939e-02
 85 -0.03843 -1.94860e-02 | 86 -0.42330 -1.13484e-02 | 87 -0.83653 -1.33493e-05
 88  0.27664  1.45792e-03 | 89  0.27186  1.42997e-03 |
89 variables; iteration 100; function evaluation 122; phase 5
Function value 3.5868991e+03; maximum gradient component mag 1.2095e+00
Var    Value     Gradient |Var    Value     Gradient |Var    Value     Gradient
  1 -0.58277  9.86690e-01 |  2 -0.68870  1.20949e+00 |  3 -0.60442 -5.22326e-01
  4 -0.65915  7.34965e-01 |  5 -0.15961  4.59330e-01 |  6 -0.05493 -1.99954e-02
  7 -0.05745 -6.98533e-03 |  8 -0.05776 -2.03353e-02 |  9 -0.05459 -1.20307e-02
 10 -0.04743  3.35388e-03 | 11 -0.03657  6.20384e-03 | 12 -0.02447 -1.30651e-03
 13 -0.01870 -2.81079e-02 | 14 -0.02532 -2.21316e-02 | 15 -0.03286  6.65829e-03
 16 -0.02966  2.15149e-02 | 17 -0.00391 -8.02038e-04 | 18  0.02793 -1.87720e-02
 19 -0.00824  3.00141e-02 | 20 -0.01260 -1.69968e-02 | 21  0.01057  1.58059e-02
 22 -0.00062 -2.13698e-02 | 23  0.04830 -2.95567e-03 | 24  0.05719 -9.93174e-03
 25 -0.02272  1.53545e-02 | 26  0.01153 -2.67041e-02 | 27 -0.00228 -2.68851e-02
 28  0.05447 -2.33404e-02 | 29  0.01627  8.87649e-03 | 30 -0.00667  5.40912e-02
 31  0.00256  3.76578e-02 | 32 -0.02638  9.96294e-03 | 33  0.04157 -4.13046e-02
 34 -0.00438 -5.17861e-02 | 35  0.02554 -4.04632e-03 | 36 -0.01590  2.00776e-02
 37  0.02112 -3.30533e-03 | 38 -0.02308  5.30088e-03 | 39  0.04174  1.90937e-02
 40  0.01941  1.91411e-02 | 41 -0.00816  1.10970e-02 | 42 -0.02210  1.25790e-02
 43 -0.00625  2.15896e-02 | 44  0.03638  5.35050e-02 | 45  0.02919  5.44232e-02
 46 -0.02842  3.18294e-03 | 47  0.01176 -8.38215e-03 | 48  0.01377  5.16907e-03
 49  0.03442  5.32710e-02 | 50  0.06037  3.62462e-02 | 51 -0.04041 -8.44137e-03
 52 -0.06058 -5.54290e-03 | 53  0.02476 -9.49892e-03 | 54  0.01440 -2.16931e-03
 55  0.00403  3.05773e-03 | 56  0.06187 -8.79475e-03 | 57  0.06314 -1.09102e-02
 58  0.08034  1.97531e-02 | 59  0.04639  2.72008e-02 | 60  0.03020 -1.56428e-03
 61  0.09624 -1.50449e-02 | 62  0.05732  5.68874e-03 | 63  0.03474 -6.84095e-02
 64 -0.00501  7.69587e-02 | 65 -0.09128 -6.15599e-02 | 66 -0.11001 -5.39749e-02
 67 -0.13997  2.66107e-02 | 68 -0.99823  1.41735e-02 | 69 -0.11086 -8.14170e-03
 70 -0.63489  1.32264e-02 | 71 -0.78548  1.17153e-02 | 72  0.29631 -1.00148e-01
 73  0.03496  3.10441e-07 | 74 -0.04224  1.68524e-01 | 75  0.25993 -6.85087e-03
 76 -0.03543 -2.00053e-03 | 77  0.02453  5.46808e-02 | 78  0.11335  4.09086e-01
 79 -0.07585  1.75262e-02 | 80 -0.02565 -2.69918e-01 | 81  0.06059 -4.22222e-02
 82 -0.16387 -5.46458e-05 | 83 -0.05082  4.41913e-02 | 84 -0.50090  7.58084e-03
 85 -0.04120 -1.24071e-02 | 86 -0.32158  1.07813e-02 | 87 -0.83654 -3.95662e-05
 88  0.16369  5.72647e-04 | 89  0.16097  7.88424e-04 |
89 variables; iteration 120; function evaluation 146; phase 5
Function value 3.5868990e+03; maximum gradient component mag 1.7075e-02
Var    Value     Gradient |Var    Value     Gradient |Var    Value     Gradient
  1 -0.58277  1.53983e-03 |  2 -0.68870 -3.89486e-03 |  3 -0.60442  8.01302e-03
  4 -0.65915 -2.21254e-03 |  5 -0.15961 -1.27030e-02 |  6 -0.05486  4.89239e-04
  7 -0.05745 -5.96533e-04 |  8 -0.05769  1.73042e-03 |  9 -0.05456  2.43571e-04
 10 -0.04748 -2.06068e-03 | 11 -0.03664 -1.56402e-04 | 12 -0.02451  6.10808e-04
 13 -0.01860  2.32259e-04 | 14 -0.02524  1.79337e-04 | 15 -0.03290  2.88431e-04
 16 -0.02977 -1.08874e-03 | 17 -0.00392  8.72610e-05 | 18  0.02805  3.14011e-04
 19 -0.00842 -8.74524e-04 | 20 -0.01247  7.58494e-05 | 21  0.01047 -8.33873e-04
 22 -0.00052 -6.09217e-04 | 23  0.04824 -4.08272e-04 | 24  0.05724  3.88595e-04
 25 -0.02280 -1.20954e-03 | 26  0.01157  9.51022e-04 | 27 -0.00229  1.50953e-03
 28  0.05447  1.10023e-03 | 29  0.01627 -4.47001e-04 | 30 -0.00668 -1.00629e-03
 31  0.00256 -7.69497e-04 | 32 -0.02638 -3.33134e-04 | 33  0.04157  9.42787e-04
 34 -0.00437  7.43264e-04 | 35  0.02554  5.57396e-04 | 36 -0.01590 -1.13352e-03
 37  0.02112  5.26437e-04 | 38 -0.02308 -8.55739e-05 | 39  0.04174  4.11246e-04
 40  0.01940 -8.65905e-04 | 41 -0.00816 -2.95152e-04 | 42 -0.02210  1.14205e-04
 43 -0.00625 -1.92352e-04 | 44  0.03638 -1.37255e-04 | 45  0.02918 -7.59549e-04
 46 -0.02842 -5.22863e-05 | 47  0.01176  3.44979e-04 | 48  0.01377  1.84756e-05
 49  0.03441 -7.45222e-04 | 50  0.06036  1.46404e-04 | 51 -0.04040  1.55998e-04
 52 -0.06058  9.55889e-05 | 53  0.02476  4.90152e-04 | 54  0.01440 -2.42069e-04
 55  0.00403 -7.34040e-04 | 56  0.06187 -9.59632e-05 | 57  0.06314  7.28530e-04
 58  0.08033 -7.72251e-06 | 59  0.04637 -1.33218e-04 | 60  0.03019  8.11469e-05
 61  0.09624 -5.05999e-05 | 62  0.05730  1.44566e-04 | 63  0.03477  2.00245e-03
 64 -0.00509 -1.85374e-03 | 65 -0.09119  1.13120e-03 | 66 -0.10995  1.29433e-03
 67 -0.14004 -7.83690e-04 | 68 -1.00029 -9.34865e-04 | 69 -0.11058  1.04977e-04
 70 -0.63490 -2.61402e-04 | 71 -0.78550  1.42760e-04 | 72  0.29631  3.23594e-04
 73  0.03496 -8.95033e-09 | 74 -0.04224 -6.75408e-04 | 75  0.25990 -9.28683e-04
 76 -0.02742  1.20891e-03 | 77  0.02451 -4.35280e-04 | 78  0.11333 -2.04501e-03
 79 -0.07766 -6.20462e-04 | 80 -0.02566  4.34754e-04 | 81  0.06059  2.18609e-04
 82 -0.16383 -2.42500e-07 | 83 -0.05082 -1.32068e-04 | 84 -0.50116  1.70746e-02
 85 -0.04088 -3.41499e-05 | 86 -0.32247 -2.85540e-03 | 87 -0.83653 -1.76606e-05
 88  0.15505  9.10356e-04 | 89  0.02782  1.37353e-04 |
Warning: the following parameters had issues
  Q_parm[3] is within 0.1% of lower bound: 0.00000e+00 < 1.51549e-07 < 5.00000e+00


 - final statistics:
89 variables; iteration 131; function evaluation 158
Function value 3.5869e+03; maximum gradient component mag 3.1462e-05
Exit code = 1;  converg criter 1.0000e-04
Var    Value     Gradient |Var    Value     Gradient |Var    Value     Gradient
  1 -0.58277  2.29159e-05 |  2 -0.68870  2.53251e-05 |  3 -0.60442  3.21060e-06
  4 -0.65915  1.89891e-05 |  5 -0.15961  3.14619e-05 |  6 -0.05487 -4.07748e-07
  7 -0.05744  3.13364e-08 |  8 -0.05770  5.06660e-07 |  9 -0.05456  5.26242e-07
 10 -0.04748 -3.69936e-07 | 11 -0.03664 -1.26145e-06 | 12 -0.02451 -1.40030e-06
 13 -0.01860  2.96706e-07 | 14 -0.02524  2.85098e-07 | 15 -0.03290 -1.96217e-07
 16 -0.02976 -3.00166e-07 | 17 -0.00392  1.29681e-06 | 18  0.02805  1.95281e-07
 19 -0.00842  1.92181e-07 | 20 -0.01247 -4.89448e-07 | 21  0.01047 -4.12327e-08
 22 -0.00052 -2.33435e-06 | 23  0.04824 -4.61955e-07 | 24  0.05724  1.48255e-06
 25 -0.02279 -1.18337e-06 | 26  0.01157  7.35778e-07 | 27 -0.00229  2.77974e-06
 28  0.05447  1.99797e-06 | 29  0.01628  2.54736e-07 | 30 -0.00668  1.10456e-07
 31  0.00256  4.75073e-07 | 32 -0.02638 -7.45023e-07 | 33  0.04157 -4.57337e-07
 34 -0.00437 -2.14673e-07 | 35  0.02554  8.20066e-07 | 36 -0.01590 -1.46855e-06
 37  0.02112  1.02972e-06 | 38 -0.02308  4.67442e-07 | 39  0.04174  1.23217e-06
 40  0.01940 -1.56226e-06 | 41 -0.00816 -9.98018e-07 | 42 -0.02210  4.26024e-07
 43 -0.00625  9.26969e-07 | 44  0.03638  2.31495e-06 | 45  0.02918  8.76568e-07
 46 -0.02842  3.27561e-07 | 47  0.01176 -8.52267e-07 | 48  0.01377 -1.55812e-07
 49  0.03441  1.17573e-06 | 50  0.06036  2.00575e-06 | 51 -0.04040  6.29711e-07
 52 -0.06058  1.65456e-08 | 53  0.02476 -5.59997e-07 | 54  0.01440 -1.33560e-06
 55  0.00403 -2.33089e-06 | 56  0.06187 -1.44061e-06 | 57  0.06314  7.34745e-07
 58  0.08033  4.73183e-07 | 59  0.04637  1.17455e-06 | 60  0.03019 -9.87185e-07
 61  0.09624 -1.41440e-06 | 62  0.05730  1.33976e-07 | 63  0.03477  1.68229e-07
 64 -0.00508 -6.09870e-07 | 65 -0.09119 -1.61227e-06 | 66 -0.10995  3.74120e-09
 67 -0.14004  5.89144e-07 | 68 -1.00022  4.06618e-08 | 69 -0.11058 -1.96796e-07
 70 -0.63490  3.51717e-07 | 71 -0.78550  7.48932e-07 | 72  0.29631 -2.19585e-06
 73  0.03496  2.42010e-10 | 74 -0.04224  3.11933e-06 | 75  0.25991 -1.50057e-06
 76 -0.03453 -2.05578e-07 | 77  0.02452  7.02693e-07 | 78  0.11333  1.21682e-05
 79 -0.07759 -1.44304e-07 | 80 -0.02566 -9.99835e-06 | 81  0.06059 -8.39402e-07
 82 -0.16383 -4.00693e-09 | 83 -0.05082  7.49037e-07 | 84 -0.50127  8.94905e-07
 85 -0.04087 -4.97052e-07 | 86 -0.32269  2.87959e-07 | 87 -0.83652  1.32309e-07
 88  0.15501  2.39901e-07 | 89  0.00004 -1.39040e-08 |
size of file gradfil1.tmp = 0
size of file gradfil2.tmp = 0
size of file varssave.tmp = 0
size of file cmpdiff.tmp = 0
